2025-07-18 13:16:50,402 [INFO] 定义配置类完成...
2025-07-18 13:16:50,403 [INFO] 定义工具类完成...
2025-07-18 13:16:50,403 [INFO] 程序开始运行...
2025-07-18 13:16:50,492 [INFO] 创建 QApplication 实例...
2025-07-18 13:16:50,494 [INFO] 初始化主窗口...
2025-07-18 13:16:50,496 [INFO] 初始化配置...
2025-07-18 13:16:50,498 [INFO] 加载配置...
2025-07-18 13:16:50,498 [INFO] 配置加载完成: 4个导航项, 32个工具
2025-07-18 13:16:50,500 [INFO] 后台工作线程初始化完成
2025-07-18 13:16:50,500 [INFO] 开始初始化界面...
2025-07-18 13:16:50,997 [INFO] 界面初始化完成
2025-07-18 13:16:50,997 [INFO] 主窗口初始化完成
2025-07-18 13:16:51,005 [INFO] 创建主窗口...
2025-07-18 13:16:51,106 [INFO] 显示主窗口...
2025-07-18 13:16:51,797 [INFO] 初始化配置...
2025-07-18 13:16:51,798 [INFO] 加载配置...
2025-07-18 13:16:51,798 [INFO] 配置加载完成: 4个导航项, 32个工具
2025-07-18 13:18:45,569 [INFO] 定义配置类完成...
2025-07-18 13:18:45,570 [INFO] 定义工具类完成...
2025-07-18 13:18:45,570 [INFO] 程序开始运行...
2025-07-18 13:18:45,629 [INFO] 创建 QApplication 实例...
2025-07-18 13:18:45,631 [INFO] 初始化主窗口...
2025-07-18 13:18:45,631 [INFO] 初始化配置...
2025-07-18 13:18:45,631 [INFO] 加载配置...
2025-07-18 13:18:45,631 [INFO] 配置加载完成: 4个导航项, 32个工具
2025-07-18 13:18:45,632 [INFO] 后台工作线程初始化完成
2025-07-18 13:18:45,632 [INFO] 开始初始化界面...
2025-07-18 13:18:46,122 [INFO] 界面初始化完成
2025-07-18 13:18:46,122 [INFO] 主窗口初始化完成
2025-07-18 13:18:46,126 [INFO] 创建主窗口...
2025-07-18 13:18:46,209 [INFO] 显示主窗口...
2025-07-18 13:18:46,833 [INFO] 初始化配置...
2025-07-18 13:18:46,833 [INFO] 加载配置...
2025-07-18 13:18:46,835 [INFO] 配置加载完成: 4个导航项, 32个工具
2025-07-18 13:19:15,624 [INFO] 内存优化完成
2025-07-18 13:19:45,628 [INFO] 内存优化完成
2025-07-18 13:20:15,630 [INFO] 内存优化完成
2025-07-18 13:20:36,384 [INFO] 初始化配置...
2025-07-18 13:20:36,384 [INFO] 加载配置...
2025-07-18 13:20:36,384 [INFO] 配置加载完成: 4个导航项, 32个工具
2025-07-18 13:20:45,637 [INFO] 内存优化完成
2025-07-18 13:20:48,035 [INFO] 正在关闭应用程序，请稍候...
2025-07-18 13:20:49,048 [WARNING] Pip安装线程未能及时停止。
2025-07-18 13:21:59,468 [INFO] 定义配置类完成...
2025-07-18 13:21:59,468 [INFO] 定义工具类完成...
2025-07-18 13:21:59,469 [INFO] 程序开始运行...
2025-07-18 13:21:59,526 [INFO] 创建 QApplication 实例...
2025-07-18 13:21:59,527 [INFO] 初始化主窗口...
2025-07-18 13:21:59,527 [INFO] 初始化配置...
2025-07-18 13:21:59,527 [INFO] 加载配置...
2025-07-18 13:21:59,528 [INFO] 配置加载完成: 4个导航项, 32个工具
2025-07-18 13:21:59,528 [INFO] 后台工作线程初始化完成
2025-07-18 13:21:59,528 [INFO] 开始初始化界面...
2025-07-18 13:22:00,011 [INFO] 界面初始化完成
2025-07-18 13:22:00,011 [INFO] 主窗口初始化完成
2025-07-18 13:22:00,014 [INFO] 创建主窗口...
2025-07-18 13:22:00,114 [INFO] 显示主窗口...
2025-07-18 13:22:00,835 [INFO] 初始化配置...
2025-07-18 13:22:00,836 [INFO] 加载配置...
2025-07-18 13:22:00,836 [INFO] 配置加载完成: 4个导航项, 32个工具
2025-07-18 13:22:29,531 [INFO] 内存优化完成
2025-07-18 13:22:59,539 [INFO] 内存优化完成
2025-07-18 13:23:29,534 [INFO] 内存优化完成
2025-07-18 13:23:53,585 [INFO] 初始化配置...
2025-07-18 13:23:53,586 [INFO] 加载配置...
2025-07-18 13:23:53,586 [INFO] 配置加载完成: 4个导航项, 32个工具
2025-07-18 13:23:57,058 [INFO] 初始化配置...
2025-07-18 13:23:57,059 [INFO] 加载配置...
2025-07-18 13:23:57,059 [INFO] 配置加载完成: 4个导航项, 32个工具
2025-07-18 13:23:59,637 [INFO] 内存优化完成
2025-07-18 13:24:03,838 [INFO] 保存配置...
2025-07-18 13:24:08,597 [INFO] 正在关闭应用程序，请稍候...
2025-07-18 13:24:09,615 [WARNING] Pip安装线程未能及时停止。
2025-07-18 13:27:07,490 [INFO] 定义配置类完成...
2025-07-18 13:27:07,491 [INFO] 定义工具类完成...
2025-07-18 13:27:07,491 [INFO] 程序开始运行...
2025-07-18 13:27:07,552 [INFO] 创建 QApplication 实例...
2025-07-18 13:27:07,552 [INFO] 初始化主窗口...
2025-07-18 13:27:07,553 [INFO] 初始化配置...
2025-07-18 13:27:07,553 [INFO] 加载配置...
2025-07-18 13:27:07,554 [INFO] 配置加载完成: 4个导航项, 32个工具
2025-07-18 13:27:07,555 [INFO] 后台工作线程初始化完成
2025-07-18 13:27:07,555 [INFO] 开始初始化界面...
2025-07-18 13:27:07,999 [INFO] 界面初始化完成
2025-07-18 13:27:07,999 [INFO] 主窗口初始化完成
2025-07-18 13:27:08,003 [INFO] 创建主窗口...
2025-07-18 13:27:08,084 [INFO] 显示主窗口...
2025-07-18 13:27:08,727 [INFO] 初始化配置...
2025-07-18 13:27:08,727 [INFO] 加载配置...
2025-07-18 13:27:08,729 [INFO] 配置加载完成: 4个导航项, 32个工具
2025-07-18 13:27:16,982 [INFO] 正在关闭应用程序，请稍候...
2025-07-18 13:27:17,990 [WARNING] Pip安装线程未能及时停止。
