2025-07-19 11:31:48,416 [INFO] 定义配置类完成...
2025-07-19 11:31:48,416 [INFO] 定义工具类完成...
2025-07-19 11:31:48,416 [INFO] 程序开始运行...
2025-07-19 11:31:48,472 [INFO] 创建 QApplication 实例...
2025-07-19 11:31:48,473 [INFO] 初始化主窗口...
2025-07-19 11:31:48,473 [INFO] 初始化配置...
2025-07-19 11:31:48,474 [INFO] 加载配置...
2025-07-19 11:31:48,474 [INFO] 配置加载完成: 4个导航项, 32个工具
2025-07-19 11:31:48,475 [INFO] 后台工作线程初始化完成
2025-07-19 11:31:48,475 [INFO] 开始初始化界面...
2025-07-19 11:31:48,793 [INFO] 界面初始化完成
2025-07-19 11:31:48,794 [INFO] 主窗口初始化完成
2025-07-19 11:31:48,797 [INFO] 创建主窗口...
2025-07-19 11:31:48,883 [INFO] 显示主窗口...
2025-07-19 11:32:18,474 [INFO] 内存优化完成
2025-07-19 11:32:48,468 [INFO] 内存优化完成
2025-07-19 11:33:18,470 [INFO] 内存优化完成
2025-07-19 11:33:48,481 [INFO] 内存优化完成
2025-07-19 11:34:18,480 [INFO] 内存优化完成
2025-07-19 11:34:48,473 [INFO] 内存优化完成
2025-07-19 11:35:18,477 [INFO] 内存优化完成
2025-07-19 11:35:48,471 [INFO] 内存优化完成
2025-07-19 11:36:16,413 [INFO] 正在关闭应用程序，请稍候...
2025-07-19 11:36:17,425 [WARNING] Pip安装线程未能及时停止。
2025-07-19 11:36:19,984 [INFO] 定义配置类完成...
2025-07-19 11:36:19,985 [INFO] 定义工具类完成...
2025-07-19 11:36:19,985 [INFO] 程序开始运行...
2025-07-19 11:36:20,047 [INFO] 创建 QApplication 实例...
2025-07-19 11:36:20,048 [INFO] 初始化主窗口...
2025-07-19 11:36:20,048 [INFO] 初始化配置...
2025-07-19 11:36:20,049 [INFO] 加载配置...
2025-07-19 11:36:20,049 [INFO] 配置加载完成: 4个导航项, 32个工具
2025-07-19 11:36:20,050 [INFO] 后台工作线程初始化完成
2025-07-19 11:36:20,050 [INFO] 开始初始化界面...
2025-07-19 11:36:20,426 [INFO] 界面初始化完成
2025-07-19 11:36:20,426 [INFO] 主窗口初始化完成
2025-07-19 11:36:20,431 [INFO] 创建主窗口...
2025-07-19 11:36:20,550 [INFO] 显示主窗口...
2025-07-19 11:36:38,072 [INFO] 正在关闭应用程序，请稍候...
2025-07-19 11:36:39,084 [WARNING] Pip安装线程未能及时停止。
2025-07-19 11:43:14,904 [INFO] 定义配置类完成...
2025-07-19 11:43:14,905 [INFO] 定义工具类完成...
2025-07-19 11:43:14,905 [INFO] 程序开始运行...
2025-07-19 11:43:14,967 [INFO] 创建 QApplication 实例...
2025-07-19 11:43:14,968 [INFO] 初始化主窗口...
2025-07-19 11:43:14,968 [INFO] 初始化配置...
2025-07-19 11:43:14,968 [INFO] 加载配置...
2025-07-19 11:43:14,969 [INFO] 配置加载完成: 4个导航项, 32个工具
2025-07-19 11:43:14,970 [INFO] 后台工作线程初始化完成
2025-07-19 11:43:14,970 [INFO] 开始初始化界面...
2025-07-19 11:43:15,467 [INFO] 界面初始化完成
2025-07-19 11:43:15,467 [INFO] 主窗口初始化完成
2025-07-19 11:43:15,471 [INFO] 创建主窗口...
2025-07-19 11:43:15,550 [INFO] 显示主窗口...
2025-07-19 11:43:44,979 [INFO] 内存优化完成
2025-07-19 11:43:48,854 [INFO] 正在关闭应用程序，请稍候...
2025-07-19 11:43:49,866 [WARNING] Pip安装线程未能及时停止。
2025-07-19 11:44:28,581 [INFO] 定义配置类完成...
2025-07-19 11:44:28,582 [INFO] 定义工具类完成...
2025-07-19 11:44:28,582 [INFO] 程序开始运行...
2025-07-19 11:44:28,640 [INFO] 创建 QApplication 实例...
2025-07-19 11:44:28,641 [INFO] 初始化主窗口...
2025-07-19 11:44:28,641 [INFO] 初始化配置...
2025-07-19 11:44:28,641 [INFO] 加载配置...
2025-07-19 11:44:28,642 [INFO] 配置加载完成: 4个导航项, 32个工具
2025-07-19 11:44:28,643 [INFO] 后台工作线程初始化完成
2025-07-19 11:44:28,643 [INFO] 开始初始化界面...
2025-07-19 11:44:29,078 [INFO] 界面初始化完成
2025-07-19 11:44:29,079 [INFO] 主窗口初始化完成
2025-07-19 11:44:29,083 [INFO] 创建主窗口...
2025-07-19 11:44:29,182 [INFO] 显示主窗口...
2025-07-19 11:44:35,758 [INFO] 正在关闭应用程序，请稍候...
2025-07-19 11:44:36,767 [WARNING] Pip安装线程未能及时停止。
