2025-07-22 11:33:37,789 [INFO] 定义配置类完成...
2025-07-22 11:33:37,790 [INFO] 定义工具类完成...
2025-07-22 11:33:37,790 [INFO] 程序开始运行...
2025-07-22 11:33:37,850 [INFO] 创建 QApplication 实例...
2025-07-22 11:33:37,851 [INFO] 初始化主窗口...
2025-07-22 11:33:37,854 [INFO] 初始化配置...
2025-07-22 11:33:37,855 [INFO] 加载配置...
2025-07-22 11:33:37,857 [INFO] 配置加载完成: 4个导航项, 70个工具
2025-07-22 11:33:37,859 [INFO] 后台工作线程初始化完成
2025-07-22 11:33:37,859 [INFO] 开始初始化界面...
2025-07-22 11:33:38,209 [INFO] 界面初始化完成
2025-07-22 11:33:38,210 [INFO] 主窗口初始化完成
2025-07-22 11:33:38,216 [INFO] 创建主窗口...
2025-07-22 11:33:38,282 [INFO] 显示主窗口...
2025-07-22 11:34:04,101 [INFO] 保存配置...
2025-07-22 11:34:07,890 [INFO] 内存优化完成
2025-07-22 11:34:37,886 [INFO] 内存优化完成
2025-07-22 11:35:07,882 [INFO] 内存优化完成
2025-07-22 11:35:37,886 [INFO] 内存优化完成
2025-07-22 11:36:07,885 [INFO] 内存优化完成
2025-07-22 11:36:37,885 [INFO] 内存优化完成
2025-07-22 11:37:07,873 [INFO] 内存优化完成
2025-07-22 11:37:37,873 [INFO] 内存优化完成
2025-07-22 11:38:07,875 [INFO] 内存优化完成
2025-07-22 11:38:37,884 [INFO] 内存优化完成
2025-07-22 11:39:07,880 [INFO] 内存优化完成
2025-07-22 11:39:37,875 [INFO] 内存优化完成
2025-07-22 11:40:07,874 [INFO] 内存优化完成
2025-07-22 11:40:37,871 [INFO] 内存优化完成
2025-07-22 11:41:07,880 [INFO] 内存优化完成
2025-07-22 11:41:37,875 [INFO] 内存优化完成
2025-07-22 11:42:07,882 [INFO] 内存优化完成
2025-07-22 11:42:37,882 [INFO] 内存优化完成
2025-07-22 11:43:07,876 [INFO] 内存优化完成
2025-07-22 11:43:31,049 [INFO] 进程已结束: TscanPlus (PID: 26656)
2025-07-22 11:43:34,116 [INFO] 初始化配置...
2025-07-22 11:43:34,116 [INFO] 加载配置...
2025-07-22 11:43:34,116 [INFO] 配置加载完成: 4个导航项, 70个工具
2025-07-22 11:43:34,900 [INFO] CyberChef加载成功
2025-07-22 11:43:36,026 [INFO] CyberChef加载成功
2025-07-22 11:43:37,875 [INFO] 内存优化完成
2025-07-22 11:44:07,875 [INFO] 内存优化完成
2025-07-22 11:44:08,123 [INFO] 保存配置...
2025-07-22 11:44:09,132 [INFO] 保存配置...
2025-07-22 11:44:37,904 [INFO] 内存优化完成
2025-07-22 11:45:07,904 [INFO] 内存优化完成
2025-07-22 11:45:37,904 [INFO] 内存优化完成
2025-07-22 11:46:07,926 [INFO] 内存优化完成
2025-07-22 11:46:24,652 [INFO] 保存配置...
2025-07-22 11:46:24,813 [INFO] 进程已结束: TscanPlus (PID: 29732)
2025-07-22 11:46:33,419 [INFO] 进程已结束: CobaltStrike-无影 (PID: 8576)
2025-07-22 11:46:36,043 [INFO] 保存配置...
2025-07-22 11:46:37,928 [INFO] 内存优化完成
2025-07-22 11:46:40,345 [INFO] 正在关闭应用程序，请稍候...
2025-07-22 11:46:41,351 [WARNING] Pip安装线程未能及时停止。
2025-07-22 11:47:15,740 [INFO] 定义配置类完成...
2025-07-22 11:47:15,740 [INFO] 定义工具类完成...
2025-07-22 11:47:15,741 [INFO] 程序开始运行...
2025-07-22 11:47:15,827 [INFO] 创建 QApplication 实例...
2025-07-22 11:47:15,829 [INFO] 初始化主窗口...
2025-07-22 11:47:15,830 [INFO] 初始化配置...
2025-07-22 11:47:15,830 [INFO] 加载配置...
2025-07-22 11:47:15,831 [INFO] 配置加载完成: 4个导航项, 70个工具
2025-07-22 11:47:15,832 [INFO] 后台工作线程初始化完成
2025-07-22 11:47:15,832 [INFO] 开始初始化界面...
2025-07-22 11:47:16,461 [INFO] 界面初始化完成
2025-07-22 11:47:16,462 [INFO] 主窗口初始化完成
2025-07-22 11:47:16,470 [INFO] 创建主窗口...
2025-07-22 11:47:16,600 [INFO] 显示主窗口...
2025-07-22 11:47:45,853 [INFO] 内存优化完成
2025-07-22 11:48:15,845 [INFO] 内存优化完成
2025-07-22 11:48:19,136 [INFO] 保存配置...
2025-07-22 11:48:21,561 [INFO] 保存配置...
2025-07-22 11:48:22,760 [INFO] 保存配置...
2025-07-22 11:48:23,201 [INFO] 保存配置...
2025-07-22 11:48:23,367 [INFO] 保存配置...
2025-07-22 11:48:23,532 [INFO] 保存配置...
2025-07-22 11:48:23,711 [INFO] 保存配置...
2025-07-22 11:48:23,986 [INFO] 进程已结束: hydra测试 (PID: 5496)
2025-07-22 11:48:40,896 [INFO] 保存配置...
2025-07-22 11:48:44,645 [INFO] 保存配置...
2025-07-22 11:48:45,857 [INFO] 内存优化完成
2025-07-22 11:49:15,843 [INFO] 内存优化完成
2025-07-22 11:49:45,848 [INFO] 内存优化完成
2025-07-22 11:50:15,852 [INFO] 内存优化完成
2025-07-22 11:50:45,856 [INFO] 内存优化完成
2025-07-22 11:51:15,864 [INFO] 内存优化完成
2025-07-22 11:51:45,859 [INFO] 内存优化完成
2025-07-22 11:52:15,859 [INFO] 内存优化完成
2025-07-22 11:52:45,861 [INFO] 内存优化完成
2025-07-22 11:53:15,866 [INFO] 内存优化完成
2025-07-22 11:53:45,864 [INFO] 内存优化完成
2025-07-22 11:54:15,866 [INFO] 内存优化完成
2025-07-22 11:54:45,859 [INFO] 内存优化完成
2025-07-22 11:55:15,867 [INFO] 内存优化完成
2025-07-22 11:55:45,861 [INFO] 内存优化完成
2025-07-22 11:56:15,869 [INFO] 内存优化完成
2025-07-22 11:56:45,877 [INFO] 内存优化完成
2025-07-22 11:57:15,878 [INFO] 内存优化完成
2025-07-22 11:57:45,882 [INFO] 内存优化完成
2025-07-22 11:58:15,881 [INFO] 内存优化完成
2025-07-22 11:58:45,881 [INFO] 内存优化完成
2025-07-22 11:59:15,879 [INFO] 内存优化完成
2025-07-22 11:59:45,879 [INFO] 内存优化完成
2025-07-22 12:00:15,896 [INFO] 内存优化完成
2025-07-22 12:00:45,893 [INFO] 内存优化完成
2025-07-22 12:00:59,772 [INFO] 正在关闭应用程序，请稍候...
2025-07-22 12:01:00,782 [WARNING] Pip安装线程未能及时停止。
2025-07-22 12:02:34,779 [INFO] 定义配置类完成...
2025-07-22 12:02:34,779 [INFO] 定义工具类完成...
2025-07-22 12:02:34,779 [INFO] 程序开始运行...
2025-07-22 12:02:34,831 [INFO] 创建 QApplication 实例...
2025-07-22 12:02:34,831 [INFO] 初始化主窗口...
2025-07-22 12:02:34,832 [INFO] 初始化配置...
2025-07-22 12:02:34,832 [INFO] 加载配置...
2025-07-22 12:02:34,833 [INFO] 配置加载完成: 4个导航项, 71个工具
2025-07-22 12:02:34,834 [INFO] 后台工作线程初始化完成
2025-07-22 12:02:34,834 [INFO] 开始初始化界面...
2025-07-22 12:02:35,161 [INFO] 界面初始化完成
2025-07-22 12:02:35,161 [INFO] 主窗口初始化完成
2025-07-22 12:02:35,164 [INFO] 创建主窗口...
2025-07-22 12:02:35,241 [INFO] 显示主窗口...
2025-07-22 12:02:38,474 [INFO] 保存配置...
2025-07-22 12:02:38,854 [INFO] 保存配置...
2025-07-22 12:02:39,882 [INFO] 保存配置...
2025-07-22 12:03:04,850 [INFO] 内存优化完成
2025-07-22 12:03:34,867 [INFO] 内存优化完成
2025-07-22 12:04:04,885 [INFO] 内存优化完成
2025-07-22 12:04:34,885 [INFO] 内存优化完成
2025-07-22 12:05:04,882 [INFO] 内存优化完成
2025-07-22 12:05:34,891 [INFO] 内存优化完成
2025-07-22 12:06:04,892 [INFO] 内存优化完成
2025-07-22 12:06:34,894 [INFO] 内存优化完成
2025-07-22 12:07:04,903 [INFO] 内存优化完成
2025-07-22 12:07:34,903 [INFO] 内存优化完成
2025-07-22 12:08:04,895 [INFO] 内存优化完成
2025-07-22 12:08:34,894 [INFO] 内存优化完成
2025-07-22 12:09:04,896 [INFO] 内存优化完成
2025-07-22 12:09:34,897 [INFO] 内存优化完成
2025-07-22 12:09:40,006 [INFO] 正在关闭应用程序，请稍候...
2025-07-22 12:09:41,025 [WARNING] Pip安装线程未能及时停止。
2025-07-22 12:11:02,037 [INFO] 定义配置类完成...
2025-07-22 12:11:02,037 [INFO] 定义工具类完成...
2025-07-22 12:11:02,038 [INFO] 程序开始运行...
2025-07-22 12:11:02,087 [INFO] 创建 QApplication 实例...
2025-07-22 12:11:02,088 [INFO] 初始化主窗口...
2025-07-22 12:11:02,088 [INFO] 初始化配置...
2025-07-22 12:11:02,088 [INFO] 加载配置...
2025-07-22 12:11:02,089 [INFO] 配置加载完成: 4个导航项, 71个工具
2025-07-22 12:11:02,090 [INFO] 后台工作线程初始化完成
2025-07-22 12:11:02,090 [INFO] 开始初始化界面...
2025-07-22 12:11:02,506 [INFO] 界面初始化完成
2025-07-22 12:11:02,506 [INFO] 主窗口初始化完成
2025-07-22 12:11:02,509 [INFO] 创建主窗口...
2025-07-22 12:11:02,582 [INFO] 显示主窗口...
2025-07-22 12:11:05,297 [INFO] CyberChef加载成功
2025-07-22 12:11:06,346 [INFO] 正在关闭应用程序，请稍候...
2025-07-22 12:11:07,348 [WARNING] Pip安装线程未能及时停止。
2025-07-22 12:34:15,801 [INFO] 定义配置类完成...
2025-07-22 12:34:15,801 [INFO] 定义工具类完成...
2025-07-22 12:34:15,801 [INFO] 程序开始运行...
2025-07-22 12:34:15,884 [INFO] 创建 QApplication 实例...
2025-07-22 12:34:15,885 [INFO] 初始化主窗口...
2025-07-22 12:34:15,886 [INFO] 初始化配置...
2025-07-22 12:34:15,887 [INFO] 加载配置...
2025-07-22 12:34:15,888 [INFO] 配置加载完成: 4个导航项, 71个工具
2025-07-22 12:34:15,890 [INFO] 后台工作线程初始化完成
2025-07-22 12:34:15,890 [INFO] 开始初始化界面...
2025-07-22 12:34:16,216 [INFO] 界面初始化完成
2025-07-22 12:34:16,216 [INFO] 主窗口初始化完成
2025-07-22 12:34:16,219 [INFO] 创建主窗口...
2025-07-22 12:34:16,297 [INFO] 显示主窗口...
2025-07-22 12:34:26,487 [INFO] 保存配置...
2025-07-22 12:34:43,137 [INFO] 保存配置...
2025-07-22 12:34:44,872 [INFO] 保存配置...
2025-07-22 12:34:44,876 [INFO] 保存配置...
2025-07-22 12:34:45,896 [INFO] 内存优化完成
2025-07-22 12:35:15,892 [INFO] 内存优化完成
2025-07-22 12:35:45,890 [INFO] 内存优化完成
2025-07-22 12:35:49,220 [INFO] 正在关闭应用程序，请稍候...
2025-07-22 12:35:50,233 [WARNING] Pip安装线程未能及时停止。
2025-07-22 12:46:30,222 [INFO] 定义配置类完成...
2025-07-22 12:46:30,223 [INFO] 定义工具类完成...
2025-07-22 12:46:30,223 [INFO] 程序开始运行...
2025-07-22 12:46:30,279 [INFO] 创建 QApplication 实例...
2025-07-22 12:46:30,280 [INFO] 初始化主窗口...
2025-07-22 12:46:30,281 [INFO] 初始化配置...
2025-07-22 12:46:30,281 [INFO] 加载配置...
2025-07-22 12:46:30,282 [INFO] 配置加载完成: 4个导航项, 71个工具
2025-07-22 12:46:30,283 [INFO] 后台工作线程初始化完成
2025-07-22 12:46:30,283 [INFO] 开始初始化界面...
2025-07-22 12:46:30,648 [INFO] 界面初始化完成
2025-07-22 12:46:30,649 [INFO] 主窗口初始化完成
2025-07-22 12:46:30,652 [INFO] 创建主窗口...
2025-07-22 12:46:30,727 [INFO] 显示主窗口...
2025-07-22 12:46:34,392 [INFO] 保存配置...
2025-07-22 12:46:39,721 [INFO] 保存配置...
2025-07-22 12:46:41,186 [INFO] 保存配置...
2025-07-22 12:46:41,190 [INFO] 保存配置...
2025-07-22 12:46:43,011 [INFO] 保存配置...
2025-07-22 12:46:44,475 [INFO] 进程已结束: hydra测试 (PID: 34812)
2025-07-22 12:46:47,720 [INFO] 保存配置...
2025-07-22 12:46:48,572 [INFO] 进程已结束: hydra测试 (PID: 17116)
2025-07-22 12:46:59,465 [INFO] 保存配置...
2025-07-22 12:47:00,292 [INFO] 内存优化完成
2025-07-22 12:47:00,472 [INFO] 保存配置...
2025-07-22 12:47:01,258 [INFO] 保存配置...
2025-07-22 12:47:02,038 [INFO] 保存配置...
2025-07-22 12:47:02,795 [INFO] 保存配置...
2025-07-22 12:47:02,890 [INFO] 进程已结束: hydra测试 (PID: 20452)
2025-07-22 12:47:03,485 [INFO] 保存配置...
2025-07-22 12:47:04,963 [INFO] 保存配置...
2025-07-22 12:47:05,025 [INFO] 进程已结束: hydra测试 (PID: 5468)
2025-07-22 12:47:30,291 [INFO] 内存优化完成
2025-07-22 12:47:38,754 [INFO] 保存配置...
2025-07-22 12:47:40,476 [INFO] 保存配置...
2025-07-22 12:47:40,479 [INFO] 保存配置...
2025-07-22 12:47:41,330 [INFO] 保存配置...
2025-07-22 12:47:43,124 [INFO] 进程已结束: hydra测试 (PID: 33892)
2025-07-22 12:47:46,160 [INFO] 保存配置...
2025-07-22 12:47:47,498 [INFO] 保存配置...
2025-07-22 12:47:47,502 [INFO] 保存配置...
2025-07-22 12:47:48,418 [INFO] 保存配置...
2025-07-22 12:47:49,218 [INFO] 进程已结束: hydra测试 (PID: 30060)
2025-07-22 12:48:00,289 [INFO] 内存优化完成
2025-07-22 12:48:02,105 [INFO] 保存配置...
2025-07-22 12:48:03,753 [INFO] 保存配置...
2025-07-22 12:48:03,756 [INFO] 保存配置...
2025-07-22 12:48:30,292 [INFO] 内存优化完成
2025-07-22 12:49:00,291 [INFO] 内存优化完成
2025-07-22 12:49:30,307 [INFO] 内存优化完成
2025-07-22 12:50:00,298 [INFO] 内存优化完成
2025-07-22 12:50:30,300 [INFO] 内存优化完成
2025-07-22 12:51:00,299 [INFO] 内存优化完成
2025-07-22 12:51:30,306 [INFO] 内存优化完成
2025-07-22 12:51:56,277 [INFO] 正在关闭应用程序，请稍候...
2025-07-22 12:51:57,290 [WARNING] Pip安装线程未能及时停止。
2025-07-22 12:51:58,444 [INFO] 定义配置类完成...
2025-07-22 12:51:58,445 [INFO] 定义工具类完成...
2025-07-22 12:51:58,445 [INFO] 程序开始运行...
2025-07-22 12:51:58,493 [INFO] 创建 QApplication 实例...
2025-07-22 12:51:58,494 [INFO] 初始化主窗口...
2025-07-22 12:51:58,495 [INFO] 初始化配置...
2025-07-22 12:51:58,495 [INFO] 加载配置...
2025-07-22 12:51:58,496 [INFO] 配置加载完成: 4个导航项, 71个工具
2025-07-22 12:51:58,496 [INFO] 后台工作线程初始化完成
2025-07-22 12:51:58,497 [INFO] 开始初始化界面...
2025-07-22 12:51:58,798 [INFO] 界面初始化完成
2025-07-22 12:51:58,798 [INFO] 主窗口初始化完成
2025-07-22 12:51:58,801 [INFO] 创建主窗口...
2025-07-22 12:51:58,873 [INFO] 显示主窗口...
2025-07-22 12:52:01,867 [INFO] 保存配置...
2025-07-22 12:52:06,337 [INFO] 保存配置...
2025-07-22 12:52:12,973 [INFO] 进程已结束: hydra测试 (PID: 22540)
2025-07-22 12:52:16,006 [INFO] 保存配置...
2025-07-22 12:52:17,254 [INFO] 正在关闭应用程序，请稍候...
2025-07-22 12:52:18,261 [WARNING] Pip安装线程未能及时停止。
