2025-07-03 22:11:24,756 [INFO] 定义配置类完成...
2025-07-03 22:11:24,756 [INFO] 定义工具类完成...
2025-07-03 22:11:24,757 [INFO] 程序开始运行...
2025-07-03 22:11:24,821 [INFO] 创建 QApplication 实例...
2025-07-03 22:11:24,822 [INFO] 初始化主窗口...
2025-07-03 22:11:24,823 [INFO] 初始化配置...
2025-07-03 22:11:24,823 [INFO] 加载配置...
2025-07-03 22:11:24,824 [INFO] 配置加载完成: 4个导航项, 28个工具
2025-07-03 22:11:24,825 [INFO] 后台工作线程初始化完成
2025-07-03 22:11:24,825 [INFO] 开始初始化界面...
2025-07-03 22:11:25,111 [INFO] 界面初始化完成
2025-07-03 22:11:25,111 [INFO] 主窗口初始化完成
2025-07-03 22:11:25,115 [INFO] 创建主窗口...
2025-07-03 22:11:25,185 [INFO] 显示主窗口...
2025-07-03 22:14:05,650 [INFO] 定义配置类完成...
2025-07-03 22:14:05,650 [INFO] 定义工具类完成...
2025-07-03 22:14:05,651 [INFO] 程序开始运行...
2025-07-03 22:14:05,711 [INFO] 创建 QApplication 实例...
2025-07-03 22:14:05,712 [INFO] 初始化主窗口...
2025-07-03 22:14:05,712 [INFO] 初始化配置...
2025-07-03 22:14:05,713 [INFO] 加载配置...
2025-07-03 22:14:05,713 [INFO] 配置加载完成: 4个导航项, 28个工具
2025-07-03 22:14:05,714 [INFO] 后台工作线程初始化完成
2025-07-03 22:14:05,714 [INFO] 开始初始化界面...
2025-07-03 22:14:06,003 [INFO] 界面初始化完成
2025-07-03 22:14:06,004 [INFO] 主窗口初始化完成
2025-07-03 22:14:06,007 [INFO] 创建主窗口...
2025-07-03 22:14:06,082 [INFO] 显示主窗口...
2025-07-03 22:14:35,712 [INFO] 内存优化完成
2025-07-03 22:16:27,193 [INFO] 定义配置类完成...
2025-07-03 22:16:27,194 [INFO] 定义工具类完成...
2025-07-03 22:16:27,194 [INFO] 程序开始运行...
2025-07-03 22:16:27,252 [INFO] 创建 QApplication 实例...
2025-07-03 22:16:27,253 [INFO] 初始化主窗口...
2025-07-03 22:16:27,253 [INFO] 初始化配置...
2025-07-03 22:16:27,254 [INFO] 加载配置...
2025-07-03 22:16:27,254 [INFO] 配置加载完成: 4个导航项, 28个工具
2025-07-03 22:16:27,255 [INFO] 后台工作线程初始化完成
2025-07-03 22:16:27,256 [INFO] 开始初始化界面...
2025-07-03 22:16:27,539 [INFO] 界面初始化完成
2025-07-03 22:16:27,540 [INFO] 主窗口初始化完成
2025-07-03 22:16:27,543 [INFO] 创建主窗口...
2025-07-03 22:16:27,630 [INFO] 显示主窗口...
2025-07-03 22:16:39,575 [INFO] 正在关闭应用程序，请稍候...
2025-07-03 22:16:40,579 [WARNING] Pip安装线程未能及时停止。
2025-07-03 22:16:47,706 [INFO] 定义配置类完成...
2025-07-03 22:16:47,706 [INFO] 定义工具类完成...
2025-07-03 22:16:47,707 [INFO] 程序开始运行...
2025-07-03 22:16:47,774 [INFO] 创建 QApplication 实例...
2025-07-03 22:16:47,775 [INFO] 初始化主窗口...
2025-07-03 22:16:47,775 [INFO] 初始化配置...
2025-07-03 22:16:47,776 [INFO] 加载配置...
2025-07-03 22:16:47,776 [INFO] 配置加载完成: 4个导航项, 28个工具
2025-07-03 22:16:47,777 [INFO] 后台工作线程初始化完成
2025-07-03 22:16:47,777 [INFO] 开始初始化界面...
2025-07-03 22:16:48,065 [INFO] 界面初始化完成
2025-07-03 22:16:48,065 [INFO] 主窗口初始化完成
2025-07-03 22:16:48,069 [INFO] 创建主窗口...
2025-07-03 22:16:48,138 [INFO] 显示主窗口...
2025-07-03 22:17:08,374 [INFO] 定义配置类完成...
2025-07-03 22:17:08,375 [INFO] 定义工具类完成...
2025-07-03 22:17:08,375 [INFO] 程序开始运行...
2025-07-03 22:17:08,439 [INFO] 创建 QApplication 实例...
2025-07-03 22:17:08,440 [INFO] 初始化主窗口...
2025-07-03 22:17:08,440 [INFO] 初始化配置...
2025-07-03 22:17:08,441 [INFO] 加载配置...
2025-07-03 22:17:08,441 [INFO] 配置加载完成: 4个导航项, 28个工具
2025-07-03 22:17:08,442 [INFO] 后台工作线程初始化完成
2025-07-03 22:17:08,443 [INFO] 开始初始化界面...
2025-07-03 22:17:08,763 [INFO] 界面初始化完成
2025-07-03 22:17:08,764 [INFO] 主窗口初始化完成
2025-07-03 22:17:08,767 [INFO] 创建主窗口...
2025-07-03 22:17:08,840 [INFO] 显示主窗口...
2025-07-03 22:17:38,460 [INFO] 内存优化完成
2025-07-03 22:17:46,226 [INFO] 正在关闭应用程序，请稍候...
2025-07-03 22:17:47,239 [WARNING] Pip安装线程未能及时停止。
