2025-06-26 12:02:04,327 [INFO] 定义配置类完成...
2025-06-26 12:02:04,328 [INFO] 定义工具类完成...
2025-06-26 12:02:04,328 [INFO] 程序开始运行...
2025-06-26 12:02:04,480 [INFO] 创建 QApplication 实例...
2025-06-26 12:02:04,481 [INFO] 初始化主窗口...
2025-06-26 12:02:04,482 [INFO] 初始化配置...
2025-06-26 12:02:04,482 [INFO] 加载配置...
2025-06-26 12:02:04,482 [INFO] 配置加载完成: 3个导航项, 22个工具
2025-06-26 12:02:04,483 [INFO] 后台工作线程初始化完成
2025-06-26 12:02:04,483 [INFO] 开始初始化界面...
2025-06-26 12:02:04,906 [INFO] 界面初始化完成
2025-06-26 12:02:04,906 [INFO] 主窗口初始化完成
2025-06-26 12:02:04,910 [INFO] 创建主窗口...
2025-06-26 12:02:04,973 [INFO] 显示主窗口...
2025-06-26 12:02:34,494 [INFO] 内存优化完成
2025-06-26 12:03:04,490 [INFO] 内存优化完成
2025-06-26 12:03:21,578 [INFO] 保存配置...
2025-06-26 12:03:24,649 [INFO] 保存配置...
2025-06-26 12:03:31,009 [INFO] 进程已结束: cobaltstrike-wuying (PID: 10504)
2025-06-26 12:03:34,491 [INFO] 内存优化完成
2025-06-26 12:03:50,520 [INFO] 保存配置...
2025-06-26 12:04:04,487 [INFO] 内存优化完成
2025-06-26 12:04:16,895 [INFO] 保存配置...
2025-06-26 12:04:27,792 [INFO] 保存配置...
2025-06-26 12:04:34,496 [INFO] 内存优化完成
2025-06-26 12:04:37,684 [INFO] 保存配置...
2025-06-26 12:04:49,811 [INFO] 保存配置...
2025-06-26 12:05:04,500 [INFO] 内存优化完成
2025-06-26 12:05:34,488 [INFO] 内存优化完成
2025-06-26 12:06:04,492 [INFO] 内存优化完成
2025-06-26 12:06:06,843 [INFO] 保存配置...
2025-06-26 12:06:11,098 [INFO] CyberChef加载成功
2025-06-26 12:06:19,878 [WARNING] 未能从 E:/Penetration/BlueTeam/AssistiveTools/fileHash/Hash.exe 成功提取任何可用的彩色图标信息。
2025-06-26 12:06:34,498 [INFO] 内存优化完成
2025-06-26 12:06:36,334 [INFO] 保存配置...
2025-06-26 12:06:39,022 [INFO] 正在关闭应用程序，请稍候...
2025-06-26 12:06:40,035 [WARNING] Pip安装线程未能及时停止。
