2025-07-07 09:27:56,183 [INFO] 定义配置类完成...
2025-07-07 09:27:56,183 [INFO] 定义工具类完成...
2025-07-07 09:27:56,184 [INFO] 程序开始运行...
2025-07-07 09:27:56,266 [INFO] 创建 QApplication 实例...
2025-07-07 09:27:56,267 [INFO] 初始化主窗口...
2025-07-07 09:27:56,270 [INFO] 初始化配置...
2025-07-07 09:27:56,271 [INFO] 加载配置...
2025-07-07 09:27:56,271 [INFO] 配置加载完成: 4个导航项, 28个工具
2025-07-07 09:27:56,274 [INFO] 后台工作线程初始化完成
2025-07-07 09:27:56,274 [INFO] 开始初始化界面...
2025-07-07 09:27:56,701 [INFO] 界面初始化完成
2025-07-07 09:27:56,702 [INFO] 主窗口初始化完成
2025-07-07 09:27:56,709 [INFO] 创建主窗口...
2025-07-07 09:27:56,802 [INFO] 显示主窗口...
2025-07-07 09:28:26,274 [INFO] 内存优化完成
2025-07-07 09:28:56,273 [INFO] 内存优化完成
2025-07-07 09:28:59,602 [INFO] 初始化配置...
2025-07-07 09:28:59,603 [INFO] 加载配置...
2025-07-07 09:28:59,603 [INFO] 配置加载完成: 4个导航项, 28个工具
2025-07-07 09:29:26,264 [INFO] 内存优化完成
2025-07-07 09:29:56,265 [INFO] 内存优化完成
2025-07-07 09:30:26,266 [INFO] 内存优化完成
2025-07-07 09:30:56,267 [INFO] 内存优化完成
2025-07-07 09:31:26,264 [INFO] 内存优化完成
2025-07-07 09:31:56,280 [INFO] 内存优化完成
2025-07-07 09:32:26,310 [INFO] 内存优化完成
2025-07-07 09:32:56,302 [INFO] 内存优化完成
2025-07-07 09:33:26,301 [INFO] 内存优化完成
2025-07-07 09:33:56,299 [INFO] 内存优化完成
2025-07-07 09:34:26,315 [INFO] 内存优化完成
2025-07-07 09:34:56,333 [INFO] 内存优化完成
2025-07-07 09:35:26,338 [INFO] 内存优化完成
2025-07-07 09:35:56,330 [INFO] 内存优化完成
2025-07-07 09:36:26,353 [INFO] 内存优化完成
2025-07-07 09:36:56,345 [INFO] 内存优化完成
2025-07-07 09:36:58,373 [INFO] 正在关闭应用程序，请稍候...
2025-07-07 09:36:59,384 [WARNING] Pip安装线程未能及时停止。
2025-07-07 09:39:33,055 [INFO] 定义配置类完成...
2025-07-07 09:39:33,055 [INFO] 定义工具类完成...
2025-07-07 09:39:33,056 [INFO] 程序开始运行...
2025-07-07 09:39:33,102 [INFO] 创建 QApplication 实例...
2025-07-07 09:39:33,103 [INFO] 初始化主窗口...
2025-07-07 09:39:33,103 [INFO] 初始化配置...
2025-07-07 09:39:33,104 [INFO] 加载配置...
2025-07-07 09:39:33,104 [INFO] 配置加载完成: 4个导航项, 28个工具
2025-07-07 09:39:33,105 [INFO] 后台工作线程初始化完成
2025-07-07 09:39:33,105 [INFO] 开始初始化界面...
2025-07-07 09:39:33,388 [INFO] 界面初始化完成
2025-07-07 09:39:33,388 [INFO] 主窗口初始化完成
2025-07-07 09:39:33,391 [INFO] 创建主窗口...
2025-07-07 09:39:33,557 [INFO] 显示主窗口...
2025-07-07 09:39:34,462 [INFO] 初始化配置...
2025-07-07 09:39:34,462 [INFO] 加载配置...
2025-07-07 09:39:34,462 [INFO] 配置加载完成: 4个导航项, 28个工具
2025-07-07 09:40:00,668 [INFO] 初始化配置...
2025-07-07 09:40:00,668 [INFO] 加载配置...
2025-07-07 09:40:00,669 [INFO] 配置加载完成: 4个导航项, 28个工具
2025-07-07 09:40:00,979 [INFO] CyberChef加载成功
2025-07-07 09:40:02,287 [INFO] CyberChef加载成功
2025-07-07 09:40:02,637 [INFO] 初始化配置...
2025-07-07 09:40:02,638 [INFO] 加载配置...
2025-07-07 09:40:02,638 [INFO] 配置加载完成: 4个导航项, 28个工具
2025-07-07 09:40:03,103 [INFO] 内存优化完成
2025-07-07 09:40:16,968 [INFO] 正在关闭应用程序，请稍候...
2025-07-07 09:40:17,983 [WARNING] Pip安装线程未能及时停止。
2025-07-07 09:40:36,974 [INFO] 定义配置类完成...
2025-07-07 09:40:36,974 [INFO] 定义工具类完成...
2025-07-07 09:40:36,975 [INFO] 程序开始运行...
2025-07-07 09:40:37,022 [INFO] 创建 QApplication 实例...
2025-07-07 09:40:37,022 [INFO] 初始化主窗口...
2025-07-07 09:40:37,023 [INFO] 初始化配置...
2025-07-07 09:40:37,023 [INFO] 加载配置...
2025-07-07 09:40:37,023 [INFO] 配置加载完成: 4个导航项, 28个工具
2025-07-07 09:40:37,025 [INFO] 后台工作线程初始化完成
2025-07-07 09:40:37,025 [INFO] 开始初始化界面...
2025-07-07 09:40:37,287 [INFO] 界面初始化完成
2025-07-07 09:40:37,287 [INFO] 主窗口初始化完成
2025-07-07 09:40:37,291 [INFO] 创建主窗口...
2025-07-07 09:40:37,361 [INFO] 显示主窗口...
2025-07-07 09:40:39,945 [INFO] CyberChef加载成功
2025-07-07 09:40:40,170 [INFO] 初始化配置...
2025-07-07 09:40:40,170 [INFO] 加载配置...
2025-07-07 09:40:40,171 [INFO] 配置加载完成: 4个导航项, 28个工具
2025-07-07 09:41:07,013 [INFO] 内存优化完成
2025-07-07 09:41:37,028 [INFO] 内存优化完成
2025-07-07 09:42:07,022 [INFO] 内存优化完成
2025-07-07 09:42:15,986 [INFO] 正在关闭应用程序，请稍候...
2025-07-07 09:42:17,003 [WARNING] Pip安装线程未能及时停止。
2025-07-07 09:42:19,154 [INFO] 定义配置类完成...
2025-07-07 09:42:19,155 [INFO] 定义工具类完成...
2025-07-07 09:42:19,155 [INFO] 程序开始运行...
2025-07-07 09:42:19,203 [INFO] 创建 QApplication 实例...
2025-07-07 09:42:19,204 [INFO] 初始化主窗口...
2025-07-07 09:42:19,204 [INFO] 初始化配置...
2025-07-07 09:42:19,204 [INFO] 加载配置...
2025-07-07 09:42:19,205 [INFO] 配置加载完成: 4个导航项, 28个工具
2025-07-07 09:42:19,205 [INFO] 后台工作线程初始化完成
2025-07-07 09:42:19,206 [INFO] 开始初始化界面...
2025-07-07 09:42:19,481 [INFO] 界面初始化完成
2025-07-07 09:42:19,482 [INFO] 主窗口初始化完成
2025-07-07 09:42:19,485 [INFO] 创建主窗口...
2025-07-07 09:42:19,551 [INFO] 显示主窗口...
2025-07-07 09:42:20,549 [INFO] 初始化配置...
2025-07-07 09:42:20,549 [INFO] 加载配置...
2025-07-07 09:42:20,550 [INFO] 配置加载完成: 4个导航项, 28个工具
2025-07-07 09:42:23,988 [INFO] CyberChef加载成功
2025-07-07 09:42:24,163 [INFO] 初始化配置...
2025-07-07 09:42:24,163 [INFO] 加载配置...
2025-07-07 09:42:24,163 [INFO] 配置加载完成: 4个导航项, 28个工具
2025-07-07 09:42:25,696 [INFO] CyberChef加载成功
2025-07-07 09:42:26,909 [INFO] 初始化配置...
2025-07-07 09:42:26,909 [INFO] 加载配置...
2025-07-07 09:42:26,910 [INFO] 配置加载完成: 4个导航项, 28个工具
2025-07-07 09:42:27,079 [INFO] CyberChef加载成功
2025-07-07 09:42:28,525 [INFO] CyberChef加载成功
2025-07-07 09:42:29,377 [INFO] 初始化配置...
2025-07-07 09:42:29,377 [INFO] 加载配置...
2025-07-07 09:42:29,378 [INFO] 配置加载完成: 4个导航项, 28个工具
2025-07-07 09:42:29,583 [INFO] CyberChef加载成功
2025-07-07 09:42:31,780 [INFO] CyberChef加载成功
2025-07-07 09:42:31,810 [INFO] 初始化配置...
2025-07-07 09:42:31,811 [INFO] 加载配置...
2025-07-07 09:42:31,811 [INFO] 配置加载完成: 4个导航项, 28个工具
2025-07-07 09:42:33,343 [INFO] CyberChef加载成功
2025-07-07 09:42:34,187 [INFO] CyberChef加载成功
2025-07-07 09:42:34,276 [INFO] 初始化配置...
2025-07-07 09:42:34,276 [INFO] 加载配置...
2025-07-07 09:42:34,277 [INFO] 配置加载完成: 4个导航项, 28个工具
2025-07-07 09:42:43,419 [INFO] 正在关闭应用程序，请稍候...
2025-07-07 09:42:44,424 [WARNING] Pip安装线程未能及时停止。
2025-07-07 09:49:13,730 [INFO] 定义配置类完成...
2025-07-07 09:49:13,731 [INFO] 定义工具类完成...
2025-07-07 09:49:13,731 [INFO] 程序开始运行...
2025-07-07 09:49:13,775 [INFO] 创建 QApplication 实例...
2025-07-07 09:49:13,776 [INFO] 初始化主窗口...
2025-07-07 09:49:13,776 [INFO] 初始化配置...
2025-07-07 09:49:13,776 [INFO] 加载配置...
2025-07-07 09:49:13,776 [INFO] 配置加载完成: 4个导航项, 28个工具
2025-07-07 09:49:13,777 [INFO] 后台工作线程初始化完成
2025-07-07 09:49:13,777 [INFO] 开始初始化界面...
2025-07-07 09:49:14,041 [INFO] 界面初始化完成
2025-07-07 09:49:14,041 [INFO] 主窗口初始化完成
2025-07-07 09:49:14,045 [INFO] 创建主窗口...
2025-07-07 09:49:14,112 [INFO] 显示主窗口...
2025-07-07 09:49:14,956 [INFO] 初始化配置...
2025-07-07 09:49:14,956 [INFO] 加载配置...
2025-07-07 09:49:14,957 [INFO] 配置加载完成: 4个导航项, 28个工具
2025-07-07 09:49:43,788 [INFO] 内存优化完成
2025-07-07 09:50:13,793 [INFO] 内存优化完成
2025-07-07 09:50:43,780 [INFO] 内存优化完成
2025-07-07 09:51:13,801 [INFO] 内存优化完成
2025-07-07 09:51:37,023 [INFO] 正在关闭应用程序，请稍候...
2025-07-07 09:51:38,041 [WARNING] Pip安装线程未能及时停止。
2025-07-07 09:51:40,583 [INFO] 定义配置类完成...
2025-07-07 09:51:40,583 [INFO] 定义工具类完成...
2025-07-07 09:51:40,583 [INFO] 程序开始运行...
2025-07-07 09:51:40,627 [INFO] 创建 QApplication 实例...
2025-07-07 09:51:40,627 [INFO] 初始化主窗口...
2025-07-07 09:51:40,628 [INFO] 初始化配置...
2025-07-07 09:51:40,628 [INFO] 加载配置...
2025-07-07 09:51:40,628 [INFO] 配置加载完成: 4个导航项, 28个工具
2025-07-07 09:51:40,629 [INFO] 后台工作线程初始化完成
2025-07-07 09:51:40,629 [INFO] 开始初始化界面...
2025-07-07 09:51:40,904 [INFO] 界面初始化完成
2025-07-07 09:51:40,904 [INFO] 主窗口初始化完成
2025-07-07 09:51:40,907 [INFO] 创建主窗口...
2025-07-07 09:51:40,973 [INFO] 显示主窗口...
2025-07-07 09:51:45,516 [INFO] 初始化配置...
2025-07-07 09:51:45,517 [INFO] 加载配置...
2025-07-07 09:51:45,517 [INFO] 配置加载完成: 4个导航项, 28个工具
2025-07-07 09:52:10,653 [INFO] 内存优化完成
2025-07-07 09:52:40,643 [INFO] 内存优化完成
2025-07-07 09:53:10,647 [INFO] 内存优化完成
2025-07-07 09:53:40,644 [INFO] 内存优化完成
2025-07-07 09:54:10,648 [INFO] 内存优化完成
2025-07-07 09:54:40,646 [INFO] 内存优化完成
2025-07-07 09:55:10,656 [INFO] 内存优化完成
2025-07-07 09:55:40,681 [INFO] 内存优化完成
2025-07-07 09:55:42,271 [INFO] 正在关闭应用程序，请稍候...
2025-07-07 09:55:43,287 [WARNING] Pip安装线程未能及时停止。
2025-07-07 09:56:25,933 [INFO] 定义配置类完成...
2025-07-07 09:56:25,933 [INFO] 定义工具类完成...
2025-07-07 09:56:25,934 [INFO] 程序开始运行...
2025-07-07 09:56:25,981 [INFO] 创建 QApplication 实例...
2025-07-07 09:56:25,981 [INFO] 初始化主窗口...
2025-07-07 09:56:25,982 [INFO] 初始化配置...
2025-07-07 09:56:25,982 [INFO] 加载配置...
2025-07-07 09:56:25,982 [INFO] 配置加载完成: 4个导航项, 28个工具
2025-07-07 09:56:25,983 [INFO] 后台工作线程初始化完成
2025-07-07 09:56:25,984 [INFO] 开始初始化界面...
2025-07-07 09:56:26,295 [INFO] 界面初始化完成
2025-07-07 09:56:26,295 [INFO] 主窗口初始化完成
2025-07-07 09:56:26,298 [INFO] 创建主窗口...
2025-07-07 09:56:26,366 [INFO] 显示主窗口...
2025-07-07 09:56:27,151 [INFO] 初始化配置...
2025-07-07 09:56:27,152 [INFO] 加载配置...
2025-07-07 09:56:27,153 [INFO] 配置加载完成: 4个导航项, 28个工具
2025-07-07 09:56:36,829 [INFO] CyberChef加载成功
2025-07-07 09:56:38,117 [INFO] CyberChef加载成功
2025-07-07 09:56:38,278 [INFO] 初始化配置...
2025-07-07 09:56:38,278 [INFO] 加载配置...
2025-07-07 09:56:38,279 [INFO] 配置加载完成: 4个导航项, 28个工具
2025-07-07 09:56:39,720 [INFO] 初始化配置...
2025-07-07 09:56:39,720 [INFO] 加载配置...
2025-07-07 09:56:39,720 [INFO] 配置加载完成: 4个导航项, 28个工具
2025-07-07 09:56:56,000 [INFO] 内存优化完成
2025-07-07 09:56:56,895 [INFO] 正在关闭应用程序，请稍候...
2025-07-07 09:56:57,898 [WARNING] Pip安装线程未能及时停止。
2025-07-07 09:57:01,699 [INFO] 定义配置类完成...
2025-07-07 09:57:01,699 [INFO] 定义工具类完成...
2025-07-07 09:57:01,699 [INFO] 程序开始运行...
2025-07-07 09:57:01,742 [INFO] 创建 QApplication 实例...
2025-07-07 09:57:01,743 [INFO] 初始化主窗口...
2025-07-07 09:57:01,743 [INFO] 初始化配置...
2025-07-07 09:57:01,744 [INFO] 加载配置...
2025-07-07 09:57:01,744 [INFO] 配置加载完成: 4个导航项, 28个工具
2025-07-07 09:57:01,745 [INFO] 后台工作线程初始化完成
2025-07-07 09:57:01,745 [INFO] 开始初始化界面...
2025-07-07 09:57:02,043 [INFO] 界面初始化完成
2025-07-07 09:57:02,043 [INFO] 主窗口初始化完成
2025-07-07 09:57:02,046 [INFO] 创建主窗口...
2025-07-07 09:57:02,125 [INFO] 显示主窗口...
2025-07-07 09:57:03,654 [INFO] 初始化配置...
2025-07-07 09:57:03,655 [INFO] 加载配置...
2025-07-07 09:57:03,656 [INFO] 配置加载完成: 4个导航项, 28个工具
2025-07-07 09:57:31,741 [INFO] 内存优化完成
2025-07-07 09:58:01,739 [INFO] 内存优化完成
2025-07-07 09:58:31,734 [INFO] 内存优化完成
2025-07-07 09:59:01,745 [INFO] 内存优化完成
2025-07-07 09:59:31,733 [INFO] 内存优化完成
2025-07-07 09:59:57,387 [INFO] 正在关闭应用程序，请稍候...
2025-07-07 09:59:58,408 [WARNING] Pip安装线程未能及时停止。
2025-07-07 10:20:29,489 [INFO] 定义配置类完成...
2025-07-07 10:20:29,490 [INFO] 定义工具类完成...
2025-07-07 10:20:29,490 [INFO] 程序开始运行...
2025-07-07 10:20:29,535 [INFO] 创建 QApplication 实例...
2025-07-07 10:20:29,536 [INFO] 初始化主窗口...
2025-07-07 10:20:29,536 [INFO] 初始化配置...
2025-07-07 10:20:29,536 [INFO] 加载配置...
2025-07-07 10:20:29,537 [INFO] 配置加载完成: 4个导航项, 28个工具
2025-07-07 10:20:29,538 [INFO] 后台工作线程初始化完成
2025-07-07 10:20:29,538 [INFO] 开始初始化界面...
2025-07-07 10:20:29,801 [INFO] 界面初始化完成
2025-07-07 10:20:29,801 [INFO] 主窗口初始化完成
2025-07-07 10:20:29,805 [INFO] 创建主窗口...
2025-07-07 10:20:29,871 [INFO] 显示主窗口...
2025-07-07 10:20:30,945 [INFO] 初始化配置...
2025-07-07 10:20:30,946 [INFO] 加载配置...
2025-07-07 10:20:30,946 [INFO] 配置加载完成: 4个导航项, 28个工具
2025-07-07 10:20:33,033 [INFO] 加载配置...
2025-07-07 10:20:33,033 [INFO] 配置加载完成: 4个导航项, 28个工具
2025-07-07 10:20:49,862 [INFO] 正在关闭应用程序，请稍候...
2025-07-07 10:20:50,866 [WARNING] Pip安装线程未能及时停止。
2025-07-07 10:23:07,507 [INFO] 定义配置类完成...
2025-07-07 10:23:07,508 [INFO] 定义工具类完成...
2025-07-07 10:23:07,508 [INFO] 程序开始运行...
2025-07-07 10:23:07,552 [INFO] 创建 QApplication 实例...
2025-07-07 10:23:07,553 [INFO] 初始化主窗口...
2025-07-07 10:23:07,553 [INFO] 初始化配置...
2025-07-07 10:23:07,554 [INFO] 加载配置...
2025-07-07 10:23:07,554 [INFO] 配置加载完成: 4个导航项, 28个工具
2025-07-07 10:23:07,555 [INFO] 后台工作线程初始化完成
2025-07-07 10:23:07,556 [INFO] 开始初始化界面...
2025-07-07 10:23:07,835 [INFO] 界面初始化完成
2025-07-07 10:23:07,835 [INFO] 主窗口初始化完成
2025-07-07 10:23:07,839 [INFO] 创建主窗口...
2025-07-07 10:23:07,911 [INFO] 显示主窗口...
2025-07-07 10:23:08,619 [INFO] 初始化配置...
2025-07-07 10:23:08,619 [INFO] 加载配置...
2025-07-07 10:23:08,620 [INFO] 配置加载完成: 4个导航项, 28个工具
2025-07-07 10:23:37,561 [INFO] 内存优化完成
2025-07-07 10:23:39,440 [INFO] 正在关闭应用程序，请稍候...
2025-07-07 10:23:40,458 [WARNING] Pip安装线程未能及时停止。
2025-07-07 10:26:35,256 [INFO] 定义配置类完成...
2025-07-07 10:26:35,257 [INFO] 定义工具类完成...
2025-07-07 10:26:35,257 [INFO] 程序开始运行...
2025-07-07 10:26:35,306 [INFO] 创建 QApplication 实例...
2025-07-07 10:26:35,307 [INFO] 初始化主窗口...
2025-07-07 10:26:35,307 [INFO] 初始化配置...
2025-07-07 10:26:35,307 [INFO] 加载配置...
2025-07-07 10:26:35,308 [INFO] 配置加载完成: 4个导航项, 28个工具
2025-07-07 10:26:35,309 [INFO] 后台工作线程初始化完成
2025-07-07 10:26:35,309 [INFO] 开始初始化界面...
2025-07-07 10:26:35,582 [INFO] 界面初始化完成
2025-07-07 10:26:35,582 [INFO] 主窗口初始化完成
2025-07-07 10:26:35,585 [INFO] 创建主窗口...
2025-07-07 10:26:35,654 [INFO] 显示主窗口...
2025-07-07 10:26:36,371 [INFO] 初始化配置...
2025-07-07 10:26:36,372 [INFO] 加载配置...
2025-07-07 10:26:36,373 [INFO] 配置加载完成: 4个导航项, 28个工具
2025-07-07 10:26:43,084 [INFO] 正在关闭应用程序，请稍候...
2025-07-07 10:26:44,090 [WARNING] Pip安装线程未能及时停止。
2025-07-07 10:27:10,896 [INFO] 定义配置类完成...
2025-07-07 10:27:10,896 [INFO] 定义工具类完成...
2025-07-07 10:27:10,896 [INFO] 程序开始运行...
2025-07-07 10:27:10,940 [INFO] 创建 QApplication 实例...
2025-07-07 10:27:10,941 [INFO] 初始化主窗口...
2025-07-07 10:27:10,941 [INFO] 初始化配置...
2025-07-07 10:27:10,942 [INFO] 加载配置...
2025-07-07 10:27:10,942 [INFO] 配置加载完成: 4个导航项, 28个工具
2025-07-07 10:27:10,943 [INFO] 后台工作线程初始化完成
2025-07-07 10:27:10,943 [INFO] 开始初始化界面...
2025-07-07 10:27:11,210 [INFO] 界面初始化完成
2025-07-07 10:27:11,210 [INFO] 主窗口初始化完成
2025-07-07 10:27:11,214 [INFO] 创建主窗口...
2025-07-07 10:27:11,287 [INFO] 显示主窗口...
2025-07-07 10:27:12,111 [INFO] 初始化配置...
2025-07-07 10:27:12,112 [INFO] 加载配置...
2025-07-07 10:27:12,112 [INFO] 配置加载完成: 4个导航项, 28个工具
2025-07-07 10:27:40,938 [INFO] 内存优化完成
2025-07-07 10:28:10,962 [INFO] 内存优化完成
2025-07-07 10:28:40,966 [INFO] 内存优化完成
2025-07-07 10:29:10,969 [INFO] 内存优化完成
2025-07-07 10:29:26,096 [INFO] 正在关闭应用程序，请稍候...
2025-07-07 10:29:27,107 [WARNING] Pip安装线程未能及时停止。
2025-07-07 10:29:44,293 [INFO] 定义配置类完成...
2025-07-07 10:29:44,293 [INFO] 定义工具类完成...
2025-07-07 10:29:44,294 [INFO] 程序开始运行...
2025-07-07 10:29:44,339 [INFO] 创建 QApplication 实例...
2025-07-07 10:29:44,339 [INFO] 初始化主窗口...
2025-07-07 10:29:44,340 [INFO] 初始化配置...
2025-07-07 10:29:44,340 [INFO] 加载配置...
2025-07-07 10:29:44,341 [INFO] 配置加载完成: 4个导航项, 28个工具
2025-07-07 10:29:44,342 [INFO] 后台工作线程初始化完成
2025-07-07 10:29:44,342 [INFO] 开始初始化界面...
2025-07-07 10:29:44,608 [INFO] 界面初始化完成
2025-07-07 10:29:44,608 [INFO] 主窗口初始化完成
2025-07-07 10:29:44,612 [INFO] 创建主窗口...
2025-07-07 10:29:44,679 [INFO] 显示主窗口...
2025-07-07 10:29:45,611 [INFO] 初始化配置...
2025-07-07 10:29:45,611 [INFO] 加载配置...
2025-07-07 10:29:45,612 [INFO] 配置加载完成: 4个导航项, 28个工具
2025-07-07 10:29:47,599 [INFO] CyberChef加载成功
2025-07-07 10:29:51,820 [INFO] 初始化配置...
2025-07-07 10:29:51,820 [INFO] 加载配置...
2025-07-07 10:29:51,821 [INFO] 配置加载完成: 4个导航项, 28个工具
2025-07-07 10:30:06,610 [INFO] CyberChef加载成功
2025-07-07 10:30:06,698 [INFO] 初始化配置...
2025-07-07 10:30:06,698 [INFO] 加载配置...
2025-07-07 10:30:06,699 [INFO] 配置加载完成: 4个导航项, 28个工具
2025-07-07 10:30:12,603 [INFO] 保存配置...
2025-07-07 10:30:14,353 [INFO] 内存优化完成
2025-07-07 10:30:17,982 [INFO] 保存配置...
2025-07-07 10:30:20,144 [INFO] 初始化配置...
2025-07-07 10:30:20,145 [INFO] 加载配置...
2025-07-07 10:30:20,145 [INFO] 配置加载完成: 4个导航项, 28个工具
2025-07-07 10:30:23,254 [INFO] CyberChef加载成功
2025-07-07 10:30:24,693 [INFO] 保存配置...
2025-07-07 10:30:26,656 [INFO] 正在关闭应用程序，请稍候...
2025-07-07 10:30:27,659 [WARNING] Pip安装线程未能及时停止。
2025-07-07 10:30:35,579 [INFO] 定义配置类完成...
2025-07-07 10:30:35,579 [INFO] 定义工具类完成...
2025-07-07 10:30:35,580 [INFO] 程序开始运行...
2025-07-07 10:30:35,626 [INFO] 创建 QApplication 实例...
2025-07-07 10:30:35,627 [INFO] 初始化主窗口...
2025-07-07 10:30:35,627 [INFO] 初始化配置...
2025-07-07 10:30:35,628 [INFO] 加载配置...
2025-07-07 10:30:35,628 [INFO] 配置加载完成: 4个导航项, 28个工具
2025-07-07 10:30:35,629 [INFO] 后台工作线程初始化完成
2025-07-07 10:30:35,629 [INFO] 开始初始化界面...
2025-07-07 10:30:35,903 [INFO] 界面初始化完成
2025-07-07 10:30:35,903 [INFO] 主窗口初始化完成
2025-07-07 10:30:35,907 [INFO] 创建主窗口...
2025-07-07 10:30:35,975 [INFO] 显示主窗口...
2025-07-07 10:30:36,647 [INFO] 初始化配置...
2025-07-07 10:30:36,647 [INFO] 加载配置...
2025-07-07 10:30:36,648 [INFO] 配置加载完成: 4个导航项, 28个工具
2025-07-07 10:30:44,738 [INFO] 正在关闭应用程序，请稍候...
2025-07-07 10:30:45,752 [WARNING] Pip安装线程未能及时停止。
2025-07-07 10:36:07,522 [INFO] 定义配置类完成...
2025-07-07 10:36:07,523 [INFO] 定义工具类完成...
2025-07-07 10:36:07,523 [INFO] 程序开始运行...
2025-07-07 10:36:07,569 [INFO] 创建 QApplication 实例...
2025-07-07 10:36:07,570 [INFO] 初始化主窗口...
2025-07-07 10:36:07,570 [INFO] 初始化配置...
2025-07-07 10:36:07,570 [INFO] 加载配置...
2025-07-07 10:36:07,571 [INFO] 配置加载完成: 4个导航项, 28个工具
2025-07-07 10:36:07,572 [INFO] 后台工作线程初始化完成
2025-07-07 10:36:07,572 [INFO] 开始初始化界面...
2025-07-07 10:36:07,843 [INFO] 界面初始化完成
2025-07-07 10:36:07,843 [INFO] 主窗口初始化完成
2025-07-07 10:36:07,846 [INFO] 创建主窗口...
2025-07-07 10:36:07,912 [INFO] 显示主窗口...
2025-07-07 10:36:08,707 [INFO] 初始化配置...
2025-07-07 10:36:08,707 [INFO] 加载配置...
2025-07-07 10:36:08,708 [INFO] 配置加载完成: 4个导航项, 28个工具
2025-07-07 10:36:24,193 [INFO] 正在关闭应用程序，请稍候...
2025-07-07 10:36:25,206 [WARNING] Pip安装线程未能及时停止。
2025-07-07 10:36:54,284 [INFO] 定义配置类完成...
2025-07-07 10:36:54,284 [INFO] 定义工具类完成...
2025-07-07 10:36:54,284 [INFO] 程序开始运行...
2025-07-07 10:36:54,337 [INFO] 创建 QApplication 实例...
2025-07-07 10:36:54,338 [INFO] 初始化主窗口...
2025-07-07 10:36:54,338 [INFO] 初始化配置...
2025-07-07 10:36:54,339 [INFO] 加载配置...
2025-07-07 10:36:54,339 [INFO] 配置加载完成: 4个导航项, 28个工具
2025-07-07 10:36:54,341 [INFO] 后台工作线程初始化完成
2025-07-07 10:36:54,341 [INFO] 开始初始化界面...
2025-07-07 10:36:54,612 [INFO] 界面初始化完成
2025-07-07 10:36:54,612 [INFO] 主窗口初始化完成
2025-07-07 10:36:54,615 [INFO] 创建主窗口...
2025-07-07 10:36:54,686 [INFO] 显示主窗口...
2025-07-07 10:36:55,310 [INFO] 初始化配置...
2025-07-07 10:36:55,311 [INFO] 加载配置...
2025-07-07 10:36:55,311 [INFO] 配置加载完成: 4个导航项, 28个工具
2025-07-07 10:37:02,780 [INFO] 正在关闭应用程序，请稍候...
2025-07-07 10:37:03,782 [WARNING] Pip安装线程未能及时停止。
2025-07-07 10:37:06,293 [INFO] 定义配置类完成...
2025-07-07 10:37:06,293 [INFO] 定义工具类完成...
2025-07-07 10:37:06,294 [INFO] 程序开始运行...
2025-07-07 10:37:06,340 [INFO] 创建 QApplication 实例...
2025-07-07 10:37:06,340 [INFO] 初始化主窗口...
2025-07-07 10:37:06,341 [INFO] 初始化配置...
2025-07-07 10:37:06,341 [INFO] 加载配置...
2025-07-07 10:37:06,342 [INFO] 配置加载完成: 4个导航项, 28个工具
2025-07-07 10:37:06,343 [INFO] 后台工作线程初始化完成
2025-07-07 10:37:06,343 [INFO] 开始初始化界面...
2025-07-07 10:37:06,617 [INFO] 界面初始化完成
2025-07-07 10:37:06,617 [INFO] 主窗口初始化完成
2025-07-07 10:37:06,621 [INFO] 创建主窗口...
2025-07-07 10:37:06,690 [INFO] 显示主窗口...
2025-07-07 10:37:07,941 [INFO] 初始化配置...
2025-07-07 10:37:07,942 [INFO] 加载配置...
2025-07-07 10:37:07,943 [INFO] 配置加载完成: 4个导航项, 28个工具
2025-07-07 10:37:36,352 [INFO] 内存优化完成
2025-07-07 10:38:06,354 [INFO] 内存优化完成
2025-07-07 10:38:36,349 [INFO] 内存优化完成
2025-07-07 10:39:06,354 [INFO] 内存优化完成
2025-07-07 10:39:36,357 [INFO] 内存优化完成
2025-07-07 10:40:06,372 [INFO] 内存优化完成
2025-07-07 10:40:36,363 [INFO] 内存优化完成
2025-07-07 10:41:06,361 [INFO] 内存优化完成
2025-07-07 10:41:36,381 [INFO] 内存优化完成
2025-07-07 10:42:06,391 [INFO] 内存优化完成
2025-07-07 10:42:36,398 [INFO] 内存优化完成
2025-07-07 10:43:06,301 [INFO] 正在关闭应用程序，请稍候...
2025-07-07 10:43:07,315 [WARNING] Pip安装线程未能及时停止。
2025-07-07 10:43:35,705 [INFO] 定义配置类完成...
2025-07-07 10:43:35,706 [INFO] 定义工具类完成...
2025-07-07 10:43:35,706 [INFO] 程序开始运行...
2025-07-07 10:43:35,753 [INFO] 创建 QApplication 实例...
2025-07-07 10:43:35,754 [INFO] 初始化主窗口...
2025-07-07 10:43:35,754 [INFO] 初始化配置...
2025-07-07 10:43:35,755 [INFO] 加载配置...
2025-07-07 10:43:35,755 [INFO] 配置加载完成: 4个导航项, 28个工具
2025-07-07 10:43:35,755 [INFO] 后台工作线程初始化完成
2025-07-07 10:43:35,757 [INFO] 开始初始化界面...
2025-07-07 10:43:36,019 [INFO] 界面初始化完成
2025-07-07 10:43:36,019 [INFO] 主窗口初始化完成
2025-07-07 10:43:36,022 [INFO] 创建主窗口...
2025-07-07 10:43:36,093 [INFO] 显示主窗口...
2025-07-07 10:43:37,277 [INFO] 初始化配置...
2025-07-07 10:43:37,278 [INFO] 加载配置...
2025-07-07 10:43:37,278 [INFO] 配置加载完成: 4个导航项, 28个工具
2025-07-07 10:43:44,334 [INFO] 正在关闭应用程序，请稍候...
2025-07-07 10:43:45,345 [WARNING] Pip安装线程未能及时停止。
2025-07-07 10:43:46,280 [INFO] 定义配置类完成...
2025-07-07 10:43:46,280 [INFO] 定义工具类完成...
2025-07-07 10:43:46,280 [INFO] 程序开始运行...
2025-07-07 10:43:46,327 [INFO] 创建 QApplication 实例...
2025-07-07 10:43:46,328 [INFO] 初始化主窗口...
2025-07-07 10:43:46,328 [INFO] 初始化配置...
2025-07-07 10:43:46,329 [INFO] 加载配置...
2025-07-07 10:43:46,329 [INFO] 配置加载完成: 4个导航项, 28个工具
2025-07-07 10:43:46,330 [INFO] 后台工作线程初始化完成
2025-07-07 10:43:46,330 [INFO] 开始初始化界面...
2025-07-07 10:43:46,615 [INFO] 界面初始化完成
2025-07-07 10:43:46,615 [INFO] 主窗口初始化完成
2025-07-07 10:43:46,619 [INFO] 创建主窗口...
2025-07-07 10:43:46,690 [INFO] 显示主窗口...
2025-07-07 10:43:47,446 [INFO] 初始化配置...
2025-07-07 10:43:47,447 [INFO] 加载配置...
2025-07-07 10:43:47,447 [INFO] 配置加载完成: 4个导航项, 28个工具
2025-07-07 10:44:10,596 [INFO] 正在关闭应用程序，请稍候...
2025-07-07 10:44:11,608 [WARNING] Pip安装线程未能及时停止。
