2025-06-27 11:16:58,563 [INFO] 定义配置类完成...
2025-06-27 11:16:58,564 [INFO] 定义工具类完成...
2025-06-27 11:16:58,564 [INFO] 程序开始运行...
2025-06-27 11:16:58,679 [INFO] 创建 QApplication 实例...
2025-06-27 11:16:58,680 [INFO] 初始化主窗口...
2025-06-27 11:16:58,680 [INFO] 初始化配置...
2025-06-27 11:16:58,680 [INFO] 加载配置...
2025-06-27 11:16:58,681 [INFO] 配置加载完成: 3个导航项, 23个工具
2025-06-27 11:16:58,682 [INFO] 后台工作线程初始化完成
2025-06-27 11:16:58,682 [INFO] 开始初始化界面...
2025-06-27 11:16:58,959 [INFO] 界面初始化完成
2025-06-27 11:16:58,959 [INFO] 主窗口初始化完成
2025-06-27 11:16:58,964 [INFO] 创建主窗口...
2025-06-27 11:16:59,036 [INFO] 显示主窗口...
2025-06-27 11:17:03,848 [INFO] CyberChef加载成功
2025-06-27 11:17:17,470 [INFO] CyberChef加载成功
2025-06-27 11:17:28,677 [INFO] 内存优化完成
2025-06-27 11:17:52,928 [INFO] CyberChef加载成功
2025-06-27 11:17:58,674 [INFO] 内存优化完成
2025-06-27 11:18:06,714 [INFO] CyberChef加载成功
2025-06-27 11:18:08,699 [INFO] 保存配置...
2025-06-27 11:18:09,830 [INFO] 保存配置...
2025-06-27 11:18:28,698 [INFO] 内存优化完成
2025-06-27 11:18:46,471 [INFO] 保存配置...
2025-06-27 11:18:55,179 [INFO] 保存配置...
2025-06-27 11:18:58,340 [INFO] CyberChef加载成功
2025-06-27 11:18:58,692 [INFO] 内存优化完成
2025-06-27 11:19:00,985 [INFO] 保存配置...
2025-06-27 11:19:02,305 [INFO] 保存配置...
2025-06-27 11:19:03,164 [INFO] 保存配置...
2025-06-27 11:19:06,985 [INFO] 进程已结束: Cobalt_Strike_4.7 (PID: 31504)
2025-06-27 11:19:07,052 [INFO] 保存配置...
2025-06-27 11:19:07,745 [INFO] 保存配置...
2025-06-27 11:19:28,691 [INFO] 内存优化完成
2025-06-27 11:19:39,811 [INFO] 保存配置...
2025-06-27 11:19:41,638 [INFO] 保存配置...
2025-06-27 11:19:57,486 [INFO] 保存配置...
2025-06-27 11:19:58,629 [INFO] 保存配置...
2025-06-27 11:19:58,691 [INFO] 内存优化完成
2025-06-27 11:20:28,688 [INFO] 内存优化完成
2025-06-27 11:20:54,926 [INFO] 成功使用 Windows Terminal 打开路径: E:/Penetration/RedTeam/Post-Exploition/Lateral_Movement/impacket-0.11.0/examples
2025-06-27 11:20:58,686 [INFO] 内存优化完成
2025-06-27 11:20:59,926 [INFO] 保存配置...
2025-06-27 11:21:28,699 [INFO] 内存优化完成
2025-06-27 11:21:36,540 [INFO] CyberChef加载成功
2025-06-27 11:21:47,883 [INFO] CyberChef加载成功
2025-06-27 11:21:48,769 [INFO] CyberChef加载成功
2025-06-27 11:21:58,690 [INFO] 内存优化完成
2025-06-27 11:21:59,237 [INFO] CyberChef加载成功
2025-06-27 11:22:28,690 [INFO] 内存优化完成
2025-06-27 11:22:58,692 [INFO] 内存优化完成
2025-06-27 11:23:28,711 [INFO] 内存优化完成
2025-06-27 11:23:58,718 [INFO] 内存优化完成
2025-06-27 11:24:28,734 [INFO] 内存优化完成
2025-06-27 11:24:46,493 [INFO] 保存配置...
2025-06-27 11:24:51,157 [WARNING] 未能从 E:/Penetration/RedTeam/AuxiliaryTools/database-connect/Navicat_Premium_17.0.13_Green/navicat.exe 成功提取任何可用的彩色图标信息。
2025-06-27 11:24:55,909 [INFO] 进程已结束: navicat (PID: 30008)
2025-06-27 11:24:58,744 [INFO] 内存优化完成
2025-06-27 11:25:22,928 [WARNING] 未能从 E:/Penetration/RedTeam/AuxiliaryTools/database-connect/dbeaver/dbeaver.exe 成功提取任何可用的彩色图标信息。
2025-06-27 11:25:28,762 [INFO] 内存优化完成
2025-06-27 11:25:30,927 [INFO] 保存配置...
2025-06-27 11:25:58,751 [INFO] 内存优化完成
2025-06-27 11:26:04,660 [INFO] 保存配置...
2025-06-27 11:26:08,261 [INFO] 进程已结束: CobaltStrike-无影 (PID: 31248)
2025-06-27 11:26:11,379 [INFO] 保存配置...
2025-06-27 11:26:28,498 [INFO] 保存配置...
2025-06-27 11:26:28,749 [INFO] 内存优化完成
2025-06-27 11:26:34,164 [INFO] CyberChef加载成功
2025-06-27 11:26:35,023 [INFO] 进程已结束: 哥斯拉特战版 (PID: 24228)
2025-06-27 11:26:35,864 [INFO] CyberChef加载成功
2025-06-27 11:26:38,544 [INFO] CyberChef加载成功
2025-06-27 11:26:38,937 [INFO] 正在关闭应用程序，请稍候...
2025-06-27 11:26:39,940 [WARNING] Pip安装线程未能及时停止。
2025-06-27 11:35:43,476 [INFO] 定义配置类完成...
2025-06-27 11:35:43,476 [INFO] 定义工具类完成...
2025-06-27 11:35:43,476 [INFO] 程序开始运行...
2025-06-27 11:35:43,526 [INFO] 创建 QApplication 实例...
2025-06-27 11:35:43,526 [INFO] 初始化主窗口...
2025-06-27 11:35:43,527 [INFO] 初始化配置...
2025-06-27 11:35:43,527 [INFO] 加载配置...
2025-06-27 11:35:43,527 [INFO] 配置加载完成: 3个导航项, 24个工具
2025-06-27 11:35:43,528 [INFO] 后台工作线程初始化完成
2025-06-27 11:35:43,528 [INFO] 开始初始化界面...
2025-06-27 11:35:43,786 [INFO] 界面初始化完成
2025-06-27 11:35:43,787 [INFO] 主窗口初始化完成
2025-06-27 11:35:43,791 [INFO] 创建主窗口...
2025-06-27 11:35:43,866 [INFO] 显示主窗口...
2025-06-27 11:35:46,051 [INFO] 保存配置...
2025-06-27 11:35:48,639 [INFO] 保存配置...
2025-06-27 11:35:49,785 [INFO] 保存配置...
2025-06-27 11:35:51,114 [INFO] 保存配置...
2025-06-27 11:35:52,102 [INFO] 保存配置...
2025-06-27 11:35:53,824 [INFO] CyberChef加载成功
2025-06-27 11:35:54,749 [INFO] CyberChef加载成功
2025-06-27 11:35:55,657 [INFO] 正在关闭应用程序，请稍候...
2025-06-27 11:35:56,665 [WARNING] Pip安装线程未能及时停止。
2025-06-27 11:43:53,010 [INFO] 定义配置类完成...
2025-06-27 11:43:53,010 [INFO] 定义工具类完成...
2025-06-27 11:43:53,010 [INFO] 程序开始运行...
2025-06-27 11:43:53,065 [INFO] 创建 QApplication 实例...
2025-06-27 11:43:53,066 [INFO] 初始化主窗口...
2025-06-27 11:43:53,066 [INFO] 初始化配置...
2025-06-27 11:43:53,067 [INFO] 加载配置...
2025-06-27 11:43:53,068 [INFO] 配置加载完成: 3个导航项, 24个工具
2025-06-27 11:43:53,068 [INFO] 后台工作线程初始化完成
2025-06-27 11:43:53,068 [INFO] 开始初始化界面...
2025-06-27 11:44:19,166 [INFO] 定义配置类完成...
2025-06-27 11:44:19,166 [INFO] 定义工具类完成...
2025-06-27 11:44:19,167 [INFO] 程序开始运行...
2025-06-27 11:44:19,219 [INFO] 创建 QApplication 实例...
2025-06-27 11:44:19,220 [INFO] 初始化主窗口...
2025-06-27 11:44:19,221 [INFO] 初始化配置...
2025-06-27 11:44:19,221 [INFO] 加载配置...
2025-06-27 11:44:19,221 [INFO] 配置加载完成: 3个导航项, 24个工具
2025-06-27 11:44:19,222 [INFO] 后台工作线程初始化完成
2025-06-27 11:44:19,222 [INFO] 开始初始化界面...
2025-06-27 11:45:36,473 [INFO] 定义配置类完成...
2025-06-27 11:45:36,473 [INFO] 定义工具类完成...
2025-06-27 11:45:36,473 [INFO] 程序开始运行...
2025-06-27 11:45:36,527 [INFO] 创建 QApplication 实例...
2025-06-27 11:45:36,527 [INFO] 初始化主窗口...
2025-06-27 11:45:36,528 [INFO] 初始化配置...
2025-06-27 11:45:36,528 [INFO] 加载配置...
2025-06-27 11:45:36,529 [INFO] 配置加载完成: 3个导航项, 24个工具
2025-06-27 11:45:36,530 [INFO] 后台工作线程初始化完成
2025-06-27 11:45:36,530 [INFO] 开始初始化界面...
2025-06-27 11:45:43,113 [INFO] 定义配置类完成...
2025-06-27 11:45:43,113 [INFO] 定义工具类完成...
2025-06-27 11:45:43,114 [INFO] 程序开始运行...
2025-06-27 11:45:43,165 [INFO] 创建 QApplication 实例...
2025-06-27 11:45:43,166 [INFO] 初始化主窗口...
2025-06-27 11:45:43,167 [INFO] 初始化配置...
2025-06-27 11:45:43,167 [INFO] 加载配置...
2025-06-27 11:45:43,167 [INFO] 配置加载完成: 3个导航项, 24个工具
2025-06-27 11:45:43,168 [INFO] 后台工作线程初始化完成
2025-06-27 11:45:43,168 [INFO] 开始初始化界面...
2025-06-27 11:46:44,020 [INFO] 定义配置类完成...
2025-06-27 11:46:44,020 [INFO] 定义工具类完成...
2025-06-27 11:46:44,021 [INFO] 程序开始运行...
2025-06-27 11:46:44,073 [INFO] 创建 QApplication 实例...
2025-06-27 11:46:44,073 [INFO] 初始化主窗口...
2025-06-27 11:46:44,074 [INFO] 初始化配置...
2025-06-27 11:46:44,074 [INFO] 加载配置...
2025-06-27 11:46:44,075 [INFO] 配置加载完成: 3个导航项, 24个工具
2025-06-27 11:46:44,075 [INFO] 后台工作线程初始化完成
2025-06-27 11:46:44,075 [INFO] 开始初始化界面...
2025-06-27 11:48:23,368 [INFO] 定义配置类完成...
2025-06-27 11:48:23,368 [INFO] 定义工具类完成...
2025-06-27 11:48:23,369 [INFO] 程序开始运行...
2025-06-27 11:48:23,422 [INFO] 创建 QApplication 实例...
2025-06-27 11:48:23,423 [INFO] 初始化主窗口...
2025-06-27 11:48:23,423 [INFO] 初始化配置...
2025-06-27 11:48:23,424 [INFO] 加载配置...
2025-06-27 11:48:23,424 [INFO] 配置加载完成: 3个导航项, 24个工具
2025-06-27 11:48:23,425 [INFO] 后台工作线程初始化完成
2025-06-27 11:48:23,425 [INFO] 开始初始化界面...
2025-06-27 11:48:29,914 [INFO] 定义配置类完成...
2025-06-27 11:48:29,918 [INFO] 定义工具类完成...
2025-06-27 11:48:29,918 [INFO] 程序开始运行...
2025-06-27 11:48:29,973 [INFO] 创建 QApplication 实例...
2025-06-27 11:48:29,974 [INFO] 初始化主窗口...
2025-06-27 11:48:29,974 [INFO] 初始化配置...
2025-06-27 11:48:29,974 [INFO] 加载配置...
2025-06-27 11:48:29,975 [INFO] 配置加载完成: 3个导航项, 24个工具
2025-06-27 11:48:29,976 [INFO] 后台工作线程初始化完成
2025-06-27 11:48:29,976 [INFO] 开始初始化界面...
2025-06-27 11:49:12,435 [INFO] 定义配置类完成...
2025-06-27 11:49:12,435 [INFO] 定义工具类完成...
2025-06-27 11:49:12,436 [INFO] 程序开始运行...
2025-06-27 11:49:12,501 [INFO] 创建 QApplication 实例...
2025-06-27 11:49:12,501 [INFO] 初始化主窗口...
2025-06-27 11:49:12,502 [INFO] 初始化配置...
2025-06-27 11:49:12,502 [INFO] 加载配置...
2025-06-27 11:49:12,503 [INFO] 配置加载完成: 3个导航项, 24个工具
2025-06-27 11:49:12,504 [INFO] 后台工作线程初始化完成
2025-06-27 11:49:12,504 [INFO] 开始初始化界面...
2025-06-27 11:51:11,289 [INFO] 定义配置类完成...
2025-06-27 11:51:11,290 [INFO] 定义工具类完成...
2025-06-27 11:51:11,290 [INFO] 程序开始运行...
2025-06-27 11:51:11,343 [INFO] 创建 QApplication 实例...
2025-06-27 11:51:11,344 [INFO] 初始化主窗口...
2025-06-27 11:51:11,344 [INFO] 初始化配置...
2025-06-27 11:51:11,344 [INFO] 加载配置...
2025-06-27 11:51:11,345 [INFO] 配置加载完成: 3个导航项, 24个工具
2025-06-27 11:51:11,346 [INFO] 后台工作线程初始化完成
2025-06-27 11:51:11,346 [INFO] 开始初始化界面...
2025-06-27 11:51:11,619 [INFO] 界面初始化完成
2025-06-27 11:51:11,619 [INFO] 主窗口初始化完成
2025-06-27 11:51:11,623 [INFO] 创建主窗口...
2025-06-27 11:51:11,698 [INFO] 显示主窗口...
2025-06-27 11:51:17,990 [INFO] 保存配置...
2025-06-27 11:51:19,312 [INFO] 保存配置...
2025-06-27 11:51:20,382 [INFO] 保存配置...
2025-06-27 11:51:23,037 [INFO] 保存配置...
2025-06-27 11:51:26,615 [INFO] CyberChef加载成功
2025-06-27 11:51:30,679 [INFO] 保存配置...
2025-06-27 11:51:32,272 [INFO] 保存配置...
2025-06-27 11:51:35,052 [INFO] 保存配置...
2025-06-27 11:51:37,407 [INFO] 保存配置...
2025-06-27 11:51:38,705 [INFO] 保存配置...
2025-06-27 11:51:41,354 [INFO] 内存优化完成
2025-06-27 11:51:42,598 [INFO] 保存配置...
2025-06-27 11:51:44,187 [INFO] 保存配置...
2025-06-27 11:51:48,283 [INFO] 保存配置...
2025-06-27 11:51:50,105 [INFO] 保存配置...
2025-06-27 11:52:03,739 [INFO] 正在关闭应用程序，请稍候...
2025-06-27 11:52:04,742 [WARNING] Pip安装线程未能及时停止。
2025-06-27 11:52:12,546 [INFO] 定义配置类完成...
2025-06-27 11:52:12,546 [INFO] 定义工具类完成...
2025-06-27 11:52:12,546 [INFO] 程序开始运行...
2025-06-27 11:52:12,597 [INFO] 创建 QApplication 实例...
2025-06-27 11:52:12,598 [INFO] 初始化主窗口...
2025-06-27 11:52:12,598 [INFO] 初始化配置...
2025-06-27 11:52:12,599 [INFO] 加载配置...
2025-06-27 11:52:12,599 [INFO] 配置加载完成: 3个导航项, 24个工具
2025-06-27 11:52:12,600 [INFO] 后台工作线程初始化完成
2025-06-27 11:52:12,600 [INFO] 开始初始化界面...
2025-06-27 11:54:12,299 [INFO] 定义配置类完成...
2025-06-27 11:54:12,299 [INFO] 定义工具类完成...
2025-06-27 11:54:12,300 [INFO] 程序开始运行...
2025-06-27 11:54:12,349 [INFO] 创建 QApplication 实例...
2025-06-27 11:54:12,350 [INFO] 初始化主窗口...
2025-06-27 11:54:12,350 [INFO] 初始化配置...
2025-06-27 11:54:12,350 [INFO] 加载配置...
2025-06-27 11:54:12,351 [INFO] 配置加载完成: 3个导航项, 24个工具
2025-06-27 11:54:12,352 [INFO] 后台工作线程初始化完成
2025-06-27 11:54:12,352 [INFO] 开始初始化界面...
2025-06-27 11:54:12,649 [INFO] 界面初始化完成
2025-06-27 11:54:12,650 [INFO] 主窗口初始化完成
2025-06-27 11:54:12,653 [INFO] 创建主窗口...
2025-06-27 11:54:12,728 [INFO] 显示主窗口...
2025-06-27 11:54:17,371 [INFO] 正在关闭应用程序，请稍候...
2025-06-27 11:54:18,375 [WARNING] Pip安装线程未能及时停止。
2025-06-27 11:54:46,977 [INFO] 定义配置类完成...
2025-06-27 11:54:46,978 [INFO] 定义工具类完成...
2025-06-27 11:54:46,978 [INFO] 程序开始运行...
2025-06-27 11:54:47,028 [INFO] 创建 QApplication 实例...
2025-06-27 11:54:47,029 [INFO] 初始化主窗口...
2025-06-27 11:54:47,030 [INFO] 初始化配置...
2025-06-27 11:54:47,030 [INFO] 加载配置...
2025-06-27 11:54:47,030 [INFO] 配置加载完成: 3个导航项, 24个工具
2025-06-27 11:54:47,031 [INFO] 后台工作线程初始化完成
2025-06-27 11:54:47,032 [INFO] 开始初始化界面...
2025-06-27 11:54:47,323 [INFO] 界面初始化完成
2025-06-27 11:54:47,323 [INFO] 主窗口初始化完成
2025-06-27 11:54:47,326 [INFO] 创建主窗口...
2025-06-27 11:54:47,398 [INFO] 显示主窗口...
2025-06-27 11:54:50,168 [INFO] 正在关闭应用程序，请稍候...
2025-06-27 11:54:51,182 [WARNING] Pip安装线程未能及时停止。
2025-06-27 11:56:49,143 [INFO] 定义配置类完成...
2025-06-27 11:56:49,144 [INFO] 定义工具类完成...
2025-06-27 11:56:49,144 [INFO] 程序开始运行...
2025-06-27 11:56:49,194 [INFO] 创建 QApplication 实例...
2025-06-27 11:56:49,194 [INFO] 初始化主窗口...
2025-06-27 11:56:49,194 [INFO] 初始化配置...
2025-06-27 11:56:49,194 [INFO] 加载配置...
2025-06-27 11:56:49,198 [INFO] 配置加载完成: 3个导航项, 24个工具
2025-06-27 11:56:49,199 [INFO] 后台工作线程初始化完成
2025-06-27 11:56:49,199 [INFO] 开始初始化界面...
2025-06-27 11:56:49,487 [INFO] 界面初始化完成
2025-06-27 11:56:49,487 [INFO] 主窗口初始化完成
2025-06-27 11:56:49,490 [INFO] 创建主窗口...
2025-06-27 11:56:49,564 [INFO] 显示主窗口...
2025-06-27 11:56:51,255 [INFO] CyberChef加载成功
2025-06-27 11:57:16,402 [INFO] 正在关闭应用程序，请稍候...
2025-06-27 11:57:17,409 [WARNING] Pip安装线程未能及时停止。
2025-06-27 11:59:14,238 [INFO] 定义配置类完成...
2025-06-27 11:59:14,239 [INFO] 定义工具类完成...
2025-06-27 11:59:14,239 [INFO] 程序开始运行...
2025-06-27 11:59:14,287 [INFO] 创建 QApplication 实例...
2025-06-27 11:59:14,288 [INFO] 初始化主窗口...
2025-06-27 11:59:14,288 [INFO] 初始化配置...
2025-06-27 11:59:14,289 [INFO] 加载配置...
2025-06-27 11:59:14,289 [INFO] 配置加载完成: 3个导航项, 24个工具
2025-06-27 11:59:14,290 [INFO] 后台工作线程初始化完成
2025-06-27 11:59:14,291 [INFO] 开始初始化界面...
2025-06-27 11:59:14,567 [INFO] 界面初始化完成
2025-06-27 11:59:14,567 [INFO] 主窗口初始化完成
2025-06-27 11:59:14,573 [INFO] 创建主窗口...
2025-06-27 11:59:14,651 [INFO] 显示主窗口...
2025-06-27 11:59:17,258 [INFO] 保存配置...
2025-06-27 11:59:18,379 [INFO] 正在关闭应用程序，请稍候...
2025-06-27 11:59:19,394 [WARNING] Pip安装线程未能及时停止。
2025-06-27 11:59:26,104 [INFO] 定义配置类完成...
2025-06-27 11:59:26,105 [INFO] 定义工具类完成...
2025-06-27 11:59:26,105 [INFO] 程序开始运行...
2025-06-27 11:59:26,154 [INFO] 创建 QApplication 实例...
2025-06-27 11:59:26,155 [INFO] 初始化主窗口...
2025-06-27 11:59:26,156 [INFO] 初始化配置...
2025-06-27 11:59:26,156 [INFO] 加载配置...
2025-06-27 11:59:26,157 [INFO] 配置加载完成: 3个导航项, 24个工具
2025-06-27 11:59:26,158 [INFO] 后台工作线程初始化完成
2025-06-27 11:59:26,158 [INFO] 开始初始化界面...
2025-06-27 11:59:26,442 [INFO] 界面初始化完成
2025-06-27 11:59:26,443 [INFO] 主窗口初始化完成
2025-06-27 11:59:26,445 [INFO] 创建主窗口...
2025-06-27 11:59:26,514 [INFO] 显示主窗口...
2025-06-27 11:59:32,646 [INFO] 正在关闭应用程序，请稍候...
2025-06-27 11:59:33,653 [WARNING] Pip安装线程未能及时停止。
2025-06-27 12:06:54,603 [INFO] 定义配置类完成...
2025-06-27 12:06:54,604 [INFO] 定义工具类完成...
2025-06-27 12:06:54,604 [INFO] 程序开始运行...
2025-06-27 12:06:54,654 [INFO] 创建 QApplication 实例...
2025-06-27 12:06:54,655 [INFO] 初始化主窗口...
2025-06-27 12:06:54,655 [INFO] 初始化配置...
2025-06-27 12:06:54,656 [INFO] 加载配置...
2025-06-27 12:06:54,656 [INFO] 配置加载完成: 3个导航项, 24个工具
2025-06-27 12:06:54,657 [INFO] 后台工作线程初始化完成
2025-06-27 12:06:54,657 [INFO] 开始初始化界面...
2025-06-27 12:06:54,963 [INFO] 界面初始化完成
2025-06-27 12:06:54,963 [INFO] 主窗口初始化完成
2025-06-27 12:06:54,966 [INFO] 创建主窗口...
2025-06-27 12:06:55,051 [INFO] 显示主窗口...
2025-06-27 12:06:56,829 [INFO] CyberChef加载成功
2025-06-27 12:06:59,530 [INFO] CyberChef加载成功
2025-06-27 12:07:02,894 [INFO] CyberChef加载成功
2025-06-27 12:07:11,954 [INFO] 保存配置...
2025-06-27 12:07:18,959 [INFO] 正在关闭应用程序，请稍候...
2025-06-27 12:07:19,968 [WARNING] Pip安装线程未能及时停止。
2025-06-27 12:09:35,685 [INFO] 启动 SecuHub 应用程序...
2025-06-27 12:09:35,734 [INFO] 初始化核心组件...
2025-06-27 12:09:35,734 [INFO] 初始化配置...
2025-06-27 12:09:35,735 [INFO] 加载配置...
2025-06-27 12:09:35,735 [INFO] 配置加载完成: 3个导航项, 24个工具
2025-06-27 12:09:35,736 [INFO] 创建主窗口...
2025-06-27 12:09:35,736 [INFO] 初始化配置...
2025-06-27 12:09:35,736 [INFO] 加载配置...
2025-06-27 12:09:35,737 [INFO] 配置加载完成: 3个导航项, 24个工具
2025-06-27 12:09:35,757 [INFO] UI初始化完成
2025-06-27 12:09:35,757 [INFO] 数据加载完成
2025-06-27 12:09:36,010 [INFO] 应用主题: modern_light
2025-06-27 12:09:36,011 [INFO] 主窗口初始化完成
2025-06-27 12:09:36,090 [INFO] 应用程序启动完成
2025-06-27 12:09:47,582 [INFO] 应用主题: tranquil_green
2025-06-27 12:09:47,582 [INFO] 保存配置...
2025-06-27 12:10:03,171 [INFO] 保存配置...
2025-06-27 12:10:03,172 [INFO] 应用程序关闭
2025-06-27 12:10:39,047 [INFO] 定义配置类完成...
2025-06-27 12:10:39,047 [INFO] 定义工具类完成...
2025-06-27 12:10:39,047 [INFO] 程序开始运行...
2025-06-27 12:10:39,093 [INFO] 创建 QApplication 实例...
2025-06-27 12:10:39,093 [INFO] 初始化主窗口...
2025-06-27 12:10:39,094 [INFO] 初始化配置...
2025-06-27 12:10:39,094 [INFO] 加载配置...
2025-06-27 12:10:39,095 [INFO] 配置加载完成: 3个导航项, 24个工具
2025-06-27 12:10:39,096 [INFO] 后台工作线程初始化完成
2025-06-27 12:10:39,096 [INFO] 开始初始化界面...
2025-06-27 12:10:39,384 [INFO] 界面初始化完成
2025-06-27 12:10:39,385 [INFO] 主窗口初始化完成
2025-06-27 12:10:39,387 [INFO] 创建主窗口...
2025-06-27 12:10:39,457 [INFO] 显示主窗口...
2025-06-27 12:10:41,085 [INFO] CyberChef加载成功
2025-06-27 12:11:03,851 [INFO] 定义配置类完成...
2025-06-27 12:11:03,851 [INFO] 定义工具类完成...
2025-06-27 12:11:03,851 [INFO] 程序开始运行...
2025-06-27 12:11:03,898 [INFO] 创建 QApplication 实例...
2025-06-27 12:11:03,899 [INFO] 初始化主窗口...
2025-06-27 12:11:03,899 [INFO] 初始化配置...
2025-06-27 12:11:03,900 [INFO] 加载配置...
2025-06-27 12:11:03,900 [INFO] 配置加载完成: 3个导航项, 24个工具
2025-06-27 12:11:03,901 [INFO] 后台工作线程初始化完成
2025-06-27 12:11:03,901 [INFO] 开始初始化界面...
2025-06-27 12:11:04,181 [INFO] 界面初始化完成
2025-06-27 12:11:04,181 [INFO] 主窗口初始化完成
2025-06-27 12:11:04,184 [INFO] 创建主窗口...
2025-06-27 12:11:04,252 [INFO] 显示主窗口...
2025-06-27 12:11:21,773 [INFO] 保存配置...
2025-06-27 12:11:22,933 [INFO] 保存配置...
2025-06-27 12:11:31,354 [INFO] 正在关闭应用程序，请稍候...
2025-06-27 12:11:32,363 [WARNING] Pip安装线程未能及时停止。
2025-06-27 14:23:53,080 [INFO] 定义配置类完成...
2025-06-27 14:23:53,080 [INFO] 定义工具类完成...
2025-06-27 14:23:53,084 [INFO] 程序开始运行...
2025-06-27 14:23:53,136 [INFO] 创建 QApplication 实例...
2025-06-27 14:23:53,136 [INFO] 初始化主窗口...
2025-06-27 14:23:53,137 [INFO] 初始化配置...
2025-06-27 14:23:53,137 [INFO] 加载配置...
2025-06-27 14:23:53,137 [INFO] 配置加载完成: 3个导航项, 24个工具
2025-06-27 14:23:53,138 [INFO] 后台工作线程初始化完成
2025-06-27 14:23:53,138 [INFO] 开始初始化界面...
2025-06-27 14:26:47,666 [INFO] 定义配置类完成...
2025-06-27 14:26:47,667 [INFO] 定义工具类完成...
2025-06-27 14:26:47,667 [INFO] 程序开始运行...
2025-06-27 14:26:47,719 [INFO] 创建 QApplication 实例...
2025-06-27 14:26:47,720 [INFO] 初始化主窗口...
2025-06-27 14:26:47,721 [INFO] 初始化配置...
2025-06-27 14:26:47,721 [INFO] 加载配置...
2025-06-27 14:26:47,721 [INFO] 配置加载完成: 3个导航项, 24个工具
2025-06-27 14:26:47,721 [INFO] 后台工作线程初始化完成
2025-06-27 14:26:47,724 [INFO] 开始初始化界面...
2025-06-27 14:27:33,427 [INFO] 定义配置类完成...
2025-06-27 14:27:33,427 [INFO] 定义工具类完成...
2025-06-27 14:27:33,428 [INFO] 程序开始运行...
2025-06-27 14:27:33,483 [INFO] 创建 QApplication 实例...
2025-06-27 14:27:33,484 [INFO] 创建主窗口...
2025-06-27 14:27:33,663 [INFO] 显示主窗口...
2025-06-27 14:27:43,386 [INFO] 定义配置类完成...
2025-06-27 14:27:43,386 [INFO] 定义工具类完成...
2025-06-27 14:27:43,386 [INFO] 程序开始运行...
2025-06-27 14:27:43,438 [INFO] 创建 QApplication 实例...
2025-06-27 14:27:43,438 [INFO] 创建主窗口...
2025-06-27 14:27:43,512 [INFO] 显示主窗口...
2025-06-27 14:27:52,031 [INFO] 定义配置类完成...
2025-06-27 14:27:52,032 [INFO] 定义工具类完成...
2025-06-27 14:27:52,032 [INFO] 程序开始运行...
2025-06-27 14:27:52,085 [INFO] 创建 QApplication 实例...
2025-06-27 14:27:52,086 [INFO] 创建主窗口...
2025-06-27 14:27:52,161 [INFO] 显示主窗口...
2025-06-27 14:28:22,268 [INFO] 定义配置类完成...
2025-06-27 14:28:22,268 [INFO] 定义工具类完成...
2025-06-27 14:28:22,268 [INFO] 程序开始运行...
2025-06-27 14:28:22,326 [INFO] 创建 QApplication 实例...
2025-06-27 14:28:22,326 [INFO] 创建主窗口...
2025-06-27 14:28:22,400 [INFO] 显示主窗口...
2025-06-27 14:30:24,029 [INFO] 定义配置类完成...
2025-06-27 14:30:24,029 [INFO] 定义工具类完成...
2025-06-27 14:30:24,032 [INFO] 程序开始运行...
2025-06-27 14:30:24,084 [INFO] 创建 QApplication 实例...
2025-06-27 14:30:24,084 [INFO] 创建主窗口...
2025-06-27 14:30:24,164 [INFO] 显示主窗口...
2025-06-27 14:30:53,277 [INFO] 定义配置类完成...
2025-06-27 14:30:53,277 [INFO] 定义工具类完成...
2025-06-27 14:30:53,278 [INFO] 程序开始运行...
2025-06-27 14:30:53,330 [INFO] 创建 QApplication 实例...
2025-06-27 14:30:53,331 [INFO] 创建主窗口...
2025-06-27 14:30:53,406 [INFO] 显示主窗口...
2025-06-27 14:33:40,894 [INFO] 定义配置类完成...
2025-06-27 14:33:40,894 [INFO] 定义工具类完成...
2025-06-27 14:33:40,894 [INFO] 程序开始运行...
2025-06-27 14:33:40,945 [INFO] 创建 QApplication 实例...
2025-06-27 14:33:40,945 [INFO] 创建主窗口...
2025-06-27 14:33:41,017 [INFO] 显示主窗口...
2025-06-27 14:33:48,544 [INFO] 定义配置类完成...
2025-06-27 14:33:48,544 [INFO] 定义工具类完成...
2025-06-27 14:33:48,544 [INFO] 程序开始运行...
2025-06-27 14:33:48,589 [INFO] 创建 QApplication 实例...
2025-06-27 14:33:48,589 [INFO] 创建主窗口...
2025-06-27 14:33:48,670 [INFO] 显示主窗口...
2025-06-27 14:34:00,151 [INFO] 定义配置类完成...
2025-06-27 14:34:00,151 [INFO] 定义工具类完成...
2025-06-27 14:34:00,152 [INFO] 程序开始运行...
2025-06-27 14:34:00,203 [INFO] 创建 QApplication 实例...
2025-06-27 14:34:00,203 [INFO] 初始化主窗口...
2025-06-27 14:34:00,203 [INFO] 初始化配置...
2025-06-27 14:34:00,203 [INFO] 加载配置...
2025-06-27 14:34:00,203 [INFO] 配置加载完成: 3个导航项, 24个工具
2025-06-27 14:34:00,203 [INFO] 后台工作线程初始化完成
2025-06-27 14:34:00,203 [INFO] 开始初始化界面...
2025-06-27 14:35:17,049 [INFO] 定义配置类完成...
2025-06-27 14:35:17,051 [INFO] 定义工具类完成...
2025-06-27 14:35:17,051 [INFO] 程序开始运行...
2025-06-27 14:35:17,103 [INFO] 创建 QApplication 实例...
2025-06-27 14:35:17,105 [INFO] 初始化主窗口...
2025-06-27 14:35:17,105 [INFO] 初始化配置...
2025-06-27 14:35:17,105 [INFO] 加载配置...
2025-06-27 14:35:17,105 [INFO] 配置加载完成: 3个导航项, 24个工具
2025-06-27 14:35:17,105 [INFO] 后台工作线程初始化完成
2025-06-27 14:35:17,105 [INFO] 开始初始化界面...
2025-06-27 14:35:17,506 [INFO] 界面初始化完成
2025-06-27 14:35:17,508 [INFO] 主窗口初始化完成
2025-06-27 14:35:17,511 [INFO] 创建主窗口...
2025-06-27 14:35:17,590 [INFO] 显示主窗口...
2025-06-27 14:35:24,143 [INFO] 正在关闭应用程序，请稍候...
2025-06-27 14:35:25,146 [WARNING] Pip安装线程未能及时停止。
2025-06-27 14:35:29,234 [INFO] 定义配置类完成...
2025-06-27 14:35:29,235 [INFO] 定义工具类完成...
2025-06-27 14:35:29,235 [INFO] 程序开始运行...
2025-06-27 14:35:29,286 [INFO] 创建 QApplication 实例...
2025-06-27 14:35:29,286 [INFO] 初始化主窗口...
2025-06-27 14:35:29,286 [INFO] 初始化配置...
2025-06-27 14:35:29,286 [INFO] 加载配置...
2025-06-27 14:35:29,286 [INFO] 配置加载完成: 3个导航项, 24个工具
2025-06-27 14:35:29,290 [INFO] 后台工作线程初始化完成
2025-06-27 14:35:29,290 [INFO] 开始初始化界面...
2025-06-27 14:35:29,645 [INFO] 界面初始化完成
2025-06-27 14:35:29,645 [INFO] 主窗口初始化完成
2025-06-27 14:35:29,651 [INFO] 创建主窗口...
2025-06-27 14:35:29,726 [INFO] 显示主窗口...
2025-06-27 14:35:59,283 [INFO] 内存优化完成
2025-06-27 14:36:29,279 [INFO] 内存优化完成
2025-06-27 14:36:55,916 [INFO] 定义配置类完成...
2025-06-27 14:36:55,916 [INFO] 定义工具类完成...
2025-06-27 14:36:55,916 [INFO] 程序开始运行...
2025-06-27 14:36:55,975 [INFO] 创建 QApplication 实例...
2025-06-27 14:36:55,976 [INFO] 初始化主窗口...
2025-06-27 14:36:55,977 [INFO] 初始化配置...
2025-06-27 14:36:55,977 [INFO] 加载配置...
2025-06-27 14:36:55,977 [INFO] 配置加载完成: 3个导航项, 24个工具
2025-06-27 14:36:55,978 [INFO] 后台工作线程初始化完成
2025-06-27 14:36:55,979 [INFO] 开始初始化界面...
2025-06-27 14:36:56,320 [INFO] 界面初始化完成
2025-06-27 14:36:56,320 [INFO] 主窗口初始化完成
2025-06-27 14:36:56,323 [INFO] 创建主窗口...
2025-06-27 14:36:56,395 [INFO] 显示主窗口...
2025-06-27 14:37:02,366 [INFO] 正在关闭应用程序，请稍候...
2025-06-27 14:37:03,375 [WARNING] Pip安装线程未能及时停止。
2025-06-27 14:37:05,645 [INFO] 定义配置类完成...
2025-06-27 14:37:05,645 [INFO] 定义工具类完成...
2025-06-27 14:37:05,645 [INFO] 程序开始运行...
2025-06-27 14:37:05,701 [INFO] 创建 QApplication 实例...
2025-06-27 14:37:05,703 [INFO] 初始化主窗口...
2025-06-27 14:37:05,703 [INFO] 初始化配置...
2025-06-27 14:37:05,703 [INFO] 加载配置...
2025-06-27 14:37:05,704 [INFO] 配置加载完成: 3个导航项, 24个工具
2025-06-27 14:37:05,704 [INFO] 后台工作线程初始化完成
2025-06-27 14:37:05,705 [INFO] 开始初始化界面...
2025-06-27 14:37:05,995 [INFO] 界面初始化完成
2025-06-27 14:37:05,995 [INFO] 主窗口初始化完成
2025-06-27 14:37:05,999 [INFO] 创建主窗口...
2025-06-27 14:37:06,074 [INFO] 显示主窗口...
2025-06-27 14:37:10,661 [INFO] 正在关闭应用程序，请稍候...
2025-06-27 14:37:11,673 [WARNING] Pip安装线程未能及时停止。
2025-06-27 14:38:00,780 [INFO] 定义配置类完成...
2025-06-27 14:38:00,780 [INFO] 定义工具类完成...
2025-06-27 14:38:00,780 [INFO] 程序开始运行...
2025-06-27 14:38:00,830 [INFO] 创建 QApplication 实例...
2025-06-27 14:38:00,835 [INFO] 初始化主窗口...
2025-06-27 14:38:00,835 [INFO] 初始化配置...
2025-06-27 14:38:00,835 [INFO] 加载配置...
2025-06-27 14:38:00,835 [INFO] 配置加载完成: 3个导航项, 24个工具
2025-06-27 14:38:00,835 [INFO] 后台工作线程初始化完成
2025-06-27 14:38:00,835 [INFO] 开始初始化界面...
2025-06-27 14:38:01,234 [INFO] 界面初始化完成
2025-06-27 14:38:01,234 [INFO] 主窗口初始化完成
2025-06-27 14:38:01,242 [INFO] 创建主窗口...
2025-06-27 14:38:01,318 [INFO] 显示主窗口...
2025-06-27 14:38:09,359 [INFO] 正在关闭应用程序，请稍候...
2025-06-27 14:38:10,365 [WARNING] Pip安装线程未能及时停止。
2025-06-27 14:39:01,282 [INFO] 定义配置类完成...
2025-06-27 14:39:01,283 [INFO] 定义工具类完成...
2025-06-27 14:39:01,283 [INFO] 程序开始运行...
2025-06-27 14:39:01,334 [INFO] 创建 QApplication 实例...
2025-06-27 14:39:01,337 [INFO] 初始化主窗口...
2025-06-27 14:39:01,337 [INFO] 初始化配置...
2025-06-27 14:39:01,338 [INFO] 加载配置...
2025-06-27 14:39:01,339 [INFO] 配置加载完成: 3个导航项, 24个工具
2025-06-27 14:39:01,339 [INFO] 后台工作线程初始化完成
2025-06-27 14:39:01,339 [INFO] 开始初始化界面...
2025-06-27 14:39:01,722 [INFO] 界面初始化完成
2025-06-27 14:39:01,722 [INFO] 主窗口初始化完成
2025-06-27 14:39:01,725 [INFO] 创建主窗口...
2025-06-27 14:39:01,798 [INFO] 显示主窗口...
2025-06-27 14:39:31,332 [INFO] 内存优化完成
2025-06-27 14:40:01,332 [INFO] 内存优化完成
2025-06-27 14:40:31,335 [INFO] 内存优化完成
2025-06-27 14:41:04,918 [INFO] 定义配置类完成...
2025-06-27 14:41:04,918 [INFO] 定义工具类完成...
2025-06-27 14:41:04,919 [INFO] 程序开始运行...
2025-06-27 14:41:04,970 [INFO] 创建 QApplication 实例...
2025-06-27 14:41:04,971 [INFO] 初始化主窗口...
2025-06-27 14:41:04,972 [INFO] 初始化配置...
2025-06-27 14:41:04,972 [INFO] 加载配置...
2025-06-27 14:41:04,972 [INFO] 配置加载完成: 3个导航项, 24个工具
2025-06-27 14:41:04,973 [INFO] 后台工作线程初始化完成
2025-06-27 14:41:04,973 [INFO] 开始初始化界面...
2025-06-27 14:41:05,367 [INFO] 界面初始化完成
2025-06-27 14:41:05,367 [INFO] 主窗口初始化完成
2025-06-27 14:41:05,371 [INFO] 创建主窗口...
2025-06-27 14:41:05,442 [INFO] 显示主窗口...
2025-06-27 14:41:24,882 [INFO] 正在关闭应用程序，请稍候...
2025-06-27 14:41:25,882 [WARNING] Pip安装线程未能及时停止。
2025-06-27 14:41:27,323 [INFO] 定义配置类完成...
2025-06-27 14:41:27,323 [INFO] 定义工具类完成...
2025-06-27 14:41:27,324 [INFO] 程序开始运行...
2025-06-27 14:41:27,378 [INFO] 创建 QApplication 实例...
2025-06-27 14:41:27,381 [INFO] 初始化主窗口...
2025-06-27 14:41:27,381 [INFO] 初始化配置...
2025-06-27 14:41:27,381 [INFO] 加载配置...
2025-06-27 14:41:27,382 [INFO] 配置加载完成: 3个导航项, 24个工具
2025-06-27 14:41:27,382 [INFO] 后台工作线程初始化完成
2025-06-27 14:41:27,382 [INFO] 开始初始化界面...
2025-06-27 14:41:27,694 [INFO] 界面初始化完成
2025-06-27 14:41:27,694 [INFO] 主窗口初始化完成
2025-06-27 14:41:27,698 [INFO] 创建主窗口...
2025-06-27 14:41:27,768 [INFO] 显示主窗口...
2025-06-27 14:41:46,510 [INFO] 正在关闭应用程序，请稍候...
2025-06-27 14:41:47,516 [WARNING] Pip安装线程未能及时停止。
2025-06-27 14:43:00,119 [INFO] 定义配置类完成...
2025-06-27 14:43:00,119 [INFO] 定义工具类完成...
2025-06-27 14:43:00,119 [INFO] 程序开始运行...
2025-06-27 14:43:00,167 [INFO] 创建 QApplication 实例...
2025-06-27 14:43:00,167 [INFO] 初始化主窗口...
2025-06-27 14:43:00,167 [INFO] 初始化配置...
2025-06-27 14:43:00,167 [INFO] 加载配置...
2025-06-27 14:43:00,167 [INFO] 配置加载完成: 3个导航项, 24个工具
2025-06-27 14:43:00,167 [INFO] 后台工作线程初始化完成
2025-06-27 14:43:00,167 [INFO] 开始初始化界面...
2025-06-27 14:43:00,561 [INFO] 界面初始化完成
2025-06-27 14:43:00,561 [INFO] 主窗口初始化完成
2025-06-27 14:43:00,565 [INFO] 创建主窗口...
2025-06-27 14:43:00,639 [INFO] 显示主窗口...
2025-06-27 14:43:03,493 [INFO] 正在关闭应用程序，请稍候...
2025-06-27 14:43:04,498 [WARNING] Pip安装线程未能及时停止。
2025-06-27 14:43:05,717 [INFO] 定义配置类完成...
2025-06-27 14:43:05,721 [INFO] 定义工具类完成...
2025-06-27 14:43:05,721 [INFO] 程序开始运行...
2025-06-27 14:43:05,773 [INFO] 创建 QApplication 实例...
2025-06-27 14:43:05,773 [INFO] 初始化主窗口...
2025-06-27 14:43:05,773 [INFO] 初始化配置...
2025-06-27 14:43:05,775 [INFO] 加载配置...
2025-06-27 14:43:05,775 [INFO] 配置加载完成: 3个导航项, 24个工具
2025-06-27 14:43:05,776 [INFO] 后台工作线程初始化完成
2025-06-27 14:43:05,776 [INFO] 开始初始化界面...
2025-06-27 14:43:06,113 [INFO] 界面初始化完成
2025-06-27 14:43:06,113 [INFO] 主窗口初始化完成
2025-06-27 14:43:06,116 [INFO] 创建主窗口...
2025-06-27 14:43:06,190 [INFO] 显示主窗口...
2025-06-27 14:43:35,780 [INFO] 内存优化完成
2025-06-27 14:43:54,380 [INFO] 正在关闭应用程序，请稍候...
2025-06-27 14:43:55,387 [WARNING] Pip安装线程未能及时停止。
2025-06-27 14:44:28,326 [INFO] 定义配置类完成...
2025-06-27 14:44:28,326 [INFO] 定义工具类完成...
2025-06-27 14:44:28,327 [INFO] 程序开始运行...
2025-06-27 14:44:28,376 [INFO] 创建 QApplication 实例...
2025-06-27 14:44:28,376 [INFO] 初始化主窗口...
2025-06-27 14:44:28,376 [INFO] 初始化配置...
2025-06-27 14:44:28,376 [INFO] 加载配置...
2025-06-27 14:44:28,376 [INFO] 配置加载完成: 3个导航项, 24个工具
2025-06-27 14:44:28,376 [INFO] 后台工作线程初始化完成
2025-06-27 14:44:28,376 [INFO] 开始初始化界面...
2025-06-27 14:44:28,774 [INFO] 界面初始化完成
2025-06-27 14:44:28,774 [INFO] 主窗口初始化完成
2025-06-27 14:44:28,778 [INFO] 创建主窗口...
2025-06-27 14:44:28,854 [INFO] 显示主窗口...
2025-06-27 14:45:18,710 [INFO] 定义配置类完成...
2025-06-27 14:45:18,710 [INFO] 定义工具类完成...
2025-06-27 14:45:18,711 [INFO] 程序开始运行...
2025-06-27 14:45:18,770 [INFO] 创建 QApplication 实例...
2025-06-27 14:45:18,770 [INFO] 初始化主窗口...
2025-06-27 14:45:18,770 [INFO] 初始化配置...
2025-06-27 14:45:18,770 [INFO] 加载配置...
2025-06-27 14:45:18,770 [INFO] 配置加载完成: 3个导航项, 24个工具
2025-06-27 14:45:18,770 [INFO] 后台工作线程初始化完成
2025-06-27 14:45:18,770 [INFO] 开始初始化界面...
2025-06-27 14:45:19,177 [INFO] 界面初始化完成
2025-06-27 14:45:19,177 [INFO] 主窗口初始化完成
2025-06-27 14:45:19,186 [INFO] 创建主窗口...
2025-06-27 14:45:19,268 [INFO] 显示主窗口...
2025-06-27 14:46:32,251 [INFO] 定义配置类完成...
2025-06-27 14:46:32,251 [INFO] 定义工具类完成...
2025-06-27 14:46:32,252 [INFO] 程序开始运行...
2025-06-27 14:46:32,302 [INFO] 创建 QApplication 实例...
2025-06-27 14:46:32,302 [INFO] 初始化主窗口...
2025-06-27 14:46:32,302 [INFO] 初始化配置...
2025-06-27 14:46:32,302 [INFO] 加载配置...
2025-06-27 14:46:32,302 [INFO] 配置加载完成: 3个导航项, 24个工具
2025-06-27 14:46:32,306 [INFO] 后台工作线程初始化完成
2025-06-27 14:46:32,306 [INFO] 开始初始化界面...
2025-06-27 14:46:32,712 [INFO] 界面初始化完成
2025-06-27 14:46:32,713 [INFO] 主窗口初始化完成
2025-06-27 14:46:32,716 [INFO] 创建主窗口...
2025-06-27 14:46:32,792 [INFO] 显示主窗口...
2025-06-27 14:46:51,979 [INFO] 正在关闭应用程序，请稍候...
2025-06-27 14:46:52,993 [WARNING] Pip安装线程未能及时停止。
2025-06-27 14:47:03,798 [INFO] 定义配置类完成...
2025-06-27 14:47:03,798 [INFO] 定义工具类完成...
2025-06-27 14:47:03,798 [INFO] 程序开始运行...
2025-06-27 14:47:03,853 [INFO] 创建 QApplication 实例...
2025-06-27 14:47:03,854 [INFO] 初始化主窗口...
2025-06-27 14:47:03,854 [INFO] 初始化配置...
2025-06-27 14:47:03,854 [INFO] 加载配置...
2025-06-27 14:47:03,855 [INFO] 配置加载完成: 3个导航项, 24个工具
2025-06-27 14:47:03,855 [INFO] 后台工作线程初始化完成
2025-06-27 14:47:03,855 [INFO] 开始初始化界面...
2025-06-27 14:47:04,168 [INFO] 界面初始化完成
2025-06-27 14:47:04,168 [INFO] 主窗口初始化完成
2025-06-27 14:47:04,171 [INFO] 创建主窗口...
2025-06-27 14:47:04,245 [INFO] 显示主窗口...
2025-06-27 14:47:10,253 [INFO] 保存配置...
2025-06-27 14:47:11,430 [INFO] 保存配置...
2025-06-27 14:47:12,259 [INFO] 保存配置...
2025-06-27 14:47:18,438 [INFO] 保存配置...
2025-06-27 14:47:33,844 [INFO] 内存优化完成
2025-06-27 14:48:03,849 [INFO] 内存优化完成
2025-06-27 14:48:33,846 [INFO] 内存优化完成
2025-06-27 14:48:51,376 [INFO] 正在关闭应用程序，请稍候...
2025-06-27 14:48:52,384 [WARNING] Pip安装线程未能及时停止。
2025-06-27 14:48:57,920 [INFO] 定义配置类完成...
2025-06-27 14:48:57,920 [INFO] 定义工具类完成...
2025-06-27 14:48:57,920 [INFO] 程序开始运行...
2025-06-27 14:48:57,978 [INFO] 创建 QApplication 实例...
2025-06-27 14:48:57,978 [INFO] 初始化主窗口...
2025-06-27 14:48:57,978 [INFO] 初始化配置...
2025-06-27 14:48:57,978 [INFO] 加载配置...
2025-06-27 14:48:57,978 [INFO] 配置加载完成: 3个导航项, 24个工具
2025-06-27 14:48:57,978 [INFO] 后台工作线程初始化完成
2025-06-27 14:48:57,978 [INFO] 开始初始化界面...
2025-06-27 14:48:58,403 [INFO] 界面初始化完成
2025-06-27 14:48:58,403 [INFO] 主窗口初始化完成
2025-06-27 14:48:58,409 [INFO] 创建主窗口...
2025-06-27 14:48:58,489 [INFO] 显示主窗口...
2025-06-27 14:49:04,917 [INFO] 保存配置...
2025-06-27 14:49:08,407 [INFO] 进程已结束: DeepSeekSelfTool (PID: 30428)
2025-06-27 14:49:18,437 [INFO] 保存配置...
2025-06-27 14:49:24,834 [INFO] 进程已结束: Cobalt_Strike_4.7 (PID: 36820)
2025-06-27 14:49:25,104 [INFO] 正在关闭应用程序，请稍候...
2025-06-27 14:49:26,107 [WARNING] Pip安装线程未能及时停止。
2025-06-27 14:49:39,468 [INFO] 定义配置类完成...
2025-06-27 14:49:39,469 [INFO] 定义工具类完成...
2025-06-27 14:49:39,469 [INFO] 程序开始运行...
2025-06-27 14:49:39,520 [INFO] 创建 QApplication 实例...
2025-06-27 14:49:39,520 [INFO] 初始化主窗口...
2025-06-27 14:49:39,520 [INFO] 初始化配置...
2025-06-27 14:49:39,520 [INFO] 加载配置...
2025-06-27 14:49:39,520 [INFO] 配置加载完成: 3个导航项, 24个工具
2025-06-27 14:49:39,520 [INFO] 后台工作线程初始化完成
2025-06-27 14:49:39,520 [INFO] 开始初始化界面...
2025-06-27 14:49:39,818 [INFO] 界面初始化完成
2025-06-27 14:49:39,818 [INFO] 主窗口初始化完成
2025-06-27 14:49:39,824 [INFO] 创建主窗口...
2025-06-27 14:49:39,894 [INFO] 显示主窗口...
2025-06-27 14:50:58,868 [INFO] 定义配置类完成...
2025-06-27 14:50:58,869 [INFO] 定义工具类完成...
2025-06-27 14:50:58,871 [INFO] 程序开始运行...
2025-06-27 14:50:58,923 [INFO] 创建 QApplication 实例...
2025-06-27 14:50:58,924 [INFO] 初始化主窗口...
2025-06-27 14:50:58,924 [INFO] 初始化配置...
2025-06-27 14:50:58,924 [INFO] 加载配置...
2025-06-27 14:50:58,924 [INFO] 配置加载完成: 3个导航项, 24个工具
2025-06-27 14:50:58,927 [INFO] 后台工作线程初始化完成
2025-06-27 14:50:58,927 [INFO] 开始初始化界面...
2025-06-27 14:50:59,212 [INFO] 界面初始化完成
2025-06-27 14:50:59,213 [INFO] 主窗口初始化完成
2025-06-27 14:50:59,217 [INFO] 创建主窗口...
2025-06-27 14:50:59,301 [INFO] 显示主窗口...
2025-06-27 14:52:11,843 [INFO] 定义配置类完成...
2025-06-27 14:52:11,843 [INFO] 定义工具类完成...
2025-06-27 14:52:11,844 [INFO] 程序开始运行...
2025-06-27 14:52:11,899 [INFO] 创建 QApplication 实例...
2025-06-27 14:52:11,899 [INFO] 初始化主窗口...
2025-06-27 14:52:11,900 [INFO] 初始化配置...
2025-06-27 14:52:11,900 [INFO] 加载配置...
2025-06-27 14:52:11,900 [INFO] 配置加载完成: 3个导航项, 24个工具
2025-06-27 14:52:11,902 [INFO] 后台工作线程初始化完成
2025-06-27 14:52:11,902 [INFO] 开始初始化界面...
2025-06-27 14:52:12,175 [INFO] 界面初始化完成
2025-06-27 14:52:12,176 [INFO] 主窗口初始化完成
2025-06-27 14:52:12,178 [INFO] 创建主窗口...
2025-06-27 14:52:12,254 [INFO] 显示主窗口...
2025-06-27 14:52:36,333 [INFO] 定义配置类完成...
2025-06-27 14:52:36,333 [INFO] 定义工具类完成...
2025-06-27 14:52:36,333 [INFO] 程序开始运行...
2025-06-27 14:52:36,387 [INFO] 创建 QApplication 实例...
2025-06-27 14:52:36,387 [INFO] 初始化主窗口...
2025-06-27 14:52:36,389 [INFO] 初始化配置...
2025-06-27 14:52:36,389 [INFO] 加载配置...
2025-06-27 14:52:36,389 [INFO] 配置加载完成: 3个导航项, 24个工具
2025-06-27 14:52:36,390 [INFO] 后台工作线程初始化完成
2025-06-27 14:52:36,390 [INFO] 开始初始化界面...
2025-06-27 14:52:36,679 [INFO] 界面初始化完成
2025-06-27 14:52:36,681 [INFO] 主窗口初始化完成
2025-06-27 14:52:36,684 [INFO] 创建主窗口...
2025-06-27 14:52:36,755 [INFO] 显示主窗口...
2025-06-27 14:55:44,946 [INFO] 定义配置类完成...
2025-06-27 14:55:44,946 [INFO] 定义工具类完成...
2025-06-27 14:55:44,947 [INFO] 程序开始运行...
2025-06-27 14:55:45,000 [INFO] 创建 QApplication 实例...
2025-06-27 14:55:45,001 [INFO] 初始化主窗口...
2025-06-27 14:55:45,001 [INFO] 初始化配置...
2025-06-27 14:55:45,002 [INFO] 加载配置...
2025-06-27 14:55:45,002 [INFO] 配置加载完成: 3个导航项, 24个工具
2025-06-27 14:55:45,003 [INFO] 后台工作线程初始化完成
2025-06-27 14:55:45,003 [INFO] 开始初始化界面...
2025-06-27 14:55:45,296 [INFO] 界面初始化完成
2025-06-27 14:55:45,297 [INFO] 主窗口初始化完成
2025-06-27 14:55:45,300 [INFO] 创建主窗口...
2025-06-27 14:55:45,379 [INFO] 显示主窗口...
2025-06-27 14:56:07,469 [INFO] 定义配置类完成...
2025-06-27 14:56:07,469 [INFO] 定义工具类完成...
2025-06-27 14:56:07,470 [INFO] 程序开始运行...
2025-06-27 14:56:07,521 [INFO] 创建 QApplication 实例...
2025-06-27 14:56:07,522 [INFO] 初始化主窗口...
2025-06-27 14:56:07,522 [INFO] 初始化配置...
2025-06-27 14:56:07,522 [INFO] 加载配置...
2025-06-27 14:56:07,522 [INFO] 配置加载完成: 3个导航项, 24个工具
2025-06-27 14:56:07,524 [INFO] 后台工作线程初始化完成
2025-06-27 14:56:07,524 [INFO] 开始初始化界面...
2025-06-27 14:56:07,826 [INFO] 界面初始化完成
2025-06-27 14:56:07,826 [INFO] 主窗口初始化完成
2025-06-27 14:56:07,829 [INFO] 创建主窗口...
2025-06-27 14:56:07,907 [INFO] 显示主窗口...
2025-06-27 14:59:18,761 [INFO] 定义配置类完成...
2025-06-27 14:59:18,761 [INFO] 定义工具类完成...
2025-06-27 14:59:18,761 [INFO] 程序开始运行...
2025-06-27 14:59:18,814 [INFO] 创建 QApplication 实例...
2025-06-27 14:59:18,815 [INFO] 初始化主窗口...
2025-06-27 14:59:18,815 [INFO] 初始化配置...
2025-06-27 14:59:18,815 [INFO] 加载配置...
2025-06-27 14:59:18,816 [INFO] 配置加载完成: 3个导航项, 24个工具
2025-06-27 14:59:18,817 [INFO] 后台工作线程初始化完成
2025-06-27 14:59:18,817 [INFO] 开始初始化界面...
2025-06-27 14:59:19,104 [INFO] 界面初始化完成
2025-06-27 14:59:19,104 [INFO] 主窗口初始化完成
2025-06-27 14:59:19,107 [INFO] 创建主窗口...
2025-06-27 14:59:19,181 [INFO] 显示主窗口...
2025-06-27 15:00:48,899 [INFO] 定义配置类完成...
2025-06-27 15:00:48,900 [INFO] 定义工具类完成...
2025-06-27 15:00:48,900 [INFO] 程序开始运行...
2025-06-27 15:00:48,955 [INFO] 创建 QApplication 实例...
2025-06-27 15:00:48,955 [INFO] 初始化主窗口...
2025-06-27 15:00:48,956 [INFO] 初始化配置...
2025-06-27 15:00:48,956 [INFO] 加载配置...
2025-06-27 15:00:48,957 [INFO] 配置加载完成: 3个导航项, 24个工具
2025-06-27 15:00:48,957 [INFO] 后台工作线程初始化完成
2025-06-27 15:00:48,957 [INFO] 开始初始化界面...
2025-06-27 15:00:49,244 [INFO] 界面初始化完成
2025-06-27 15:00:49,245 [INFO] 主窗口初始化完成
2025-06-27 15:00:49,248 [INFO] 创建主窗口...
2025-06-27 15:00:49,319 [INFO] 显示主窗口...
2025-06-27 15:02:13,487 [INFO] 定义配置类完成...
2025-06-27 15:02:13,487 [INFO] 定义工具类完成...
2025-06-27 15:02:13,487 [INFO] 程序开始运行...
2025-06-27 15:02:13,540 [INFO] 创建 QApplication 实例...
2025-06-27 15:02:13,540 [INFO] 初始化主窗口...
2025-06-27 15:02:13,541 [INFO] 初始化配置...
2025-06-27 15:02:13,542 [INFO] 加载配置...
2025-06-27 15:02:13,542 [INFO] 配置加载完成: 3个导航项, 24个工具
2025-06-27 15:02:13,543 [INFO] 后台工作线程初始化完成
2025-06-27 15:02:13,543 [INFO] 开始初始化界面...
2025-06-27 15:02:13,824 [INFO] 界面初始化完成
2025-06-27 15:02:13,824 [INFO] 主窗口初始化完成
2025-06-27 15:02:13,828 [INFO] 创建主窗口...
2025-06-27 15:02:13,901 [INFO] 显示主窗口...
2025-06-27 15:02:46,949 [INFO] 定义配置类完成...
2025-06-27 15:02:46,949 [INFO] 定义工具类完成...
2025-06-27 15:02:46,949 [INFO] 程序开始运行...
2025-06-27 15:02:47,002 [INFO] 创建 QApplication 实例...
2025-06-27 15:02:47,002 [INFO] 初始化主窗口...
2025-06-27 15:02:47,002 [INFO] 初始化配置...
2025-06-27 15:02:47,004 [INFO] 加载配置...
2025-06-27 15:02:47,004 [INFO] 配置加载完成: 3个导航项, 24个工具
2025-06-27 15:02:47,005 [INFO] 后台工作线程初始化完成
2025-06-27 15:02:47,005 [INFO] 开始初始化界面...
2025-06-27 15:02:47,285 [INFO] 界面初始化完成
2025-06-27 15:02:47,285 [INFO] 主窗口初始化完成
2025-06-27 15:02:47,288 [INFO] 创建主窗口...
2025-06-27 15:02:47,380 [INFO] 显示主窗口...
2025-06-27 15:03:17,025 [INFO] 内存优化完成
2025-06-27 15:03:47,020 [INFO] 内存优化完成
2025-06-27 15:04:17,018 [INFO] 内存优化完成
2025-06-27 15:05:11,238 [INFO] 定义配置类完成...
2025-06-27 15:05:11,238 [INFO] 定义工具类完成...
2025-06-27 15:05:11,239 [INFO] 程序开始运行...
2025-06-27 15:05:11,291 [INFO] 创建 QApplication 实例...
2025-06-27 15:05:11,293 [INFO] 初始化主窗口...
2025-06-27 15:05:11,293 [INFO] 初始化配置...
2025-06-27 15:05:11,293 [INFO] 加载配置...
2025-06-27 15:05:11,294 [INFO] 配置加载完成: 3个导航项, 24个工具
2025-06-27 15:05:11,295 [INFO] 后台工作线程初始化完成
2025-06-27 15:05:11,295 [INFO] 开始初始化界面...
2025-06-27 15:05:11,569 [INFO] 界面初始化完成
2025-06-27 15:05:11,570 [INFO] 主窗口初始化完成
2025-06-27 15:05:11,574 [INFO] 创建主窗口...
2025-06-27 15:05:11,666 [INFO] 显示主窗口...
2025-06-27 15:05:41,313 [INFO] 内存优化完成
2025-06-27 15:07:11,693 [INFO] 定义配置类完成...
2025-06-27 15:07:11,693 [INFO] 定义工具类完成...
2025-06-27 15:07:11,693 [INFO] 程序开始运行...
2025-06-27 15:07:11,749 [INFO] 创建 QApplication 实例...
2025-06-27 15:07:11,750 [INFO] 初始化主窗口...
2025-06-27 15:07:11,750 [INFO] 初始化配置...
2025-06-27 15:07:11,751 [INFO] 加载配置...
2025-06-27 15:07:11,751 [INFO] 配置加载完成: 3个导航项, 24个工具
2025-06-27 15:07:11,752 [INFO] 后台工作线程初始化完成
2025-06-27 15:07:11,752 [INFO] 开始初始化界面...
2025-06-27 15:07:12,040 [INFO] 界面初始化完成
2025-06-27 15:07:12,040 [INFO] 主窗口初始化完成
2025-06-27 15:07:12,042 [INFO] 创建主窗口...
2025-06-27 15:07:12,118 [INFO] 显示主窗口...
2025-06-27 15:07:32,485 [INFO] 保存配置...
2025-06-27 15:07:37,308 [INFO] 正在关闭应用程序，请稍候...
2025-06-27 15:07:38,317 [WARNING] Pip安装线程未能及时停止。
2025-06-27 15:08:12,522 [INFO] 定义配置类完成...
2025-06-27 15:08:12,523 [INFO] 定义工具类完成...
2025-06-27 15:08:12,524 [INFO] 程序开始运行...
2025-06-27 15:08:12,576 [INFO] 创建 QApplication 实例...
2025-06-27 15:08:12,577 [INFO] 初始化主窗口...
2025-06-27 15:08:12,578 [INFO] 初始化配置...
2025-06-27 15:08:12,578 [INFO] 加载配置...
2025-06-27 15:08:12,579 [INFO] 配置加载完成: 3个导航项, 24个工具
2025-06-27 15:08:12,579 [INFO] 后台工作线程初始化完成
2025-06-27 15:08:12,579 [INFO] 开始初始化界面...
2025-06-27 15:08:12,861 [INFO] 界面初始化完成
2025-06-27 15:08:12,862 [INFO] 主窗口初始化完成
2025-06-27 15:08:12,865 [INFO] 创建主窗口...
2025-06-27 15:08:12,944 [INFO] 显示主窗口...
2025-06-27 15:08:26,099 [INFO] CyberChef加载成功
2025-06-27 15:08:32,289 [INFO] 正在关闭应用程序，请稍候...
2025-06-27 15:08:33,295 [WARNING] Pip安装线程未能及时停止。
2025-06-27 15:09:29,498 [INFO] 定义配置类完成...
2025-06-27 15:09:29,499 [INFO] 定义工具类完成...
2025-06-27 15:09:29,499 [INFO] 程序开始运行...
2025-06-27 15:09:29,550 [INFO] 创建 QApplication 实例...
2025-06-27 15:09:29,550 [INFO] 初始化主窗口...
2025-06-27 15:09:29,550 [INFO] 初始化配置...
2025-06-27 15:09:29,551 [INFO] 加载配置...
2025-06-27 15:09:29,551 [INFO] 配置加载完成: 3个导航项, 24个工具
2025-06-27 15:09:29,552 [INFO] 后台工作线程初始化完成
2025-06-27 15:09:29,552 [INFO] 开始初始化界面...
2025-06-27 15:09:29,834 [INFO] 界面初始化完成
2025-06-27 15:09:29,834 [INFO] 主窗口初始化完成
2025-06-27 15:09:29,837 [INFO] 创建主窗口...
2025-06-27 15:09:29,908 [INFO] 显示主窗口...
2025-06-27 15:09:59,552 [INFO] 内存优化完成
2025-06-27 15:10:29,551 [INFO] 内存优化完成
2025-06-27 15:10:30,169 [INFO] 保存配置...
2025-06-27 15:10:39,280 [INFO] CyberChef加载成功
2025-06-27 15:10:44,627 [INFO] CyberChef加载成功
2025-06-27 15:10:51,457 [INFO] CyberChef加载成功
2025-06-27 15:10:51,967 [INFO] 正在关闭应用程序，请稍候...
2025-06-27 15:10:52,970 [WARNING] Pip安装线程未能及时停止。
2025-06-27 15:11:44,689 [INFO] 定义配置类完成...
2025-06-27 15:11:44,689 [INFO] 定义工具类完成...
2025-06-27 15:11:44,689 [INFO] 程序开始运行...
2025-06-27 15:11:44,747 [INFO] 创建 QApplication 实例...
2025-06-27 15:11:44,748 [INFO] 初始化主窗口...
2025-06-27 15:11:44,749 [INFO] 初始化配置...
2025-06-27 15:11:44,749 [INFO] 加载配置...
2025-06-27 15:11:44,749 [INFO] 配置加载完成: 3个导航项, 24个工具
2025-06-27 15:11:44,751 [INFO] 后台工作线程初始化完成
2025-06-27 15:11:44,751 [INFO] 开始初始化界面...
2025-06-27 15:11:45,085 [INFO] 界面初始化完成
2025-06-27 15:11:45,085 [INFO] 主窗口初始化完成
2025-06-27 15:11:45,089 [INFO] 创建主窗口...
2025-06-27 15:11:45,162 [INFO] 显示主窗口...
2025-06-27 15:11:47,111 [INFO] 保存配置...
2025-06-27 15:11:53,358 [INFO] 进程已结束: BlueTeamToolsV2.16 (PID: 5768)
2025-06-27 15:11:53,654 [INFO] 正在关闭应用程序，请稍候...
2025-06-27 15:11:54,672 [WARNING] Pip安装线程未能及时停止。
2025-06-27 15:13:21,835 [INFO] 定义配置类完成...
2025-06-27 15:13:21,835 [INFO] 定义工具类完成...
2025-06-27 15:13:21,836 [INFO] 程序开始运行...
2025-06-27 15:13:21,891 [INFO] 创建 QApplication 实例...
2025-06-27 15:13:21,891 [INFO] 初始化主窗口...
2025-06-27 15:13:21,891 [INFO] 初始化配置...
2025-06-27 15:13:21,892 [INFO] 加载配置...
2025-06-27 15:13:21,892 [INFO] 配置加载完成: 3个导航项, 24个工具
2025-06-27 15:13:21,892 [INFO] 后台工作线程初始化完成
2025-06-27 15:13:21,894 [INFO] 开始初始化界面...
2025-06-27 15:13:22,227 [INFO] 界面初始化完成
2025-06-27 15:13:22,228 [INFO] 主窗口初始化完成
2025-06-27 15:13:22,232 [INFO] 创建主窗口...
2025-06-27 15:13:22,305 [INFO] 显示主窗口...
2025-06-27 15:13:51,896 [INFO] 内存优化完成
2025-06-27 15:14:21,896 [INFO] 内存优化完成
2025-06-27 15:14:28,452 [INFO] 正在关闭应用程序，请稍候...
2025-06-27 15:14:29,460 [WARNING] Pip安装线程未能及时停止。
2025-06-27 15:14:43,232 [INFO] 定义配置类完成...
2025-06-27 15:14:43,232 [INFO] 定义工具类完成...
2025-06-27 15:14:43,233 [INFO] 程序开始运行...
2025-06-27 15:14:43,286 [INFO] 创建 QApplication 实例...
2025-06-27 15:14:43,286 [INFO] 初始化主窗口...
2025-06-27 15:14:43,287 [INFO] 初始化配置...
2025-06-27 15:14:43,287 [INFO] 加载配置...
2025-06-27 15:14:43,287 [INFO] 配置加载完成: 3个导航项, 24个工具
2025-06-27 15:14:43,288 [INFO] 后台工作线程初始化完成
2025-06-27 15:14:43,288 [INFO] 开始初始化界面...
2025-06-27 15:14:43,586 [INFO] 界面初始化完成
2025-06-27 15:14:43,586 [INFO] 主窗口初始化完成
2025-06-27 15:14:43,588 [INFO] 创建主窗口...
2025-06-27 15:14:43,665 [INFO] 显示主窗口...
2025-06-27 15:14:48,538 [INFO] 保存配置...
2025-06-27 15:14:51,589 [INFO] 进程已结束: 冰蝎_v4.1.t00ls (PID: 12516)
2025-06-27 15:14:55,877 [INFO] 保存配置...
2025-06-27 15:14:58,557 [INFO] 保存配置...
2025-06-27 15:15:01,893 [INFO] 进程已结束: 冰蝎_v4.1.t00ls (PID: 34436)
2025-06-27 15:15:05,704 [INFO] 正在关闭应用程序，请稍候...
2025-06-27 15:15:06,716 [WARNING] Pip安装线程未能及时停止。
2025-06-27 15:15:07,902 [INFO] 定义配置类完成...
2025-06-27 15:15:07,902 [INFO] 定义工具类完成...
2025-06-27 15:15:07,903 [INFO] 程序开始运行...
2025-06-27 15:15:07,954 [INFO] 创建 QApplication 实例...
2025-06-27 15:15:07,955 [INFO] 初始化主窗口...
2025-06-27 15:15:07,955 [INFO] 初始化配置...
2025-06-27 15:15:07,955 [INFO] 加载配置...
2025-06-27 15:15:07,956 [INFO] 配置加载完成: 3个导航项, 24个工具
2025-06-27 15:15:07,956 [INFO] 后台工作线程初始化完成
2025-06-27 15:15:07,956 [INFO] 开始初始化界面...
2025-06-27 15:15:08,239 [INFO] 界面初始化完成
2025-06-27 15:15:08,239 [INFO] 主窗口初始化完成
2025-06-27 15:15:08,242 [INFO] 创建主窗口...
2025-06-27 15:15:08,323 [INFO] 显示主窗口...
2025-06-27 15:15:11,249 [INFO] 正在关闭应用程序，请稍候...
2025-06-27 15:15:12,252 [WARNING] Pip安装线程未能及时停止。
2025-06-27 15:16:51,673 [INFO] 定义配置类完成...
2025-06-27 15:16:51,673 [INFO] 定义工具类完成...
2025-06-27 15:16:51,673 [INFO] 程序开始运行...
2025-06-27 15:16:51,730 [INFO] 创建 QApplication 实例...
2025-06-27 15:16:51,731 [INFO] 初始化主窗口...
2025-06-27 15:16:51,731 [INFO] 初始化配置...
2025-06-27 15:16:51,731 [INFO] 加载配置...
2025-06-27 15:16:51,732 [INFO] 配置加载完成: 3个导航项, 24个工具
2025-06-27 15:16:51,733 [INFO] 后台工作线程初始化完成
2025-06-27 15:16:51,733 [INFO] 开始初始化界面...
2025-06-27 15:16:52,014 [INFO] 界面初始化完成
2025-06-27 15:16:52,014 [INFO] 主窗口初始化完成
2025-06-27 15:16:52,018 [INFO] 创建主窗口...
2025-06-27 15:16:52,096 [INFO] 显示主窗口...
2025-06-27 15:17:05,027 [INFO] 正在关闭应用程序，请稍候...
2025-06-27 15:17:06,046 [WARNING] Pip安装线程未能及时停止。
2025-06-27 15:18:09,893 [INFO] 定义配置类完成...
2025-06-27 15:18:09,893 [INFO] 定义工具类完成...
2025-06-27 15:18:09,895 [INFO] 程序开始运行...
2025-06-27 15:18:09,947 [INFO] 创建 QApplication 实例...
2025-06-27 15:18:09,949 [INFO] 初始化主窗口...
2025-06-27 15:18:09,949 [INFO] 初始化配置...
2025-06-27 15:18:09,950 [INFO] 加载配置...
2025-06-27 15:18:09,950 [INFO] 配置加载完成: 3个导航项, 24个工具
2025-06-27 15:18:09,950 [INFO] 后台工作线程初始化完成
2025-06-27 15:18:09,951 [INFO] 开始初始化界面...
2025-06-27 15:18:10,226 [INFO] 界面初始化完成
2025-06-27 15:18:10,226 [INFO] 主窗口初始化完成
2025-06-27 15:18:10,229 [INFO] 创建主窗口...
2025-06-27 15:18:10,305 [INFO] 显示主窗口...
2025-06-27 15:18:39,978 [INFO] 内存优化完成
2025-06-27 15:19:09,959 [INFO] 内存优化完成
2025-06-27 15:19:29,776 [INFO] 正在关闭应用程序，请稍候...
2025-06-27 15:19:30,779 [WARNING] Pip安装线程未能及时停止。
2025-06-27 15:23:21,533 [INFO] 定义配置类完成...
2025-06-27 15:23:21,534 [INFO] 定义工具类完成...
2025-06-27 15:23:21,534 [INFO] 程序开始运行...
2025-06-27 15:23:21,586 [INFO] 创建 QApplication 实例...
2025-06-27 15:23:21,587 [INFO] 初始化主窗口...
2025-06-27 15:23:21,587 [INFO] 初始化配置...
2025-06-27 15:23:21,587 [INFO] 加载配置...
2025-06-27 15:23:21,588 [INFO] 配置加载完成: 3个导航项, 24个工具
2025-06-27 15:23:21,589 [INFO] 后台工作线程初始化完成
2025-06-27 15:23:21,589 [INFO] 开始初始化界面...
2025-06-27 15:23:21,880 [INFO] 界面初始化完成
2025-06-27 15:23:21,880 [INFO] 主窗口初始化完成
2025-06-27 15:23:21,884 [INFO] 创建主窗口...
2025-06-27 15:23:21,958 [INFO] 显示主窗口...
2025-06-27 15:23:51,587 [INFO] 内存优化完成
2025-06-27 15:24:21,586 [INFO] 内存优化完成
2025-06-27 15:24:51,579 [INFO] 内存优化完成
2025-06-27 15:24:56,184 [INFO] 保存配置...
2025-06-27 15:24:59,377 [INFO] 成功使用 Windows Terminal 打开路径: E:/Penetration/RedTeam/Post-Exploition/Lateral_Movement/impacket-0.11.0/examples
2025-06-27 15:25:16,280 [INFO] 正在关闭应用程序，请稍候...
2025-06-27 15:25:17,282 [WARNING] Pip安装线程未能及时停止。
2025-06-27 15:25:45,189 [INFO] 定义配置类完成...
2025-06-27 15:25:45,190 [INFO] 定义工具类完成...
2025-06-27 15:25:45,190 [INFO] 程序开始运行...
2025-06-27 15:25:45,244 [INFO] 创建 QApplication 实例...
2025-06-27 15:25:45,245 [INFO] 初始化主窗口...
2025-06-27 15:25:45,245 [INFO] 初始化配置...
2025-06-27 15:25:45,245 [INFO] 加载配置...
2025-06-27 15:25:45,245 [INFO] 配置加载完成: 3个导航项, 24个工具
2025-06-27 15:25:45,247 [INFO] 后台工作线程初始化完成
2025-06-27 15:25:45,247 [INFO] 开始初始化界面...
2025-06-27 15:25:45,518 [INFO] 界面初始化完成
2025-06-27 15:25:45,519 [INFO] 主窗口初始化完成
2025-06-27 15:25:45,521 [INFO] 创建主窗口...
2025-06-27 15:25:45,597 [INFO] 显示主窗口...
2025-06-27 15:26:12,242 [INFO] CyberChef加载成功
2025-06-27 15:26:15,258 [INFO] 内存优化完成
2025-06-27 15:26:45,255 [INFO] 内存优化完成
2025-06-27 15:26:47,473 [INFO] 正在关闭应用程序，请稍候...
2025-06-27 15:26:48,488 [WARNING] Pip安装线程未能及时停止。
2025-06-27 15:32:12,999 [INFO] 定义配置类完成...
2025-06-27 15:32:12,999 [INFO] 定义工具类完成...
2025-06-27 15:32:12,999 [INFO] 程序开始运行...
2025-06-27 15:32:13,045 [INFO] 创建 QApplication 实例...
2025-06-27 15:32:13,045 [INFO] 初始化主窗口...
2025-06-27 15:32:13,045 [INFO] 初始化配置...
2025-06-27 15:32:13,047 [INFO] 加载配置...
2025-06-27 15:32:13,048 [INFO] 配置加载完成: 3个导航项, 24个工具
2025-06-27 15:32:13,048 [INFO] 后台工作线程初始化完成
2025-06-27 15:32:13,048 [INFO] 开始初始化界面...
2025-06-27 15:32:13,369 [INFO] 界面初始化完成
2025-06-27 15:32:13,369 [INFO] 主窗口初始化完成
2025-06-27 15:32:13,373 [INFO] 创建主窗口...
2025-06-27 15:32:13,442 [INFO] 显示主窗口...
2025-06-27 15:32:43,048 [INFO] 内存优化完成
2025-06-27 15:33:11,391 [INFO] 正在关闭应用程序，请稍候...
2025-06-27 15:33:12,400 [WARNING] Pip安装线程未能及时停止。
2025-06-27 15:36:17,376 [INFO] 定义配置类完成...
2025-06-27 15:36:17,376 [INFO] 定义工具类完成...
2025-06-27 15:36:17,377 [INFO] 程序开始运行...
2025-06-27 15:36:17,429 [INFO] 创建 QApplication 实例...
2025-06-27 15:36:17,429 [INFO] 初始化主窗口...
2025-06-27 15:36:17,430 [INFO] 初始化配置...
2025-06-27 15:36:17,430 [INFO] 加载配置...
2025-06-27 15:36:17,430 [INFO] 配置加载完成: 3个导航项, 24个工具
2025-06-27 15:36:17,432 [INFO] 后台工作线程初始化完成
2025-06-27 15:36:17,432 [INFO] 开始初始化界面...
2025-06-27 15:36:17,818 [INFO] 界面初始化完成
2025-06-27 15:36:17,818 [INFO] 主窗口初始化完成
2025-06-27 15:36:17,821 [INFO] 创建主窗口...
2025-06-27 15:36:17,898 [INFO] 显示主窗口...
2025-06-27 15:38:58,665 [INFO] 定义配置类完成...
2025-06-27 15:38:58,665 [INFO] 定义工具类完成...
2025-06-27 15:38:58,666 [INFO] 程序开始运行...
2025-06-27 15:38:58,720 [INFO] 创建 QApplication 实例...
2025-06-27 15:38:58,721 [INFO] 初始化主窗口...
2025-06-27 15:38:58,721 [INFO] 初始化配置...
2025-06-27 15:38:58,721 [INFO] 加载配置...
2025-06-27 15:38:58,721 [INFO] 配置加载完成: 3个导航项, 24个工具
2025-06-27 15:38:58,723 [INFO] 后台工作线程初始化完成
2025-06-27 15:38:58,723 [INFO] 开始初始化界面...
2025-06-27 15:38:59,005 [INFO] 界面初始化完成
2025-06-27 15:38:59,005 [INFO] 主窗口初始化完成
2025-06-27 15:38:59,009 [INFO] 创建主窗口...
2025-06-27 15:38:59,086 [INFO] 显示主窗口...
2025-06-27 15:39:17,249 [INFO] 定义配置类完成...
2025-06-27 15:39:17,249 [INFO] 定义工具类完成...
2025-06-27 15:39:17,250 [INFO] 程序开始运行...
2025-06-27 15:39:17,304 [INFO] 创建 QApplication 实例...
2025-06-27 15:39:17,304 [INFO] 初始化主窗口...
2025-06-27 15:39:17,305 [INFO] 初始化配置...
2025-06-27 15:39:17,305 [INFO] 加载配置...
2025-06-27 15:39:17,306 [INFO] 配置加载完成: 3个导航项, 24个工具
2025-06-27 15:39:17,307 [INFO] 后台工作线程初始化完成
2025-06-27 15:39:17,307 [INFO] 开始初始化界面...
2025-06-27 15:39:17,593 [INFO] 界面初始化完成
2025-06-27 15:39:17,594 [INFO] 主窗口初始化完成
2025-06-27 15:39:17,597 [INFO] 创建主窗口...
2025-06-27 15:39:17,673 [INFO] 显示主窗口...
2025-06-27 15:39:33,176 [INFO] 保存配置...
2025-06-27 15:39:47,306 [INFO] 内存优化完成
2025-06-27 15:39:47,515 [INFO] 保存配置...
2025-06-27 15:39:55,620 [INFO] 正在关闭应用程序，请稍候...
2025-06-27 15:39:56,627 [WARNING] Pip安装线程未能及时停止。
2025-06-27 15:40:03,583 [INFO] 定义配置类完成...
2025-06-27 15:40:03,583 [INFO] 定义工具类完成...
2025-06-27 15:40:03,584 [INFO] 程序开始运行...
2025-06-27 15:40:03,634 [INFO] 创建 QApplication 实例...
2025-06-27 15:40:03,635 [INFO] 初始化主窗口...
2025-06-27 15:40:03,635 [INFO] 初始化配置...
2025-06-27 15:40:03,636 [INFO] 加载配置...
2025-06-27 15:40:03,636 [INFO] 配置加载完成: 3个导航项, 24个工具
2025-06-27 15:40:03,637 [INFO] 后台工作线程初始化完成
2025-06-27 15:40:03,637 [INFO] 开始初始化界面...
2025-06-27 15:40:03,908 [INFO] 界面初始化完成
2025-06-27 15:40:03,908 [INFO] 主窗口初始化完成
2025-06-27 15:40:03,912 [INFO] 创建主窗口...
2025-06-27 15:40:03,989 [INFO] 显示主窗口...
2025-06-27 15:40:33,647 [INFO] 内存优化完成
2025-06-27 15:41:03,645 [INFO] 内存优化完成
2025-06-27 15:41:33,652 [INFO] 内存优化完成
2025-06-27 15:41:55,510 [INFO] CyberChef加载成功
2025-06-27 15:42:02,030 [ERROR] CyberChef加载失败
2025-06-27 15:42:02,202 [ERROR] CyberChef加载失败
2025-06-27 15:42:03,640 [INFO] 内存优化完成
2025-06-27 15:42:08,037 [INFO] CyberChef加载成功
2025-06-27 15:42:22,965 [INFO] CyberChef加载成功
2025-06-27 15:42:32,922 [ERROR] CyberChef加载失败
2025-06-27 15:42:33,468 [INFO] CyberChef加载成功
2025-06-27 15:42:33,640 [INFO] 内存优化完成
2025-06-27 15:42:36,053 [ERROR] CyberChef加载失败
2025-06-27 15:42:36,637 [INFO] CyberChef加载成功
2025-06-27 15:42:38,813 [ERROR] CyberChef加载失败
2025-06-27 15:42:40,219 [INFO] CyberChef加载成功
2025-06-27 15:43:02,079 [INFO] 定义配置类完成...
2025-06-27 15:43:02,080 [INFO] 定义工具类完成...
2025-06-27 15:43:02,080 [INFO] 程序开始运行...
2025-06-27 15:43:02,131 [INFO] 创建 QApplication 实例...
2025-06-27 15:43:02,133 [INFO] 初始化主窗口...
2025-06-27 15:43:02,133 [INFO] 初始化配置...
2025-06-27 15:43:02,134 [INFO] 加载配置...
2025-06-27 15:43:02,134 [INFO] 配置加载完成: 3个导航项, 24个工具
2025-06-27 15:43:02,135 [INFO] 后台工作线程初始化完成
2025-06-27 15:43:02,135 [INFO] 开始初始化界面...
2025-06-27 15:43:02,416 [INFO] 界面初始化完成
2025-06-27 15:43:02,416 [INFO] 主窗口初始化完成
2025-06-27 15:43:02,419 [INFO] 创建主窗口...
2025-06-27 15:43:02,498 [INFO] 显示主窗口...
2025-06-27 15:43:32,126 [INFO] 内存优化完成
2025-06-27 15:44:02,130 [INFO] 内存优化完成
2025-06-27 15:44:32,136 [INFO] 内存优化完成
2025-06-27 15:45:02,124 [INFO] 内存优化完成
2025-06-27 15:45:32,125 [INFO] 内存优化完成
2025-06-27 15:46:02,131 [INFO] 内存优化完成
2025-06-27 15:46:03,208 [INFO] 正在关闭应用程序，请稍候...
2025-06-27 15:46:04,218 [WARNING] Pip安装线程未能及时停止。
2025-06-27 15:46:56,273 [INFO] 定义配置类完成...
2025-06-27 15:46:56,274 [INFO] 定义工具类完成...
2025-06-27 15:46:56,274 [INFO] 程序开始运行...
2025-06-27 15:46:56,345 [INFO] 创建 QApplication 实例...
2025-06-27 15:46:56,346 [INFO] 初始化主窗口...
2025-06-27 15:46:56,347 [INFO] 初始化配置...
2025-06-27 15:46:56,347 [INFO] 加载配置...
2025-06-27 15:46:56,348 [INFO] 配置加载完成: 3个导航项, 24个工具
2025-06-27 15:46:56,349 [INFO] 后台工作线程初始化完成
2025-06-27 15:46:56,349 [INFO] 开始初始化界面...
2025-06-27 15:46:56,632 [INFO] 界面初始化完成
2025-06-27 15:46:56,632 [INFO] 主窗口初始化完成
2025-06-27 15:46:56,637 [INFO] 创建主窗口...
2025-06-27 15:46:56,712 [INFO] 显示主窗口...
2025-06-27 15:46:58,419 [INFO] 加载配置...
2025-06-27 15:46:58,419 [INFO] 配置加载完成: 3个导航项, 24个工具
2025-06-27 15:47:01,490 [INFO] 正在关闭应用程序，请稍候...
2025-06-27 15:47:02,499 [WARNING] Pip安装线程未能及时停止。
2025-06-27 15:47:13,670 [INFO] 定义配置类完成...
2025-06-27 15:47:13,670 [INFO] 定义工具类完成...
2025-06-27 15:47:13,670 [INFO] 程序开始运行...
2025-06-27 15:47:13,722 [INFO] 创建 QApplication 实例...
2025-06-27 15:47:13,723 [INFO] 初始化主窗口...
2025-06-27 15:47:13,724 [INFO] 初始化配置...
2025-06-27 15:47:13,724 [INFO] 加载配置...
2025-06-27 15:47:13,725 [INFO] 配置加载完成: 3个导航项, 24个工具
2025-06-27 15:47:13,726 [INFO] 后台工作线程初始化完成
2025-06-27 15:47:13,726 [INFO] 开始初始化界面...
2025-06-27 15:47:14,009 [INFO] 界面初始化完成
2025-06-27 15:47:14,009 [INFO] 主窗口初始化完成
2025-06-27 15:47:14,015 [INFO] 创建主窗口...
2025-06-27 15:47:14,088 [INFO] 显示主窗口...
2025-06-27 15:47:15,488 [INFO] 加载配置...
2025-06-27 15:47:15,488 [INFO] 配置加载完成: 3个导航项, 24个工具
2025-06-27 15:47:28,856 [INFO] 正在关闭应用程序，请稍候...
2025-06-27 15:47:29,870 [WARNING] Pip安装线程未能及时停止。
2025-06-27 15:47:41,542 [INFO] 定义配置类完成...
2025-06-27 15:47:41,542 [INFO] 定义工具类完成...
2025-06-27 15:47:41,543 [INFO] 程序开始运行...
2025-06-27 15:47:41,592 [INFO] 创建 QApplication 实例...
2025-06-27 15:47:41,593 [INFO] 初始化主窗口...
2025-06-27 15:47:41,593 [INFO] 初始化配置...
2025-06-27 15:47:41,594 [INFO] 加载配置...
2025-06-27 15:47:41,594 [INFO] 配置加载完成: 3个导航项, 24个工具
2025-06-27 15:47:41,595 [INFO] 后台工作线程初始化完成
2025-06-27 15:47:41,595 [INFO] 开始初始化界面...
2025-06-27 15:47:41,871 [INFO] 界面初始化完成
2025-06-27 15:47:41,872 [INFO] 主窗口初始化完成
2025-06-27 15:47:41,875 [INFO] 创建主窗口...
2025-06-27 15:47:41,953 [INFO] 显示主窗口...
2025-06-27 15:47:43,831 [INFO] 加载配置...
2025-06-27 15:47:43,832 [INFO] 配置加载完成: 3个导航项, 24个工具
2025-06-27 15:47:50,647 [INFO] 正在关闭应用程序，请稍候...
2025-06-27 15:47:51,649 [WARNING] Pip安装线程未能及时停止。
2025-06-27 15:48:10,852 [INFO] 定义配置类完成...
2025-06-27 15:48:10,852 [INFO] 定义工具类完成...
2025-06-27 15:48:10,853 [INFO] 程序开始运行...
2025-06-27 15:48:10,904 [INFO] 创建 QApplication 实例...
2025-06-27 15:48:10,904 [INFO] 初始化主窗口...
2025-06-27 15:48:10,904 [INFO] 初始化配置...
2025-06-27 15:48:10,906 [INFO] 加载配置...
2025-06-27 15:48:10,906 [INFO] 配置加载完成: 3个导航项, 24个工具
2025-06-27 15:48:10,907 [INFO] 后台工作线程初始化完成
2025-06-27 15:48:10,907 [INFO] 开始初始化界面...
2025-06-27 15:48:11,185 [INFO] 界面初始化完成
2025-06-27 15:48:11,186 [INFO] 主窗口初始化完成
2025-06-27 15:48:11,189 [INFO] 创建主窗口...
2025-06-27 15:48:11,262 [INFO] 显示主窗口...
2025-06-27 15:48:15,164 [INFO] 加载配置...
2025-06-27 15:48:15,164 [INFO] 配置加载完成: 3个导航项, 24个工具
2025-06-27 15:48:32,199 [INFO] 保存配置...
2025-06-27 15:48:35,290 [INFO] 进程已结束: Hash (PID: 36848)
2025-06-27 15:48:37,992 [INFO] 保存配置...
2025-06-27 15:48:40,909 [INFO] 内存优化完成
2025-06-27 15:48:50,148 [INFO] CyberChef加载成功
2025-06-27 15:48:51,093 [INFO] 正在关闭应用程序，请稍候...
2025-06-27 15:48:52,097 [WARNING] Pip安装线程未能及时停止。
2025-06-27 15:49:04,797 [INFO] 定义配置类完成...
2025-06-27 15:49:04,797 [INFO] 定义工具类完成...
2025-06-27 15:49:04,797 [INFO] 程序开始运行...
2025-06-27 15:49:04,844 [INFO] 创建 QApplication 实例...
2025-06-27 15:49:04,845 [INFO] 初始化主窗口...
2025-06-27 15:49:04,846 [INFO] 初始化配置...
2025-06-27 15:49:04,846 [INFO] 加载配置...
2025-06-27 15:49:04,846 [INFO] 配置加载完成: 3个导航项, 24个工具
2025-06-27 15:49:04,847 [INFO] 后台工作线程初始化完成
2025-06-27 15:49:04,847 [INFO] 开始初始化界面...
2025-06-27 15:49:05,106 [INFO] 界面初始化完成
2025-06-27 15:49:05,107 [INFO] 主窗口初始化完成
2025-06-27 15:49:05,110 [INFO] 创建主窗口...
2025-06-27 15:49:05,186 [INFO] 显示主窗口...
2025-06-27 15:49:08,774 [INFO] 加载配置...
2025-06-27 15:49:08,774 [INFO] 配置加载完成: 3个导航项, 24个工具
2025-06-27 15:49:13,500 [INFO] 加载配置...
2025-06-27 15:49:13,500 [INFO] 配置加载完成: 3个导航项, 24个工具
2025-06-27 15:49:34,844 [INFO] 内存优化完成
2025-06-27 15:50:04,847 [INFO] 内存优化完成
2025-06-27 15:50:34,868 [INFO] 内存优化完成
2025-06-27 15:50:56,791 [INFO] 正在关闭应用程序，请稍候...
2025-06-27 15:50:57,808 [WARNING] Pip安装线程未能及时停止。
2025-06-27 15:52:30,289 [INFO] 定义配置类完成...
2025-06-27 15:52:30,289 [INFO] 定义工具类完成...
2025-06-27 15:52:30,291 [INFO] 程序开始运行...
2025-06-27 15:52:30,342 [INFO] 创建 QApplication 实例...
2025-06-27 15:52:30,343 [INFO] 初始化主窗口...
2025-06-27 15:52:30,343 [INFO] 初始化配置...
2025-06-27 15:52:30,344 [INFO] 加载配置...
2025-06-27 15:52:30,345 [INFO] 配置加载完成: 3个导航项, 24个工具
2025-06-27 15:52:30,346 [INFO] 后台工作线程初始化完成
2025-06-27 15:52:30,346 [INFO] 开始初始化界面...
2025-06-27 15:52:30,621 [INFO] 界面初始化完成
2025-06-27 15:52:30,623 [INFO] 主窗口初始化完成
2025-06-27 15:52:30,626 [INFO] 创建主窗口...
2025-06-27 15:52:30,699 [INFO] 显示主窗口...
2025-06-27 15:52:32,020 [INFO] 加载配置...
2025-06-27 15:52:32,021 [INFO] 配置加载完成: 3个导航项, 24个工具
2025-06-27 15:53:00,355 [INFO] 内存优化完成
2025-06-27 15:53:14,873 [INFO] 正在关闭应用程序，请稍候...
2025-06-27 15:53:15,882 [WARNING] Pip安装线程未能及时停止。
2025-06-27 15:54:28,619 [INFO] 定义配置类完成...
2025-06-27 15:54:28,620 [INFO] 定义工具类完成...
2025-06-27 15:54:28,620 [INFO] 程序开始运行...
2025-06-27 15:54:28,674 [INFO] 创建 QApplication 实例...
2025-06-27 15:54:28,675 [INFO] 初始化主窗口...
2025-06-27 15:54:28,675 [INFO] 初始化配置...
2025-06-27 15:54:28,677 [INFO] 加载配置...
2025-06-27 15:54:28,677 [INFO] 配置加载完成: 3个导航项, 24个工具
2025-06-27 15:54:28,678 [INFO] 后台工作线程初始化完成
2025-06-27 15:54:28,678 [INFO] 开始初始化界面...
2025-06-27 15:54:28,941 [INFO] 界面初始化完成
2025-06-27 15:54:28,941 [INFO] 主窗口初始化完成
2025-06-27 15:54:28,945 [INFO] 创建主窗口...
2025-06-27 15:54:29,017 [INFO] 显示主窗口...
2025-06-27 15:54:31,606 [INFO] 保存配置...
2025-06-27 15:54:34,216 [INFO] 正在关闭应用程序，请稍候...
2025-06-27 15:54:35,226 [WARNING] Pip安装线程未能及时停止。
2025-06-27 15:54:37,852 [INFO] 定义配置类完成...
2025-06-27 15:54:37,852 [INFO] 定义工具类完成...
2025-06-27 15:54:37,852 [INFO] 程序开始运行...
2025-06-27 15:54:37,906 [INFO] 创建 QApplication 实例...
2025-06-27 15:54:37,907 [INFO] 初始化主窗口...
2025-06-27 15:54:37,907 [INFO] 初始化配置...
2025-06-27 15:54:37,907 [INFO] 加载配置...
2025-06-27 15:54:37,907 [INFO] 配置加载完成: 3个导航项, 24个工具
2025-06-27 15:54:37,908 [INFO] 后台工作线程初始化完成
2025-06-27 15:54:37,909 [INFO] 开始初始化界面...
2025-06-27 15:54:38,192 [INFO] 界面初始化完成
2025-06-27 15:54:38,193 [INFO] 主窗口初始化完成
2025-06-27 15:54:38,196 [INFO] 创建主窗口...
2025-06-27 15:54:38,271 [INFO] 显示主窗口...
2025-06-27 15:54:39,421 [INFO] 加载配置...
2025-06-27 15:54:39,422 [INFO] 配置加载完成: 3个导航项, 24个工具
2025-06-27 15:54:50,098 [INFO] 保存配置...
2025-06-27 15:54:52,157 [INFO] 加载配置...
2025-06-27 15:54:52,157 [INFO] 配置加载完成: 3个导航项, 24个工具
2025-06-27 15:54:54,228 [INFO] 加载配置...
2025-06-27 15:54:54,228 [INFO] 配置加载完成: 3个导航项, 24个工具
2025-06-27 15:54:55,785 [INFO] 保存配置...
2025-06-27 15:55:04,964 [INFO] 正在关闭应用程序，请稍候...
2025-06-27 15:55:05,971 [WARNING] Pip安装线程未能及时停止。
2025-06-27 15:55:11,535 [INFO] 定义配置类完成...
2025-06-27 15:55:11,535 [INFO] 定义工具类完成...
2025-06-27 15:55:11,536 [INFO] 程序开始运行...
2025-06-27 15:55:11,586 [INFO] 创建 QApplication 实例...
2025-06-27 15:55:11,587 [INFO] 初始化主窗口...
2025-06-27 15:55:11,587 [INFO] 初始化配置...
2025-06-27 15:55:11,587 [INFO] 加载配置...
2025-06-27 15:55:11,588 [INFO] 配置加载完成: 3个导航项, 24个工具
2025-06-27 15:55:11,589 [INFO] 后台工作线程初始化完成
2025-06-27 15:55:11,589 [INFO] 开始初始化界面...
2025-06-27 15:55:11,869 [INFO] 界面初始化完成
2025-06-27 15:55:11,869 [INFO] 主窗口初始化完成
2025-06-27 15:55:11,872 [INFO] 创建主窗口...
2025-06-27 15:55:11,945 [INFO] 显示主窗口...
2025-06-27 15:55:12,991 [INFO] 加载配置...
2025-06-27 15:55:12,991 [INFO] 配置加载完成: 3个导航项, 24个工具
2025-06-27 15:55:15,924 [INFO] 保存配置...
2025-06-27 15:55:19,929 [INFO] 进程已结束: 冰蝎_v4.1.t00ls (PID: 8228)
2025-06-27 15:55:20,289 [INFO] 加载配置...
2025-06-27 15:55:20,290 [INFO] 配置加载完成: 3个导航项, 24个工具
2025-06-27 15:55:32,722 [INFO] 保存配置...
2025-06-27 15:55:33,945 [INFO] 保存配置...
2025-06-27 15:55:38,706 [INFO] 正在关闭应用程序，请稍候...
2025-06-27 15:55:39,722 [WARNING] Pip安装线程未能及时停止。
