2025-07-25 11:02:41,400 [INFO] 定义配置类完成...
2025-07-25 11:02:41,400 [INFO] 定义工具类完成...
2025-07-25 11:02:41,402 [INFO] 程序开始运行...
2025-07-25 11:02:41,500 [INFO] 创建 QApplication 实例...
2025-07-25 11:02:41,500 [INFO] 初始化主窗口...
2025-07-25 11:02:41,504 [INFO] 初始化配置...
2025-07-25 11:02:41,505 [INFO] 加载配置...
2025-07-25 11:02:41,506 [INFO] 配置加载完成: 4个导航项, 70个工具
2025-07-25 11:02:41,509 [INFO] 后台工作线程初始化完成
2025-07-25 11:02:41,509 [INFO] 开始初始化界面...
2025-07-25 11:02:41,950 [INFO] 界面初始化完成
2025-07-25 11:02:41,964 [INFO] 主窗口初始化完成
2025-07-25 11:02:41,972 [INFO] 创建主窗口...
2025-07-25 11:02:42,074 [INFO] 显示主窗口...
2025-07-25 11:02:43,054 [INFO] 初始化配置...
2025-07-25 11:02:43,054 [INFO] 加载配置...
2025-07-25 11:02:43,055 [INFO] 配置加载完成: 4个导航项, 70个工具
2025-07-25 11:02:46,668 [INFO] 正在关闭应用程序，请稍候...
2025-07-25 11:02:46,693 [INFO] 退出时间: 2025-07-25 11:02:46
2025-07-25 11:02:46,693 [INFO] 当前内存占用: 169.84 MB
2025-07-25 11:02:46,693 [INFO] 已保存配置文件: e:\Code\Python\SecuHub\config.json
2025-07-25 11:02:47,705 [WARNING] Pip安装线程未能及时停止。
2025-07-25 11:07:38,911 [INFO] 定义配置类完成...
2025-07-25 11:07:38,911 [INFO] 定义工具类完成...
2025-07-25 11:07:38,912 [INFO] 程序开始运行...
2025-07-25 11:07:38,958 [INFO] 创建 QApplication 实例...
2025-07-25 11:07:38,959 [INFO] 初始化主窗口...
2025-07-25 11:07:38,959 [INFO] 初始化配置...
2025-07-25 11:07:38,959 [INFO] 加载配置...
2025-07-25 11:07:38,960 [INFO] 配置加载完成: 4个导航项, 70个工具
2025-07-25 11:07:38,961 [INFO] 后台工作线程初始化完成
2025-07-25 11:07:38,961 [INFO] 开始初始化界面...
2025-07-25 11:07:39,263 [INFO] 界面初始化完成
2025-07-25 11:07:39,274 [INFO] 主窗口初始化完成
2025-07-25 11:07:39,277 [INFO] 创建主窗口...
2025-07-25 11:07:39,352 [INFO] 显示主窗口...
2025-07-25 11:07:40,314 [INFO] 初始化配置...
2025-07-25 11:07:40,314 [INFO] 加载配置...
2025-07-25 11:07:40,316 [INFO] 配置加载完成: 4个导航项, 70个工具
2025-07-25 11:07:43,230 [INFO] 正在关闭应用程序，请稍候...
2025-07-25 11:07:43,240 [INFO] 退出时间: 2025-07-25 11:07:43
2025-07-25 11:07:43,241 [INFO] 当前内存占用: 176.69 MB
2025-07-25 11:07:43,241 [INFO] 已保存配置文件: e:\Code\Python\SecuHub\config.json
2025-07-25 11:07:44,255 [WARNING] Pip安装线程未能及时停止。
2025-07-25 11:08:54,186 [INFO] 定义配置类完成...
2025-07-25 11:08:54,186 [INFO] 定义工具类完成...
2025-07-25 11:08:54,187 [INFO] 程序开始运行...
2025-07-25 11:08:54,235 [INFO] 创建 QApplication 实例...
2025-07-25 11:08:54,235 [INFO] 初始化主窗口...
2025-07-25 11:08:54,235 [INFO] 初始化配置...
2025-07-25 11:08:54,235 [INFO] 加载配置...
2025-07-25 11:08:54,235 [INFO] 配置加载完成: 4个导航项, 70个工具
2025-07-25 11:08:54,238 [INFO] 后台工作线程初始化完成
2025-07-25 11:08:54,238 [INFO] 开始初始化界面...
2025-07-25 11:08:54,536 [INFO] 界面初始化完成
2025-07-25 11:08:54,545 [INFO] 主窗口初始化完成
2025-07-25 11:08:54,548 [INFO] 创建主窗口...
2025-07-25 11:08:54,633 [INFO] 显示主窗口...
2025-07-25 11:08:57,920 [INFO] 正在关闭应用程序，请稍候...
2025-07-25 11:08:57,932 [INFO] 退出时间: 2025-07-25 11:08:57
2025-07-25 11:08:57,932 [INFO] 当前内存占用: 163.48 MB
2025-07-25 11:08:57,932 [INFO] 已保存配置文件: e:\Code\Python\SecuHub\config.json
2025-07-25 11:08:58,935 [WARNING] Pip安装线程未能及时停止。
2025-07-25 11:12:29,688 [INFO] 定义配置类完成...
2025-07-25 11:12:29,688 [INFO] 定义工具类完成...
2025-07-25 11:12:29,688 [INFO] 程序开始运行...
2025-07-25 11:12:29,735 [INFO] 创建 QApplication 实例...
2025-07-25 11:12:29,736 [INFO] 初始化主窗口...
2025-07-25 11:12:29,736 [INFO] 初始化配置...
2025-07-25 11:12:29,736 [INFO] 加载配置...
2025-07-25 11:12:29,737 [INFO] 配置加载完成: 4个导航项, 70个工具
2025-07-25 11:12:29,738 [INFO] 后台工作线程初始化完成
2025-07-25 11:12:29,738 [INFO] 开始初始化界面...
2025-07-25 11:12:30,116 [INFO] 界面初始化完成
2025-07-25 11:12:30,128 [INFO] 主窗口初始化完成
2025-07-25 11:12:30,132 [INFO] 创建主窗口...
2025-07-25 11:12:30,222 [INFO] 显示主窗口...
2025-07-25 11:12:32,593 [INFO] 初始化配置...
2025-07-25 11:12:32,594 [INFO] 加载配置...
2025-07-25 11:12:32,595 [INFO] 配置加载完成: 4个导航项, 70个工具
2025-07-25 11:12:34,353 [INFO] CyberChef加载成功
2025-07-25 11:12:35,999 [INFO] 加载配置...
2025-07-25 11:12:35,999 [INFO] 配置加载完成: 4个导航项, 70个工具
2025-07-25 11:12:36,853 [INFO] 保存配置...
2025-07-25 11:12:40,818 [INFO] 正在关闭应用程序，请稍候...
2025-07-25 11:12:40,829 [INFO] 退出时间: 2025-07-25 11:12:40
2025-07-25 11:12:40,829 [INFO] 当前内存占用: 303.18 MB
2025-07-25 11:12:40,830 [INFO] 已保存配置文件: e:\Code\Python\SecuHub\config.json
2025-07-25 11:12:52,607 [INFO] 定义配置类完成...
2025-07-25 11:12:52,607 [INFO] 定义工具类完成...
2025-07-25 11:12:52,607 [INFO] 程序开始运行...
2025-07-25 11:12:52,655 [INFO] 创建 QApplication 实例...
2025-07-25 11:12:52,655 [INFO] 初始化主窗口...
2025-07-25 11:12:52,656 [INFO] 初始化配置...
2025-07-25 11:12:52,656 [INFO] 加载配置...
2025-07-25 11:12:52,657 [INFO] 配置加载完成: 4个导航项, 70个工具
2025-07-25 11:12:52,658 [INFO] 后台工作线程初始化完成
2025-07-25 11:12:52,658 [INFO] 开始初始化界面...
2025-07-25 11:12:52,956 [INFO] 界面初始化完成
2025-07-25 11:12:52,965 [INFO] 主窗口初始化完成
2025-07-25 11:12:52,969 [INFO] 创建主窗口...
2025-07-25 11:12:53,036 [INFO] 显示主窗口...
2025-07-25 11:12:56,188 [INFO] 加载配置...
2025-07-25 11:12:56,189 [INFO] 配置加载完成: 4个导航项, 70个工具
2025-07-25 11:13:22,663 [INFO] 内存优化完成
2025-07-25 11:13:27,931 [INFO] 保存配置...
2025-07-25 11:13:35,349 [INFO] 进程已结束: 冰蝎_v4.1.t00ls (PID: 19332)
2025-07-25 11:13:36,754 [INFO] 正在关闭应用程序，请稍候...
2025-07-25 11:13:36,765 [INFO] 退出时间: 2025-07-25 11:13:36
2025-07-25 11:13:36,765 [INFO] 当前内存占用: 165.31 MB
2025-07-25 11:13:36,765 [INFO] 已保存配置文件: e:\Code\Python\SecuHub\config.json
