2025-07-01 09:27:48,904 [INFO] 定义配置类完成...
2025-07-01 09:27:48,904 [INFO] 定义工具类完成...
2025-07-01 09:27:48,905 [INFO] 程序开始运行...
2025-07-01 09:27:49,018 [INFO] 创建 QApplication 实例...
2025-07-01 09:27:49,019 [INFO] 初始化主窗口...
2025-07-01 09:27:49,019 [INFO] 初始化配置...
2025-07-01 09:27:49,019 [INFO] 加载配置...
2025-07-01 09:27:49,021 [INFO] 配置加载完成: 3个导航项, 25个工具
2025-07-01 09:27:49,021 [INFO] 后台工作线程初始化完成
2025-07-01 09:27:49,022 [INFO] 开始初始化界面...
2025-07-01 09:27:49,332 [INFO] 界面初始化完成
2025-07-01 09:27:49,333 [INFO] 主窗口初始化完成
2025-07-01 09:27:49,337 [INFO] 创建主窗口...
2025-07-01 09:27:49,412 [INFO] 显示主窗口...
2025-07-01 09:28:14,744 [INFO] CyberChef加载成功
2025-07-01 09:28:19,016 [INFO] 内存优化完成
2025-07-01 09:28:28,930 [INFO] CyberChef加载成功
2025-07-01 09:28:49,016 [INFO] 内存优化完成
2025-07-01 09:29:19,027 [INFO] 内存优化完成
2025-07-01 09:29:49,029 [INFO] 内存优化完成
2025-07-01 09:30:19,022 [INFO] 内存优化完成
2025-07-01 09:30:49,016 [INFO] 内存优化完成
2025-07-01 09:31:19,021 [INFO] 内存优化完成
2025-07-01 09:31:49,044 [INFO] 内存优化完成
2025-07-01 09:32:19,047 [INFO] 内存优化完成
2025-07-01 09:32:49,039 [INFO] 内存优化完成
2025-07-01 09:33:19,044 [INFO] 内存优化完成
2025-07-01 09:33:49,035 [INFO] 内存优化完成
2025-07-01 09:34:19,036 [INFO] 内存优化完成
2025-07-01 09:34:49,034 [INFO] 内存优化完成
2025-07-01 09:35:19,044 [INFO] 内存优化完成
2025-07-01 09:35:49,042 [INFO] 内存优化完成
2025-07-01 09:36:19,040 [INFO] 内存优化完成
2025-07-01 09:36:29,902 [INFO] 保存配置...
2025-07-01 09:36:49,046 [INFO] 内存优化完成
2025-07-01 09:37:19,047 [INFO] 内存优化完成
2025-07-01 09:37:49,046 [INFO] 内存优化完成
2025-07-01 09:38:19,047 [INFO] 内存优化完成
2025-07-01 09:38:49,054 [INFO] 内存优化完成
2025-07-01 09:39:09,587 [INFO] 进程已结束: BlueTeamToolsV2.16 (PID: 13416)
2025-07-01 09:39:19,047 [INFO] 内存优化完成
2025-07-01 09:39:24,077 [INFO] 保存配置...
2025-07-01 09:39:27,788 [INFO] 保存配置...
2025-07-01 09:39:28,109 [INFO] 保存配置...
2025-07-01 09:39:28,275 [INFO] 保存配置...
2025-07-01 09:39:28,442 [INFO] 保存配置...
2025-07-01 09:39:28,590 [INFO] 保存配置...
2025-07-01 09:39:28,749 [INFO] 保存配置...
2025-07-01 09:39:28,921 [INFO] 保存配置...
2025-07-01 09:39:29,130 [INFO] 保存配置...
2025-07-01 09:39:29,296 [INFO] 保存配置...
2025-07-01 09:39:29,475 [INFO] 保存配置...
2025-07-01 09:39:29,642 [INFO] 保存配置...
2025-07-01 09:39:29,844 [INFO] 保存配置...
2025-07-01 09:39:30,048 [INFO] 保存配置...
2025-07-01 09:39:30,229 [INFO] 保存配置...
2025-07-01 09:39:30,408 [INFO] 保存配置...
2025-07-01 09:39:30,584 [INFO] 保存配置...
2025-07-01 09:39:30,746 [INFO] 保存配置...
2025-07-01 09:39:30,927 [INFO] 保存配置...
2025-07-01 09:39:31,142 [INFO] 保存配置...
2025-07-01 09:39:31,317 [INFO] 保存配置...
2025-07-01 09:39:31,503 [INFO] 保存配置...
2025-07-01 09:39:31,690 [INFO] 保存配置...
2025-07-01 09:39:31,869 [INFO] 保存配置...
2025-07-01 09:39:32,039 [INFO] 保存配置...
2025-07-01 09:39:32,212 [INFO] 保存配置...
2025-07-01 09:39:32,355 [INFO] 保存配置...
2025-07-01 09:39:34,187 [INFO] CyberChef加载成功
2025-07-01 09:39:49,047 [INFO] 内存优化完成
2025-07-01 09:40:19,046 [INFO] 内存优化完成
2025-07-01 09:40:49,053 [INFO] 内存优化完成
2025-07-01 09:41:19,065 [INFO] 内存优化完成
2025-07-01 09:41:48,098 [INFO] 保存配置...
2025-07-01 09:41:49,068 [INFO] 内存优化完成
2025-07-01 09:42:18,118 [INFO] 保存配置...
2025-07-01 09:42:19,081 [INFO] 内存优化完成
2025-07-01 09:42:22,034 [INFO] 保存配置...
2025-07-01 09:42:42,925 [INFO] 保存配置...
2025-07-01 09:42:44,170 [INFO] 保存配置...
2025-07-01 09:42:45,815 [INFO] 保存配置...
2025-07-01 09:42:49,081 [INFO] 内存优化完成
2025-07-01 09:43:04,490 [INFO] 保存配置...
2025-07-01 09:43:08,645 [INFO] 保存配置...
2025-07-01 09:43:11,939 [INFO] 保存配置...
2025-07-01 09:43:12,112 [INFO] 保存配置...
2025-07-01 09:43:19,082 [INFO] 内存优化完成
2025-07-01 09:43:24,822 [INFO] 保存配置...
2025-07-01 09:43:37,655 [INFO] 保存配置...
2025-07-01 09:43:40,925 [INFO] 保存配置...
2025-07-01 09:43:49,092 [INFO] 内存优化完成
2025-07-01 09:44:06,748 [INFO] 保存配置...
2025-07-01 09:44:06,928 [INFO] 保存配置...
2025-07-01 09:44:07,842 [INFO] 保存配置...
2025-07-01 09:44:08,006 [INFO] 保存配置...
2025-07-01 09:44:17,066 [INFO] 保存配置...
2025-07-01 09:44:19,081 [INFO] 内存优化完成
2025-07-01 09:44:49,094 [INFO] 内存优化完成
2025-07-01 09:45:01,069 [INFO] 保存配置...
2025-07-01 09:45:03,882 [INFO] 保存配置...
2025-07-01 09:45:19,083 [INFO] 内存优化完成
2025-07-01 09:45:40,646 [INFO] 保存配置...
2025-07-01 09:45:49,109 [INFO] 内存优化完成
2025-07-01 09:45:51,765 [INFO] 正在关闭应用程序，请稍候...
2025-07-01 09:45:52,767 [WARNING] Pip安装线程未能及时停止。
2025-07-01 09:49:11,304 [INFO] 定义配置类完成...
2025-07-01 09:49:11,304 [INFO] 定义工具类完成...
2025-07-01 09:49:11,305 [INFO] 程序开始运行...
2025-07-01 09:49:11,363 [INFO] 创建 QApplication 实例...
2025-07-01 09:49:11,364 [INFO] 初始化主窗口...
2025-07-01 09:49:11,365 [INFO] 初始化配置...
2025-07-01 09:49:11,365 [INFO] 加载配置...
2025-07-01 09:49:11,365 [INFO] 配置加载完成: 3个导航项, 27个工具
2025-07-01 09:49:11,366 [INFO] 后台工作线程初始化完成
2025-07-01 09:49:11,366 [INFO] 开始初始化界面...
2025-07-01 09:49:11,643 [INFO] 界面初始化完成
2025-07-01 09:49:11,643 [INFO] 主窗口初始化完成
2025-07-01 09:49:11,646 [INFO] 创建主窗口...
2025-07-01 09:49:11,721 [INFO] 显示主窗口...
2025-07-01 09:49:41,361 [INFO] 内存优化完成
2025-07-01 09:50:11,375 [INFO] 内存优化完成
2025-07-01 09:50:41,375 [INFO] 内存优化完成
2025-07-01 09:50:45,569 [INFO] 保存配置...
2025-07-01 09:50:47,835 [INFO] 保存配置...
2025-07-01 09:51:11,384 [INFO] 内存优化完成
2025-07-01 09:51:29,125 [INFO] 保存配置...
2025-07-01 09:51:31,672 [INFO] 保存配置...
2025-07-01 09:51:34,874 [INFO] 进程已结束: Charles (PID: 36668)
2025-07-01 09:51:35,488 [INFO] 保存配置...
2025-07-01 09:51:36,037 [INFO] 保存配置...
2025-07-01 09:51:41,386 [INFO] 内存优化完成
2025-07-01 09:51:46,021 [INFO] 保存配置...
2025-07-01 09:51:46,776 [INFO] 保存配置...
2025-07-01 09:51:47,226 [INFO] 保存配置...
2025-07-01 09:51:47,557 [INFO] 保存配置...
2025-07-01 09:52:11,378 [INFO] 内存优化完成
2025-07-01 09:52:41,384 [INFO] 内存优化完成
2025-07-01 09:53:11,381 [INFO] 内存优化完成
2025-07-01 09:53:41,379 [INFO] 内存优化完成
2025-07-01 09:53:51,302 [INFO] 正在关闭应用程序，请稍候...
2025-07-01 09:53:52,315 [WARNING] Pip安装线程未能及时停止。
2025-07-01 09:54:55,160 [INFO] 定义配置类完成...
2025-07-01 09:54:55,160 [INFO] 定义工具类完成...
2025-07-01 09:54:55,161 [INFO] 程序开始运行...
2025-07-01 09:54:55,213 [INFO] 创建 QApplication 实例...
2025-07-01 09:54:55,213 [INFO] 初始化主窗口...
2025-07-01 09:54:55,214 [INFO] 初始化配置...
2025-07-01 09:54:55,214 [INFO] 加载配置...
2025-07-01 09:54:55,214 [INFO] 配置加载完成: 3个导航项, 27个工具
2025-07-01 09:54:55,216 [INFO] 后台工作线程初始化完成
2025-07-01 09:54:55,216 [INFO] 开始初始化界面...
2025-07-01 09:54:55,503 [INFO] 界面初始化完成
2025-07-01 09:54:55,504 [INFO] 主窗口初始化完成
2025-07-01 09:54:55,507 [INFO] 创建主窗口...
2025-07-01 09:54:55,576 [INFO] 显示主窗口...
2025-07-01 09:55:02,647 [INFO] 保存配置...
2025-07-01 09:55:05,286 [INFO] 保存配置...
2025-07-01 09:55:25,238 [INFO] 内存优化完成
2025-07-01 09:55:32,554 [INFO] 保存配置...
2025-07-01 09:55:53,407 [INFO] 保存配置...
2025-07-01 09:55:54,836 [INFO] 保存配置...
2025-07-01 09:55:55,237 [INFO] 内存优化完成
2025-07-01 09:55:55,794 [INFO] 进程已结束: Befree (PID: 28764)
2025-07-01 09:55:59,209 [INFO] 保存配置...
2025-07-01 09:56:00,349 [INFO] 进程已结束: Befree (PID: 32800)
2025-07-01 09:56:11,796 [INFO] 保存配置...
2025-07-01 09:56:13,151 [INFO] 保存配置...
2025-07-01 09:56:15,157 [INFO] 正在关闭应用程序，请稍候...
2025-07-01 09:56:16,173 [WARNING] Pip安装线程未能及时停止。
2025-07-01 09:56:17,184 [WARNING] 进程监控线程未能及时停止。
2025-07-01 09:57:53,842 [INFO] 定义配置类完成...
2025-07-01 09:57:53,842 [INFO] 定义工具类完成...
2025-07-01 09:57:53,843 [INFO] 程序开始运行...
2025-07-01 09:57:53,897 [INFO] 创建 QApplication 实例...
2025-07-01 09:57:53,897 [INFO] 初始化主窗口...
2025-07-01 09:57:53,898 [INFO] 初始化配置...
2025-07-01 09:57:53,898 [INFO] 加载配置...
2025-07-01 09:57:53,899 [INFO] 配置加载完成: 3个导航项, 27个工具
2025-07-01 09:57:53,900 [INFO] 后台工作线程初始化完成
2025-07-01 09:57:53,900 [INFO] 开始初始化界面...
2025-07-01 09:57:54,187 [INFO] 界面初始化完成
2025-07-01 09:57:54,188 [INFO] 主窗口初始化完成
2025-07-01 09:57:54,191 [INFO] 创建主窗口...
2025-07-01 09:57:54,260 [INFO] 显示主窗口...
2025-07-01 09:57:56,166 [INFO] CyberChef加载成功
2025-07-01 09:58:02,225 [INFO] 保存配置...
2025-07-01 09:58:23,890 [INFO] 内存优化完成
2025-07-01 09:58:53,910 [INFO] 内存优化完成
2025-07-01 09:59:23,908 [INFO] 内存优化完成
2025-07-01 09:59:35,284 [INFO] 保存配置...
2025-07-01 09:59:36,550 [INFO] 保存配置...
2025-07-01 09:59:38,807 [INFO] CyberChef加载成功
2025-07-01 09:59:39,692 [INFO] 保存配置...
2025-07-01 09:59:53,914 [INFO] 内存优化完成
2025-07-01 10:00:23,906 [INFO] 内存优化完成
2025-07-01 10:02:42,012 [INFO] 定义配置类完成...
2025-07-01 10:02:42,013 [INFO] 定义工具类完成...
2025-07-01 10:02:42,013 [INFO] 程序开始运行...
2025-07-01 10:02:42,064 [INFO] 创建 QApplication 实例...
2025-07-01 10:02:42,064 [INFO] 初始化主窗口...
2025-07-01 10:02:42,065 [INFO] 初始化配置...
2025-07-01 10:02:42,065 [INFO] 加载配置...
2025-07-01 10:02:42,065 [INFO] 配置加载完成: 3个导航项, 27个工具
2025-07-01 10:02:42,066 [INFO] 后台工作线程初始化完成
2025-07-01 10:02:42,066 [INFO] 开始初始化界面...
2025-07-01 10:02:42,345 [INFO] 界面初始化完成
2025-07-01 10:02:42,345 [INFO] 主窗口初始化完成
2025-07-01 10:02:42,348 [INFO] 创建主窗口...
2025-07-01 10:02:42,440 [INFO] 显示主窗口...
2025-07-01 10:02:43,792 [INFO] 保存配置...
2025-07-01 10:02:46,416 [INFO] 保存配置...
2025-07-01 10:02:49,149 [INFO] CyberChef加载成功
2025-07-01 10:02:50,263 [INFO] 加载配置...
2025-07-01 10:02:50,263 [INFO] 配置加载完成: 3个导航项, 27个工具
2025-07-01 10:03:12,066 [INFO] 内存优化完成
2025-07-01 10:03:12,612 [INFO] 保存配置...
2025-07-01 10:03:14,836 [INFO] 保存配置...
2025-07-01 10:03:18,976 [INFO] 保存配置...
2025-07-01 10:03:25,419 [INFO] 保存配置...
2025-07-01 10:03:26,693 [INFO] 保存配置...
2025-07-01 10:03:42,074 [INFO] 内存优化完成
2025-07-01 10:03:47,678 [INFO] 保存配置...
2025-07-01 10:03:48,669 [INFO] 保存配置...
2025-07-01 10:03:50,707 [INFO] 保存配置...
2025-07-01 10:03:51,332 [INFO] 保存配置...
2025-07-01 10:03:51,728 [INFO] 保存配置...
2025-07-01 10:03:51,918 [INFO] 保存配置...
2025-07-01 10:03:52,088 [INFO] 保存配置...
2025-07-01 10:03:52,260 [INFO] 保存配置...
2025-07-01 10:04:12,070 [INFO] 内存优化完成
2025-07-01 10:04:22,375 [INFO] CyberChef加载成功
2025-07-01 10:04:42,062 [INFO] 内存优化完成
2025-07-01 10:05:12,074 [INFO] 内存优化完成
2025-07-01 10:05:42,088 [INFO] 内存优化完成
2025-07-01 10:06:12,079 [INFO] 内存优化完成
2025-07-01 10:06:34,003 [INFO] 保存配置...
2025-07-01 10:06:35,992 [INFO] 保存配置...
2025-07-01 10:06:36,696 [INFO] 保存配置...
2025-07-01 10:06:37,124 [INFO] 保存配置...
2025-07-01 10:06:37,813 [INFO] 保存配置...
2025-07-01 10:06:42,085 [INFO] 内存优化完成
2025-07-01 10:07:12,076 [INFO] 内存优化完成
2025-07-01 10:07:42,078 [INFO] 内存优化完成
2025-07-01 10:08:12,079 [INFO] 内存优化完成
2025-07-01 10:08:42,085 [INFO] 内存优化完成
2025-07-01 10:08:55,515 [INFO] 保存配置...
2025-07-01 10:09:04,727 [INFO] 进程已结束: 哥斯拉 (PID: 30172)
2025-07-01 10:09:09,344 [INFO] 保存配置...
2025-07-01 10:09:12,092 [INFO] 内存优化完成
2025-07-01 10:09:13,843 [INFO] 进程已结束: DeepSeekSelfTool (PID: 2588)
2025-07-01 10:09:36,341 [INFO] 定义配置类完成...
2025-07-01 10:09:36,341 [INFO] 定义工具类完成...
2025-07-01 10:09:36,342 [INFO] 程序开始运行...
2025-07-01 10:09:36,396 [INFO] 创建 QApplication 实例...
2025-07-01 10:09:36,396 [INFO] 初始化主窗口...
2025-07-01 10:09:36,397 [INFO] 初始化配置...
2025-07-01 10:09:36,397 [INFO] 加载配置...
2025-07-01 10:09:36,398 [INFO] 配置加载完成: 3个导航项, 27个工具
2025-07-01 10:09:36,399 [INFO] 后台工作线程初始化完成
2025-07-01 10:09:36,399 [INFO] 开始初始化界面...
2025-07-01 10:09:36,674 [INFO] 界面初始化完成
2025-07-01 10:09:36,675 [INFO] 主窗口初始化完成
2025-07-01 10:09:36,679 [INFO] 创建主窗口...
2025-07-01 10:09:36,751 [INFO] 显示主窗口...
2025-07-01 10:09:38,604 [INFO] 保存配置...
2025-07-01 10:09:45,578 [INFO] 加载配置...
2025-07-01 10:09:45,578 [INFO] 配置加载完成: 3个导航项, 27个工具
2025-07-01 10:09:57,850 [INFO] 保存配置...
2025-07-01 10:09:59,259 [INFO] 保存配置...
2025-07-01 10:10:04,720 [INFO] 保存配置...
2025-07-01 10:10:06,394 [INFO] 内存优化完成
2025-07-01 10:10:14,069 [INFO] 保存配置...
2025-07-01 10:10:15,122 [INFO] 保存配置...
2025-07-01 10:10:15,935 [INFO] 保存配置...
2025-07-01 10:10:16,148 [INFO] 保存配置...
2025-07-01 10:10:16,318 [INFO] 保存配置...
2025-07-01 10:10:36,397 [INFO] 内存优化完成
2025-07-01 10:11:06,402 [INFO] 内存优化完成
2025-07-01 10:11:10,836 [INFO] 正在关闭应用程序，请稍候...
2025-07-01 10:11:11,845 [WARNING] Pip安装线程未能及时停止。
2025-07-01 10:14:38,087 [INFO] 定义配置类完成...
2025-07-01 10:14:38,087 [INFO] 定义工具类完成...
2025-07-01 10:14:38,087 [INFO] 程序开始运行...
2025-07-01 10:14:38,140 [INFO] 创建 QApplication 实例...
2025-07-01 10:14:38,142 [INFO] 初始化主窗口...
2025-07-01 10:14:38,142 [INFO] 初始化配置...
2025-07-01 10:14:38,142 [INFO] 加载配置...
2025-07-01 10:14:38,142 [INFO] 配置加载完成: 3个导航项, 27个工具
2025-07-01 10:14:38,142 [INFO] 后台工作线程初始化完成
2025-07-01 10:14:38,142 [INFO] 开始初始化界面...
2025-07-01 10:14:38,426 [INFO] 界面初始化完成
2025-07-01 10:14:38,429 [INFO] 主窗口初始化完成
2025-07-01 10:14:38,432 [INFO] 创建主窗口...
2025-07-01 10:14:38,506 [INFO] 显示主窗口...
2025-07-01 10:14:40,315 [INFO] 保存配置...
2025-07-01 10:15:20,353 [INFO] 定义配置类完成...
2025-07-01 10:15:20,353 [INFO] 定义工具类完成...
2025-07-01 10:15:20,354 [INFO] 程序开始运行...
2025-07-01 10:15:20,404 [INFO] 创建 QApplication 实例...
2025-07-01 10:15:20,409 [INFO] 初始化主窗口...
2025-07-01 10:15:20,409 [INFO] 初始化配置...
2025-07-01 10:15:20,409 [INFO] 加载配置...
2025-07-01 10:15:20,409 [INFO] 配置加载完成: 3个导航项, 27个工具
2025-07-01 10:15:20,411 [INFO] 后台工作线程初始化完成
2025-07-01 10:15:20,411 [INFO] 开始初始化界面...
2025-07-01 10:15:20,679 [INFO] 界面初始化完成
2025-07-01 10:15:20,679 [INFO] 主窗口初始化完成
2025-07-01 10:15:20,688 [INFO] 创建主窗口...
2025-07-01 10:15:20,761 [INFO] 显示主窗口...
2025-07-01 10:15:25,035 [INFO] 保存配置...
2025-07-01 10:15:50,413 [INFO] 内存优化完成
2025-07-01 10:16:03,150 [INFO] 保存配置...
2025-07-01 10:16:14,417 [INFO] 正在关闭应用程序，请稍候...
2025-07-01 10:16:15,425 [WARNING] Pip安装线程未能及时停止。
2025-07-01 10:17:48,263 [INFO] 定义配置类完成...
2025-07-01 10:17:48,264 [INFO] 定义工具类完成...
2025-07-01 10:17:48,264 [INFO] 程序开始运行...
2025-07-01 10:17:48,322 [INFO] 创建 QApplication 实例...
2025-07-01 10:17:48,322 [INFO] 初始化主窗口...
2025-07-01 10:17:48,322 [INFO] 初始化配置...
2025-07-01 10:17:48,322 [INFO] 加载配置...
2025-07-01 10:17:48,322 [INFO] 配置加载完成: 3个导航项, 27个工具
2025-07-01 10:17:48,325 [INFO] 后台工作线程初始化完成
2025-07-01 10:17:48,325 [INFO] 开始初始化界面...
2025-07-01 10:17:48,613 [INFO] 界面初始化完成
2025-07-01 10:17:48,613 [INFO] 主窗口初始化完成
2025-07-01 10:17:48,616 [INFO] 创建主窗口...
2025-07-01 10:17:48,720 [INFO] 显示主窗口...
2025-07-01 10:17:50,352 [INFO] 保存配置...
2025-07-01 10:18:07,758 [INFO] 保存配置...
2025-07-01 10:18:08,097 [INFO] 进程已结束: BurpSuite2023 (PID: 35892)
2025-07-01 10:18:18,348 [INFO] 内存优化完成
2025-07-01 10:18:19,355 [INFO] 进程已结束: burpsuite2025 (PID: 25484)
2025-07-01 10:18:22,039 [INFO] 保存配置...
2025-07-01 10:18:25,770 [INFO] 进程已结束: Jack-Proxy-V3 (PID: 34832)
2025-07-01 10:18:32,776 [INFO] CyberChef加载成功
2025-07-01 10:18:34,109 [INFO] 保存配置...
2025-07-01 10:18:42,697 [INFO] 进程已结束: BurpSuite2023 (PID: 23264)
2025-07-01 10:18:48,353 [INFO] 内存优化完成
2025-07-01 10:19:18,344 [INFO] 内存优化完成
2025-07-01 10:19:33,520 [INFO] 正在关闭应用程序，请稍候...
2025-07-01 10:19:34,523 [WARNING] Pip安装线程未能及时停止。
2025-07-01 10:23:02,787 [INFO] 定义配置类完成...
2025-07-01 10:23:02,787 [INFO] 定义工具类完成...
2025-07-01 10:23:02,788 [INFO] 程序开始运行...
2025-07-01 10:23:02,845 [INFO] 创建 QApplication 实例...
2025-07-01 10:23:02,845 [INFO] 初始化主窗口...
2025-07-01 10:23:02,846 [INFO] 初始化配置...
2025-07-01 10:23:02,846 [INFO] 加载配置...
2025-07-01 10:23:02,846 [INFO] 配置加载完成: 3个导航项, 27个工具
2025-07-01 10:23:02,847 [INFO] 后台工作线程初始化完成
2025-07-01 10:23:02,847 [INFO] 开始初始化界面...
2025-07-01 10:23:03,144 [INFO] 界面初始化完成
2025-07-01 10:23:03,144 [INFO] 主窗口初始化完成
2025-07-01 10:23:03,147 [INFO] 创建主窗口...
2025-07-01 10:23:03,244 [INFO] 显示主窗口...
2025-07-01 10:23:04,722 [INFO] 保存配置...
2025-07-01 10:23:07,346 [INFO] 进程已结束: Befree (PID: 38816)
2025-07-01 10:23:32,855 [INFO] 内存优化完成
2025-07-01 10:23:44,135 [INFO] 保存配置...
2025-07-01 10:23:45,370 [INFO] 保存配置...
2025-07-01 10:23:47,604 [INFO] 进程已结束: BurpSuite2023 (PID: 13256)
2025-07-01 10:24:02,846 [INFO] 内存优化完成
2025-07-01 10:24:15,027 [INFO] 保存配置...
2025-07-01 10:24:16,007 [INFO] 保存配置...
2025-07-01 10:24:17,843 [INFO] 进程已结束: burpsuite2025 (PID: 20044)
2025-07-01 10:24:32,852 [INFO] 内存优化完成
2025-07-01 10:24:37,148 [INFO] 保存配置...
2025-07-01 10:24:40,372 [INFO] 加载配置...
2025-07-01 10:24:40,373 [INFO] 配置加载完成: 3个导航项, 27个工具
2025-07-01 10:24:40,436 [INFO] 进程已结束: 冰蝎_v4.1.t00ls (PID: 16104)
2025-07-01 10:25:02,844 [INFO] 内存优化完成
2025-07-01 10:25:32,846 [INFO] 内存优化完成
2025-07-01 10:25:33,804 [INFO] CyberChef加载成功
2025-07-01 10:25:43,639 [INFO] CyberChef加载成功
2025-07-01 10:26:02,845 [INFO] 内存优化完成
2025-07-01 10:26:32,848 [INFO] 内存优化完成
2025-07-01 10:27:02,852 [INFO] 内存优化完成
2025-07-01 10:27:17,089 [INFO] 正在关闭应用程序，请稍候...
2025-07-01 10:27:18,108 [WARNING] Pip安装线程未能及时停止。
2025-07-01 10:29:50,152 [INFO] 定义配置类完成...
2025-07-01 10:29:50,152 [INFO] 定义工具类完成...
2025-07-01 10:29:50,152 [INFO] 程序开始运行...
2025-07-01 10:29:50,209 [INFO] 创建 QApplication 实例...
2025-07-01 10:29:50,210 [INFO] 初始化主窗口...
2025-07-01 10:29:50,210 [INFO] 初始化配置...
2025-07-01 10:29:50,211 [INFO] 加载配置...
2025-07-01 10:29:50,211 [INFO] 配置加载完成: 3个导航项, 27个工具
2025-07-01 10:29:50,213 [INFO] 后台工作线程初始化完成
2025-07-01 10:29:50,213 [INFO] 开始初始化界面...
2025-07-01 10:29:50,493 [INFO] 界面初始化完成
2025-07-01 10:29:50,494 [INFO] 主窗口初始化完成
2025-07-01 10:29:50,496 [INFO] 创建主窗口...
2025-07-01 10:29:50,572 [INFO] 显示主窗口...
2025-07-01 10:29:52,857 [INFO] 加载配置...
2025-07-01 10:29:52,858 [INFO] 配置加载完成: 3个导航项, 27个工具
2025-07-01 10:30:03,311 [INFO] 保存配置...
2025-07-01 10:30:08,553 [INFO] CyberChef加载成功
2025-07-01 10:30:08,777 [INFO] 正在关闭应用程序，请稍候...
2025-07-01 10:30:09,780 [WARNING] Pip安装线程未能及时停止。
2025-07-01 10:33:10,997 [INFO] 定义配置类完成...
2025-07-01 10:33:10,997 [INFO] 定义工具类完成...
2025-07-01 10:33:10,998 [INFO] 程序开始运行...
2025-07-01 10:33:11,051 [INFO] 创建 QApplication 实例...
2025-07-01 10:33:11,056 [INFO] 初始化主窗口...
2025-07-01 10:33:11,056 [INFO] 初始化配置...
2025-07-01 10:33:11,056 [INFO] 加载配置...
2025-07-01 10:33:11,056 [INFO] 配置加载完成: 3个导航项, 27个工具
2025-07-01 10:33:11,056 [INFO] 后台工作线程初始化完成
2025-07-01 10:33:11,056 [INFO] 开始初始化界面...
2025-07-01 10:33:11,323 [INFO] 界面初始化完成
2025-07-01 10:33:11,329 [INFO] 主窗口初始化完成
2025-07-01 10:33:11,332 [INFO] 创建主窗口...
2025-07-01 10:33:11,408 [INFO] 显示主窗口...
2025-07-01 10:33:28,852 [INFO] 加载配置...
2025-07-01 10:33:28,852 [INFO] 配置加载完成: 3个导航项, 27个工具
2025-07-01 10:33:29,925 [INFO] 保存配置...
2025-07-01 10:33:41,055 [INFO] 内存优化完成
2025-07-01 10:33:57,711 [INFO] 成功使用 Windows Terminal 打开路径: E:/Penetration/RedTeam/Post-Exploition/Lateral_Movement/impacket-0.11.0/examples
2025-07-01 10:34:11,052 [INFO] 内存优化完成
2025-07-01 10:34:23,275 [INFO] 加载配置...
2025-07-01 10:34:23,276 [INFO] 配置加载完成: 3个导航项, 27个工具
2025-07-01 10:34:37,336 [INFO] 加载配置...
2025-07-01 10:34:37,336 [INFO] 配置加载完成: 3个导航项, 27个工具
2025-07-01 10:34:41,046 [INFO] 内存优化完成
2025-07-01 10:35:05,561 [INFO] 正在关闭应用程序，请稍候...
2025-07-01 10:35:06,568 [WARNING] Pip安装线程未能及时停止。
2025-07-01 10:35:09,991 [INFO] 定义配置类完成...
2025-07-01 10:35:09,991 [INFO] 定义工具类完成...
2025-07-01 10:35:09,991 [INFO] 程序开始运行...
2025-07-01 10:35:10,046 [INFO] 创建 QApplication 实例...
2025-07-01 10:35:10,046 [INFO] 初始化主窗口...
2025-07-01 10:35:10,046 [INFO] 初始化配置...
2025-07-01 10:35:10,046 [INFO] 加载配置...
2025-07-01 10:35:10,046 [INFO] 配置加载完成: 3个导航项, 27个工具
2025-07-01 10:35:10,046 [INFO] 后台工作线程初始化完成
2025-07-01 10:35:10,046 [INFO] 开始初始化界面...
2025-07-01 10:35:10,319 [INFO] 界面初始化完成
2025-07-01 10:35:10,321 [INFO] 主窗口初始化完成
2025-07-01 10:35:10,324 [INFO] 创建主窗口...
2025-07-01 10:35:10,401 [INFO] 显示主窗口...
2025-07-01 10:35:34,462 [INFO] 正在关闭应用程序，请稍候...
2025-07-01 10:35:35,474 [WARNING] Pip安装线程未能及时停止。
2025-07-01 10:43:30,354 [INFO] 定义配置类完成...
2025-07-01 10:43:30,354 [INFO] 定义工具类完成...
2025-07-01 10:43:30,355 [INFO] 程序开始运行...
2025-07-01 10:43:30,410 [INFO] 创建 QApplication 实例...
2025-07-01 10:43:30,411 [INFO] 初始化主窗口...
2025-07-01 10:43:30,412 [INFO] 初始化配置...
2025-07-01 10:43:30,412 [INFO] 加载配置...
2025-07-01 10:43:30,413 [INFO] 配置加载完成: 3个导航项, 27个工具
2025-07-01 10:43:30,414 [INFO] 后台工作线程初始化完成
2025-07-01 10:43:30,414 [INFO] 开始初始化界面...
2025-07-01 10:43:30,690 [INFO] 界面初始化完成
2025-07-01 10:43:30,690 [INFO] 主窗口初始化完成
2025-07-01 10:43:30,693 [INFO] 创建主窗口...
2025-07-01 10:43:30,766 [INFO] 显示主窗口...
2025-07-01 10:43:33,567 [INFO] 加载配置...
2025-07-01 10:43:33,567 [INFO] 配置加载完成: 3个导航项, 27个工具
2025-07-01 10:43:37,397 [INFO] 保存配置...
2025-07-01 10:43:39,015 [INFO] 保存配置...
2025-07-01 10:43:43,433 [INFO] 进程已结束: 哥斯拉 (PID: 33376)
2025-07-01 10:43:45,815 [INFO] 进程已结束: 冰蝎_v4.1.t00ls (PID: 20128)
2025-07-01 10:43:49,189 [INFO] CyberChef加载成功
2025-07-01 10:43:56,201 [INFO] 正在关闭应用程序，请稍候...
2025-07-01 10:43:57,202 [WARNING] Pip安装线程未能及时停止。
2025-07-01 10:59:16,042 [INFO] 定义配置类完成...
2025-07-01 10:59:16,043 [INFO] 定义工具类完成...
2025-07-01 10:59:16,043 [INFO] 程序开始运行...
2025-07-01 10:59:16,100 [INFO] 创建 QApplication 实例...
2025-07-01 10:59:16,101 [INFO] 初始化主窗口...
2025-07-01 10:59:16,101 [INFO] 初始化配置...
2025-07-01 10:59:16,101 [INFO] 加载配置...
2025-07-01 10:59:16,101 [INFO] 配置加载完成: 3个导航项, 27个工具
2025-07-01 10:59:16,102 [INFO] 后台工作线程初始化完成
2025-07-01 10:59:16,102 [INFO] 开始初始化界面...
2025-07-01 10:59:16,387 [INFO] 界面初始化完成
2025-07-01 10:59:16,387 [INFO] 主窗口初始化完成
2025-07-01 10:59:16,391 [INFO] 创建主窗口...
2025-07-01 10:59:16,466 [INFO] 显示主窗口...
2025-07-01 10:59:18,379 [INFO] CyberChef加载成功
2025-07-01 10:59:46,120 [INFO] 内存优化完成
2025-07-01 11:00:16,118 [INFO] 内存优化完成
2025-07-01 11:00:46,114 [INFO] 内存优化完成
2025-07-01 11:01:16,133 [INFO] 内存优化完成
2025-07-01 11:01:46,148 [INFO] 内存优化完成
2025-07-01 11:01:57,696 [INFO] 正在关闭应用程序，请稍候...
2025-07-01 11:01:58,707 [WARNING] Pip安装线程未能及时停止。
2025-07-01 11:02:01,243 [INFO] 定义配置类完成...
2025-07-01 11:02:01,243 [INFO] 定义工具类完成...
2025-07-01 11:02:01,244 [INFO] 程序开始运行...
2025-07-01 11:02:01,299 [INFO] 创建 QApplication 实例...
2025-07-01 11:02:01,301 [INFO] 初始化主窗口...
2025-07-01 11:02:01,301 [INFO] 初始化配置...
2025-07-01 11:02:01,301 [INFO] 加载配置...
2025-07-01 11:02:01,301 [INFO] 配置加载完成: 3个导航项, 27个工具
2025-07-01 11:02:01,302 [INFO] 后台工作线程初始化完成
2025-07-01 11:02:01,302 [INFO] 开始初始化界面...
2025-07-01 11:02:01,576 [INFO] 界面初始化完成
2025-07-01 11:02:01,578 [INFO] 主窗口初始化完成
2025-07-01 11:02:01,581 [INFO] 创建主窗口...
2025-07-01 11:02:01,666 [INFO] 显示主窗口...
2025-07-01 11:02:31,296 [INFO] 内存优化完成
2025-07-01 11:03:01,312 [INFO] 内存优化完成
2025-07-01 11:03:31,337 [INFO] 内存优化完成
2025-07-01 11:04:01,336 [INFO] 内存优化完成
2025-07-01 11:04:13,999 [INFO] 正在关闭应用程序，请稍候...
2025-07-01 11:04:15,006 [WARNING] Pip安装线程未能及时停止。
2025-07-01 11:04:16,765 [INFO] 定义配置类完成...
2025-07-01 11:04:16,765 [INFO] 定义工具类完成...
2025-07-01 11:04:16,765 [INFO] 程序开始运行...
2025-07-01 11:04:16,822 [INFO] 创建 QApplication 实例...
2025-07-01 11:04:16,823 [INFO] 初始化主窗口...
2025-07-01 11:04:16,823 [INFO] 初始化配置...
2025-07-01 11:04:16,824 [INFO] 加载配置...
2025-07-01 11:04:16,824 [INFO] 配置加载完成: 3个导航项, 27个工具
2025-07-01 11:04:16,825 [INFO] 后台工作线程初始化完成
2025-07-01 11:04:16,825 [INFO] 开始初始化界面...
2025-07-01 11:04:17,113 [INFO] 界面初始化完成
2025-07-01 11:04:17,115 [INFO] 主窗口初始化完成
2025-07-01 11:04:17,117 [INFO] 创建主窗口...
2025-07-01 11:04:17,193 [INFO] 显示主窗口...
2025-07-01 11:04:32,887 [INFO] 加载配置...
2025-07-01 11:04:32,887 [INFO] 配置加载完成: 3个导航项, 27个工具
2025-07-01 11:04:46,829 [INFO] 内存优化完成
2025-07-01 11:04:59,374 [INFO] 正在关闭应用程序，请稍候...
2025-07-01 11:05:00,392 [WARNING] Pip安装线程未能及时停止。
2025-07-01 11:05:29,748 [INFO] 定义配置类完成...
2025-07-01 11:05:29,748 [INFO] 定义工具类完成...
2025-07-01 11:05:29,750 [INFO] 程序开始运行...
2025-07-01 11:05:29,812 [INFO] 创建 QApplication 实例...
2025-07-01 11:05:29,813 [INFO] 初始化主窗口...
2025-07-01 11:05:29,813 [INFO] 初始化配置...
2025-07-01 11:05:29,813 [INFO] 加载配置...
2025-07-01 11:05:29,813 [INFO] 配置加载完成: 3个导航项, 27个工具
2025-07-01 11:05:29,813 [INFO] 后台工作线程初始化完成
2025-07-01 11:05:29,813 [INFO] 开始初始化界面...
2025-07-01 11:05:30,101 [INFO] 界面初始化完成
2025-07-01 11:05:30,102 [INFO] 主窗口初始化完成
2025-07-01 11:05:30,105 [INFO] 创建主窗口...
2025-07-01 11:05:30,180 [INFO] 显示主窗口...
2025-07-01 11:05:59,822 [INFO] 内存优化完成
2025-07-01 11:06:29,812 [INFO] 内存优化完成
2025-07-01 11:06:53,905 [INFO] 正在关闭应用程序，请稍候...
2025-07-01 11:06:54,922 [WARNING] Pip安装线程未能及时停止。
2025-07-01 11:06:58,022 [INFO] 定义配置类完成...
2025-07-01 11:06:58,022 [INFO] 定义工具类完成...
2025-07-01 11:06:58,023 [INFO] 程序开始运行...
2025-07-01 11:06:58,082 [INFO] 创建 QApplication 实例...
2025-07-01 11:06:58,083 [INFO] 初始化主窗口...
2025-07-01 11:06:58,083 [INFO] 初始化配置...
2025-07-01 11:06:58,083 [INFO] 加载配置...
2025-07-01 11:06:58,084 [INFO] 配置加载完成: 3个导航项, 27个工具
2025-07-01 11:06:58,085 [INFO] 后台工作线程初始化完成
2025-07-01 11:06:58,085 [INFO] 开始初始化界面...
2025-07-01 11:06:58,353 [INFO] 界面初始化完成
2025-07-01 11:06:58,354 [INFO] 主窗口初始化完成
2025-07-01 11:06:58,357 [INFO] 创建主窗口...
2025-07-01 11:06:58,430 [INFO] 显示主窗口...
2025-07-01 11:07:28,089 [INFO] 内存优化完成
2025-07-01 11:07:58,078 [INFO] 内存优化完成
2025-07-01 11:08:28,081 [INFO] 内存优化完成
2025-07-01 11:08:34,741 [INFO] 正在关闭应用程序，请稍候...
2025-07-01 11:08:35,751 [WARNING] Pip安装线程未能及时停止。
2025-07-01 11:08:52,565 [INFO] 定义配置类完成...
2025-07-01 11:08:52,565 [INFO] 定义工具类完成...
2025-07-01 11:08:52,566 [INFO] 程序开始运行...
2025-07-01 11:08:52,624 [INFO] 创建 QApplication 实例...
2025-07-01 11:08:52,625 [INFO] 初始化主窗口...
2025-07-01 11:08:52,625 [INFO] 初始化配置...
2025-07-01 11:08:52,626 [INFO] 加载配置...
2025-07-01 11:08:52,626 [INFO] 配置加载完成: 3个导航项, 27个工具
2025-07-01 11:08:52,626 [INFO] 后台工作线程初始化完成
2025-07-01 11:08:52,626 [INFO] 开始初始化界面...
2025-07-01 11:08:52,897 [INFO] 界面初始化完成
2025-07-01 11:08:52,898 [INFO] 主窗口初始化完成
2025-07-01 11:08:52,901 [INFO] 创建主窗口...
2025-07-01 11:08:52,971 [INFO] 显示主窗口...
2025-07-01 11:09:22,640 [INFO] 内存优化完成
2025-07-01 11:09:23,498 [INFO] 正在关闭应用程序，请稍候...
2025-07-01 11:09:24,505 [WARNING] Pip安装线程未能及时停止。
2025-07-01 11:09:30,942 [INFO] 定义配置类完成...
2025-07-01 11:09:30,943 [INFO] 定义工具类完成...
2025-07-01 11:09:30,943 [INFO] 程序开始运行...
2025-07-01 11:09:31,000 [INFO] 创建 QApplication 实例...
2025-07-01 11:09:31,000 [INFO] 初始化主窗口...
2025-07-01 11:09:31,000 [INFO] 初始化配置...
2025-07-01 11:09:31,001 [INFO] 加载配置...
2025-07-01 11:09:31,001 [INFO] 配置加载完成: 3个导航项, 27个工具
2025-07-01 11:09:31,002 [INFO] 后台工作线程初始化完成
2025-07-01 11:09:31,002 [INFO] 开始初始化界面...
2025-07-01 11:09:31,273 [INFO] 界面初始化完成
2025-07-01 11:09:31,274 [INFO] 主窗口初始化完成
2025-07-01 11:09:31,277 [INFO] 创建主窗口...
2025-07-01 11:09:31,348 [INFO] 显示主窗口...
2025-07-01 11:09:36,212 [INFO] 正在关闭应用程序，请稍候...
2025-07-01 11:09:37,228 [WARNING] Pip安装线程未能及时停止。
2025-07-01 11:09:46,146 [INFO] 定义配置类完成...
2025-07-01 11:09:46,147 [INFO] 定义工具类完成...
2025-07-01 11:09:46,147 [INFO] 程序开始运行...
2025-07-01 11:09:46,207 [INFO] 创建 QApplication 实例...
2025-07-01 11:09:46,207 [INFO] 初始化主窗口...
2025-07-01 11:09:46,207 [INFO] 初始化配置...
2025-07-01 11:09:46,208 [INFO] 加载配置...
2025-07-01 11:09:46,209 [INFO] 配置加载完成: 3个导航项, 27个工具
2025-07-01 11:09:46,210 [INFO] 后台工作线程初始化完成
2025-07-01 11:09:46,210 [INFO] 开始初始化界面...
2025-07-01 11:09:46,500 [INFO] 界面初始化完成
2025-07-01 11:09:46,500 [INFO] 主窗口初始化完成
2025-07-01 11:09:46,506 [INFO] 创建主窗口...
2025-07-01 11:09:46,579 [INFO] 显示主窗口...
2025-07-01 11:09:52,037 [INFO] 正在关闭应用程序，请稍候...
2025-07-01 11:09:53,041 [WARNING] Pip安装线程未能及时停止。
2025-07-01 11:10:09,289 [INFO] 定义配置类完成...
2025-07-01 11:10:09,290 [INFO] 定义工具类完成...
2025-07-01 11:10:09,290 [INFO] 程序开始运行...
2025-07-01 11:10:09,347 [INFO] 创建 QApplication 实例...
2025-07-01 11:10:09,347 [INFO] 初始化主窗口...
2025-07-01 11:10:09,348 [INFO] 初始化配置...
2025-07-01 11:10:09,348 [INFO] 加载配置...
2025-07-01 11:10:09,349 [INFO] 配置加载完成: 3个导航项, 27个工具
2025-07-01 11:10:09,349 [INFO] 后台工作线程初始化完成
2025-07-01 11:10:09,350 [INFO] 开始初始化界面...
2025-07-01 11:10:09,622 [INFO] 界面初始化完成
2025-07-01 11:10:09,622 [INFO] 主窗口初始化完成
2025-07-01 11:10:09,625 [INFO] 创建主窗口...
2025-07-01 11:10:09,697 [INFO] 显示主窗口...
2025-07-01 11:10:39,345 [INFO] 内存优化完成
2025-07-01 11:10:42,106 [INFO] 正在关闭应用程序，请稍候...
2025-07-01 11:10:43,120 [WARNING] Pip安装线程未能及时停止。
