2025-07-04 09:59:07,501 [INFO] 定义配置类完成...
2025-07-04 09:59:07,502 [INFO] 定义工具类完成...
2025-07-04 09:59:07,502 [INFO] 程序开始运行...
2025-07-04 09:59:07,617 [INFO] 创建 QApplication 实例...
2025-07-04 09:59:07,618 [INFO] 初始化主窗口...
2025-07-04 09:59:07,618 [INFO] 初始化配置...
2025-07-04 09:59:07,619 [INFO] 加载配置...
2025-07-04 09:59:07,619 [INFO] 配置加载完成: 4个导航项, 28个工具
2025-07-04 09:59:07,620 [INFO] 后台工作线程初始化完成
2025-07-04 09:59:07,620 [INFO] 开始初始化界面...
2025-07-04 09:59:07,947 [INFO] 界面初始化完成
2025-07-04 09:59:07,948 [INFO] 主窗口初始化完成
2025-07-04 09:59:07,951 [INFO] 创建主窗口...
2025-07-04 09:59:08,014 [INFO] 显示主窗口...
2025-07-04 09:59:11,656 [INFO] 保存配置...
2025-07-04 09:59:13,809 [INFO] 进程已结束: BurpSuite2023 (PID: 35816)
2025-07-04 15:12:35,281 [INFO] 定义配置类完成...
2025-07-04 15:12:35,281 [INFO] 定义工具类完成...
2025-07-04 15:12:35,281 [INFO] 程序开始运行...
2025-07-04 15:12:35,410 [INFO] 创建 QApplication 实例...
2025-07-04 15:12:35,411 [INFO] 初始化主窗口...
2025-07-04 15:12:35,411 [INFO] 初始化配置...
2025-07-04 15:12:35,411 [INFO] 加载配置...
2025-07-04 15:12:35,412 [INFO] 配置加载完成: 4个导航项, 28个工具
2025-07-04 15:12:35,413 [INFO] 后台工作线程初始化完成
2025-07-04 15:12:35,413 [INFO] 开始初始化界面...
2025-07-04 15:12:35,802 [INFO] 界面初始化完成
2025-07-04 15:12:35,802 [INFO] 主窗口初始化完成
2025-07-04 15:12:35,805 [INFO] 创建主窗口...
2025-07-04 15:12:35,947 [INFO] 显示主窗口...
2025-07-04 15:14:28,410 [INFO] 定义配置类完成...
2025-07-04 15:14:28,410 [INFO] 定义工具类完成...
2025-07-04 15:14:28,410 [INFO] 程序开始运行...
2025-07-04 15:14:28,472 [INFO] 创建 QApplication 实例...
2025-07-04 15:14:28,473 [INFO] 初始化主窗口...
2025-07-04 15:14:28,473 [INFO] 初始化配置...
2025-07-04 15:14:28,474 [INFO] 加载配置...
2025-07-04 15:14:28,474 [INFO] 配置加载完成: 4个导航项, 28个工具
2025-07-04 15:14:28,475 [INFO] 后台工作线程初始化完成
2025-07-04 15:14:28,475 [INFO] 开始初始化界面...
2025-07-04 15:14:28,788 [INFO] 界面初始化完成
2025-07-04 15:14:28,788 [INFO] 主窗口初始化完成
2025-07-04 15:14:28,792 [INFO] 创建主窗口...
2025-07-04 15:14:28,870 [INFO] 显示主窗口...
2025-07-04 15:26:33,937 [INFO] 定义配置类完成...
2025-07-04 15:26:33,937 [INFO] 定义工具类完成...
2025-07-04 15:26:33,938 [INFO] 程序开始运行...
2025-07-04 15:26:34,007 [INFO] 创建 QApplication 实例...
2025-07-04 15:26:34,007 [INFO] 初始化主窗口...
2025-07-04 15:26:34,008 [INFO] 初始化配置...
2025-07-04 15:26:34,008 [INFO] 加载配置...
2025-07-04 15:26:34,009 [INFO] 配置加载完成: 4个导航项, 28个工具
2025-07-04 15:26:34,010 [INFO] 后台工作线程初始化完成
2025-07-04 15:26:34,010 [INFO] 开始初始化界面...
2025-07-04 15:26:34,339 [INFO] 界面初始化完成
2025-07-04 15:26:34,339 [INFO] 主窗口初始化完成
2025-07-04 15:26:34,343 [INFO] 创建主窗口...
2025-07-04 15:26:34,421 [INFO] 显示主窗口...
2025-07-04 15:27:46,925 [INFO] 定义配置类完成...
2025-07-04 15:27:46,925 [INFO] 定义工具类完成...
2025-07-04 15:27:46,926 [INFO] 程序开始运行...
2025-07-04 15:27:47,017 [INFO] 创建 QApplication 实例...
2025-07-04 15:27:47,018 [INFO] 初始化主窗口...
2025-07-04 15:27:47,018 [INFO] 初始化配置...
2025-07-04 15:27:47,018 [INFO] 加载配置...
2025-07-04 15:27:47,019 [INFO] 配置加载完成: 4个导航项, 28个工具
2025-07-04 15:27:47,021 [INFO] 后台工作线程初始化完成
2025-07-04 15:27:47,021 [INFO] 开始初始化界面...
2025-07-04 15:27:47,444 [INFO] 界面初始化完成
2025-07-04 15:27:47,444 [INFO] 主窗口初始化完成
2025-07-04 15:27:47,450 [INFO] 创建主窗口...
2025-07-04 15:27:47,547 [INFO] 显示主窗口...
2025-07-04 15:29:25,742 [INFO] 定义配置类完成...
2025-07-04 15:29:25,743 [INFO] 定义工具类完成...
2025-07-04 15:29:25,743 [INFO] 程序开始运行...
2025-07-04 15:29:25,806 [INFO] 创建 QApplication 实例...
2025-07-04 15:29:25,806 [INFO] 初始化主窗口...
2025-07-04 15:29:25,807 [INFO] 初始化配置...
2025-07-04 15:29:25,807 [INFO] 加载配置...
2025-07-04 15:29:25,808 [INFO] 配置加载完成: 4个导航项, 28个工具
2025-07-04 15:29:25,809 [INFO] 后台工作线程初始化完成
2025-07-04 15:29:25,809 [INFO] 开始初始化界面...
2025-07-04 15:29:26,115 [INFO] 界面初始化完成
2025-07-04 15:29:26,115 [INFO] 主窗口初始化完成
2025-07-04 15:29:26,119 [INFO] 创建主窗口...
2025-07-04 15:29:26,194 [INFO] 显示主窗口...
2025-07-04 15:29:55,811 [INFO] 内存优化完成
2025-07-04 15:30:25,826 [INFO] 内存优化完成
2025-07-04 15:30:55,812 [INFO] 内存优化完成
2025-07-04 15:31:12,666 [INFO] CyberChef加载成功
2025-07-04 15:31:13,844 [INFO] CyberChef加载成功
2025-07-04 15:31:17,236 [INFO] CyberChef加载成功
2025-07-04 15:33:09,502 [INFO] 定义配置类完成...
2025-07-04 15:33:09,502 [INFO] 定义工具类完成...
2025-07-04 15:33:09,503 [INFO] 程序开始运行...
2025-07-04 15:33:09,579 [INFO] 创建 QApplication 实例...
2025-07-04 15:33:09,580 [INFO] 初始化主窗口...
2025-07-04 15:33:09,580 [INFO] 初始化配置...
2025-07-04 15:33:09,580 [INFO] 加载配置...
2025-07-04 15:33:09,580 [INFO] 配置加载完成: 4个导航项, 28个工具
2025-07-04 15:33:09,581 [INFO] 后台工作线程初始化完成
2025-07-04 15:33:09,581 [INFO] 开始初始化界面...
2025-07-04 15:33:09,883 [INFO] 界面初始化完成
2025-07-04 15:33:09,884 [INFO] 主窗口初始化完成
2025-07-04 15:33:09,887 [INFO] 创建主窗口...
2025-07-04 15:33:09,967 [INFO] 显示主窗口...
2025-07-04 15:33:39,584 [INFO] 内存优化完成
2025-07-04 15:33:48,876 [INFO] 定义配置类完成...
2025-07-04 15:33:48,876 [INFO] 定义工具类完成...
2025-07-04 15:33:48,877 [INFO] 程序开始运行...
2025-07-04 15:33:48,953 [INFO] 创建 QApplication 实例...
2025-07-04 15:33:48,953 [INFO] 初始化主窗口...
2025-07-04 15:33:48,954 [INFO] 初始化配置...
2025-07-04 15:33:48,954 [INFO] 加载配置...
2025-07-04 15:33:48,955 [INFO] 配置加载完成: 4个导航项, 28个工具
2025-07-04 15:33:48,956 [INFO] 后台工作线程初始化完成
2025-07-04 15:33:48,956 [INFO] 开始初始化界面...
2025-07-04 15:33:49,255 [INFO] 界面初始化完成
2025-07-04 15:33:49,255 [INFO] 主窗口初始化完成
2025-07-04 15:33:49,259 [INFO] 创建主窗口...
2025-07-04 15:33:49,334 [INFO] 显示主窗口...
2025-07-04 15:34:19,107 [INFO] 内存优化完成
2025-07-04 15:34:33,475 [INFO] 定义配置类完成...
2025-07-04 15:34:33,475 [INFO] 定义工具类完成...
2025-07-04 15:34:33,476 [INFO] 程序开始运行...
2025-07-04 15:34:33,556 [INFO] 创建 QApplication 实例...
2025-07-04 15:34:33,557 [INFO] 初始化主窗口...
2025-07-04 15:34:33,557 [INFO] 初始化配置...
2025-07-04 15:34:33,558 [INFO] 加载配置...
2025-07-04 15:34:33,558 [INFO] 配置加载完成: 4个导航项, 28个工具
2025-07-04 15:34:33,560 [INFO] 后台工作线程初始化完成
2025-07-04 15:34:33,560 [INFO] 开始初始化界面...
2025-07-04 15:34:33,878 [INFO] 界面初始化完成
2025-07-04 15:34:33,878 [INFO] 主窗口初始化完成
2025-07-04 15:34:33,883 [INFO] 创建主窗口...
2025-07-04 15:34:33,963 [INFO] 显示主窗口...
2025-07-04 15:35:03,569 [INFO] 内存优化完成
2025-07-04 15:35:33,571 [INFO] 内存优化完成
2025-07-04 15:36:03,562 [INFO] 内存优化完成
2025-07-04 15:39:48,979 [INFO] 定义配置类完成...
2025-07-04 15:39:48,979 [INFO] 定义工具类完成...
2025-07-04 15:39:48,979 [INFO] 程序开始运行...
2025-07-04 15:39:49,047 [INFO] 创建 QApplication 实例...
2025-07-04 15:39:49,048 [INFO] 初始化主窗口...
2025-07-04 15:39:49,048 [INFO] 初始化配置...
2025-07-04 15:39:49,048 [INFO] 加载配置...
2025-07-04 15:39:49,049 [INFO] 配置加载完成: 4个导航项, 28个工具
2025-07-04 15:39:49,049 [INFO] 后台工作线程初始化完成
2025-07-04 15:39:49,049 [INFO] 开始初始化界面...
2025-07-04 15:39:49,352 [INFO] 界面初始化完成
2025-07-04 15:39:49,352 [INFO] 主窗口初始化完成
2025-07-04 15:39:49,355 [INFO] 创建主窗口...
2025-07-04 15:39:49,430 [INFO] 显示主窗口...
2025-07-04 15:40:50,644 [INFO] 定义配置类完成...
2025-07-04 15:40:50,644 [INFO] 定义工具类完成...
2025-07-04 15:40:50,645 [INFO] 程序开始运行...
2025-07-04 15:40:50,735 [INFO] 创建 QApplication 实例...
2025-07-04 15:40:50,736 [INFO] 初始化主窗口...
2025-07-04 15:40:50,736 [INFO] 初始化配置...
2025-07-04 15:40:50,736 [INFO] 加载配置...
2025-07-04 15:40:50,737 [INFO] 配置加载完成: 4个导航项, 28个工具
2025-07-04 15:40:50,738 [INFO] 后台工作线程初始化完成
2025-07-04 15:40:50,738 [INFO] 开始初始化界面...
2025-07-04 15:40:51,060 [INFO] 界面初始化完成
2025-07-04 15:40:51,060 [INFO] 主窗口初始化完成
2025-07-04 15:40:51,064 [INFO] 创建主窗口...
2025-07-04 15:40:51,142 [INFO] 显示主窗口...
2025-07-04 15:41:20,739 [INFO] 内存优化完成
2025-07-04 15:41:40,804 [INFO] 定义配置类完成...
2025-07-04 15:41:40,804 [INFO] 定义工具类完成...
2025-07-04 15:41:40,805 [INFO] 程序开始运行...
2025-07-04 15:41:40,871 [INFO] 创建 QApplication 实例...
2025-07-04 15:41:40,872 [INFO] 初始化主窗口...
2025-07-04 15:41:40,873 [INFO] 初始化配置...
2025-07-04 15:41:40,873 [INFO] 加载配置...
2025-07-04 15:41:40,873 [INFO] 配置加载完成: 4个导航项, 28个工具
2025-07-04 15:41:40,874 [INFO] 后台工作线程初始化完成
2025-07-04 15:41:40,875 [INFO] 开始初始化界面...
2025-07-04 15:41:41,182 [INFO] 界面初始化完成
2025-07-04 15:41:41,183 [INFO] 主窗口初始化完成
2025-07-04 15:41:41,186 [INFO] 创建主窗口...
2025-07-04 15:41:41,262 [INFO] 显示主窗口...
2025-07-04 15:41:53,010 [INFO] 正在关闭应用程序，请稍候...
2025-07-04 15:41:54,014 [WARNING] Pip安装线程未能及时停止。
2025-07-04 15:41:58,688 [INFO] 定义配置类完成...
2025-07-04 15:41:58,689 [INFO] 定义工具类完成...
2025-07-04 15:41:58,689 [INFO] 程序开始运行...
2025-07-04 15:41:58,756 [INFO] 创建 QApplication 实例...
2025-07-04 15:41:58,757 [INFO] 初始化主窗口...
2025-07-04 15:41:58,757 [INFO] 初始化配置...
2025-07-04 15:41:58,757 [INFO] 加载配置...
2025-07-04 15:41:58,758 [INFO] 配置加载完成: 4个导航项, 28个工具
2025-07-04 15:41:58,759 [INFO] 后台工作线程初始化完成
2025-07-04 15:41:58,759 [INFO] 开始初始化界面...
2025-07-04 15:41:59,036 [INFO] 界面初始化完成
2025-07-04 15:41:59,036 [INFO] 主窗口初始化完成
2025-07-04 15:41:59,040 [INFO] 创建主窗口...
2025-07-04 15:41:59,122 [INFO] 显示主窗口...
2025-07-04 15:42:28,748 [INFO] 内存优化完成
2025-07-04 15:42:58,763 [INFO] 内存优化完成
2025-07-04 15:48:46,714 [INFO] 定义配置类完成...
2025-07-04 15:48:46,714 [INFO] 定义工具类完成...
2025-07-04 15:48:46,715 [INFO] 程序开始运行...
2025-07-04 15:48:46,820 [INFO] 创建 QApplication 实例...
2025-07-04 15:48:46,821 [INFO] 初始化主窗口...
2025-07-04 15:48:46,821 [INFO] 初始化配置...
2025-07-04 15:48:46,822 [INFO] 加载配置...
2025-07-04 15:48:46,822 [INFO] 配置加载完成: 4个导航项, 28个工具
2025-07-04 15:48:46,823 [INFO] 后台工作线程初始化完成
2025-07-04 15:48:46,823 [INFO] 开始初始化界面...
2025-07-04 15:48:47,272 [INFO] 界面初始化完成
2025-07-04 15:48:47,272 [INFO] 主窗口初始化完成
2025-07-04 15:48:47,277 [INFO] 创建主窗口...
2025-07-04 15:48:47,397 [INFO] 显示主窗口...
2025-07-04 15:49:16,816 [INFO] 内存优化完成
2025-07-04 15:49:46,823 [INFO] 内存优化完成
2025-07-04 15:53:16,980 [INFO] 定义配置类完成...
2025-07-04 15:53:16,980 [INFO] 定义工具类完成...
2025-07-04 15:53:16,981 [INFO] 程序开始运行...
2025-07-04 15:53:17,079 [INFO] 创建 QApplication 实例...
2025-07-04 15:53:17,080 [INFO] 初始化主窗口...
2025-07-04 15:53:17,080 [INFO] 初始化配置...
2025-07-04 15:53:17,081 [INFO] 加载配置...
2025-07-04 15:53:17,081 [INFO] 配置加载完成: 4个导航项, 28个工具
2025-07-04 15:53:17,083 [INFO] 后台工作线程初始化完成
2025-07-04 15:53:17,083 [INFO] 开始初始化界面...
2025-07-04 15:53:17,502 [INFO] 界面初始化完成
2025-07-04 15:53:17,502 [INFO] 主窗口初始化完成
2025-07-04 15:53:17,508 [INFO] 创建主窗口...
2025-07-04 15:53:17,612 [INFO] 显示主窗口...
2025-07-04 15:54:15,332 [INFO] 定义配置类完成...
2025-07-04 15:54:15,333 [INFO] 定义工具类完成...
2025-07-04 15:54:15,333 [INFO] 程序开始运行...
2025-07-04 15:54:15,409 [INFO] 创建 QApplication 实例...
2025-07-04 15:54:15,410 [INFO] 初始化主窗口...
2025-07-04 15:54:15,411 [INFO] 初始化配置...
2025-07-04 15:54:15,411 [INFO] 加载配置...
2025-07-04 15:54:15,411 [INFO] 配置加载完成: 4个导航项, 28个工具
2025-07-04 15:54:15,413 [INFO] 后台工作线程初始化完成
2025-07-04 15:54:15,413 [INFO] 开始初始化界面...
2025-07-04 15:54:15,851 [INFO] 界面初始化完成
2025-07-04 15:54:15,851 [INFO] 主窗口初始化完成
2025-07-04 15:54:15,857 [INFO] 创建主窗口...
2025-07-04 15:54:15,976 [INFO] 显示主窗口...
2025-07-04 15:56:52,413 [INFO] 定义配置类完成...
2025-07-04 15:56:52,413 [INFO] 定义工具类完成...
2025-07-04 15:56:52,413 [INFO] 程序开始运行...
2025-07-04 15:56:52,482 [INFO] 创建 QApplication 实例...
2025-07-04 15:56:52,483 [INFO] 初始化主窗口...
2025-07-04 15:56:52,483 [INFO] 初始化配置...
2025-07-04 15:56:52,483 [INFO] 加载配置...
2025-07-04 15:56:52,484 [INFO] 配置加载完成: 4个导航项, 28个工具
2025-07-04 15:56:52,485 [INFO] 后台工作线程初始化完成
2025-07-04 15:56:52,485 [INFO] 开始初始化界面...
2025-07-04 15:56:52,792 [INFO] 界面初始化完成
2025-07-04 15:56:52,793 [INFO] 主窗口初始化完成
2025-07-04 15:56:52,797 [INFO] 创建主窗口...
2025-07-04 15:56:52,876 [INFO] 显示主窗口...
2025-07-04 16:01:03,336 [INFO] 定义配置类完成...
2025-07-04 16:01:03,336 [INFO] 定义工具类完成...
2025-07-04 16:01:03,336 [INFO] 程序开始运行...
2025-07-04 16:01:03,404 [INFO] 创建 QApplication 实例...
2025-07-04 16:01:03,405 [INFO] 初始化主窗口...
2025-07-04 16:01:03,405 [INFO] 初始化配置...
2025-07-04 16:01:03,405 [INFO] 加载配置...
2025-07-04 16:01:03,406 [INFO] 配置加载完成: 4个导航项, 28个工具
2025-07-04 16:01:03,407 [INFO] 后台工作线程初始化完成
2025-07-04 16:01:03,407 [INFO] 开始初始化界面...
2025-07-04 16:01:03,712 [INFO] 界面初始化完成
2025-07-04 16:01:03,712 [INFO] 主窗口初始化完成
2025-07-04 16:01:03,715 [INFO] 创建主窗口...
2025-07-04 16:01:03,788 [INFO] 显示主窗口...
2025-07-04 16:02:12,255 [INFO] 定义配置类完成...
2025-07-04 16:02:12,256 [INFO] 定义工具类完成...
2025-07-04 16:02:12,256 [INFO] 程序开始运行...
2025-07-04 16:02:12,324 [INFO] 创建 QApplication 实例...
2025-07-04 16:02:12,325 [INFO] 初始化主窗口...
2025-07-04 16:02:12,325 [INFO] 初始化配置...
2025-07-04 16:02:12,325 [INFO] 加载配置...
2025-07-04 16:02:12,326 [INFO] 配置加载完成: 4个导航项, 28个工具
2025-07-04 16:02:12,327 [INFO] 后台工作线程初始化完成
2025-07-04 16:02:12,327 [INFO] 开始初始化界面...
2025-07-04 16:02:12,626 [INFO] 界面初始化完成
2025-07-04 16:02:12,627 [INFO] 主窗口初始化完成
2025-07-04 16:02:12,630 [INFO] 创建主窗口...
2025-07-04 16:02:12,705 [INFO] 显示主窗口...
2025-07-04 16:02:29,510 [INFO] 定义配置类完成...
2025-07-04 16:02:29,510 [INFO] 定义工具类完成...
2025-07-04 16:02:29,510 [INFO] 程序开始运行...
2025-07-04 16:02:29,580 [INFO] 创建 QApplication 实例...
2025-07-04 16:02:29,580 [INFO] 初始化主窗口...
2025-07-04 16:02:29,581 [INFO] 初始化配置...
2025-07-04 16:02:29,581 [INFO] 加载配置...
2025-07-04 16:02:29,581 [INFO] 配置加载完成: 4个导航项, 28个工具
2025-07-04 16:02:29,582 [INFO] 后台工作线程初始化完成
2025-07-04 16:02:29,582 [INFO] 开始初始化界面...
2025-07-04 16:02:29,901 [INFO] 界面初始化完成
2025-07-04 16:02:29,901 [INFO] 主窗口初始化完成
2025-07-04 16:02:29,904 [INFO] 创建主窗口...
2025-07-04 16:02:29,980 [INFO] 显示主窗口...
2025-07-04 16:03:11,545 [INFO] 定义配置类完成...
2025-07-04 16:03:11,546 [INFO] 定义工具类完成...
2025-07-04 16:03:11,546 [INFO] 程序开始运行...
2025-07-04 16:03:11,617 [INFO] 创建 QApplication 实例...
2025-07-04 16:03:11,618 [INFO] 初始化主窗口...
2025-07-04 16:03:11,618 [INFO] 初始化配置...
2025-07-04 16:03:11,618 [INFO] 加载配置...
2025-07-04 16:03:11,619 [INFO] 配置加载完成: 4个导航项, 28个工具
2025-07-04 16:03:11,620 [INFO] 后台工作线程初始化完成
2025-07-04 16:03:11,620 [INFO] 开始初始化界面...
2025-07-04 16:03:11,927 [INFO] 界面初始化完成
2025-07-04 16:03:11,928 [INFO] 主窗口初始化完成
2025-07-04 16:03:11,931 [INFO] 创建主窗口...
2025-07-04 16:03:12,011 [INFO] 显示主窗口...
2025-07-04 16:04:55,824 [INFO] 定义配置类完成...
2025-07-04 16:04:55,824 [INFO] 定义工具类完成...
2025-07-04 16:04:55,825 [INFO] 程序开始运行...
2025-07-04 16:04:55,891 [INFO] 创建 QApplication 实例...
2025-07-04 16:04:55,892 [INFO] 初始化主窗口...
2025-07-04 16:04:55,892 [INFO] 初始化配置...
2025-07-04 16:04:55,893 [INFO] 加载配置...
2025-07-04 16:04:55,893 [INFO] 配置加载完成: 4个导航项, 28个工具
2025-07-04 16:04:55,894 [INFO] 后台工作线程初始化完成
2025-07-04 16:04:55,894 [INFO] 开始初始化界面...
2025-07-04 16:04:56,215 [INFO] 界面初始化完成
2025-07-04 16:04:56,216 [INFO] 主窗口初始化完成
2025-07-04 16:04:56,220 [INFO] 创建主窗口...
2025-07-04 16:04:56,297 [INFO] 显示主窗口...
2025-07-04 16:05:02,673 [INFO] 正在关闭应用程序，请稍候...
2025-07-04 16:05:03,676 [WARNING] Pip安装线程未能及时停止。
2025-07-04 16:05:05,010 [INFO] 定义配置类完成...
2025-07-04 16:05:05,010 [INFO] 定义工具类完成...
2025-07-04 16:05:05,011 [INFO] 程序开始运行...
2025-07-04 16:05:05,077 [INFO] 创建 QApplication 实例...
2025-07-04 16:05:05,078 [INFO] 初始化主窗口...
2025-07-04 16:05:05,078 [INFO] 初始化配置...
2025-07-04 16:05:05,078 [INFO] 加载配置...
2025-07-04 16:05:05,079 [INFO] 配置加载完成: 4个导航项, 28个工具
2025-07-04 16:05:05,080 [INFO] 后台工作线程初始化完成
2025-07-04 16:05:05,080 [INFO] 开始初始化界面...
2025-07-04 16:05:05,371 [INFO] 界面初始化完成
2025-07-04 16:05:05,371 [INFO] 主窗口初始化完成
2025-07-04 16:05:05,375 [INFO] 创建主窗口...
2025-07-04 16:05:05,456 [INFO] 显示主窗口...
2025-07-04 16:05:08,769 [INFO] CyberChef加载成功
2025-07-04 16:05:09,959 [INFO] CyberChef加载成功
2025-07-04 16:05:13,638 [INFO] CyberChef加载成功
2025-07-04 16:05:20,838 [INFO] 正在关闭应用程序，请稍候...
2025-07-04 16:05:21,843 [WARNING] Pip安装线程未能及时停止。
2025-07-04 16:23:22,458 [INFO] 定义配置类完成...
2025-07-04 16:23:22,458 [INFO] 定义工具类完成...
2025-07-04 16:23:22,458 [INFO] 程序开始运行...
2025-07-04 16:23:22,544 [INFO] 创建 QApplication 实例...
2025-07-04 16:23:22,545 [INFO] 初始化主窗口...
2025-07-04 16:23:22,545 [INFO] 初始化配置...
2025-07-04 16:23:22,545 [INFO] 加载配置...
2025-07-04 16:23:22,546 [INFO] 配置加载完成: 4个导航项, 28个工具
2025-07-04 16:23:22,547 [INFO] 后台工作线程初始化完成
2025-07-04 16:23:22,547 [INFO] 开始初始化界面...
2025-07-04 16:23:23,092 [INFO] 界面初始化完成
2025-07-04 16:23:23,092 [INFO] 主窗口初始化完成
2025-07-04 16:23:23,096 [INFO] 创建主窗口...
2025-07-04 16:23:23,183 [INFO] 显示主窗口...
2025-07-04 16:23:25,753 [INFO] 正在关闭应用程序，请稍候...
2025-07-04 16:23:26,765 [WARNING] Pip安装线程未能及时停止。
2025-07-04 16:23:30,084 [INFO] 定义配置类完成...
2025-07-04 16:23:30,084 [INFO] 定义工具类完成...
2025-07-04 16:23:30,085 [INFO] 程序开始运行...
2025-07-04 16:23:30,162 [INFO] 创建 QApplication 实例...
2025-07-04 16:23:30,163 [INFO] 初始化主窗口...
2025-07-04 16:23:30,163 [INFO] 初始化配置...
2025-07-04 16:23:30,163 [INFO] 加载配置...
2025-07-04 16:23:30,164 [INFO] 配置加载完成: 4个导航项, 28个工具
2025-07-04 16:23:30,165 [INFO] 后台工作线程初始化完成
2025-07-04 16:23:30,165 [INFO] 开始初始化界面...
2025-07-04 16:23:30,537 [INFO] 界面初始化完成
2025-07-04 16:23:30,537 [INFO] 主窗口初始化完成
2025-07-04 16:23:30,542 [INFO] 创建主窗口...
2025-07-04 16:23:30,636 [INFO] 显示主窗口...
2025-07-04 16:23:34,386 [INFO] CyberChef加载成功
2025-07-04 16:23:36,695 [INFO] CyberChef加载成功
2025-07-04 16:23:38,169 [INFO] CyberChef加载成功
2025-07-04 16:23:40,571 [INFO] CyberChef加载成功
2025-07-04 16:23:41,812 [INFO] CyberChef加载成功
2025-07-04 16:23:43,175 [INFO] 正在关闭应用程序，请稍候...
2025-07-04 16:23:44,179 [WARNING] Pip安装线程未能及时停止。
2025-07-04 16:32:18,613 [INFO] 定义配置类完成...
2025-07-04 16:32:18,614 [INFO] 定义工具类完成...
2025-07-04 16:32:18,614 [INFO] 程序开始运行...
2025-07-04 16:32:18,690 [INFO] 创建 QApplication 实例...
2025-07-04 16:32:18,690 [INFO] 初始化主窗口...
2025-07-04 16:32:18,692 [INFO] 初始化配置...
2025-07-04 16:32:18,692 [INFO] 加载配置...
2025-07-04 16:32:18,692 [INFO] 配置加载完成: 4个导航项, 28个工具
2025-07-04 16:32:18,694 [INFO] 后台工作线程初始化完成
2025-07-04 16:32:18,694 [INFO] 开始初始化界面...
2025-07-04 16:32:19,185 [INFO] 界面初始化完成
2025-07-04 16:32:19,185 [INFO] 主窗口初始化完成
2025-07-04 16:32:19,189 [INFO] 创建主窗口...
2025-07-04 16:32:19,283 [INFO] 显示主窗口...
2025-07-04 16:32:22,286 [INFO] 正在关闭应用程序，请稍候...
2025-07-04 16:32:23,298 [WARNING] Pip安装线程未能及时停止。
2025-07-04 16:32:25,365 [INFO] 定义配置类完成...
2025-07-04 16:32:25,365 [INFO] 定义工具类完成...
2025-07-04 16:32:25,366 [INFO] 程序开始运行...
2025-07-04 16:32:25,435 [INFO] 创建 QApplication 实例...
2025-07-04 16:32:25,435 [INFO] 初始化主窗口...
2025-07-04 16:32:25,436 [INFO] 初始化配置...
2025-07-04 16:32:25,436 [INFO] 加载配置...
2025-07-04 16:32:25,436 [INFO] 配置加载完成: 4个导航项, 28个工具
2025-07-04 16:32:25,438 [INFO] 后台工作线程初始化完成
2025-07-04 16:32:25,438 [INFO] 开始初始化界面...
2025-07-04 16:32:25,722 [INFO] 界面初始化完成
2025-07-04 16:32:25,722 [INFO] 主窗口初始化完成
2025-07-04 16:32:25,725 [INFO] 创建主窗口...
2025-07-04 16:32:25,809 [INFO] 显示主窗口...
2025-07-04 16:32:55,443 [INFO] 内存优化完成
2025-07-04 16:33:25,436 [INFO] 内存优化完成
2025-07-04 16:33:55,447 [INFO] 内存优化完成
2025-07-04 16:34:25,445 [INFO] 内存优化完成
2025-07-04 16:34:55,449 [INFO] 内存优化完成
2025-07-04 16:35:25,441 [INFO] 内存优化完成
2025-07-04 16:35:49,371 [INFO] CyberChef加载成功
2025-07-04 16:35:55,437 [INFO] 内存优化完成
2025-07-04 16:36:11,490 [INFO] CyberChef加载成功
2025-07-04 16:36:13,168 [INFO] CyberChef加载成功
2025-07-04 16:36:25,449 [INFO] 内存优化完成
2025-07-04 16:36:55,449 [INFO] 内存优化完成
2025-07-04 16:37:25,449 [INFO] 内存优化完成
2025-07-04 16:37:55,440 [INFO] 内存优化完成
2025-07-04 16:38:25,440 [INFO] 内存优化完成
2025-07-04 16:38:55,444 [INFO] 内存优化完成
2025-07-04 16:39:11,130 [INFO] 正在关闭应用程序，请稍候...
2025-07-04 16:39:12,146 [WARNING] Pip安装线程未能及时停止。
2025-07-04 16:39:13,635 [INFO] 定义配置类完成...
2025-07-04 16:39:13,635 [INFO] 定义工具类完成...
2025-07-04 16:39:13,635 [INFO] 程序开始运行...
2025-07-04 16:39:13,712 [INFO] 创建 QApplication 实例...
2025-07-04 16:39:13,713 [INFO] 初始化主窗口...
2025-07-04 16:39:13,713 [INFO] 初始化配置...
2025-07-04 16:39:13,714 [INFO] 加载配置...
2025-07-04 16:39:13,714 [INFO] 配置加载完成: 4个导航项, 28个工具
2025-07-04 16:39:13,715 [INFO] 后台工作线程初始化完成
2025-07-04 16:39:13,715 [INFO] 开始初始化界面...
2025-07-04 16:39:14,137 [INFO] 界面初始化完成
2025-07-04 16:39:14,138 [INFO] 主窗口初始化完成
2025-07-04 16:39:14,141 [INFO] 创建主窗口...
2025-07-04 16:39:14,225 [INFO] 显示主窗口...
2025-07-04 16:39:14,928 [INFO] 初始化配置...
2025-07-04 16:39:14,928 [INFO] 加载配置...
2025-07-04 16:39:14,929 [INFO] 配置加载完成: 4个导航项, 28个工具
2025-07-04 16:39:56,486 [INFO] 内存优化完成
2025-07-04 16:40:29,680 [INFO] 内存优化完成
2025-07-04 16:40:43,728 [INFO] 内存优化完成
2025-07-04 16:41:13,725 [INFO] 内存优化完成
2025-07-04 16:41:43,723 [INFO] 内存优化完成
2025-07-04 16:42:13,733 [INFO] 内存优化完成
2025-07-04 16:42:43,723 [INFO] 内存优化完成
2025-07-04 16:43:13,717 [INFO] 内存优化完成
2025-07-04 16:43:43,729 [INFO] 内存优化完成
2025-07-04 16:44:13,718 [INFO] 内存优化完成
2025-07-04 16:44:43,727 [INFO] 内存优化完成
2025-07-04 16:45:13,733 [INFO] 内存优化完成
2025-07-04 16:45:19,054 [INFO] 正在关闭应用程序，请稍候...
2025-07-04 16:45:20,064 [WARNING] Pip安装线程未能及时停止。
2025-07-04 16:45:22,907 [INFO] 定义配置类完成...
2025-07-04 16:45:22,908 [INFO] 定义工具类完成...
2025-07-04 16:45:22,908 [INFO] 程序开始运行...
2025-07-04 16:45:22,971 [INFO] 创建 QApplication 实例...
2025-07-04 16:45:22,972 [INFO] 初始化主窗口...
2025-07-04 16:45:22,972 [INFO] 初始化配置...
2025-07-04 16:45:22,973 [INFO] 加载配置...
2025-07-04 16:45:22,973 [INFO] 配置加载完成: 4个导航项, 28个工具
2025-07-04 16:45:22,974 [INFO] 后台工作线程初始化完成
2025-07-04 16:45:22,974 [INFO] 开始初始化界面...
2025-07-04 16:45:23,247 [INFO] 界面初始化完成
2025-07-04 16:45:23,247 [INFO] 主窗口初始化完成
2025-07-04 16:45:23,251 [INFO] 创建主窗口...
2025-07-04 16:45:23,322 [INFO] 显示主窗口...
2025-07-04 16:45:24,417 [INFO] 初始化配置...
2025-07-04 16:45:24,417 [INFO] 加载配置...
2025-07-04 16:45:24,417 [INFO] 配置加载完成: 4个导航项, 28个工具
2025-07-04 16:45:52,970 [INFO] 内存优化完成
2025-07-04 16:46:01,600 [INFO] 初始化配置...
2025-07-04 16:46:01,600 [INFO] 加载配置...
2025-07-04 16:46:01,601 [INFO] 配置加载完成: 4个导航项, 28个工具
2025-07-04 16:46:07,389 [INFO] 初始化配置...
2025-07-04 16:46:07,390 [INFO] 加载配置...
2025-07-04 16:46:07,390 [INFO] 配置加载完成: 4个导航项, 28个工具
2025-07-04 16:46:22,970 [INFO] 内存优化完成
2025-07-04 16:46:52,970 [INFO] 内存优化完成
2025-07-04 16:47:00,897 [INFO] 初始化配置...
2025-07-04 16:47:00,897 [INFO] 加载配置...
2025-07-04 16:47:00,898 [INFO] 配置加载完成: 4个导航项, 28个工具
2025-07-04 16:47:08,978 [INFO] 初始化配置...
2025-07-04 16:47:08,978 [INFO] 加载配置...
2025-07-04 16:47:08,978 [INFO] 配置加载完成: 4个导航项, 28个工具
2025-07-04 16:47:22,968 [INFO] 内存优化完成
2025-07-04 16:47:25,197 [INFO] 初始化配置...
2025-07-04 16:47:25,197 [INFO] 加载配置...
2025-07-04 16:47:25,197 [INFO] 配置加载完成: 4个导航项, 28个工具
2025-07-04 16:47:25,302 [INFO] CyberChef加载成功
2025-07-04 16:47:52,977 [INFO] 内存优化完成
2025-07-04 16:48:22,981 [INFO] 内存优化完成
2025-07-04 16:48:59,623 [INFO] 内存优化完成
2025-07-04 16:49:19,789 [INFO] 正在关闭应用程序，请稍候...
2025-07-04 16:49:20,792 [WARNING] Pip安装线程未能及时停止。
2025-07-04 16:49:22,535 [INFO] 定义配置类完成...
2025-07-04 16:49:22,535 [INFO] 定义工具类完成...
2025-07-04 16:49:22,535 [INFO] 程序开始运行...
2025-07-04 16:49:22,601 [INFO] 创建 QApplication 实例...
2025-07-04 16:49:22,602 [INFO] 初始化主窗口...
2025-07-04 16:49:22,603 [INFO] 初始化配置...
2025-07-04 16:49:22,603 [INFO] 加载配置...
2025-07-04 16:49:22,604 [INFO] 配置加载完成: 4个导航项, 28个工具
2025-07-04 16:49:22,605 [INFO] 后台工作线程初始化完成
2025-07-04 16:49:22,605 [INFO] 开始初始化界面...
2025-07-04 16:49:22,868 [INFO] 界面初始化完成
2025-07-04 16:49:22,868 [INFO] 主窗口初始化完成
2025-07-04 16:49:22,872 [INFO] 创建主窗口...
2025-07-04 16:49:22,950 [INFO] 显示主窗口...
2025-07-04 16:49:23,948 [INFO] 初始化配置...
2025-07-04 16:49:23,948 [INFO] 加载配置...
2025-07-04 16:49:23,949 [INFO] 配置加载完成: 4个导航项, 28个工具
2025-07-04 16:49:53,745 [INFO] 内存优化完成
2025-07-04 16:50:22,611 [INFO] 内存优化完成
2025-07-04 16:50:52,611 [INFO] 内存优化完成
2025-07-04 16:51:22,619 [INFO] 内存优化完成
2025-07-04 16:52:11,116 [INFO] 内存优化完成
2025-07-04 16:52:22,602 [INFO] 正在关闭应用程序，请稍候...
2025-07-04 16:52:23,619 [WARNING] Pip安装线程未能及时停止。
2025-07-04 16:52:25,110 [INFO] 定义配置类完成...
2025-07-04 16:52:25,110 [INFO] 定义工具类完成...
2025-07-04 16:52:25,111 [INFO] 程序开始运行...
2025-07-04 16:52:25,176 [INFO] 创建 QApplication 实例...
2025-07-04 16:52:25,177 [INFO] 初始化主窗口...
2025-07-04 16:52:25,177 [INFO] 初始化配置...
2025-07-04 16:52:25,178 [INFO] 加载配置...
2025-07-04 16:52:25,178 [INFO] 配置加载完成: 4个导航项, 28个工具
2025-07-04 16:52:25,179 [INFO] 后台工作线程初始化完成
2025-07-04 16:52:25,180 [INFO] 开始初始化界面...
2025-07-04 16:52:25,465 [INFO] 界面初始化完成
2025-07-04 16:52:25,465 [INFO] 主窗口初始化完成
2025-07-04 16:52:25,468 [INFO] 创建主窗口...
2025-07-04 16:52:25,543 [INFO] 显示主窗口...
2025-07-04 16:52:27,179 [INFO] 初始化配置...
2025-07-04 16:52:27,180 [INFO] 加载配置...
2025-07-04 16:52:27,180 [INFO] 配置加载完成: 4个导航项, 28个工具
2025-07-04 16:52:46,979 [INFO] 正在关闭应用程序，请稍候...
2025-07-04 16:52:47,984 [WARNING] Pip安装线程未能及时停止。
2025-07-04 16:52:52,421 [INFO] 定义配置类完成...
2025-07-04 16:52:52,421 [INFO] 定义工具类完成...
2025-07-04 16:52:52,422 [INFO] 程序开始运行...
2025-07-04 16:52:52,489 [INFO] 创建 QApplication 实例...
2025-07-04 16:52:52,490 [INFO] 初始化主窗口...
2025-07-04 16:52:52,490 [INFO] 初始化配置...
2025-07-04 16:52:52,490 [INFO] 加载配置...
2025-07-04 16:52:52,491 [INFO] 配置加载完成: 4个导航项, 28个工具
2025-07-04 16:52:52,492 [INFO] 后台工作线程初始化完成
2025-07-04 16:52:52,493 [INFO] 开始初始化界面...
2025-07-04 16:52:52,762 [INFO] 界面初始化完成
2025-07-04 16:52:52,762 [INFO] 主窗口初始化完成
2025-07-04 16:52:52,767 [INFO] 创建主窗口...
2025-07-04 16:52:52,843 [INFO] 显示主窗口...
2025-07-04 16:52:53,855 [INFO] 初始化配置...
2025-07-04 16:52:53,856 [INFO] 加载配置...
2025-07-04 16:52:53,856 [INFO] 配置加载完成: 4个导航项, 28个工具
2025-07-04 16:53:16,644 [INFO] 初始化配置...
2025-07-04 16:53:16,644 [INFO] 加载配置...
2025-07-04 16:53:16,645 [INFO] 配置加载完成: 4个导航项, 28个工具
2025-07-04 16:53:30,597 [INFO] 内存优化完成
2025-07-04 16:53:42,921 [INFO] 初始化配置...
2025-07-04 16:53:42,921 [INFO] 加载配置...
2025-07-04 16:53:42,921 [INFO] 配置加载完成: 4个导航项, 28个工具
2025-07-04 16:53:46,186 [INFO] CyberChef加载成功
2025-07-04 16:53:47,139 [INFO] 初始化配置...
2025-07-04 16:53:47,139 [INFO] 加载配置...
2025-07-04 16:53:47,139 [INFO] 配置加载完成: 4个导航项, 28个工具
2025-07-04 16:53:52,497 [INFO] 内存优化完成
2025-07-04 16:54:22,492 [INFO] 内存优化完成
2025-07-04 16:54:30,024 [INFO] 初始化配置...
2025-07-04 16:54:30,024 [INFO] 加载配置...
2025-07-04 16:54:30,025 [INFO] 配置加载完成: 4个导航项, 28个工具
2025-07-04 16:54:52,490 [INFO] 内存优化完成
2025-07-04 16:55:18,813 [INFO] 正在关闭应用程序，请稍候...
2025-07-04 16:55:19,817 [WARNING] Pip安装线程未能及时停止。
2025-07-04 16:55:26,212 [INFO] 定义配置类完成...
2025-07-04 16:55:26,212 [INFO] 定义工具类完成...
2025-07-04 16:55:26,212 [INFO] 程序开始运行...
2025-07-04 16:55:26,280 [INFO] 创建 QApplication 实例...
2025-07-04 16:55:26,281 [INFO] 初始化主窗口...
2025-07-04 16:55:26,281 [INFO] 初始化配置...
2025-07-04 16:55:26,281 [INFO] 加载配置...
2025-07-04 16:55:26,282 [INFO] 配置加载完成: 4个导航项, 28个工具
2025-07-04 16:55:26,283 [INFO] 后台工作线程初始化完成
2025-07-04 16:55:26,283 [INFO] 开始初始化界面...
2025-07-04 16:55:26,571 [INFO] 界面初始化完成
2025-07-04 16:55:26,571 [INFO] 主窗口初始化完成
2025-07-04 16:55:26,576 [INFO] 创建主窗口...
2025-07-04 16:55:26,689 [INFO] 显示主窗口...
2025-07-04 16:55:29,494 [INFO] 初始化配置...
2025-07-04 16:55:29,494 [INFO] 加载配置...
2025-07-04 16:55:29,494 [INFO] 配置加载完成: 4个导航项, 28个工具
2025-07-04 16:55:56,292 [INFO] 内存优化完成
2025-07-04 16:56:21,303 [INFO] 正在关闭应用程序，请稍候...
2025-07-04 16:56:22,311 [WARNING] Pip安装线程未能及时停止。
2025-07-04 16:56:24,692 [INFO] 定义配置类完成...
2025-07-04 16:56:24,692 [INFO] 定义工具类完成...
2025-07-04 16:56:24,692 [INFO] 程序开始运行...
2025-07-04 16:56:24,760 [INFO] 创建 QApplication 实例...
2025-07-04 16:56:24,760 [INFO] 初始化主窗口...
2025-07-04 16:56:24,761 [INFO] 初始化配置...
2025-07-04 16:56:24,761 [INFO] 加载配置...
2025-07-04 16:56:24,761 [INFO] 配置加载完成: 4个导航项, 28个工具
2025-07-04 16:56:24,763 [INFO] 后台工作线程初始化完成
2025-07-04 16:56:24,763 [INFO] 开始初始化界面...
2025-07-04 16:56:25,028 [INFO] 界面初始化完成
2025-07-04 16:56:25,028 [INFO] 主窗口初始化完成
2025-07-04 16:56:25,032 [INFO] 创建主窗口...
2025-07-04 16:56:25,099 [INFO] 显示主窗口...
2025-07-04 16:56:28,350 [INFO] 初始化配置...
2025-07-04 16:56:28,351 [INFO] 加载配置...
2025-07-04 16:56:28,351 [INFO] 配置加载完成: 4个导航项, 28个工具
2025-07-04 16:56:28,558 [INFO] CyberChef加载成功
2025-07-04 16:56:32,560 [INFO] 初始化配置...
2025-07-04 16:56:32,560 [INFO] 加载配置...
2025-07-04 16:56:32,561 [INFO] 配置加载完成: 4个导航项, 28个工具
2025-07-04 16:56:45,524 [INFO] CyberChef加载成功
2025-07-04 16:56:45,620 [INFO] 初始化配置...
2025-07-04 16:56:45,620 [INFO] 加载配置...
2025-07-04 16:56:45,620 [INFO] 配置加载完成: 4个导航项, 28个工具
2025-07-04 16:56:47,294 [INFO] CyberChef加载成功
2025-07-04 16:56:48,295 [INFO] CyberChef加载成功
2025-07-04 16:56:48,346 [INFO] 初始化配置...
2025-07-04 16:56:48,346 [INFO] 加载配置...
2025-07-04 16:56:48,346 [INFO] 配置加载完成: 4个导航项, 28个工具
2025-07-04 16:56:54,767 [INFO] 内存优化完成
2025-07-04 16:57:24,770 [INFO] 内存优化完成
2025-07-04 16:57:54,774 [INFO] 内存优化完成
2025-07-04 16:58:14,109 [INFO] 正在关闭应用程序，请稍候...
2025-07-04 16:58:15,124 [WARNING] Pip安装线程未能及时停止。
2025-07-04 16:58:17,552 [INFO] 定义配置类完成...
2025-07-04 16:58:17,552 [INFO] 定义工具类完成...
2025-07-04 16:58:17,553 [INFO] 程序开始运行...
2025-07-04 16:58:17,619 [INFO] 创建 QApplication 实例...
2025-07-04 16:58:17,620 [INFO] 初始化主窗口...
2025-07-04 16:58:17,620 [INFO] 初始化配置...
2025-07-04 16:58:17,621 [INFO] 加载配置...
2025-07-04 16:58:17,621 [INFO] 配置加载完成: 4个导航项, 28个工具
2025-07-04 16:58:17,622 [INFO] 后台工作线程初始化完成
2025-07-04 16:58:17,622 [INFO] 开始初始化界面...
2025-07-04 16:58:17,900 [INFO] 界面初始化完成
2025-07-04 16:58:17,901 [INFO] 主窗口初始化完成
2025-07-04 16:58:17,905 [INFO] 创建主窗口...
2025-07-04 16:58:17,979 [INFO] 显示主窗口...
2025-07-04 16:58:27,030 [INFO] CyberChef加载成功
2025-07-04 16:58:28,534 [INFO] CyberChef加载成功
2025-07-04 16:58:31,687 [INFO] 初始化配置...
2025-07-04 16:58:31,687 [INFO] 加载配置...
2025-07-04 16:58:31,688 [INFO] 配置加载完成: 4个导航项, 28个工具
2025-07-04 16:58:33,017 [INFO] CyberChef加载成功
2025-07-04 16:58:47,639 [INFO] 内存优化完成
2025-07-04 16:58:52,942 [INFO] 正在关闭应用程序，请稍候...
2025-07-04 16:58:53,949 [WARNING] Pip安装线程未能及时停止。
2025-07-04 16:58:54,895 [INFO] 定义配置类完成...
2025-07-04 16:58:54,895 [INFO] 定义工具类完成...
2025-07-04 16:58:54,895 [INFO] 程序开始运行...
2025-07-04 16:58:54,961 [INFO] 创建 QApplication 实例...
2025-07-04 16:58:54,962 [INFO] 初始化主窗口...
2025-07-04 16:58:54,962 [INFO] 初始化配置...
2025-07-04 16:58:54,963 [INFO] 加载配置...
2025-07-04 16:58:54,963 [INFO] 配置加载完成: 4个导航项, 28个工具
2025-07-04 16:58:54,964 [INFO] 后台工作线程初始化完成
2025-07-04 16:58:54,964 [INFO] 开始初始化界面...
2025-07-04 16:58:55,235 [INFO] 界面初始化完成
2025-07-04 16:58:55,235 [INFO] 主窗口初始化完成
2025-07-04 16:58:55,239 [INFO] 创建主窗口...
2025-07-04 16:58:55,313 [INFO] 显示主窗口...
2025-07-04 16:59:01,710 [INFO] 正在关闭应用程序，请稍候...
2025-07-04 16:59:02,715 [WARNING] Pip安装线程未能及时停止。
2025-07-04 16:59:04,194 [INFO] 定义配置类完成...
2025-07-04 16:59:04,194 [INFO] 定义工具类完成...
2025-07-04 16:59:04,194 [INFO] 程序开始运行...
2025-07-04 16:59:04,261 [INFO] 创建 QApplication 实例...
2025-07-04 16:59:04,262 [INFO] 初始化主窗口...
2025-07-04 16:59:04,262 [INFO] 初始化配置...
2025-07-04 16:59:04,263 [INFO] 加载配置...
2025-07-04 16:59:04,263 [INFO] 配置加载完成: 4个导航项, 28个工具
2025-07-04 16:59:04,264 [INFO] 后台工作线程初始化完成
2025-07-04 16:59:04,264 [INFO] 开始初始化界面...
2025-07-04 16:59:04,542 [INFO] 界面初始化完成
2025-07-04 16:59:04,542 [INFO] 主窗口初始化完成
2025-07-04 16:59:04,546 [INFO] 创建主窗口...
2025-07-04 16:59:04,619 [INFO] 显示主窗口...
2025-07-04 16:59:34,279 [INFO] 内存优化完成
2025-07-04 16:59:52,004 [INFO] 初始化配置...
2025-07-04 16:59:52,004 [INFO] 加载配置...
2025-07-04 16:59:52,004 [INFO] 配置加载完成: 4个导航项, 28个工具
2025-07-04 17:00:10,654 [INFO] 内存优化完成
2025-07-04 17:00:34,275 [INFO] 内存优化完成
2025-07-04 17:01:04,275 [INFO] 内存优化完成
2025-07-04 17:01:25,101 [INFO] 正在关闭应用程序，请稍候...
2025-07-04 17:01:26,118 [WARNING] Pip安装线程未能及时停止。
2025-07-04 17:01:27,498 [INFO] 定义配置类完成...
2025-07-04 17:01:27,498 [INFO] 定义工具类完成...
2025-07-04 17:01:27,498 [INFO] 程序开始运行...
2025-07-04 17:01:27,568 [INFO] 创建 QApplication 实例...
2025-07-04 17:01:27,569 [INFO] 初始化主窗口...
2025-07-04 17:01:27,569 [INFO] 初始化配置...
2025-07-04 17:01:27,570 [INFO] 加载配置...
2025-07-04 17:01:27,570 [INFO] 配置加载完成: 4个导航项, 28个工具
2025-07-04 17:01:27,571 [INFO] 后台工作线程初始化完成
2025-07-04 17:01:27,571 [INFO] 开始初始化界面...
2025-07-04 17:01:27,854 [INFO] 界面初始化完成
2025-07-04 17:01:27,854 [INFO] 主窗口初始化完成
2025-07-04 17:01:27,858 [INFO] 创建主窗口...
2025-07-04 17:01:27,929 [INFO] 显示主窗口...
2025-07-04 17:01:28,619 [INFO] 初始化配置...
2025-07-04 17:01:28,619 [INFO] 加载配置...
2025-07-04 17:01:28,620 [INFO] 配置加载完成: 4个导航项, 28个工具
2025-07-04 17:01:32,861 [INFO] CyberChef加载成功
2025-07-04 17:01:35,804 [INFO] CyberChef加载成功
2025-07-04 17:01:48,213 [INFO] 初始化配置...
2025-07-04 17:01:48,213 [INFO] 加载配置...
2025-07-04 17:01:48,214 [INFO] 配置加载完成: 4个导航项, 28个工具
2025-07-04 17:01:57,565 [INFO] 内存优化完成
2025-07-04 17:02:26,586 [INFO] 正在关闭应用程序，请稍候...
2025-07-04 17:02:27,597 [WARNING] Pip安装线程未能及时停止。
2025-07-04 17:02:29,311 [INFO] 定义配置类完成...
2025-07-04 17:02:29,311 [INFO] 定义工具类完成...
2025-07-04 17:02:29,312 [INFO] 程序开始运行...
2025-07-04 17:02:29,392 [INFO] 创建 QApplication 实例...
2025-07-04 17:02:29,393 [INFO] 初始化主窗口...
2025-07-04 17:02:29,393 [INFO] 初始化配置...
2025-07-04 17:02:29,393 [INFO] 加载配置...
2025-07-04 17:02:29,394 [INFO] 配置加载完成: 4个导航项, 28个工具
2025-07-04 17:02:29,395 [INFO] 后台工作线程初始化完成
2025-07-04 17:02:29,395 [INFO] 开始初始化界面...
2025-07-04 17:02:29,669 [INFO] 界面初始化完成
2025-07-04 17:02:29,669 [INFO] 主窗口初始化完成
2025-07-04 17:02:29,673 [INFO] 创建主窗口...
2025-07-04 17:02:29,748 [INFO] 显示主窗口...
2025-07-04 17:02:59,397 [INFO] 内存优化完成
2025-07-04 17:03:29,397 [INFO] 内存优化完成
2025-07-04 17:03:59,088 [INFO] 正在关闭应用程序，请稍候...
2025-07-04 17:04:00,093 [WARNING] Pip安装线程未能及时停止。
2025-07-04 17:04:13,264 [INFO] 定义配置类完成...
2025-07-04 17:04:13,264 [INFO] 定义工具类完成...
2025-07-04 17:04:13,265 [INFO] 程序开始运行...
2025-07-04 17:04:13,332 [INFO] 创建 QApplication 实例...
2025-07-04 17:04:13,334 [INFO] 初始化主窗口...
2025-07-04 17:04:13,335 [INFO] 初始化配置...
2025-07-04 17:04:13,337 [INFO] 加载配置...
2025-07-04 17:04:13,338 [INFO] 配置加载完成: 4个导航项, 28个工具
2025-07-04 17:04:13,339 [INFO] 后台工作线程初始化完成
2025-07-04 17:04:13,339 [INFO] 开始初始化界面...
2025-07-04 17:04:13,624 [INFO] 界面初始化完成
2025-07-04 17:04:13,624 [INFO] 主窗口初始化完成
2025-07-04 17:04:13,627 [INFO] 创建主窗口...
2025-07-04 17:04:13,706 [INFO] 显示主窗口...
2025-07-04 17:04:17,008 [INFO] CyberChef加载成功
2025-07-04 17:04:18,960 [INFO] CyberChef加载成功
2025-07-04 17:04:36,138 [INFO] 正在关闭应用程序，请稍候...
2025-07-04 17:04:37,142 [WARNING] Pip安装线程未能及时停止。
2025-07-04 17:04:38,500 [INFO] 定义配置类完成...
2025-07-04 17:04:38,500 [INFO] 定义工具类完成...
2025-07-04 17:04:38,500 [INFO] 程序开始运行...
2025-07-04 17:04:38,568 [INFO] 创建 QApplication 实例...
2025-07-04 17:04:38,569 [INFO] 初始化主窗口...
2025-07-04 17:04:38,569 [INFO] 初始化配置...
2025-07-04 17:04:38,570 [INFO] 加载配置...
2025-07-04 17:04:38,570 [INFO] 配置加载完成: 4个导航项, 28个工具
2025-07-04 17:04:38,571 [INFO] 后台工作线程初始化完成
2025-07-04 17:04:38,571 [INFO] 开始初始化界面...
2025-07-04 17:04:38,843 [INFO] 界面初始化完成
2025-07-04 17:04:38,844 [INFO] 主窗口初始化完成
2025-07-04 17:04:38,847 [INFO] 创建主窗口...
2025-07-04 17:04:38,920 [INFO] 显示主窗口...
2025-07-04 17:04:42,859 [INFO] 初始化配置...
2025-07-04 17:04:42,860 [INFO] 加载配置...
2025-07-04 17:04:42,860 [INFO] 配置加载完成: 4个导航项, 28个工具
2025-07-04 17:04:43,115 [INFO] CyberChef加载成功
2025-07-04 17:05:08,569 [INFO] 内存优化完成
2025-07-04 17:05:12,555 [INFO] 保存配置...
2025-07-04 17:05:38,570 [INFO] 内存优化完成
2025-07-04 17:05:46,808 [INFO] 初始化配置...
2025-07-04 17:05:46,809 [INFO] 加载配置...
2025-07-04 17:05:46,809 [INFO] 配置加载完成: 4个导航项, 28个工具
2025-07-04 17:05:48,289 [INFO] 保存配置...
2025-07-04 17:06:03,143 [INFO] 初始化配置...
2025-07-04 17:06:03,143 [INFO] 加载配置...
2025-07-04 17:06:03,143 [INFO] 配置加载完成: 4个导航项, 28个工具
2025-07-04 17:06:08,256 [INFO] 初始化配置...
2025-07-04 17:06:08,257 [INFO] 加载配置...
2025-07-04 17:06:08,257 [INFO] 配置加载完成: 4个导航项, 28个工具
2025-07-04 17:06:08,582 [INFO] 内存优化完成
2025-07-04 17:06:15,030 [INFO] 初始化配置...
2025-07-04 17:06:15,030 [INFO] 加载配置...
2025-07-04 17:06:15,030 [INFO] 配置加载完成: 4个导航项, 28个工具
2025-07-04 17:06:38,585 [INFO] 内存优化完成
2025-07-04 17:06:40,228 [INFO] 初始化配置...
2025-07-04 17:06:40,228 [INFO] 加载配置...
2025-07-04 17:06:40,229 [INFO] 配置加载完成: 4个导航项, 28个工具
2025-07-04 17:07:08,670 [INFO] 内存优化完成
2025-07-04 17:07:38,580 [INFO] 内存优化完成
2025-07-04 17:08:08,584 [INFO] 内存优化完成
2025-07-04 17:08:09,652 [INFO] 正在关闭应用程序，请稍候...
2025-07-04 17:08:10,666 [WARNING] Pip安装线程未能及时停止。
2025-07-04 17:08:18,119 [INFO] 定义配置类完成...
2025-07-04 17:08:18,119 [INFO] 定义工具类完成...
2025-07-04 17:08:18,119 [INFO] 程序开始运行...
2025-07-04 17:08:18,186 [INFO] 创建 QApplication 实例...
2025-07-04 17:08:18,186 [INFO] 初始化主窗口...
2025-07-04 17:08:18,187 [INFO] 初始化配置...
2025-07-04 17:08:18,187 [INFO] 加载配置...
2025-07-04 17:08:18,188 [INFO] 配置加载完成: 4个导航项, 28个工具
2025-07-04 17:08:18,189 [INFO] 后台工作线程初始化完成
2025-07-04 17:08:18,189 [INFO] 开始初始化界面...
2025-07-04 17:08:18,449 [INFO] 界面初始化完成
2025-07-04 17:08:18,449 [INFO] 主窗口初始化完成
2025-07-04 17:08:18,452 [INFO] 创建主窗口...
2025-07-04 17:08:18,531 [INFO] 显示主窗口...
2025-07-04 17:08:19,487 [INFO] 初始化配置...
2025-07-04 17:08:19,487 [INFO] 加载配置...
2025-07-04 17:08:19,488 [INFO] 配置加载完成: 4个导航项, 28个工具
2025-07-04 17:08:48,193 [INFO] 内存优化完成
2025-07-04 17:09:18,187 [INFO] 内存优化完成
2025-07-04 17:09:48,200 [INFO] 内存优化完成
2025-07-04 17:10:18,186 [INFO] 内存优化完成
2025-07-04 17:10:48,206 [INFO] 内存优化完成
2025-07-04 17:11:18,188 [INFO] 内存优化完成
2025-07-04 17:11:28,010 [INFO] 正在关闭应用程序，请稍候...
2025-07-04 17:11:29,027 [WARNING] Pip安装线程未能及时停止。
2025-07-04 17:11:32,681 [INFO] 定义配置类完成...
2025-07-04 17:11:32,681 [INFO] 定义工具类完成...
2025-07-04 17:11:32,682 [INFO] 程序开始运行...
2025-07-04 17:11:32,750 [INFO] 创建 QApplication 实例...
2025-07-04 17:11:32,751 [INFO] 初始化主窗口...
2025-07-04 17:11:32,751 [INFO] 初始化配置...
2025-07-04 17:11:32,752 [INFO] 加载配置...
2025-07-04 17:11:32,752 [INFO] 配置加载完成: 4个导航项, 28个工具
2025-07-04 17:11:32,753 [INFO] 后台工作线程初始化完成
2025-07-04 17:11:32,753 [INFO] 开始初始化界面...
2025-07-04 17:11:33,045 [INFO] 界面初始化完成
2025-07-04 17:11:33,045 [INFO] 主窗口初始化完成
2025-07-04 17:11:33,050 [INFO] 创建主窗口...
2025-07-04 17:11:33,121 [INFO] 显示主窗口...
2025-07-04 17:11:33,857 [INFO] 初始化配置...
2025-07-04 17:11:33,858 [INFO] 加载配置...
2025-07-04 17:11:33,858 [INFO] 配置加载完成: 4个导航项, 28个工具
2025-07-04 17:12:02,753 [INFO] 内存优化完成
2025-07-04 17:12:20,659 [INFO] 初始化配置...
2025-07-04 17:12:20,659 [INFO] 加载配置...
2025-07-04 17:12:20,660 [INFO] 配置加载完成: 4个导航项, 28个工具
2025-07-04 17:12:32,757 [INFO] 内存优化完成
2025-07-04 17:12:35,219 [INFO] 初始化配置...
2025-07-04 17:12:35,220 [INFO] 加载配置...
2025-07-04 17:12:35,220 [INFO] 配置加载完成: 4个导航项, 28个工具
2025-07-04 17:12:37,489 [INFO] 正在关闭应用程序，请稍候...
2025-07-04 17:12:38,504 [WARNING] Pip安装线程未能及时停止。
2025-07-04 17:14:01,932 [INFO] 定义配置类完成...
2025-07-04 17:14:01,933 [INFO] 定义工具类完成...
2025-07-04 17:14:01,933 [INFO] 程序开始运行...
2025-07-04 17:14:02,005 [INFO] 创建 QApplication 实例...
2025-07-04 17:14:02,006 [INFO] 初始化主窗口...
2025-07-04 17:14:02,006 [INFO] 初始化配置...
2025-07-04 17:14:02,007 [INFO] 加载配置...
2025-07-04 17:14:02,007 [INFO] 配置加载完成: 4个导航项, 28个工具
2025-07-04 17:14:02,008 [INFO] 后台工作线程初始化完成
2025-07-04 17:14:02,008 [INFO] 开始初始化界面...
2025-07-04 17:14:02,316 [INFO] 界面初始化完成
2025-07-04 17:14:02,317 [INFO] 主窗口初始化完成
2025-07-04 17:14:02,321 [INFO] 创建主窗口...
2025-07-04 17:14:02,403 [INFO] 显示主窗口...
2025-07-04 17:14:03,111 [INFO] 初始化配置...
2025-07-04 17:14:03,111 [INFO] 加载配置...
2025-07-04 17:14:03,111 [INFO] 配置加载完成: 4个导航项, 28个工具
2025-07-04 17:14:32,002 [INFO] 内存优化完成
2025-07-04 17:14:56,619 [INFO] 正在关闭应用程序，请稍候...
2025-07-04 17:14:57,626 [WARNING] Pip安装线程未能及时停止。
2025-07-04 17:18:16,762 [INFO] 定义配置类完成...
2025-07-04 17:18:16,762 [INFO] 定义工具类完成...
2025-07-04 17:18:16,763 [INFO] 程序开始运行...
2025-07-04 17:18:16,828 [INFO] 创建 QApplication 实例...
2025-07-04 17:18:16,829 [INFO] 初始化主窗口...
2025-07-04 17:18:16,829 [INFO] 初始化配置...
2025-07-04 17:18:16,829 [INFO] 加载配置...
2025-07-04 17:18:16,830 [INFO] 配置加载完成: 4个导航项, 28个工具
2025-07-04 17:18:16,831 [INFO] 后台工作线程初始化完成
2025-07-04 17:18:16,831 [INFO] 开始初始化界面...
2025-07-04 17:18:17,114 [INFO] 界面初始化完成
2025-07-04 17:18:17,114 [INFO] 主窗口初始化完成
2025-07-04 17:18:17,118 [INFO] 创建主窗口...
2025-07-04 17:18:17,192 [INFO] 显示主窗口...
2025-07-04 17:18:17,964 [INFO] 初始化配置...
2025-07-04 17:18:17,965 [INFO] 加载配置...
2025-07-04 17:18:17,965 [INFO] 配置加载完成: 4个导航项, 28个工具
2025-07-04 17:18:46,836 [INFO] 内存优化完成
2025-07-04 17:19:16,840 [INFO] 内存优化完成
2025-07-04 17:19:46,841 [INFO] 内存优化完成
2025-07-04 17:20:06,088 [INFO] 正在关闭应用程序，请稍候...
2025-07-04 17:20:07,093 [WARNING] Pip安装线程未能及时停止。
2025-07-04 17:20:08,343 [INFO] 定义配置类完成...
2025-07-04 17:20:08,343 [INFO] 定义工具类完成...
2025-07-04 17:20:08,343 [INFO] 程序开始运行...
2025-07-04 17:20:08,411 [INFO] 创建 QApplication 实例...
2025-07-04 17:20:08,412 [INFO] 初始化主窗口...
2025-07-04 17:20:08,412 [INFO] 初始化配置...
2025-07-04 17:20:08,413 [INFO] 加载配置...
2025-07-04 17:20:08,413 [INFO] 配置加载完成: 4个导航项, 28个工具
2025-07-04 17:20:08,414 [INFO] 后台工作线程初始化完成
2025-07-04 17:20:08,414 [INFO] 开始初始化界面...
2025-07-04 17:20:08,706 [INFO] 界面初始化完成
2025-07-04 17:20:08,707 [INFO] 主窗口初始化完成
2025-07-04 17:20:08,711 [INFO] 创建主窗口...
2025-07-04 17:20:08,783 [INFO] 显示主窗口...
2025-07-04 17:20:09,375 [INFO] 初始化配置...
2025-07-04 17:20:09,375 [INFO] 加载配置...
2025-07-04 17:20:09,375 [INFO] 配置加载完成: 4个导航项, 28个工具
2025-07-04 17:20:38,406 [INFO] 内存优化完成
2025-07-04 17:21:08,406 [INFO] 内存优化完成
2025-07-04 17:21:38,412 [INFO] 内存优化完成
2025-07-04 17:22:08,413 [INFO] 内存优化完成
2025-07-04 17:22:15,874 [INFO] 正在关闭应用程序，请稍候...
2025-07-04 17:22:16,892 [WARNING] Pip安装线程未能及时停止。
2025-07-04 17:22:18,201 [INFO] 定义配置类完成...
2025-07-04 17:22:18,202 [INFO] 定义工具类完成...
2025-07-04 17:22:18,202 [INFO] 程序开始运行...
2025-07-04 17:22:18,267 [INFO] 创建 QApplication 实例...
2025-07-04 17:22:18,268 [INFO] 初始化主窗口...
2025-07-04 17:22:18,268 [INFO] 初始化配置...
2025-07-04 17:22:18,269 [INFO] 加载配置...
2025-07-04 17:22:18,269 [INFO] 配置加载完成: 4个导航项, 28个工具
2025-07-04 17:22:18,270 [INFO] 后台工作线程初始化完成
2025-07-04 17:22:18,270 [INFO] 开始初始化界面...
2025-07-04 17:22:18,546 [INFO] 界面初始化完成
2025-07-04 17:22:18,546 [INFO] 主窗口初始化完成
2025-07-04 17:22:18,550 [INFO] 创建主窗口...
2025-07-04 17:22:18,626 [INFO] 显示主窗口...
2025-07-04 17:22:19,356 [INFO] 初始化配置...
2025-07-04 17:22:19,356 [INFO] 加载配置...
2025-07-04 17:22:19,356 [INFO] 配置加载完成: 4个导航项, 28个工具
2025-07-04 17:22:39,710 [INFO] CyberChef加载成功
2025-07-04 17:22:42,403 [INFO] 初始化配置...
2025-07-04 17:22:42,404 [INFO] 加载配置...
2025-07-04 17:22:42,404 [INFO] 配置加载完成: 4个导航项, 28个工具
2025-07-04 17:22:48,269 [INFO] 内存优化完成
2025-07-04 17:22:49,496 [INFO] 初始化配置...
2025-07-04 17:22:49,496 [INFO] 加载配置...
2025-07-04 17:22:49,497 [INFO] 配置加载完成: 4个导航项, 28个工具
2025-07-04 17:23:18,269 [INFO] 内存优化完成
2025-07-04 17:23:48,270 [INFO] 内存优化完成
2025-07-04 17:24:18,278 [INFO] 内存优化完成
2025-07-04 17:24:48,276 [INFO] 内存优化完成
2025-07-04 17:25:04,705 [INFO] 正在关闭应用程序，请稍候...
2025-07-04 17:25:05,716 [WARNING] Pip安装线程未能及时停止。
2025-07-04 17:25:07,467 [INFO] 定义配置类完成...
2025-07-04 17:25:07,467 [INFO] 定义工具类完成...
2025-07-04 17:25:07,467 [INFO] 程序开始运行...
2025-07-04 17:25:07,532 [INFO] 创建 QApplication 实例...
2025-07-04 17:25:07,533 [INFO] 初始化主窗口...
2025-07-04 17:25:07,533 [INFO] 初始化配置...
2025-07-04 17:25:07,533 [INFO] 加载配置...
2025-07-04 17:25:07,534 [INFO] 配置加载完成: 4个导航项, 28个工具
2025-07-04 17:25:07,536 [INFO] 后台工作线程初始化完成
2025-07-04 17:25:07,536 [INFO] 开始初始化界面...
2025-07-04 17:25:07,838 [INFO] 界面初始化完成
2025-07-04 17:25:07,839 [INFO] 主窗口初始化完成
2025-07-04 17:25:07,842 [INFO] 创建主窗口...
2025-07-04 17:25:07,915 [INFO] 显示主窗口...
2025-07-04 17:25:09,048 [INFO] 初始化配置...
2025-07-04 17:25:09,048 [INFO] 加载配置...
2025-07-04 17:25:09,049 [INFO] 配置加载完成: 4个导航项, 28个工具
2025-07-04 17:25:37,541 [INFO] 内存优化完成
2025-07-04 17:26:01,800 [INFO] 正在关闭应用程序，请稍候...
2025-07-04 17:26:02,814 [WARNING] Pip安装线程未能及时停止。
2025-07-04 17:26:04,798 [INFO] 定义配置类完成...
2025-07-04 17:26:04,798 [INFO] 定义工具类完成...
2025-07-04 17:26:04,798 [INFO] 程序开始运行...
2025-07-04 17:26:04,861 [INFO] 创建 QApplication 实例...
2025-07-04 17:26:04,862 [INFO] 初始化主窗口...
2025-07-04 17:26:04,863 [INFO] 初始化配置...
2025-07-04 17:26:04,863 [INFO] 加载配置...
2025-07-04 17:26:04,864 [INFO] 配置加载完成: 4个导航项, 28个工具
2025-07-04 17:26:04,864 [INFO] 后台工作线程初始化完成
2025-07-04 17:26:04,866 [INFO] 开始初始化界面...
2025-07-04 17:26:05,141 [INFO] 界面初始化完成
2025-07-04 17:26:05,142 [INFO] 主窗口初始化完成
2025-07-04 17:26:05,145 [INFO] 创建主窗口...
2025-07-04 17:26:05,219 [INFO] 显示主窗口...
2025-07-04 17:26:06,977 [INFO] 初始化配置...
2025-07-04 17:26:06,977 [INFO] 加载配置...
2025-07-04 17:26:06,977 [INFO] 配置加载完成: 4个导航项, 28个工具
2025-07-04 17:26:20,182 [INFO] 正在关闭应用程序，请稍候...
2025-07-04 17:26:21,187 [WARNING] Pip安装线程未能及时停止。
2025-07-04 17:26:22,394 [INFO] 定义配置类完成...
2025-07-04 17:26:22,395 [INFO] 定义工具类完成...
2025-07-04 17:26:22,395 [INFO] 程序开始运行...
2025-07-04 17:26:22,459 [INFO] 创建 QApplication 实例...
2025-07-04 17:26:22,459 [INFO] 初始化主窗口...
2025-07-04 17:26:22,460 [INFO] 初始化配置...
2025-07-04 17:26:22,460 [INFO] 加载配置...
2025-07-04 17:26:22,461 [INFO] 配置加载完成: 4个导航项, 28个工具
2025-07-04 17:26:22,462 [INFO] 后台工作线程初始化完成
2025-07-04 17:26:22,462 [INFO] 开始初始化界面...
2025-07-04 17:26:22,732 [INFO] 界面初始化完成
2025-07-04 17:26:22,732 [INFO] 主窗口初始化完成
2025-07-04 17:26:22,735 [INFO] 创建主窗口...
2025-07-04 17:26:22,807 [INFO] 显示主窗口...
2025-07-04 17:26:25,278 [INFO] 初始化配置...
2025-07-04 17:26:25,278 [INFO] 加载配置...
2025-07-04 17:26:25,279 [INFO] 配置加载完成: 4个导航项, 28个工具
2025-07-04 17:26:29,090 [INFO] CyberChef加载成功
2025-07-04 17:26:32,128 [INFO] 初始化配置...
2025-07-04 17:26:32,129 [INFO] 加载配置...
2025-07-04 17:26:32,129 [INFO] 配置加载完成: 4个导航项, 28个工具
2025-07-04 17:26:34,269 [INFO] CyberChef加载成功
2025-07-04 17:26:45,437 [INFO] 正在关闭应用程序，请稍候...
2025-07-04 17:26:46,447 [WARNING] Pip安装线程未能及时停止。
2025-07-04 17:26:47,808 [INFO] 定义配置类完成...
2025-07-04 17:26:47,809 [INFO] 定义工具类完成...
2025-07-04 17:26:47,809 [INFO] 程序开始运行...
2025-07-04 17:26:47,877 [INFO] 创建 QApplication 实例...
2025-07-04 17:26:47,878 [INFO] 初始化主窗口...
2025-07-04 17:26:47,878 [INFO] 初始化配置...
2025-07-04 17:26:47,879 [INFO] 加载配置...
2025-07-04 17:26:47,879 [INFO] 配置加载完成: 4个导航项, 28个工具
2025-07-04 17:26:47,880 [INFO] 后台工作线程初始化完成
2025-07-04 17:26:47,880 [INFO] 开始初始化界面...
2025-07-04 17:26:48,165 [INFO] 界面初始化完成
2025-07-04 17:26:48,165 [INFO] 主窗口初始化完成
2025-07-04 17:26:48,168 [INFO] 创建主窗口...
2025-07-04 17:26:48,240 [INFO] 显示主窗口...
2025-07-04 17:26:49,859 [INFO] CyberChef加载成功
2025-07-04 17:26:51,275 [INFO] 初始化配置...
2025-07-04 17:26:51,275 [INFO] 加载配置...
2025-07-04 17:26:51,275 [INFO] 配置加载完成: 4个导航项, 28个工具
2025-07-04 17:27:02,417 [INFO] 正在关闭应用程序，请稍候...
2025-07-04 17:27:03,427 [WARNING] Pip安装线程未能及时停止。
2025-07-04 17:27:07,964 [INFO] 定义配置类完成...
2025-07-04 17:27:07,964 [INFO] 定义工具类完成...
2025-07-04 17:27:07,965 [INFO] 程序开始运行...
2025-07-04 17:27:08,031 [INFO] 创建 QApplication 实例...
2025-07-04 17:27:08,032 [INFO] 初始化主窗口...
2025-07-04 17:27:08,032 [INFO] 初始化配置...
2025-07-04 17:27:08,032 [INFO] 加载配置...
2025-07-04 17:27:08,033 [INFO] 配置加载完成: 4个导航项, 28个工具
2025-07-04 17:27:08,034 [INFO] 后台工作线程初始化完成
2025-07-04 17:27:08,034 [INFO] 开始初始化界面...
2025-07-04 17:27:08,307 [INFO] 界面初始化完成
2025-07-04 17:27:08,307 [INFO] 主窗口初始化完成
2025-07-04 17:27:08,311 [INFO] 创建主窗口...
2025-07-04 17:27:08,386 [INFO] 显示主窗口...
2025-07-04 17:27:09,363 [INFO] 初始化配置...
2025-07-04 17:27:09,363 [INFO] 加载配置...
2025-07-04 17:27:09,364 [INFO] 配置加载完成: 4个导航项, 28个工具
2025-07-04 17:27:11,253 [INFO] CyberChef加载成功
2025-07-04 17:27:20,919 [INFO] 初始化配置...
2025-07-04 17:27:20,919 [INFO] 加载配置...
2025-07-04 17:27:20,919 [INFO] 配置加载完成: 4个导航项, 28个工具
2025-07-04 17:27:22,456 [INFO] CyberChef加载成功
2025-07-04 17:27:22,653 [INFO] 初始化配置...
2025-07-04 17:27:22,653 [INFO] 加载配置...
2025-07-04 17:27:22,654 [INFO] 配置加载完成: 4个导航项, 28个工具
2025-07-04 17:27:23,932 [INFO] 正在关闭应用程序，请稍候...
2025-07-04 17:27:24,935 [WARNING] Pip安装线程未能及时停止。
2025-07-04 17:27:25,858 [INFO] 定义配置类完成...
2025-07-04 17:27:25,858 [INFO] 定义工具类完成...
2025-07-04 17:27:25,858 [INFO] 程序开始运行...
2025-07-04 17:27:25,923 [INFO] 创建 QApplication 实例...
2025-07-04 17:27:25,923 [INFO] 初始化主窗口...
2025-07-04 17:27:25,924 [INFO] 初始化配置...
2025-07-04 17:27:25,924 [INFO] 加载配置...
2025-07-04 17:27:25,924 [INFO] 配置加载完成: 4个导航项, 28个工具
2025-07-04 17:27:25,926 [INFO] 后台工作线程初始化完成
2025-07-04 17:27:25,926 [INFO] 开始初始化界面...
2025-07-04 17:27:26,230 [INFO] 界面初始化完成
2025-07-04 17:27:26,230 [INFO] 主窗口初始化完成
2025-07-04 17:27:26,234 [INFO] 创建主窗口...
2025-07-04 17:27:26,329 [INFO] 显示主窗口...
2025-07-04 17:27:28,623 [INFO] 初始化配置...
2025-07-04 17:27:28,623 [INFO] 加载配置...
2025-07-04 17:27:28,623 [INFO] 配置加载完成: 4个导航项, 28个工具
2025-07-04 17:27:32,347 [INFO] 初始化配置...
2025-07-04 17:27:32,348 [INFO] 加载配置...
2025-07-04 17:27:32,348 [INFO] 配置加载完成: 4个导航项, 28个工具
2025-07-04 17:27:36,323 [INFO] 初始化配置...
2025-07-04 17:27:36,323 [INFO] 加载配置...
2025-07-04 17:27:36,323 [INFO] 配置加载完成: 4个导航项, 28个工具
2025-07-04 17:27:38,306 [INFO] CyberChef加载成功
2025-07-04 17:27:39,358 [INFO] 初始化配置...
2025-07-04 17:27:39,358 [INFO] 加载配置...
2025-07-04 17:27:39,359 [INFO] 配置加载完成: 4个导航项, 28个工具
2025-07-04 17:27:39,814 [INFO] CyberChef加载成功
2025-07-04 17:27:40,874 [INFO] CyberChef加载成功
2025-07-04 17:27:41,794 [INFO] CyberChef加载成功
2025-07-04 17:27:42,381 [INFO] 初始化配置...
2025-07-04 17:27:42,381 [INFO] 加载配置...
2025-07-04 17:27:42,382 [INFO] 配置加载完成: 4个导航项, 28个工具
2025-07-04 17:27:43,856 [INFO] CyberChef加载成功
2025-07-04 17:27:51,153 [INFO] 初始化配置...
2025-07-04 17:27:51,154 [INFO] 加载配置...
2025-07-04 17:27:51,154 [INFO] 配置加载完成: 4个导航项, 28个工具
2025-07-04 17:27:55,930 [INFO] 内存优化完成
2025-07-04 17:28:01,893 [INFO] 初始化配置...
2025-07-04 17:28:01,893 [INFO] 加载配置...
2025-07-04 17:28:01,894 [INFO] 配置加载完成: 4个导航项, 28个工具
2025-07-04 17:28:25,923 [INFO] 内存优化完成
2025-07-04 17:28:38,054 [INFO] CyberChef加载成功
2025-07-04 17:28:38,407 [INFO] 初始化配置...
2025-07-04 17:28:38,408 [INFO] 加载配置...
2025-07-04 17:28:38,408 [INFO] 配置加载完成: 4个导航项, 28个工具
2025-07-04 17:28:55,929 [INFO] 内存优化完成
2025-07-04 17:29:25,535 [INFO] 正在关闭应用程序，请稍候...
2025-07-04 17:29:26,538 [WARNING] Pip安装线程未能及时停止。
2025-07-04 17:31:23,303 [INFO] 定义配置类完成...
2025-07-04 17:31:23,303 [INFO] 定义工具类完成...
2025-07-04 17:31:23,304 [INFO] 程序开始运行...
2025-07-04 17:31:23,369 [INFO] 创建 QApplication 实例...
2025-07-04 17:31:23,370 [INFO] 初始化主窗口...
2025-07-04 17:31:23,370 [INFO] 初始化配置...
2025-07-04 17:31:23,370 [INFO] 加载配置...
2025-07-04 17:31:23,371 [INFO] 配置加载完成: 4个导航项, 28个工具
2025-07-04 17:31:23,372 [INFO] 后台工作线程初始化完成
2025-07-04 17:31:23,372 [INFO] 开始初始化界面...
2025-07-04 17:31:23,649 [INFO] 界面初始化完成
2025-07-04 17:31:23,649 [INFO] 主窗口初始化完成
2025-07-04 17:31:23,653 [INFO] 创建主窗口...
2025-07-04 17:31:23,728 [INFO] 显示主窗口...
2025-07-04 17:31:25,833 [INFO] 初始化配置...
2025-07-04 17:31:25,834 [INFO] 加载配置...
2025-07-04 17:31:25,834 [INFO] 配置加载完成: 4个导航项, 28个工具
2025-07-04 17:31:26,610 [INFO] CyberChef加载成功
2025-07-04 17:31:33,053 [INFO] 初始化配置...
2025-07-04 17:31:33,054 [INFO] 加载配置...
2025-07-04 17:31:33,054 [INFO] 配置加载完成: 4个导航项, 28个工具
2025-07-04 17:31:40,117 [INFO] CyberChef加载成功
2025-07-04 17:31:42,711 [INFO] 初始化配置...
2025-07-04 17:31:42,712 [INFO] 加载配置...
2025-07-04 17:31:42,712 [INFO] 配置加载完成: 4个导航项, 28个工具
2025-07-04 17:31:43,242 [INFO] CyberChef加载成功
2025-07-04 17:31:44,170 [INFO] CyberChef加载成功
2025-07-04 17:31:45,798 [INFO] 正在关闭应用程序，请稍候...
2025-07-04 17:31:46,800 [WARNING] Pip安装线程未能及时停止。
2025-07-04 17:32:02,193 [INFO] 定义配置类完成...
2025-07-04 17:32:02,193 [INFO] 定义工具类完成...
2025-07-04 17:32:02,194 [INFO] 程序开始运行...
2025-07-04 17:32:02,263 [INFO] 创建 QApplication 实例...
2025-07-04 17:32:02,263 [INFO] 初始化主窗口...
2025-07-04 17:32:02,264 [INFO] 初始化配置...
2025-07-04 17:32:02,264 [INFO] 加载配置...
2025-07-04 17:32:02,264 [INFO] 配置加载完成: 4个导航项, 28个工具
2025-07-04 17:32:02,265 [INFO] 后台工作线程初始化完成
2025-07-04 17:32:02,265 [INFO] 开始初始化界面...
2025-07-04 17:32:02,583 [INFO] 界面初始化完成
2025-07-04 17:32:02,583 [INFO] 主窗口初始化完成
2025-07-04 17:32:02,588 [INFO] 创建主窗口...
2025-07-04 17:32:02,699 [INFO] 显示主窗口...
2025-07-04 17:32:03,261 [INFO] 初始化配置...
2025-07-04 17:32:03,261 [INFO] 加载配置...
2025-07-04 17:32:03,262 [INFO] 配置加载完成: 4个导航项, 28个工具
2025-07-04 17:32:15,677 [INFO] 正在关闭应用程序，请稍候...
2025-07-04 17:32:16,683 [WARNING] Pip安装线程未能及时停止。
2025-07-04 17:32:30,782 [INFO] 定义配置类完成...
2025-07-04 17:32:30,782 [INFO] 定义工具类完成...
2025-07-04 17:32:30,783 [INFO] 程序开始运行...
2025-07-04 17:32:30,862 [INFO] 创建 QApplication 实例...
2025-07-04 17:32:30,863 [INFO] 初始化主窗口...
2025-07-04 17:32:30,863 [INFO] 初始化配置...
2025-07-04 17:32:30,864 [INFO] 加载配置...
2025-07-04 17:32:30,864 [INFO] 配置加载完成: 4个导航项, 28个工具
2025-07-04 17:32:30,865 [INFO] 后台工作线程初始化完成
2025-07-04 17:32:30,865 [INFO] 开始初始化界面...
2025-07-04 17:32:31,226 [INFO] 界面初始化完成
2025-07-04 17:32:31,226 [INFO] 主窗口初始化完成
2025-07-04 17:32:31,231 [INFO] 创建主窗口...
2025-07-04 17:32:31,314 [INFO] 显示主窗口...
2025-07-04 17:32:41,724 [INFO] CyberChef加载成功
2025-07-04 17:32:42,648 [INFO] 初始化配置...
2025-07-04 17:32:42,648 [INFO] 加载配置...
2025-07-04 17:32:42,648 [INFO] 配置加载完成: 4个导航项, 28个工具
2025-07-04 17:32:42,896 [INFO] CyberChef加载成功
2025-07-04 17:32:44,198 [INFO] CyberChef加载成功
2025-07-04 17:32:46,376 [INFO] CyberChef加载成功
2025-07-04 17:32:46,485 [INFO] 初始化配置...
2025-07-04 17:32:46,486 [INFO] 加载配置...
2025-07-04 17:32:46,486 [INFO] 配置加载完成: 4个导航项, 28个工具
2025-07-04 17:32:48,500 [INFO] CyberChef加载成功
2025-07-04 17:32:50,265 [INFO] CyberChef加载成功
2025-07-04 17:32:51,329 [INFO] CyberChef加载成功
2025-07-04 17:32:52,878 [INFO] 初始化配置...
2025-07-04 17:32:52,878 [INFO] 加载配置...
2025-07-04 17:32:52,878 [INFO] 配置加载完成: 4个导航项, 28个工具
2025-07-04 17:33:00,868 [INFO] 内存优化完成
2025-07-04 17:33:30,858 [INFO] 内存优化完成
2025-07-04 17:33:55,154 [INFO] 初始化配置...
2025-07-04 17:33:55,155 [INFO] 加载配置...
2025-07-04 17:33:55,155 [INFO] 配置加载完成: 4个导航项, 28个工具
2025-07-04 17:34:00,862 [INFO] 内存优化完成
2025-07-04 17:34:03,528 [INFO] 保存配置...
2025-07-04 17:34:07,025 [INFO] CyberChef加载成功
2025-07-04 17:34:07,668 [INFO] 保存配置...
2025-07-04 17:34:30,869 [INFO] 内存优化完成
2025-07-04 17:34:52,690 [INFO] 正在关闭应用程序，请稍候...
2025-07-04 17:34:53,696 [WARNING] Pip安装线程未能及时停止。
2025-07-04 17:34:55,788 [INFO] 定义配置类完成...
2025-07-04 17:34:55,789 [INFO] 定义工具类完成...
2025-07-04 17:34:55,789 [INFO] 程序开始运行...
2025-07-04 17:34:55,853 [INFO] 创建 QApplication 实例...
2025-07-04 17:34:55,854 [INFO] 初始化主窗口...
2025-07-04 17:34:55,855 [INFO] 初始化配置...
2025-07-04 17:34:55,855 [INFO] 加载配置...
2025-07-04 17:34:55,856 [INFO] 配置加载完成: 4个导航项, 28个工具
2025-07-04 17:34:55,856 [INFO] 后台工作线程初始化完成
2025-07-04 17:34:55,856 [INFO] 开始初始化界面...
2025-07-04 17:34:56,144 [INFO] 界面初始化完成
2025-07-04 17:34:56,145 [INFO] 主窗口初始化完成
2025-07-04 17:34:56,148 [INFO] 创建主窗口...
2025-07-04 17:34:56,222 [INFO] 显示主窗口...
2025-07-04 17:35:02,256 [INFO] CyberChef加载成功
2025-07-04 17:35:02,532 [INFO] 初始化配置...
2025-07-04 17:35:02,532 [INFO] 加载配置...
2025-07-04 17:35:02,532 [INFO] 配置加载完成: 4个导航项, 28个工具
2025-07-04 17:35:04,272 [INFO] CyberChef加载成功
2025-07-04 17:35:04,704 [INFO] 初始化配置...
2025-07-04 17:35:04,704 [INFO] 加载配置...
2025-07-04 17:35:04,704 [INFO] 配置加载完成: 4个导航项, 28个工具
2025-07-04 17:35:13,316 [INFO] 初始化配置...
2025-07-04 17:35:13,316 [INFO] 加载配置...
2025-07-04 17:35:13,316 [INFO] 配置加载完成: 4个导航项, 28个工具
2025-07-04 17:35:16,509 [INFO] 初始化配置...
2025-07-04 17:35:16,509 [INFO] 加载配置...
2025-07-04 17:35:16,509 [INFO] 配置加载完成: 4个导航项, 28个工具
2025-07-04 17:35:19,678 [INFO] CyberChef加载成功
2025-07-04 17:35:20,354 [INFO] 初始化配置...
2025-07-04 17:35:20,354 [INFO] 加载配置...
2025-07-04 17:35:20,354 [INFO] 配置加载完成: 4个导航项, 28个工具
2025-07-04 17:35:20,562 [INFO] CyberChef加载成功
2025-07-04 17:35:21,672 [INFO] CyberChef加载成功
2025-07-04 17:35:22,510 [INFO] 初始化配置...
2025-07-04 17:35:22,510 [INFO] 加载配置...
2025-07-04 17:35:22,510 [INFO] 配置加载完成: 4个导航项, 28个工具
2025-07-04 17:35:25,872 [INFO] 内存优化完成
2025-07-04 17:35:55,862 [INFO] 内存优化完成
2025-07-04 17:36:25,867 [INFO] 内存优化完成
2025-07-04 17:36:55,868 [INFO] 内存优化完成
2025-07-04 17:37:25,865 [INFO] 内存优化完成
2025-07-04 17:37:37,020 [INFO] 正在关闭应用程序，请稍候...
2025-07-04 17:37:38,033 [WARNING] Pip安装线程未能及时停止。
2025-07-04 17:38:32,416 [INFO] 定义配置类完成...
2025-07-04 17:38:32,416 [INFO] 定义工具类完成...
2025-07-04 17:38:32,417 [INFO] 程序开始运行...
2025-07-04 17:38:32,485 [INFO] 创建 QApplication 实例...
2025-07-04 17:38:32,486 [INFO] 初始化主窗口...
2025-07-04 17:38:32,486 [INFO] 初始化配置...
2025-07-04 17:38:32,486 [INFO] 加载配置...
2025-07-04 17:38:32,488 [INFO] 配置加载完成: 4个导航项, 28个工具
2025-07-04 17:38:32,489 [INFO] 后台工作线程初始化完成
2025-07-04 17:38:32,489 [INFO] 开始初始化界面...
2025-07-04 17:38:32,933 [INFO] 界面初始化完成
2025-07-04 17:38:32,933 [INFO] 主窗口初始化完成
2025-07-04 17:38:32,937 [INFO] 创建主窗口...
2025-07-04 17:38:33,011 [INFO] 显示主窗口...
2025-07-04 17:38:33,878 [INFO] 初始化配置...
2025-07-04 17:38:33,879 [INFO] 加载配置...
2025-07-04 17:38:33,879 [INFO] 配置加载完成: 4个导航项, 28个工具
2025-07-04 17:39:02,489 [INFO] 内存优化完成
2025-07-04 17:39:22,349 [INFO] 正在关闭应用程序，请稍候...
2025-07-04 17:39:23,352 [WARNING] Pip安装线程未能及时停止。
2025-07-04 17:49:17,450 [INFO] 定义配置类完成...
2025-07-04 17:49:17,450 [INFO] 定义工具类完成...
2025-07-04 17:49:17,451 [INFO] 程序开始运行...
2025-07-04 17:49:17,518 [INFO] 创建 QApplication 实例...
2025-07-04 17:49:17,518 [INFO] 初始化主窗口...
2025-07-04 17:49:17,519 [INFO] 初始化配置...
2025-07-04 17:49:17,519 [INFO] 加载配置...
2025-07-04 17:49:17,519 [INFO] 配置加载完成: 4个导航项, 28个工具
2025-07-04 17:49:17,520 [INFO] 后台工作线程初始化完成
2025-07-04 17:49:17,520 [INFO] 开始初始化界面...
2025-07-04 17:49:17,949 [INFO] 界面初始化完成
2025-07-04 17:49:17,950 [INFO] 主窗口初始化完成
2025-07-04 17:49:17,953 [INFO] 创建主窗口...
2025-07-04 17:49:18,026 [INFO] 显示主窗口...
2025-07-04 17:49:22,629 [INFO] 初始化配置...
2025-07-04 17:49:22,629 [INFO] 加载配置...
2025-07-04 17:49:22,630 [INFO] 配置加载完成: 4个导航项, 28个工具
2025-07-04 17:49:24,632 [INFO] CyberChef加载成功
2025-07-04 17:49:25,106 [INFO] 初始化配置...
2025-07-04 17:49:25,106 [INFO] 加载配置...
2025-07-04 17:49:25,107 [INFO] 配置加载完成: 4个导航项, 28个工具
2025-07-04 17:49:29,039 [INFO] CyberChef加载成功
2025-07-04 17:49:29,179 [INFO] 初始化配置...
2025-07-04 17:49:29,180 [INFO] 加载配置...
2025-07-04 17:49:29,180 [INFO] 配置加载完成: 4个导航项, 28个工具
2025-07-04 17:49:36,125 [INFO] 正在关闭应用程序，请稍候...
2025-07-04 17:49:37,129 [WARNING] Pip安装线程未能及时停止。
2025-07-04 22:39:54,668 [INFO] 定义配置类完成...
2025-07-04 22:39:54,668 [INFO] 定义工具类完成...
2025-07-04 22:39:54,669 [INFO] 程序开始运行...
2025-07-04 22:39:54,831 [INFO] 创建 QApplication 实例...
2025-07-04 22:39:54,832 [INFO] 初始化主窗口...
2025-07-04 22:39:54,832 [INFO] 初始化配置...
2025-07-04 22:39:54,832 [INFO] 加载配置...
2025-07-04 22:39:54,833 [INFO] 配置加载完成: 4个导航项, 28个工具
2025-07-04 22:39:54,834 [INFO] 后台工作线程初始化完成
2025-07-04 22:39:54,834 [INFO] 开始初始化界面...
2025-07-04 22:39:55,433 [INFO] 界面初始化完成
2025-07-04 22:39:55,433 [INFO] 主窗口初始化完成
2025-07-04 22:39:55,441 [INFO] 创建主窗口...
2025-07-04 22:39:55,505 [INFO] 显示主窗口...
2025-07-04 22:39:58,465 [INFO] 初始化配置...
2025-07-04 22:39:58,465 [INFO] 加载配置...
2025-07-04 22:39:58,466 [INFO] 配置加载完成: 4个导航项, 28个工具
2025-07-04 22:40:07,302 [INFO] 正在关闭应用程序，请稍候...
2025-07-04 22:40:08,309 [WARNING] Pip安装线程未能及时停止。
2025-07-04 22:46:22,976 [INFO] 定义配置类完成...
2025-07-04 22:46:22,976 [INFO] 定义工具类完成...
2025-07-04 22:46:22,976 [INFO] 程序开始运行...
2025-07-04 22:46:23,040 [INFO] 创建 QApplication 实例...
2025-07-04 22:46:23,041 [INFO] 初始化主窗口...
2025-07-04 22:46:23,041 [INFO] 初始化配置...
2025-07-04 22:46:23,041 [INFO] 加载配置...
2025-07-04 22:46:23,042 [INFO] 配置加载完成: 4个导航项, 28个工具
2025-07-04 22:46:23,043 [INFO] 后台工作线程初始化完成
2025-07-04 22:46:23,043 [INFO] 开始初始化界面...
2025-07-04 22:46:23,421 [INFO] 界面初始化完成
2025-07-04 22:46:23,421 [INFO] 主窗口初始化完成
2025-07-04 22:46:23,425 [INFO] 创建主窗口...
2025-07-04 22:46:23,496 [INFO] 显示主窗口...
2025-07-04 22:46:24,181 [INFO] 初始化配置...
2025-07-04 22:46:24,182 [INFO] 加载配置...
2025-07-04 22:46:24,182 [INFO] 配置加载完成: 4个导航项, 28个工具
2025-07-04 22:46:53,050 [INFO] 内存优化完成
2025-07-04 22:47:23,048 [INFO] 内存优化完成
2025-07-04 22:47:53,059 [INFO] 内存优化完成
2025-07-04 22:48:23,052 [INFO] 内存优化完成
2025-07-04 22:48:52,987 [INFO] 正在关闭应用程序，请稍候...
2025-07-04 22:48:53,992 [WARNING] Pip安装线程未能及时停止。
2025-07-04 22:50:30,172 [INFO] 定义配置类完成...
2025-07-04 22:50:30,173 [INFO] 定义工具类完成...
2025-07-04 22:50:30,173 [INFO] 程序开始运行...
2025-07-04 22:50:30,228 [INFO] 创建 QApplication 实例...
2025-07-04 22:50:30,229 [INFO] 初始化主窗口...
2025-07-04 22:50:30,229 [INFO] 初始化配置...
2025-07-04 22:50:30,229 [INFO] 加载配置...
2025-07-04 22:50:30,230 [INFO] 配置加载完成: 4个导航项, 28个工具
2025-07-04 22:50:30,231 [INFO] 后台工作线程初始化完成
2025-07-04 22:50:30,231 [INFO] 开始初始化界面...
2025-07-04 22:50:30,615 [INFO] 界面初始化完成
2025-07-04 22:50:30,616 [INFO] 主窗口初始化完成
2025-07-04 22:50:30,619 [INFO] 创建主窗口...
2025-07-04 22:50:30,689 [INFO] 显示主窗口...
2025-07-04 22:50:31,251 [INFO] 初始化配置...
2025-07-04 22:50:31,251 [INFO] 加载配置...
2025-07-04 22:50:31,251 [INFO] 配置加载完成: 4个导航项, 28个工具
2025-07-04 22:51:00,236 [INFO] 内存优化完成
2025-07-04 22:51:30,242 [INFO] 内存优化完成
2025-07-04 22:51:52,032 [INFO] 正在关闭应用程序，请稍候...
2025-07-04 22:51:53,043 [WARNING] Pip安装线程未能及时停止。
