2025-06-24 09:44:41,356 [INFO] 定义配置类完成...
2025-06-24 09:44:41,357 [INFO] 定义工具类完成...
2025-06-24 09:44:41,357 [INFO] 程序开始运行...
2025-06-24 09:44:41,483 [INFO] 创建 QApplication 实例...
2025-06-24 09:44:41,483 [INFO] 初始化主窗口...
2025-06-24 09:44:41,483 [INFO] 初始化配置...
2025-06-24 09:44:41,483 [INFO] 加载配置...
2025-06-24 09:44:41,483 [INFO] 配置加载完成: 3个导航项, 13个工具
2025-06-24 09:44:41,487 [INFO] 后台工作线程初始化完成
2025-06-24 09:44:41,487 [INFO] 开始初始化界面...
2025-06-24 09:44:41,861 [INFO] 界面初始化完成
2025-06-24 09:44:41,861 [INFO] 主窗口初始化完成
2025-06-24 09:44:41,864 [INFO] 创建主窗口...
2025-06-24 09:44:41,921 [INFO] 显示主窗口...
2025-06-24 09:44:45,064 [INFO] CyberChef加载成功
2025-06-24 09:44:45,920 [INFO] CyberChef加载成功
2025-06-24 09:45:11,485 [INFO] 内存优化完成
2025-06-24 09:45:41,499 [INFO] 内存优化完成
2025-06-24 09:46:11,526 [INFO] 内存优化完成
2025-06-24 09:46:12,215 [INFO] CyberChef加载成功
2025-06-24 09:46:41,518 [INFO] 内存优化完成
2025-06-24 09:47:11,515 [INFO] 内存优化完成
2025-06-24 09:47:41,519 [INFO] 内存优化完成
2025-06-24 09:47:58,427 [INFO] 保存配置...
2025-06-24 09:48:11,523 [INFO] 内存优化完成
2025-06-24 09:48:34,399 [INFO] 保存配置...
2025-06-24 09:48:41,515 [INFO] 内存优化完成
2025-06-24 09:48:42,476 [INFO] 保存配置...
2025-06-24 09:49:11,519 [INFO] 内存优化完成
2025-06-24 09:49:31,984 [INFO] 保存配置...
2025-06-24 09:49:41,528 [INFO] 内存优化完成
2025-06-24 09:49:51,392 [INFO] 保存配置...
2025-06-24 09:49:56,374 [INFO] 保存配置...
2025-06-24 09:50:06,378 [INFO] 保存配置...
2025-06-24 09:50:11,535 [INFO] 内存优化完成
2025-06-24 09:50:41,543 [INFO] 内存优化完成
2025-06-24 09:51:11,537 [INFO] 内存优化完成
2025-06-24 09:51:27,759 [INFO] 保存配置...
2025-06-24 09:51:41,542 [INFO] 内存优化完成
2025-06-24 09:52:02,994 [INFO] 保存配置...
2025-06-24 09:52:09,744 [INFO] 保存配置...
2025-06-24 09:52:11,533 [INFO] 内存优化完成
2025-06-24 09:52:22,352 [INFO] 进程已结束: burpsuite (PID: 6120)
2025-06-24 09:52:41,534 [INFO] 内存优化完成
2025-06-24 09:52:47,408 [INFO] 保存配置...
2025-06-24 09:53:11,532 [INFO] 内存优化完成
2025-06-24 09:53:41,544 [INFO] 内存优化完成
2025-06-24 09:53:45,496 [INFO] 保存配置...
2025-06-24 09:54:02,023 [INFO] CyberChef加载成功
2025-06-24 09:54:11,560 [INFO] 内存优化完成
2025-06-24 09:54:24,786 [INFO] 保存配置...
2025-06-24 09:54:25,805 [INFO] 保存配置...
2025-06-24 09:54:26,554 [INFO] 保存配置...
2025-06-24 09:54:27,365 [INFO] 保存配置...
2025-06-24 09:54:28,310 [INFO] 保存配置...
2025-06-24 09:54:29,112 [INFO] 保存配置...
2025-06-24 09:54:41,549 [INFO] 内存优化完成
2025-06-24 09:55:11,565 [INFO] 内存优化完成
2025-06-24 09:55:26,767 [WARNING] 未能从 E:/Penetration/BlueTeam/AssistiveTools/fileHash/Hash.exe 成功提取任何可用的彩色图标信息。
2025-06-24 09:55:30,275 [WARNING] 未能从 E:/Penetration/BlueTeam/AssistiveTools/fileHash/Hash.exe 成功提取任何可用的彩色图标信息。
2025-06-24 09:55:39,496 [INFO] 保存配置...
2025-06-24 09:55:41,562 [INFO] 内存优化完成
2025-06-24 09:55:45,181 [INFO] 保存配置...
2025-06-24 09:56:11,576 [INFO] 内存优化完成
2025-06-24 09:56:19,567 [INFO] 保存配置...
2025-06-24 09:56:35,557 [INFO] 保存配置...
2025-06-24 09:56:41,591 [INFO] 内存优化完成
2025-06-24 09:57:11,582 [INFO] 内存优化完成
2025-06-24 09:57:23,895 [INFO] 保存配置...
2025-06-24 09:57:41,589 [INFO] 内存优化完成
2025-06-24 09:57:57,660 [INFO] 保存配置...
2025-06-24 09:58:00,449 [INFO] 保存配置...
2025-06-24 09:58:02,576 [INFO] 进程已结束: Behinder (PID: 18396)
2025-06-24 09:58:11,580 [INFO] 内存优化完成
2025-06-24 09:58:16,349 [INFO] 保存配置...
2025-06-24 09:58:16,705 [INFO] 进程已结束: Behinder (PID: 3748)
2025-06-24 09:58:41,587 [INFO] 内存优化完成
2025-06-24 09:58:51,500 [INFO] 保存配置...
2025-06-24 09:59:11,578 [INFO] 内存优化完成
2025-06-24 09:59:22,940 [INFO] 保存配置...
2025-06-24 09:59:41,579 [INFO] 内存优化完成
2025-06-24 10:00:03,170 [INFO] 保存配置...
2025-06-24 10:00:07,731 [INFO] 保存配置...
2025-06-24 10:00:09,775 [INFO] 保存配置...
2025-06-24 10:00:11,578 [INFO] 内存优化完成
2025-06-24 10:00:17,171 [INFO] 进程已结束: 冰蝎 (PID: 6064)
2025-06-24 10:00:23,639 [INFO] 保存配置...
2025-06-24 10:00:27,181 [INFO] 保存配置...
2025-06-24 10:00:31,434 [INFO] 进程已结束: 冰蝎_v4.1.t00ls (PID: 12180)
2025-06-24 10:00:41,583 [INFO] 内存优化完成
2025-06-24 10:00:47,422 [INFO] 保存配置...
2025-06-24 10:00:51,674 [INFO] 保存配置...
2025-06-24 10:01:09,197 [INFO] 进程已结束: 哥斯拉 (PID: 10856)
2025-06-24 10:01:11,588 [INFO] 内存优化完成
2025-06-24 10:01:33,695 [INFO] 保存配置...
2025-06-24 10:01:39,472 [INFO] 保存配置...
2025-06-24 10:01:39,574 [INFO] 保存配置...
2025-06-24 10:01:41,581 [INFO] 内存优化完成
2025-06-24 10:02:11,578 [INFO] 内存优化完成
2025-06-24 10:02:13,738 [INFO] 保存配置...
2025-06-24 10:02:35,487 [INFO] 保存配置...
2025-06-24 10:02:41,588 [INFO] 内存优化完成
2025-06-24 10:03:11,576 [INFO] 内存优化完成
2025-06-24 10:03:41,581 [INFO] 内存优化完成
2025-06-24 10:04:04,505 [INFO] CyberChef加载成功
2025-06-24 10:04:06,568 [INFO] CyberChef加载成功
2025-06-24 10:04:08,413 [INFO] CyberChef加载成功
2025-06-24 10:04:11,577 [INFO] 内存优化完成
2025-06-24 10:04:14,361 [INFO] 保存配置...
2025-06-24 10:04:20,323 [INFO] 进程已结束: 哥斯拉 (PID: 26688)
2025-06-24 10:04:26,173 [INFO] CyberChef加载成功
2025-06-24 10:04:41,576 [INFO] 内存优化完成
2025-06-24 10:05:10,518 [INFO] CyberChef加载成功
2025-06-24 10:05:11,580 [INFO] 内存优化完成
2025-06-24 10:05:22,054 [INFO] CyberChef加载成功
2025-06-24 10:05:27,588 [INFO] CyberChef加载成功
2025-06-24 10:05:29,136 [INFO] CyberChef加载成功
2025-06-24 10:05:32,144 [INFO] 正在关闭应用程序，请稍候...
2025-06-24 10:05:33,156 [WARNING] Pip安装线程未能及时停止。
2025-06-24 10:06:18,942 [INFO] 定义配置类完成...
2025-06-24 10:06:18,942 [INFO] 定义工具类完成...
2025-06-24 10:06:18,942 [INFO] 程序开始运行...
2025-06-24 10:06:18,982 [INFO] 创建 QApplication 实例...
2025-06-24 10:06:18,982 [INFO] 初始化主窗口...
2025-06-24 10:06:18,983 [INFO] 初始化配置...
2025-06-24 10:06:18,983 [INFO] 加载配置...
2025-06-24 10:06:18,983 [INFO] 配置加载完成: 3个导航项, 22个工具
2025-06-24 10:06:18,985 [INFO] 后台工作线程初始化完成
2025-06-24 10:06:18,985 [INFO] 开始初始化界面...
2025-06-24 10:06:19,287 [INFO] 界面初始化完成
2025-06-24 10:06:19,288 [INFO] 主窗口初始化完成
2025-06-24 10:06:19,290 [INFO] 创建主窗口...
2025-06-24 10:06:19,360 [INFO] 显示主窗口...
2025-06-24 10:06:38,387 [INFO] CyberChef加载成功
2025-06-24 10:06:48,990 [INFO] 内存优化完成
2025-06-24 10:06:48,992 [INFO] 正在关闭应用程序，请稍候...
2025-06-24 10:06:49,994 [WARNING] Pip安装线程未能及时停止。
2025-06-24 10:08:58,895 [INFO] 定义配置类完成...
2025-06-24 10:08:58,895 [INFO] 定义工具类完成...
2025-06-24 10:08:58,896 [INFO] 程序开始运行...
2025-06-24 10:08:58,936 [INFO] 创建 QApplication 实例...
2025-06-24 10:08:58,937 [INFO] 初始化主窗口...
2025-06-24 10:08:58,937 [INFO] 初始化配置...
2025-06-24 10:08:58,938 [INFO] 加载配置...
2025-06-24 10:08:58,938 [INFO] 配置加载完成: 3个导航项, 22个工具
2025-06-24 10:08:58,939 [INFO] 后台工作线程初始化完成
2025-06-24 10:08:58,939 [INFO] 开始初始化界面...
2025-06-24 10:08:59,229 [INFO] 界面初始化完成
2025-06-24 10:08:59,230 [INFO] 主窗口初始化完成
2025-06-24 10:08:59,233 [INFO] 创建主窗口...
2025-06-24 10:08:59,519 [INFO] 显示主窗口...
2025-06-24 10:09:03,020 [INFO] CyberChef加载成功
2025-06-24 10:09:07,652 [INFO] CyberChef加载成功
2025-06-24 10:09:09,320 [INFO] 正在关闭应用程序，请稍候...
2025-06-24 10:09:10,333 [WARNING] Pip安装线程未能及时停止。
2025-06-24 10:09:11,790 [INFO] 定义配置类完成...
2025-06-24 10:09:11,790 [INFO] 定义工具类完成...
2025-06-24 10:09:11,791 [INFO] 程序开始运行...
2025-06-24 10:09:11,833 [INFO] 创建 QApplication 实例...
2025-06-24 10:09:11,834 [INFO] 初始化主窗口...
2025-06-24 10:09:11,834 [INFO] 初始化配置...
2025-06-24 10:09:11,834 [INFO] 加载配置...
2025-06-24 10:09:11,834 [INFO] 配置加载完成: 3个导航项, 22个工具
2025-06-24 10:09:11,837 [INFO] 后台工作线程初始化完成
2025-06-24 10:09:11,837 [INFO] 开始初始化界面...
2025-06-24 10:09:12,122 [INFO] 界面初始化完成
2025-06-24 10:09:12,123 [INFO] 主窗口初始化完成
2025-06-24 10:09:12,125 [INFO] 创建主窗口...
2025-06-24 10:09:12,208 [INFO] 显示主窗口...
2025-06-24 10:09:16,320 [INFO] CyberChef加载成功
2025-06-24 10:09:18,146 [INFO] 正在关闭应用程序，请稍候...
2025-06-24 10:09:19,157 [WARNING] Pip安装线程未能及时停止。
2025-06-24 10:12:07,250 [INFO] 定义配置类完成...
2025-06-24 10:12:07,255 [INFO] 定义工具类完成...
2025-06-24 10:12:07,255 [INFO] 程序开始运行...
2025-06-24 10:12:07,300 [INFO] 创建 QApplication 实例...
2025-06-24 10:12:07,301 [INFO] 初始化主窗口...
2025-06-24 10:12:07,302 [INFO] 初始化配置...
2025-06-24 10:12:07,302 [INFO] 加载配置...
2025-06-24 10:12:07,302 [INFO] 配置加载完成: 3个导航项, 22个工具
2025-06-24 10:12:07,303 [INFO] 后台工作线程初始化完成
2025-06-24 10:12:07,303 [INFO] 开始初始化界面...
2025-06-24 10:12:07,580 [INFO] 界面初始化完成
2025-06-24 10:12:07,581 [INFO] 主窗口初始化完成
2025-06-24 10:12:07,583 [INFO] 创建主窗口...
2025-06-24 10:12:07,660 [INFO] 显示主窗口...
2025-06-24 10:12:10,446 [INFO] CyberChef加载成功
2025-06-24 10:12:12,264 [INFO] CyberChef加载成功
2025-06-24 10:12:13,484 [INFO] CyberChef加载成功
2025-06-24 10:12:14,535 [INFO] CyberChef加载成功
2025-06-24 10:12:37,303 [INFO] 内存优化完成
2025-06-24 10:13:07,298 [INFO] 内存优化完成
2025-06-24 10:13:37,301 [INFO] 内存优化完成
2025-06-24 10:14:07,313 [INFO] 内存优化完成
2025-06-24 10:14:31,554 [INFO] 正在关闭应用程序，请稍候...
2025-06-24 10:14:32,556 [WARNING] Pip安装线程未能及时停止。
2025-06-24 10:16:44,059 [INFO] 定义配置类完成...
2025-06-24 10:16:44,060 [INFO] 定义工具类完成...
2025-06-24 10:16:44,060 [INFO] 程序开始运行...
2025-06-24 10:16:44,105 [INFO] 创建 QApplication 实例...
2025-06-24 10:16:44,106 [INFO] 初始化主窗口...
2025-06-24 10:16:44,106 [INFO] 初始化配置...
2025-06-24 10:16:44,107 [INFO] 加载配置...
2025-06-24 10:16:44,107 [INFO] 配置加载完成: 3个导航项, 22个工具
2025-06-24 10:16:44,108 [INFO] 后台工作线程初始化完成
2025-06-24 10:16:44,108 [INFO] 开始初始化界面...
2025-06-24 10:16:44,389 [INFO] 界面初始化完成
2025-06-24 10:16:44,390 [INFO] 主窗口初始化完成
2025-06-24 10:16:44,393 [INFO] 创建主窗口...
2025-06-24 10:16:44,466 [INFO] 显示主窗口...
2025-06-24 10:17:14,123 [INFO] 内存优化完成
2025-06-24 10:17:44,136 [INFO] 内存优化完成
2025-06-24 10:17:56,760 [INFO] 正在关闭应用程序，请稍候...
2025-06-24 10:17:57,770 [WARNING] Pip安装线程未能及时停止。
2025-06-24 10:19:00,846 [INFO] 定义配置类完成...
2025-06-24 10:19:00,846 [INFO] 定义工具类完成...
2025-06-24 10:19:00,846 [INFO] 程序开始运行...
2025-06-24 10:19:00,894 [INFO] 创建 QApplication 实例...
2025-06-24 10:19:00,895 [INFO] 初始化主窗口...
2025-06-24 10:19:00,896 [INFO] 初始化配置...
2025-06-24 10:19:00,896 [INFO] 加载配置...
2025-06-24 10:19:00,897 [INFO] 配置加载完成: 3个导航项, 22个工具
2025-06-24 10:19:00,898 [INFO] 后台工作线程初始化完成
2025-06-24 10:19:00,898 [INFO] 开始初始化界面...
2025-06-24 10:19:01,165 [INFO] 界面初始化完成
2025-06-24 10:19:01,165 [INFO] 主窗口初始化完成
2025-06-24 10:19:01,168 [INFO] 创建主窗口...
2025-06-24 10:19:01,238 [INFO] 显示主窗口...
2025-06-24 10:22:06,746 [INFO] 定义配置类完成...
2025-06-24 10:22:06,746 [INFO] 定义工具类完成...
2025-06-24 10:22:06,747 [INFO] 程序开始运行...
2025-06-24 10:22:06,798 [INFO] 创建 QApplication 实例...
2025-06-24 10:22:06,799 [INFO] 初始化主窗口...
2025-06-24 10:22:06,799 [INFO] 初始化配置...
2025-06-24 10:22:06,799 [INFO] 加载配置...
2025-06-24 10:22:06,800 [INFO] 配置加载完成: 3个导航项, 22个工具
2025-06-24 10:22:06,801 [INFO] 后台工作线程初始化完成
2025-06-24 10:22:06,801 [INFO] 开始初始化界面...
2025-06-24 10:22:07,122 [INFO] 界面初始化完成
2025-06-24 10:22:07,122 [INFO] 主窗口初始化完成
2025-06-24 10:22:07,126 [INFO] 创建主窗口...
2025-06-24 10:22:07,206 [INFO] 显示主窗口...
2025-06-24 10:22:36,812 [INFO] 内存优化完成
2025-06-24 10:23:06,810 [INFO] 内存优化完成
2025-06-24 10:23:36,827 [INFO] 内存优化完成
2025-06-24 10:24:01,226 [INFO] 正在关闭应用程序，请稍候...
2025-06-24 10:24:02,235 [WARNING] Pip安装线程未能及时停止。
2025-06-24 10:46:24,209 [INFO] 定义配置类完成...
2025-06-24 10:46:24,209 [INFO] 定义工具类完成...
2025-06-24 10:46:24,210 [INFO] 程序开始运行...
2025-06-24 10:46:24,258 [INFO] 创建 QApplication 实例...
2025-06-24 10:46:24,260 [INFO] 初始化主窗口...
2025-06-24 10:46:24,260 [INFO] 初始化配置...
2025-06-24 10:46:24,260 [INFO] 加载配置...
2025-06-24 10:46:24,260 [INFO] 配置加载完成: 3个导航项, 22个工具
2025-06-24 10:46:24,261 [INFO] 后台工作线程初始化完成
2025-06-24 10:46:24,261 [INFO] 开始初始化界面...
2025-06-24 10:46:24,541 [INFO] 界面初始化完成
2025-06-24 10:46:24,541 [INFO] 主窗口初始化完成
2025-06-24 10:46:24,544 [INFO] 创建主窗口...
2025-06-24 10:46:24,622 [INFO] 显示主窗口...
2025-06-24 10:46:54,280 [INFO] 内存优化完成
2025-06-24 10:46:58,034 [INFO] 正在关闭应用程序，请稍候...
2025-06-24 10:46:59,049 [WARNING] Pip安装线程未能及时停止。
2025-06-24 13:42:14,925 [INFO] 定义配置类完成...
2025-06-24 13:42:14,925 [INFO] 定义工具类完成...
2025-06-24 13:42:14,927 [INFO] 程序开始运行...
2025-06-24 13:42:14,978 [INFO] 创建 QApplication 实例...
2025-06-24 13:42:14,978 [INFO] 初始化主窗口...
2025-06-24 13:42:14,979 [INFO] 初始化配置...
2025-06-24 13:42:14,979 [INFO] 加载配置...
2025-06-24 13:42:14,980 [INFO] 配置加载完成: 3个导航项, 22个工具
2025-06-24 13:42:14,980 [INFO] 后台工作线程初始化完成
2025-06-24 13:42:14,981 [INFO] 开始初始化界面...
2025-06-24 13:42:15,348 [INFO] 界面初始化完成
2025-06-24 13:42:15,348 [INFO] 主窗口初始化完成
2025-06-24 13:42:15,351 [INFO] 创建主窗口...
2025-06-24 13:42:15,423 [INFO] 显示主窗口...
2025-06-24 13:42:44,985 [INFO] 内存优化完成
2025-06-24 13:42:49,995 [INFO] 正在关闭应用程序，请稍候...
2025-06-24 13:42:51,008 [WARNING] Pip安装线程未能及时停止。
2025-06-24 13:44:27,212 [INFO] 定义配置类完成...
2025-06-24 13:44:27,212 [INFO] 定义工具类完成...
2025-06-24 13:44:27,213 [INFO] 程序开始运行...
2025-06-24 13:44:27,283 [INFO] 创建 QApplication 实例...
2025-06-24 13:44:27,284 [INFO] 初始化主窗口...
2025-06-24 13:44:27,284 [INFO] 初始化配置...
2025-06-24 13:44:27,284 [INFO] 加载配置...
2025-06-24 13:44:27,285 [INFO] 配置加载完成: 3个导航项, 22个工具
2025-06-24 13:44:27,286 [INFO] 后台工作线程初始化完成
2025-06-24 13:44:27,286 [INFO] 开始初始化界面...
2025-06-24 13:44:27,646 [INFO] 界面初始化完成
2025-06-24 13:44:27,646 [INFO] 主窗口初始化完成
2025-06-24 13:44:27,649 [INFO] 创建主窗口...
2025-06-24 13:44:27,726 [INFO] 显示主窗口...
2025-06-24 13:44:57,284 [INFO] 内存优化完成
2025-06-24 13:45:27,291 [INFO] 内存优化完成
2025-06-24 13:45:57,286 [INFO] 内存优化完成
2025-06-24 13:46:08,653 [INFO] 正在关闭应用程序，请稍候...
2025-06-24 13:46:09,668 [WARNING] Pip安装线程未能及时停止。
2025-06-24 13:46:15,050 [INFO] 定义配置类完成...
2025-06-24 13:46:15,050 [INFO] 定义工具类完成...
2025-06-24 13:46:15,051 [INFO] 程序开始运行...
2025-06-24 13:46:15,105 [INFO] 创建 QApplication 实例...
2025-06-24 13:46:15,105 [INFO] 初始化主窗口...
2025-06-24 13:46:15,106 [INFO] 初始化配置...
2025-06-24 13:46:15,106 [INFO] 加载配置...
2025-06-24 13:46:15,106 [INFO] 配置加载完成: 3个导航项, 22个工具
2025-06-24 13:46:15,108 [INFO] 后台工作线程初始化完成
2025-06-24 13:46:15,108 [INFO] 开始初始化界面...
2025-06-24 13:46:15,424 [INFO] 界面初始化完成
2025-06-24 13:46:15,424 [INFO] 主窗口初始化完成
2025-06-24 13:46:15,427 [INFO] 创建主窗口...
2025-06-24 13:46:15,502 [INFO] 显示主窗口...
2025-06-24 13:46:45,108 [INFO] 内存优化完成
2025-06-24 13:47:15,107 [INFO] 内存优化完成
2025-06-24 13:47:45,122 [INFO] 内存优化完成
2025-06-24 13:48:15,108 [INFO] 内存优化完成
2025-06-24 13:48:39,198 [INFO] CyberChef加载成功
2025-06-24 13:48:45,113 [INFO] 内存优化完成
2025-06-24 13:49:15,122 [INFO] 内存优化完成
2025-06-24 13:49:45,117 [INFO] 内存优化完成
2025-06-24 13:50:15,113 [INFO] 内存优化完成
2025-06-24 13:50:45,109 [INFO] 内存优化完成
2025-06-24 13:51:07,805 [INFO] CyberChef加载成功
2025-06-24 13:51:15,109 [INFO] 内存优化完成
2025-06-24 13:51:45,119 [INFO] 内存优化完成
2025-06-24 13:51:57,848 [INFO] 定义配置类完成...
2025-06-24 13:51:57,848 [INFO] 定义工具类完成...
2025-06-24 13:51:57,848 [INFO] 程序开始运行...
2025-06-24 13:51:57,903 [INFO] 创建 QApplication 实例...
2025-06-24 13:51:57,904 [INFO] 初始化主窗口...
2025-06-24 13:51:57,904 [INFO] 初始化配置...
2025-06-24 13:51:57,905 [INFO] 加载配置...
2025-06-24 13:51:57,905 [INFO] 配置加载完成: 3个导航项, 22个工具
2025-06-24 13:51:57,906 [INFO] 后台工作线程初始化完成
2025-06-24 13:51:57,906 [INFO] 开始初始化界面...
2025-06-24 13:51:58,180 [INFO] 界面初始化完成
2025-06-24 13:51:58,181 [INFO] 主窗口初始化完成
2025-06-24 13:51:58,183 [INFO] 创建主窗口...
2025-06-24 13:51:58,265 [INFO] 显示主窗口...
2025-06-24 13:52:09,036 [INFO] CyberChef加载成功
2025-06-24 13:52:12,257 [INFO] 正在关闭应用程序，请稍候...
2025-06-24 13:52:13,261 [WARNING] Pip安装线程未能及时停止。
2025-06-24 13:57:02,618 [INFO] 定义配置类完成...
2025-06-24 13:57:02,618 [INFO] 定义工具类完成...
2025-06-24 13:57:02,619 [INFO] 程序开始运行...
2025-06-24 13:57:02,673 [INFO] 创建 QApplication 实例...
2025-06-24 13:57:02,674 [INFO] 初始化主窗口...
2025-06-24 13:57:02,674 [INFO] 初始化配置...
2025-06-24 13:57:02,675 [INFO] 加载配置...
2025-06-24 13:57:02,675 [INFO] 配置加载完成: 3个导航项, 22个工具
2025-06-24 13:57:02,675 [INFO] 后台工作线程初始化完成
2025-06-24 13:57:02,677 [INFO] 开始初始化界面...
2025-06-24 13:57:02,945 [INFO] 界面初始化完成
2025-06-24 13:57:02,946 [INFO] 主窗口初始化完成
2025-06-24 13:57:02,948 [INFO] 创建主窗口...
2025-06-24 13:57:03,023 [INFO] 显示主窗口...
2025-06-24 13:57:32,680 [INFO] 内存优化完成
2025-06-24 13:57:58,898 [INFO] CyberChef加载成功
2025-06-24 13:58:00,373 [INFO] CyberChef加载成功
2025-06-24 13:58:02,077 [INFO] 正在关闭应用程序，请稍候...
2025-06-24 13:58:03,080 [WARNING] Pip安装线程未能及时停止。
2025-06-24 13:59:17,268 [INFO] 定义配置类完成...
2025-06-24 13:59:17,269 [INFO] 定义工具类完成...
2025-06-24 13:59:17,269 [INFO] 程序开始运行...
2025-06-24 13:59:17,325 [INFO] 创建 QApplication 实例...
2025-06-24 13:59:17,326 [INFO] 初始化主窗口...
2025-06-24 13:59:17,326 [INFO] 初始化配置...
2025-06-24 13:59:17,327 [INFO] 加载配置...
2025-06-24 13:59:17,327 [INFO] 配置加载完成: 3个导航项, 22个工具
2025-06-24 13:59:17,328 [INFO] 后台工作线程初始化完成
2025-06-24 13:59:17,328 [INFO] 开始初始化界面...
2025-06-24 13:59:17,617 [INFO] 界面初始化完成
2025-06-24 13:59:17,617 [INFO] 主窗口初始化完成
2025-06-24 13:59:17,619 [INFO] 创建主窗口...
2025-06-24 13:59:17,692 [INFO] 显示主窗口...
2025-06-24 13:59:47,332 [INFO] 内存优化完成
2025-06-24 14:00:17,338 [INFO] 内存优化完成
2025-06-24 14:00:32,370 [INFO] CyberChef加载成功
2025-06-24 14:00:33,167 [INFO] CyberChef加载成功
2025-06-24 14:00:47,338 [INFO] 内存优化完成
2025-06-24 14:01:17,344 [INFO] 内存优化完成
2025-06-24 14:01:47,341 [INFO] 内存优化完成
2025-06-24 14:02:17,343 [INFO] 内存优化完成
2025-06-24 14:02:47,345 [INFO] 内存优化完成
2025-06-24 14:03:17,346 [INFO] 内存优化完成
2025-06-24 14:03:31,801 [INFO] CyberChef加载成功
2025-06-24 14:03:34,411 [INFO] CyberChef加载成功
2025-06-24 14:03:35,807 [INFO] CyberChef加载成功
2025-06-24 14:03:36,648 [INFO] CyberChef加载成功
2025-06-24 14:03:37,758 [INFO] CyberChef加载成功
2025-06-24 14:03:39,341 [INFO] 正在关闭应用程序，请稍候...
2025-06-24 14:03:40,346 [WARNING] Pip安装线程未能及时停止。
2025-06-24 14:03:49,483 [INFO] 定义配置类完成...
2025-06-24 14:03:49,484 [INFO] 定义工具类完成...
2025-06-24 14:03:49,484 [INFO] 程序开始运行...
2025-06-24 14:03:49,537 [INFO] 创建 QApplication 实例...
2025-06-24 14:03:49,538 [INFO] 初始化主窗口...
2025-06-24 14:03:49,538 [INFO] 初始化配置...
2025-06-24 14:03:49,538 [INFO] 加载配置...
2025-06-24 14:03:49,538 [INFO] 配置加载完成: 3个导航项, 22个工具
2025-06-24 14:03:49,539 [INFO] 后台工作线程初始化完成
2025-06-24 14:03:49,539 [INFO] 开始初始化界面...
2025-06-24 14:03:49,816 [INFO] 界面初始化完成
2025-06-24 14:03:49,816 [INFO] 主窗口初始化完成
2025-06-24 14:03:49,819 [INFO] 创建主窗口...
2025-06-24 14:03:49,901 [INFO] 显示主窗口...
2025-06-24 14:03:57,155 [INFO] 正在关闭应用程序，请稍候...
2025-06-24 14:03:58,163 [WARNING] Pip安装线程未能及时停止。
