2025-07-21 12:21:40,740 [INFO] 定义配置类完成...
2025-07-21 12:21:40,740 [INFO] 定义工具类完成...
2025-07-21 12:21:40,741 [INFO] 程序开始运行...
2025-07-21 12:21:40,794 [INFO] 创建 QApplication 实例...
2025-07-21 12:21:40,795 [INFO] 初始化主窗口...
2025-07-21 12:21:40,797 [INFO] 初始化配置...
2025-07-21 12:21:40,798 [INFO] 加载配置...
2025-07-21 12:21:40,800 [INFO] 配置加载完成: 4个导航项, 32个工具
2025-07-21 12:21:40,801 [INFO] 后台工作线程初始化完成
2025-07-21 12:21:40,801 [INFO] 开始初始化界面...
2025-07-21 12:21:41,052 [INFO] 界面初始化完成
2025-07-21 12:21:41,052 [INFO] 主窗口初始化完成
2025-07-21 12:21:41,057 [INFO] 创建主窗口...
2025-07-21 12:21:41,123 [INFO] 显示主窗口...
2025-07-21 12:21:42,591 [INFO] 保存配置...
2025-07-21 12:21:44,010 [INFO] 保存配置...
2025-07-21 12:22:06,455 [INFO] 保存配置...
2025-07-21 12:22:08,266 [INFO] 进程已结束: BurpSuite2023 (PID: 1708)
2025-07-21 12:22:10,810 [INFO] 内存优化完成
2025-07-21 12:22:40,807 [INFO] 内存优化完成
2025-07-21 12:23:10,810 [INFO] 内存优化完成
2025-07-21 12:23:40,815 [INFO] 内存优化完成
2025-07-21 12:24:10,815 [INFO] 内存优化完成
2025-07-21 12:24:40,812 [INFO] 内存优化完成
2025-07-21 12:25:10,818 [INFO] 内存优化完成
2025-07-21 12:25:40,814 [INFO] 内存优化完成
2025-07-21 12:26:10,819 [INFO] 内存优化完成
2025-07-21 12:26:40,820 [INFO] 内存优化完成
2025-07-21 12:27:10,822 [INFO] 内存优化完成
2025-07-21 12:27:40,812 [INFO] 内存优化完成
2025-07-21 12:28:10,828 [INFO] 内存优化完成
2025-07-21 12:28:40,839 [INFO] 内存优化完成
2025-07-21 12:29:10,834 [INFO] 内存优化完成
2025-07-21 12:29:40,828 [INFO] 内存优化完成
2025-07-21 12:30:10,830 [INFO] 内存优化完成
2025-07-21 12:30:40,830 [INFO] 内存优化完成
2025-07-21 12:31:10,839 [INFO] 内存优化完成
2025-07-21 12:31:40,825 [INFO] 内存优化完成
2025-07-21 12:32:10,837 [INFO] 内存优化完成
2025-07-21 12:32:40,829 [INFO] 内存优化完成
2025-07-21 12:33:10,839 [INFO] 内存优化完成
2025-07-21 12:33:40,828 [INFO] 内存优化完成
2025-07-21 12:34:10,832 [INFO] 内存优化完成
2025-07-21 12:34:40,840 [INFO] 内存优化完成
2025-07-21 12:35:10,828 [INFO] 内存优化完成
2025-07-21 12:35:40,833 [INFO] 内存优化完成
2025-07-21 12:36:10,828 [INFO] 内存优化完成
2025-07-21 12:36:40,833 [INFO] 内存优化完成
2025-07-21 12:37:10,830 [INFO] 内存优化完成
2025-07-21 12:37:40,833 [INFO] 内存优化完成
2025-07-21 12:38:10,828 [INFO] 内存优化完成
2025-07-21 12:38:40,828 [INFO] 内存优化完成
2025-07-21 12:39:10,827 [INFO] 内存优化完成
2025-07-21 12:39:40,834 [INFO] 内存优化完成
2025-07-21 12:40:10,838 [INFO] 内存优化完成
2025-07-21 12:40:40,838 [INFO] 内存优化完成
2025-07-21 12:41:10,831 [INFO] 内存优化完成
2025-07-21 12:41:40,826 [INFO] 内存优化完成
2025-07-21 12:42:10,834 [INFO] 内存优化完成
2025-07-21 12:42:40,831 [INFO] 内存优化完成
2025-07-21 12:43:10,839 [INFO] 内存优化完成
2025-07-21 12:43:40,829 [INFO] 内存优化完成
2025-07-21 12:44:10,837 [INFO] 内存优化完成
2025-07-21 12:44:40,828 [INFO] 内存优化完成
2025-07-21 12:45:10,834 [INFO] 内存优化完成
2025-07-21 12:45:40,833 [INFO] 内存优化完成
2025-07-21 12:46:10,831 [INFO] 内存优化完成
2025-07-21 12:46:40,826 [INFO] 内存优化完成
2025-07-21 12:47:10,837 [INFO] 内存优化完成
2025-07-21 12:47:40,828 [INFO] 内存优化完成
2025-07-21 12:48:10,837 [INFO] 内存优化完成
2025-07-21 12:48:40,832 [INFO] 内存优化完成
2025-07-21 12:49:10,836 [INFO] 内存优化完成
2025-07-21 12:49:40,840 [INFO] 内存优化完成
2025-07-21 12:50:10,833 [INFO] 内存优化完成
2025-07-21 12:50:40,833 [INFO] 内存优化完成
2025-07-21 12:51:10,838 [INFO] 内存优化完成
2025-07-21 12:51:40,825 [INFO] 内存优化完成
2025-07-21 12:52:10,840 [INFO] 内存优化完成
2025-07-21 12:52:40,829 [INFO] 内存优化完成
2025-07-21 12:53:10,835 [INFO] 内存优化完成
2025-07-21 12:53:40,831 [INFO] 内存优化完成
2025-07-21 12:54:10,836 [INFO] 内存优化完成
2025-07-21 12:54:40,829 [INFO] 内存优化完成
2025-07-21 12:55:10,834 [INFO] 内存优化完成
2025-07-21 12:55:40,838 [INFO] 内存优化完成
2025-07-21 12:56:10,825 [INFO] 内存优化完成
2025-07-21 12:56:40,831 [INFO] 内存优化完成
2025-07-21 12:57:10,836 [INFO] 内存优化完成
2025-07-21 12:57:40,833 [INFO] 内存优化完成
2025-07-21 12:58:10,827 [INFO] 内存优化完成
2025-07-21 12:58:40,835 [INFO] 内存优化完成
2025-07-21 12:59:10,828 [INFO] 内存优化完成
2025-07-21 12:59:40,836 [INFO] 内存优化完成
2025-07-21 13:00:10,826 [INFO] 内存优化完成
2025-07-21 13:00:40,826 [INFO] 内存优化完成
2025-07-21 13:01:10,831 [INFO] 内存优化完成
2025-07-21 13:01:40,827 [INFO] 内存优化完成
2025-07-21 13:02:10,839 [INFO] 内存优化完成
2025-07-21 13:02:40,840 [INFO] 内存优化完成
2025-07-21 13:03:10,833 [INFO] 内存优化完成
2025-07-21 13:03:40,836 [INFO] 内存优化完成
2025-07-21 13:04:10,834 [INFO] 内存优化完成
2025-07-21 13:04:40,836 [INFO] 内存优化完成
2025-07-21 13:05:10,830 [INFO] 内存优化完成
2025-07-21 13:05:40,831 [INFO] 内存优化完成
2025-07-21 13:06:10,825 [INFO] 内存优化完成
2025-07-21 13:06:40,829 [INFO] 内存优化完成
2025-07-21 13:07:10,827 [INFO] 内存优化完成
2025-07-21 13:07:40,837 [INFO] 内存优化完成
2025-07-21 13:08:10,841 [INFO] 内存优化完成
2025-07-21 13:08:40,840 [INFO] 内存优化完成
2025-07-21 13:09:10,826 [INFO] 内存优化完成
2025-07-21 13:09:40,824 [INFO] 内存优化完成
2025-07-21 13:10:10,830 [INFO] 内存优化完成
2025-07-21 13:10:40,833 [INFO] 内存优化完成
2025-07-21 13:11:10,828 [INFO] 内存优化完成
2025-07-21 13:11:40,834 [INFO] 内存优化完成
2025-07-21 13:12:10,841 [INFO] 内存优化完成
2025-07-21 13:12:40,832 [INFO] 内存优化完成
2025-07-21 13:13:10,834 [INFO] 内存优化完成
2025-07-21 13:13:40,835 [INFO] 内存优化完成
2025-07-21 13:14:10,841 [INFO] 内存优化完成
2025-07-21 13:14:40,835 [INFO] 内存优化完成
2025-07-21 13:15:10,833 [INFO] 内存优化完成
2025-07-21 13:15:40,828 [INFO] 内存优化完成
2025-07-21 13:16:10,833 [INFO] 内存优化完成
2025-07-21 13:16:40,828 [INFO] 内存优化完成
2025-07-21 13:17:10,840 [INFO] 内存优化完成
2025-07-21 13:17:40,828 [INFO] 内存优化完成
2025-07-21 13:18:10,837 [INFO] 内存优化完成
2025-07-21 13:18:40,833 [INFO] 内存优化完成
2025-07-21 13:19:10,833 [INFO] 内存优化完成
2025-07-21 13:19:40,838 [INFO] 内存优化完成
2025-07-21 13:20:10,830 [INFO] 内存优化完成
2025-07-21 13:20:40,832 [INFO] 内存优化完成
2025-07-21 13:21:10,841 [INFO] 内存优化完成
2025-07-21 13:21:40,827 [INFO] 内存优化完成
2025-07-21 13:22:10,835 [INFO] 内存优化完成
2025-07-21 13:22:40,840 [INFO] 内存优化完成
2025-07-21 13:23:10,829 [INFO] 内存优化完成
2025-07-21 13:23:40,825 [INFO] 内存优化完成
2025-07-21 13:24:10,833 [INFO] 内存优化完成
2025-07-21 13:24:40,839 [INFO] 内存优化完成
2025-07-21 13:25:10,838 [INFO] 内存优化完成
2025-07-21 13:25:40,828 [INFO] 内存优化完成
2025-07-21 13:26:10,839 [INFO] 内存优化完成
2025-07-21 13:26:40,837 [INFO] 内存优化完成
2025-07-21 13:27:10,827 [INFO] 内存优化完成
2025-07-21 13:27:40,831 [INFO] 内存优化完成
2025-07-21 13:28:10,839 [INFO] 内存优化完成
2025-07-21 13:28:40,829 [INFO] 内存优化完成
2025-07-21 13:29:10,825 [INFO] 内存优化完成
2025-07-21 13:29:40,825 [INFO] 内存优化完成
2025-07-21 13:30:10,835 [INFO] 内存优化完成
2025-07-21 13:30:40,826 [INFO] 内存优化完成
2025-07-21 13:31:10,837 [INFO] 内存优化完成
2025-07-21 13:31:40,828 [INFO] 内存优化完成
2025-07-21 13:32:10,831 [INFO] 内存优化完成
2025-07-21 13:32:40,832 [INFO] 内存优化完成
2025-07-21 13:33:10,827 [INFO] 内存优化完成
2025-07-21 13:33:40,840 [INFO] 内存优化完成
2025-07-21 13:34:10,838 [INFO] 内存优化完成
2025-07-21 13:34:40,833 [INFO] 内存优化完成
2025-07-21 13:35:10,837 [INFO] 内存优化完成
2025-07-21 13:35:40,833 [INFO] 内存优化完成
2025-07-21 13:36:10,827 [INFO] 内存优化完成
2025-07-21 13:36:40,833 [INFO] 内存优化完成
2025-07-21 13:37:10,847 [INFO] 内存优化完成
2025-07-21 13:37:40,841 [INFO] 内存优化完成
2025-07-21 13:38:10,842 [INFO] 内存优化完成
2025-07-21 13:38:40,852 [INFO] 内存优化完成
2025-07-21 13:39:10,844 [INFO] 内存优化完成
2025-07-21 13:39:40,851 [INFO] 内存优化完成
2025-07-21 13:40:10,855 [INFO] 内存优化完成
2025-07-21 13:40:40,844 [INFO] 内存优化完成
2025-07-21 13:41:10,841 [INFO] 内存优化完成
2025-07-21 13:41:40,851 [INFO] 内存优化完成
2025-07-21 13:42:10,853 [INFO] 内存优化完成
2025-07-21 13:42:40,856 [INFO] 内存优化完成
2025-07-21 13:43:10,847 [INFO] 内存优化完成
2025-07-21 13:43:40,840 [INFO] 内存优化完成
2025-07-21 13:44:10,844 [INFO] 内存优化完成
2025-07-21 13:44:40,844 [INFO] 内存优化完成
2025-07-21 13:45:10,850 [INFO] 内存优化完成
2025-07-21 13:45:40,854 [INFO] 内存优化完成
2025-07-21 13:46:10,850 [INFO] 内存优化完成
2025-07-21 13:46:40,853 [INFO] 内存优化完成
2025-07-21 13:47:10,847 [INFO] 内存优化完成
2025-07-21 13:47:40,847 [INFO] 内存优化完成
2025-07-21 13:48:10,855 [INFO] 内存优化完成
2025-07-21 13:48:40,851 [INFO] 内存优化完成
2025-07-21 13:49:10,846 [INFO] 内存优化完成
2025-07-21 13:49:40,847 [INFO] 内存优化完成
2025-07-21 13:50:10,847 [INFO] 内存优化完成
2025-07-21 13:50:40,849 [INFO] 内存优化完成
2025-07-21 13:51:10,844 [INFO] 内存优化完成
2025-07-21 13:51:40,851 [INFO] 内存优化完成
2025-07-21 13:52:10,847 [INFO] 内存优化完成
2025-07-21 13:52:40,849 [INFO] 内存优化完成
2025-07-21 13:53:10,841 [INFO] 内存优化完成
2025-07-21 13:53:40,850 [INFO] 内存优化完成
2025-07-21 13:54:10,845 [INFO] 内存优化完成
2025-07-21 13:54:40,845 [INFO] 内存优化完成
2025-07-21 13:55:10,841 [INFO] 内存优化完成
2025-07-21 13:55:40,845 [INFO] 内存优化完成
2025-07-21 13:56:10,847 [INFO] 内存优化完成
2025-07-21 13:56:40,842 [INFO] 内存优化完成
2025-07-21 13:57:10,853 [INFO] 内存优化完成
2025-07-21 13:57:40,843 [INFO] 内存优化完成
2025-07-21 13:58:10,856 [INFO] 内存优化完成
2025-07-21 13:58:40,845 [INFO] 内存优化完成
2025-07-21 13:59:10,856 [INFO] 内存优化完成
2025-07-21 13:59:40,854 [INFO] 内存优化完成
2025-07-21 14:00:10,844 [INFO] 内存优化完成
2025-07-21 14:00:40,850 [INFO] 内存优化完成
2025-07-21 14:01:10,842 [INFO] 内存优化完成
2025-07-21 14:01:40,842 [INFO] 内存优化完成
2025-07-21 14:02:10,853 [INFO] 内存优化完成
2025-07-21 14:02:40,856 [INFO] 内存优化完成
2025-07-21 14:03:10,844 [INFO] 内存优化完成
2025-07-21 14:03:40,846 [INFO] 内存优化完成
2025-07-21 14:04:10,849 [INFO] 内存优化完成
2025-07-21 14:04:40,849 [INFO] 内存优化完成
2025-07-21 14:05:10,843 [INFO] 内存优化完成
2025-07-21 14:05:40,846 [INFO] 内存优化完成
2025-07-21 14:06:10,845 [INFO] 内存优化完成
2025-07-21 14:06:40,855 [INFO] 内存优化完成
2025-07-21 14:07:10,843 [INFO] 内存优化完成
2025-07-21 14:07:40,854 [INFO] 内存优化完成
2025-07-21 14:08:10,853 [INFO] 内存优化完成
2025-07-21 14:08:40,843 [INFO] 内存优化完成
2025-07-21 14:09:10,844 [INFO] 内存优化完成
2025-07-21 14:09:40,848 [INFO] 内存优化完成
2025-07-21 14:10:10,847 [INFO] 内存优化完成
2025-07-21 14:10:40,850 [INFO] 内存优化完成
2025-07-21 14:11:10,853 [INFO] 内存优化完成
2025-07-21 14:11:40,843 [INFO] 内存优化完成
2025-07-21 14:12:10,850 [INFO] 内存优化完成
2025-07-21 14:12:40,851 [INFO] 内存优化完成
2025-07-21 14:13:10,851 [INFO] 内存优化完成
2025-07-21 14:13:40,845 [INFO] 内存优化完成
2025-07-21 14:14:10,845 [INFO] 内存优化完成
2025-07-21 14:14:40,854 [INFO] 内存优化完成
2025-07-21 14:15:10,854 [INFO] 内存优化完成
2025-07-21 14:15:40,852 [INFO] 内存优化完成
2025-07-21 14:16:10,853 [INFO] 内存优化完成
2025-07-21 14:16:40,848 [INFO] 内存优化完成
2025-07-21 14:17:10,844 [INFO] 内存优化完成
2025-07-21 14:17:40,845 [INFO] 内存优化完成
2025-07-21 14:18:10,845 [INFO] 内存优化完成
2025-07-21 14:18:40,848 [INFO] 内存优化完成
2025-07-21 14:19:10,850 [INFO] 内存优化完成
2025-07-21 14:19:40,843 [INFO] 内存优化完成
2025-07-21 14:20:10,851 [INFO] 内存优化完成
2025-07-21 14:20:40,855 [INFO] 内存优化完成
2025-07-21 14:21:10,848 [INFO] 内存优化完成
2025-07-21 14:21:40,845 [INFO] 内存优化完成
2025-07-21 14:22:10,844 [INFO] 内存优化完成
2025-07-21 14:22:40,852 [INFO] 内存优化完成
2025-07-21 14:23:10,855 [INFO] 内存优化完成
2025-07-21 14:23:40,847 [INFO] 内存优化完成
2025-07-21 14:24:10,841 [INFO] 内存优化完成
2025-07-21 14:24:40,845 [INFO] 内存优化完成
2025-07-21 14:25:10,848 [INFO] 内存优化完成
2025-07-21 14:25:40,855 [INFO] 内存优化完成
2025-07-21 14:26:10,841 [INFO] 内存优化完成
2025-07-21 14:26:40,847 [INFO] 内存优化完成
2025-07-21 14:27:10,841 [INFO] 内存优化完成
2025-07-21 14:27:40,841 [INFO] 内存优化完成
2025-07-21 14:28:10,842 [INFO] 内存优化完成
2025-07-21 14:28:40,845 [INFO] 内存优化完成
2025-07-21 14:29:10,843 [INFO] 内存优化完成
2025-07-21 14:29:40,852 [INFO] 内存优化完成
2025-07-21 14:30:10,846 [INFO] 内存优化完成
2025-07-21 14:30:40,852 [INFO] 内存优化完成
2025-07-21 14:31:10,853 [INFO] 内存优化完成
2025-07-21 14:31:40,850 [INFO] 内存优化完成
2025-07-21 14:32:10,851 [INFO] 内存优化完成
2025-07-21 14:32:40,850 [INFO] 内存优化完成
2025-07-21 14:33:10,844 [INFO] 内存优化完成
2025-07-21 14:33:40,857 [INFO] 内存优化完成
2025-07-21 14:34:10,860 [INFO] 内存优化完成
2025-07-21 14:34:40,860 [INFO] 内存优化完成
2025-07-21 14:35:10,868 [INFO] 内存优化完成
2025-07-21 14:35:40,862 [INFO] 内存优化完成
2025-07-21 14:36:10,863 [INFO] 内存优化完成
2025-07-21 14:36:40,868 [INFO] 内存优化完成
2025-07-21 14:37:10,858 [INFO] 内存优化完成
2025-07-21 14:37:40,857 [INFO] 内存优化完成
2025-07-21 14:38:10,856 [INFO] 内存优化完成
2025-07-21 14:38:40,863 [INFO] 内存优化完成
2025-07-21 14:39:10,869 [INFO] 内存优化完成
2025-07-21 14:39:25,594 [INFO] 进程已结束: Reqable (PID: 7516)
2025-07-21 14:39:40,875 [INFO] 内存优化完成
2025-07-21 14:40:10,883 [INFO] 内存优化完成
2025-07-21 14:40:40,878 [INFO] 内存优化完成
2025-07-21 14:41:10,876 [INFO] 内存优化完成
2025-07-21 14:41:40,877 [INFO] 内存优化完成
2025-07-21 14:42:10,884 [INFO] 内存优化完成
2025-07-21 14:42:40,876 [INFO] 内存优化完成
2025-07-21 14:43:10,873 [INFO] 内存优化完成
2025-07-21 14:43:40,873 [INFO] 内存优化完成
2025-07-21 14:44:10,873 [INFO] 内存优化完成
2025-07-21 14:44:40,884 [INFO] 内存优化完成
2025-07-21 14:45:10,887 [INFO] 内存优化完成
2025-07-21 14:45:40,885 [INFO] 内存优化完成
2025-07-21 14:46:10,881 [INFO] 内存优化完成
2025-07-21 14:46:40,884 [INFO] 内存优化完成
2025-07-21 14:47:10,873 [INFO] 内存优化完成
2025-07-21 14:47:40,887 [INFO] 内存优化完成
2025-07-21 14:48:10,876 [INFO] 内存优化完成
2025-07-21 14:48:40,875 [INFO] 内存优化完成
2025-07-21 14:49:10,877 [INFO] 内存优化完成
2025-07-21 14:49:40,877 [INFO] 内存优化完成
2025-07-21 14:50:10,873 [INFO] 内存优化完成
2025-07-21 14:50:40,879 [INFO] 内存优化完成
2025-07-21 14:51:10,887 [INFO] 内存优化完成
2025-07-21 14:51:40,875 [INFO] 内存优化完成
2025-07-21 14:52:10,880 [INFO] 内存优化完成
2025-07-21 14:52:40,877 [INFO] 内存优化完成
2025-07-21 14:53:10,883 [INFO] 内存优化完成
2025-07-21 14:53:40,876 [INFO] 内存优化完成
2025-07-21 14:54:10,884 [INFO] 内存优化完成
2025-07-21 14:54:40,874 [INFO] 内存优化完成
2025-07-21 14:55:10,874 [INFO] 内存优化完成
2025-07-21 14:55:40,894 [INFO] 内存优化完成
2025-07-21 14:56:10,902 [INFO] 内存优化完成
2025-07-21 14:56:40,889 [INFO] 内存优化完成
2025-07-21 14:57:10,910 [INFO] 内存优化完成
2025-07-21 14:57:40,916 [INFO] 内存优化完成
2025-07-21 14:58:10,909 [INFO] 内存优化完成
2025-07-21 14:58:40,916 [INFO] 内存优化完成
2025-07-21 14:59:10,929 [INFO] 内存优化完成
2025-07-21 14:59:40,934 [INFO] 内存优化完成
2025-07-21 15:00:10,936 [INFO] 内存优化完成
2025-07-21 15:00:40,935 [INFO] 内存优化完成
2025-07-21 15:01:10,965 [INFO] 内存优化完成
2025-07-21 15:01:40,952 [INFO] 内存优化完成
2025-07-21 15:02:10,952 [INFO] 内存优化完成
2025-07-21 15:02:40,963 [INFO] 内存优化完成
2025-07-21 15:03:10,956 [INFO] 内存优化完成
2025-07-21 15:03:40,957 [INFO] 内存优化完成
2025-07-21 15:04:10,962 [INFO] 内存优化完成
2025-07-21 15:04:40,956 [INFO] 内存优化完成
2025-07-21 15:05:10,965 [INFO] 内存优化完成
2025-07-21 15:05:40,976 [INFO] 内存优化完成
2025-07-21 15:06:10,978 [INFO] 内存优化完成
2025-07-21 15:06:40,970 [INFO] 内存优化完成
2025-07-21 15:07:10,974 [INFO] 内存优化完成
2025-07-21 15:07:40,981 [INFO] 内存优化完成
2025-07-21 15:08:10,995 [INFO] 内存优化完成
2025-07-21 15:08:40,999 [INFO] 内存优化完成
2025-07-21 15:09:11,006 [INFO] 内存优化完成
2025-07-21 15:09:41,008 [INFO] 内存优化完成
2025-07-21 15:10:11,001 [INFO] 内存优化完成
2025-07-21 15:10:41,003 [INFO] 内存优化完成
2025-07-21 15:11:11,003 [INFO] 内存优化完成
2025-07-21 15:11:41,007 [INFO] 内存优化完成
2025-07-21 15:12:11,005 [INFO] 内存优化完成
2025-07-21 15:12:41,000 [INFO] 内存优化完成
2025-07-21 15:13:10,996 [INFO] 内存优化完成
2025-07-21 15:13:41,001 [INFO] 内存优化完成
2025-07-21 15:14:10,999 [INFO] 内存优化完成
2025-07-21 15:14:41,003 [INFO] 内存优化完成
2025-07-21 15:15:11,000 [INFO] 内存优化完成
2025-07-21 15:15:40,998 [INFO] 内存优化完成
2025-07-21 15:16:10,998 [INFO] 内存优化完成
2025-07-21 15:16:40,997 [INFO] 内存优化完成
2025-07-21 15:17:11,005 [INFO] 内存优化完成
2025-07-21 15:17:41,001 [INFO] 内存优化完成
2025-07-21 15:18:11,004 [INFO] 内存优化完成
2025-07-21 15:18:41,003 [INFO] 内存优化完成
2025-07-21 15:19:11,002 [INFO] 内存优化完成
2025-07-21 15:19:40,999 [INFO] 内存优化完成
2025-07-21 15:20:11,001 [INFO] 内存优化完成
2025-07-21 15:20:41,001 [INFO] 内存优化完成
2025-07-21 15:21:11,012 [INFO] 内存优化完成
2025-07-21 15:21:41,006 [INFO] 内存优化完成
2025-07-21 15:22:11,011 [INFO] 内存优化完成
2025-07-21 15:22:41,019 [INFO] 内存优化完成
2025-07-21 15:23:11,027 [INFO] 内存优化完成
2025-07-21 15:23:41,019 [INFO] 内存优化完成
2025-07-21 15:24:11,020 [INFO] 内存优化完成
2025-07-21 15:24:41,013 [INFO] 内存优化完成
2025-07-21 15:25:11,018 [INFO] 内存优化完成
2025-07-21 15:25:41,030 [INFO] 内存优化完成
2025-07-21 15:26:11,053 [INFO] 内存优化完成
2025-07-21 15:26:41,045 [INFO] 内存优化完成
2025-07-21 15:26:46,680 [INFO] CyberChef加载成功
2025-07-21 15:26:46,710 [INFO] 初始化配置...
2025-07-21 15:26:46,711 [INFO] 加载配置...
2025-07-21 15:26:46,711 [INFO] 配置加载完成: 4个导航项, 32个工具
2025-07-21 15:26:48,421 [INFO] 初始化配置...
2025-07-21 15:26:48,421 [INFO] 加载配置...
2025-07-21 15:26:48,422 [INFO] 配置加载完成: 4个导航项, 32个工具
2025-07-21 15:26:51,970 [INFO] CyberChef加载成功
2025-07-21 15:26:52,939 [INFO] 正在关闭应用程序，请稍候...
2025-07-21 15:26:53,941 [WARNING] Pip安装线程未能及时停止。
2025-07-21 18:58:53,897 [INFO] 定义配置类完成...
2025-07-21 18:58:53,899 [INFO] 定义工具类完成...
2025-07-21 18:58:53,900 [INFO] 程序开始运行...
2025-07-21 18:58:53,955 [INFO] 创建 QApplication 实例...
2025-07-21 18:58:53,956 [INFO] 初始化主窗口...
2025-07-21 18:58:53,959 [INFO] 初始化配置...
2025-07-21 18:58:53,959 [INFO] 加载配置...
2025-07-21 18:58:53,961 [INFO] 配置加载完成: 4个导航项, 32个工具
2025-07-21 18:58:53,963 [INFO] 后台工作线程初始化完成
2025-07-21 18:58:53,963 [INFO] 开始初始化界面...
2025-07-21 18:58:54,260 [INFO] 界面初始化完成
2025-07-21 18:58:54,260 [INFO] 主窗口初始化完成
2025-07-21 18:58:54,266 [INFO] 创建主窗口...
2025-07-21 18:58:54,322 [INFO] 显示主窗口...
2025-07-21 18:59:23,959 [INFO] 内存优化完成
2025-07-21 18:59:53,974 [INFO] 内存优化完成
2025-07-21 19:00:02,453 [INFO] 保存配置...
2025-07-21 19:00:04,483 [INFO] 保存配置...
2025-07-21 19:00:12,435 [INFO] 进程已结束: StarCodeSecurity (PID: 22044)
2025-07-21 19:00:23,978 [INFO] 内存优化完成
2025-07-21 19:00:40,959 [INFO] 保存配置...
2025-07-21 19:00:42,802 [INFO] 保存配置...
2025-07-21 19:00:50,938 [INFO] 进程已结束: StarCodeSecurity (PID: 19672)
2025-07-21 19:00:53,980 [INFO] 内存优化完成
2025-07-21 19:01:10,073 [INFO] 保存配置...
2025-07-21 19:01:23,970 [INFO] 内存优化完成
2025-07-21 19:01:53,984 [INFO] 内存优化完成
2025-07-21 19:02:23,985 [INFO] 内存优化完成
2025-07-21 19:02:43,493 [INFO] 保存配置...
2025-07-21 19:02:53,998 [INFO] 内存优化完成
2025-07-21 19:03:23,989 [INFO] 内存优化完成
2025-07-21 19:03:53,986 [INFO] 内存优化完成
2025-07-21 19:04:00,810 [INFO] 保存配置...
2025-07-21 19:04:09,636 [INFO] 保存配置...
2025-07-21 19:04:13,272 [INFO] 进程已结束: Seay (PID: 16656)
2025-07-21 19:04:23,987 [INFO] 内存优化完成
2025-07-21 19:04:53,987 [INFO] 内存优化完成
2025-07-21 19:05:24,010 [INFO] 内存优化完成
2025-07-21 19:05:54,021 [INFO] 内存优化完成
2025-07-21 19:06:24,030 [INFO] 内存优化完成
2025-07-21 19:06:54,037 [INFO] 内存优化完成
2025-07-21 19:07:24,041 [INFO] 内存优化完成
2025-07-21 19:07:54,030 [INFO] 内存优化完成
2025-07-21 19:08:05,187 [INFO] 保存配置...
2025-07-21 19:08:24,035 [INFO] 内存优化完成
2025-07-21 19:08:38,763 [INFO] 保存配置...
2025-07-21 19:08:41,447 [INFO] 保存配置...
2025-07-21 19:08:47,666 [INFO] 进程已结束: python-http-server (PID: 8652)
2025-07-21 19:08:54,041 [INFO] 内存优化完成
2025-07-21 19:09:24,057 [INFO] 内存优化完成
2025-07-21 19:09:40,596 [INFO] 正在关闭应用程序，请稍候...
2025-07-21 19:09:41,612 [WARNING] Pip安装线程未能及时停止。
2025-07-21 19:11:01,352 [INFO] 定义配置类完成...
2025-07-21 19:11:01,352 [INFO] 定义工具类完成...
2025-07-21 19:11:01,354 [INFO] 程序开始运行...
2025-07-21 19:11:01,395 [INFO] 创建 QApplication 实例...
2025-07-21 19:11:01,395 [INFO] 初始化主窗口...
2025-07-21 19:11:01,395 [INFO] 初始化配置...
2025-07-21 19:11:01,396 [INFO] 加载配置...
2025-07-21 19:11:01,396 [INFO] 配置加载完成: 4个导航项, 36个工具
2025-07-21 19:11:01,397 [INFO] 后台工作线程初始化完成
2025-07-21 19:11:01,397 [INFO] 开始初始化界面...
2025-07-21 19:11:01,667 [INFO] 界面初始化完成
2025-07-21 19:11:01,668 [INFO] 主窗口初始化完成
2025-07-21 19:11:01,671 [INFO] 创建主窗口...
2025-07-21 19:11:01,737 [INFO] 显示主窗口...
2025-07-21 19:11:13,310 [INFO] 正在关闭应用程序，请稍候...
2025-07-21 19:11:14,324 [WARNING] Pip安装线程未能及时停止。
2025-07-21 19:11:16,235 [INFO] 定义配置类完成...
2025-07-21 19:11:16,236 [INFO] 定义工具类完成...
2025-07-21 19:11:16,236 [INFO] 程序开始运行...
2025-07-21 19:11:16,275 [INFO] 创建 QApplication 实例...
2025-07-21 19:11:16,276 [INFO] 初始化主窗口...
2025-07-21 19:11:16,276 [INFO] 初始化配置...
2025-07-21 19:11:16,276 [INFO] 加载配置...
2025-07-21 19:11:16,276 [INFO] 配置加载完成: 4个导航项, 36个工具
2025-07-21 19:11:16,277 [INFO] 后台工作线程初始化完成
2025-07-21 19:11:16,277 [INFO] 开始初始化界面...
2025-07-21 19:11:16,556 [INFO] 界面初始化完成
2025-07-21 19:11:16,556 [INFO] 主窗口初始化完成
2025-07-21 19:11:16,558 [INFO] 创建主窗口...
2025-07-21 19:11:16,629 [INFO] 显示主窗口...
2025-07-21 19:11:46,288 [INFO] 内存优化完成
2025-07-21 19:12:15,812 [INFO] 保存配置...
2025-07-21 19:12:16,283 [INFO] 内存优化完成
2025-07-21 19:12:46,294 [INFO] 内存优化完成
2025-07-21 19:13:16,286 [INFO] 内存优化完成
2025-07-21 19:13:23,925 [INFO] 保存配置...
2025-07-21 19:13:46,285 [INFO] 内存优化完成
2025-07-21 19:14:06,263 [INFO] 保存配置...
2025-07-21 19:14:16,299 [INFO] 内存优化完成
2025-07-21 19:14:46,297 [INFO] 内存优化完成
2025-07-21 19:15:16,299 [INFO] 内存优化完成
2025-07-21 19:15:46,298 [INFO] 内存优化完成
2025-07-21 19:16:16,304 [INFO] 内存优化完成
2025-07-21 19:16:19,972 [INFO] 保存配置...
2025-07-21 19:16:23,581 [INFO] 保存配置...
2025-07-21 19:16:24,585 [INFO] 进程已结束: hydra (PID: 17464)
2025-07-21 19:16:25,903 [INFO] 保存配置...
2025-07-21 19:16:26,738 [INFO] 进程已结束: hydra (PID: 14160)
2025-07-21 19:16:29,607 [INFO] 保存配置...
2025-07-21 19:16:29,743 [INFO] 保存配置...
2025-07-21 19:16:30,843 [INFO] 进程已结束: hydra (PID: 9996)
2025-07-21 19:16:35,925 [INFO] 保存配置...
2025-07-21 19:16:38,682 [INFO] 保存配置...
2025-07-21 19:16:38,946 [INFO] 进程已结束: hydra (PID: 28708)
2025-07-21 19:16:42,418 [INFO] 保存配置...
2025-07-21 19:16:42,747 [INFO] 保存配置...
2025-07-21 19:16:42,912 [INFO] 保存配置...
2025-07-21 19:16:43,028 [INFO] 进程已结束: hydra (PID: 27036)
2025-07-21 19:16:43,063 [INFO] 保存配置...
2025-07-21 19:16:45,120 [INFO] 进程已结束: hydra (PID: 7036)
2025-07-21 19:16:46,308 [INFO] 内存优化完成
2025-07-21 19:16:46,753 [INFO] 成功使用 Windows Terminal 打开路径: E:/Penetration/RedTeam/Credential_Access/tools/thc-hydra-windows-v9.1/9.1
2025-07-21 19:16:50,869 [INFO] 保存配置...
2025-07-21 19:16:51,200 [INFO] 进程已结束: hydra (PID: 27464)
2025-07-21 19:16:55,410 [INFO] 成功使用 Windows Terminal 打开路径: E:/Penetration/RedTeam/Credential_Access/tools/thc-hydra-windows-v9.1/9.1
2025-07-21 19:17:08,834 [INFO] 保存配置...
2025-07-21 19:17:11,885 [INFO] 保存配置...
2025-07-21 19:17:13,292 [INFO] 进程已结束: hydra (PID: 29684)
2025-07-21 19:17:16,300 [INFO] 内存优化完成
2025-07-21 19:17:16,695 [INFO] 保存配置...
2025-07-21 19:17:31,649 [INFO] 保存配置...
2025-07-21 19:17:46,305 [INFO] 内存优化完成
2025-07-21 19:18:16,309 [INFO] 内存优化完成
2025-07-21 19:18:37,572 [INFO] 保存配置...
2025-07-21 19:18:41,471 [INFO] 保存配置...
2025-07-21 19:18:46,303 [INFO] 内存优化完成
2025-07-21 19:18:47,892 [INFO] 保存配置...
2025-07-21 19:19:16,309 [INFO] 内存优化完成
2025-07-21 19:19:36,623 [INFO] 正在关闭应用程序，请稍候...
2025-07-21 19:19:37,632 [WARNING] Pip安装线程未能及时停止。
2025-07-21 19:19:47,239 [INFO] 定义配置类完成...
2025-07-21 19:19:47,239 [INFO] 定义工具类完成...
2025-07-21 19:19:47,241 [INFO] 程序开始运行...
2025-07-21 19:19:47,281 [INFO] 创建 QApplication 实例...
2025-07-21 19:19:47,281 [INFO] 初始化主窗口...
2025-07-21 19:19:47,281 [INFO] 初始化配置...
2025-07-21 19:19:47,282 [INFO] 加载配置...
2025-07-21 19:19:47,282 [INFO] 配置加载完成: 4个导航项, 40个工具
2025-07-21 19:19:47,282 [INFO] 后台工作线程初始化完成
2025-07-21 19:19:47,282 [INFO] 开始初始化界面...
2025-07-21 19:19:47,534 [INFO] 界面初始化完成
2025-07-21 19:19:47,534 [INFO] 主窗口初始化完成
2025-07-21 19:19:47,536 [INFO] 创建主窗口...
2025-07-21 19:19:47,595 [INFO] 显示主窗口...
2025-07-21 19:20:17,296 [INFO] 内存优化完成
2025-07-21 19:20:19,554 [INFO] 正在关闭应用程序，请稍候...
2025-07-21 19:20:20,571 [WARNING] Pip安装线程未能及时停止。
2025-07-21 19:20:28,284 [INFO] 定义配置类完成...
2025-07-21 19:20:28,284 [INFO] 定义工具类完成...
2025-07-21 19:20:28,285 [INFO] 程序开始运行...
2025-07-21 19:20:28,329 [INFO] 创建 QApplication 实例...
2025-07-21 19:20:28,329 [INFO] 初始化主窗口...
2025-07-21 19:20:28,329 [INFO] 初始化配置...
2025-07-21 19:20:28,329 [INFO] 加载配置...
2025-07-21 19:20:28,330 [INFO] 配置加载完成: 4个导航项, 40个工具
2025-07-21 19:20:28,331 [INFO] 后台工作线程初始化完成
2025-07-21 19:20:28,331 [INFO] 开始初始化界面...
2025-07-21 19:20:28,631 [INFO] 界面初始化完成
2025-07-21 19:20:28,631 [INFO] 主窗口初始化完成
2025-07-21 19:20:28,633 [INFO] 创建主窗口...
2025-07-21 19:20:28,704 [INFO] 显示主窗口...
2025-07-21 19:20:34,478 [INFO] CyberChef加载成功
2025-07-21 19:20:58,335 [INFO] 内存优化完成
2025-07-21 19:21:22,632 [INFO] 保存配置...
2025-07-21 19:21:28,339 [INFO] 内存优化完成
2025-07-21 19:21:58,334 [INFO] 内存优化完成
2025-07-21 19:22:28,336 [INFO] 内存优化完成
2025-07-21 19:22:36,799 [INFO] 保存配置...
2025-07-21 19:22:54,971 [INFO] 保存配置...
2025-07-21 19:22:58,347 [INFO] 内存优化完成
2025-07-21 19:23:12,228 [INFO] 保存配置...
2025-07-21 19:23:28,338 [INFO] 内存优化完成
2025-07-21 19:23:28,548 [INFO] 保存配置...
2025-07-21 19:23:58,335 [INFO] 内存优化完成
2025-07-21 19:24:28,334 [INFO] 内存优化完成
2025-07-21 19:24:32,403 [INFO] 保存配置...
2025-07-21 19:24:58,334 [INFO] 内存优化完成
2025-07-21 19:25:28,325 [INFO] 内存优化完成
2025-07-21 19:25:58,341 [INFO] 内存优化完成
2025-07-21 19:26:08,755 [INFO] 保存配置...
2025-07-21 19:26:13,350 [INFO] 保存配置...
2025-07-21 19:26:28,355 [INFO] 内存优化完成
2025-07-21 19:26:58,356 [INFO] 内存优化完成
2025-07-21 19:27:18,580 [INFO] 保存配置...
2025-07-21 19:27:28,346 [INFO] 内存优化完成
2025-07-21 19:27:32,712 [INFO] 保存配置...
2025-07-21 19:27:47,986 [INFO] 保存配置...
2025-07-21 19:27:58,352 [INFO] 内存优化完成
2025-07-21 19:28:23,063 [INFO] 保存配置...
2025-07-21 19:28:25,292 [INFO] 保存配置...
2025-07-21 19:28:28,350 [INFO] 内存优化完成
2025-07-21 19:28:28,675 [INFO] 进程已结束: 蓝队工具箱 (PID: 13940)
2025-07-21 19:28:58,343 [INFO] 内存优化完成
2025-07-21 19:29:09,578 [INFO] 保存配置...
2025-07-21 19:29:17,305 [INFO] 保存配置...
2025-07-21 19:29:28,346 [INFO] 内存优化完成
2025-07-21 19:29:58,350 [INFO] 内存优化完成
2025-07-21 19:30:28,353 [INFO] 内存优化完成
2025-07-21 19:30:37,026 [INFO] 保存配置...
2025-07-21 19:30:58,350 [INFO] 内存优化完成
2025-07-21 19:31:28,345 [INFO] 内存优化完成
2025-07-21 19:31:37,266 [INFO] 保存配置...
2025-07-21 19:31:58,350 [INFO] 内存优化完成
2025-07-21 19:32:28,341 [INFO] 内存优化完成
2025-07-21 19:32:58,367 [INFO] 内存优化完成
2025-07-21 19:33:28,371 [INFO] 内存优化完成
2025-07-21 19:33:29,563 [INFO] 保存配置...
2025-07-21 19:33:58,366 [INFO] 内存优化完成
2025-07-21 19:34:28,359 [INFO] 内存优化完成
2025-07-21 19:34:41,804 [INFO] 保存配置...
2025-07-21 19:34:58,373 [INFO] 内存优化完成
2025-07-21 19:35:28,370 [INFO] 内存优化完成
2025-07-21 19:35:58,360 [INFO] 内存优化完成
2025-07-21 19:36:28,358 [INFO] 内存优化完成
2025-07-21 19:36:58,367 [INFO] 内存优化完成
2025-07-21 19:37:28,364 [INFO] 内存优化完成
2025-07-21 19:37:58,359 [INFO] 内存优化完成
2025-07-21 19:38:13,444 [INFO] 保存配置...
2025-07-21 19:38:28,364 [INFO] 内存优化完成
2025-07-21 19:38:32,941 [INFO] 保存配置...
2025-07-21 19:38:42,039 [INFO] 保存配置...
2025-07-21 19:38:48,206 [INFO] 保存配置...
2025-07-21 19:38:58,374 [INFO] 内存优化完成
2025-07-21 19:39:05,374 [INFO] 保存配置...
2025-07-21 19:39:09,007 [INFO] 保存配置...
2025-07-21 19:39:10,815 [INFO] 保存配置...
2025-07-21 19:39:13,009 [INFO] 正在关闭应用程序，请稍候...
2025-07-21 19:39:14,014 [WARNING] Pip安装线程未能及时停止。
2025-07-21 19:39:18,597 [INFO] 定义配置类完成...
2025-07-21 19:39:18,597 [INFO] 定义工具类完成...
2025-07-21 19:39:18,598 [INFO] 程序开始运行...
2025-07-21 19:39:18,638 [INFO] 创建 QApplication 实例...
2025-07-21 19:39:18,639 [INFO] 初始化主窗口...
2025-07-21 19:39:18,639 [INFO] 初始化配置...
2025-07-21 19:39:18,639 [INFO] 加载配置...
2025-07-21 19:39:18,640 [INFO] 配置加载完成: 4个导航项, 52个工具
2025-07-21 19:39:18,640 [INFO] 后台工作线程初始化完成
2025-07-21 19:39:18,641 [INFO] 开始初始化界面...
2025-07-21 19:39:18,939 [INFO] 界面初始化完成
2025-07-21 19:39:18,939 [INFO] 主窗口初始化完成
2025-07-21 19:39:18,943 [INFO] 创建主窗口...
2025-07-21 19:39:19,010 [INFO] 显示主窗口...
2025-07-21 19:39:20,758 [INFO] 保存配置...
2025-07-21 19:39:38,035 [INFO] 保存配置...
2025-07-21 19:39:40,081 [INFO] 保存配置...
2025-07-21 19:39:48,647 [INFO] 内存优化完成
2025-07-21 19:40:18,640 [INFO] 内存优化完成
2025-07-21 19:40:48,642 [INFO] 内存优化完成
2025-07-21 19:41:18,640 [INFO] 内存优化完成
2025-07-21 19:41:48,653 [INFO] 内存优化完成
2025-07-21 19:42:17,844 [INFO] 保存配置...
2025-07-21 19:42:18,643 [INFO] 内存优化完成
2025-07-21 19:42:48,645 [INFO] 内存优化完成
2025-07-21 19:42:52,335 [INFO] 保存配置...
2025-07-21 19:43:18,646 [INFO] 内存优化完成
2025-07-21 19:43:21,699 [INFO] 保存配置...
2025-07-21 19:43:48,643 [INFO] 内存优化完成
2025-07-21 19:44:07,285 [INFO] 保存配置...
2025-07-21 19:44:18,651 [INFO] 内存优化完成
2025-07-21 19:44:48,647 [INFO] 内存优化完成
2025-07-21 19:45:18,650 [INFO] 内存优化完成
2025-07-21 19:45:33,820 [INFO] 保存配置...
2025-07-21 19:45:48,648 [INFO] 内存优化完成
2025-07-21 19:46:18,648 [INFO] 内存优化完成
2025-07-21 19:46:48,643 [INFO] 内存优化完成
2025-07-21 19:46:53,018 [INFO] 保存配置...
2025-07-21 19:47:01,634 [INFO] 保存配置...
2025-07-21 19:47:02,840 [INFO] 进程已结束: Docker-TCP-Scan (PID: 27940)
2025-07-21 19:47:03,597 [INFO] 保存配置...
2025-07-21 19:47:04,217 [INFO] 正在关闭应用程序，请稍候...
2025-07-21 19:47:05,219 [WARNING] Pip安装线程未能及时停止。
2025-07-21 19:47:07,398 [INFO] 定义配置类完成...
2025-07-21 19:47:07,398 [INFO] 定义工具类完成...
2025-07-21 19:47:07,398 [INFO] 程序开始运行...
2025-07-21 19:47:07,438 [INFO] 创建 QApplication 实例...
2025-07-21 19:47:07,440 [INFO] 初始化主窗口...
2025-07-21 19:47:07,440 [INFO] 初始化配置...
2025-07-21 19:47:07,441 [INFO] 加载配置...
2025-07-21 19:47:07,441 [INFO] 配置加载完成: 4个导航项, 58个工具
2025-07-21 19:47:07,441 [INFO] 后台工作线程初始化完成
2025-07-21 19:47:07,441 [INFO] 开始初始化界面...
2025-07-21 19:47:07,732 [INFO] 界面初始化完成
2025-07-21 19:47:07,732 [INFO] 主窗口初始化完成
2025-07-21 19:47:07,735 [INFO] 创建主窗口...
2025-07-21 19:47:07,804 [INFO] 显示主窗口...
2025-07-21 19:47:35,326 [INFO] 保存配置...
2025-07-21 19:47:37,447 [INFO] 内存优化完成
2025-07-21 19:47:39,769 [INFO] 进程已结束: DockerApiRCE.jar (PID: 28192)
2025-07-21 19:47:39,892 [INFO] 保存配置...
2025-07-21 19:47:41,849 [INFO] 进程已结束: Docker-TCP-Scan (PID: 4104)
2025-07-21 19:47:41,876 [INFO] 保存配置...
2025-07-21 19:47:43,838 [INFO] 保存配置...
2025-07-21 19:47:46,053 [INFO] 进程已结束: Docker-TCP-Scan (PID: 14436)
2025-07-21 19:48:07,445 [INFO] 内存优化完成
2025-07-21 19:48:37,448 [INFO] 内存优化完成
2025-07-21 19:48:42,846 [INFO] 保存配置...
2025-07-21 19:48:49,451 [INFO] 保存配置...
2025-07-21 19:48:52,257 [INFO] 进程已结束: Docker-TCP-Scan (PID: 10356)
2025-07-21 19:48:52,754 [INFO] 正在关闭应用程序，请稍候...
2025-07-21 19:48:53,771 [WARNING] Pip安装线程未能及时停止。
2025-07-21 19:50:03,944 [INFO] 定义配置类完成...
2025-07-21 19:50:03,944 [INFO] 定义工具类完成...
2025-07-21 19:50:03,946 [INFO] 程序开始运行...
2025-07-21 19:50:03,988 [INFO] 创建 QApplication 实例...
2025-07-21 19:50:03,988 [INFO] 初始化主窗口...
2025-07-21 19:50:03,989 [INFO] 初始化配置...
2025-07-21 19:50:03,989 [INFO] 加载配置...
2025-07-21 19:50:03,989 [INFO] 配置加载完成: 4个导航项, 58个工具
2025-07-21 19:50:03,990 [INFO] 后台工作线程初始化完成
2025-07-21 19:50:03,990 [INFO] 开始初始化界面...
2025-07-21 19:50:04,261 [INFO] 界面初始化完成
2025-07-21 19:50:04,261 [INFO] 主窗口初始化完成
2025-07-21 19:50:04,264 [INFO] 创建主窗口...
2025-07-21 19:50:04,334 [INFO] 显示主窗口...
2025-07-21 19:50:16,149 [INFO] 保存配置...
2025-07-21 19:50:16,821 [INFO] 保存配置...
2025-07-21 19:50:27,007 [INFO] 保存配置...
2025-07-21 19:50:33,995 [INFO] 内存优化完成
2025-07-21 19:51:03,985 [INFO] 内存优化完成
2025-07-21 19:51:33,986 [INFO] 内存优化完成
2025-07-21 19:52:03,996 [INFO] 内存优化完成
2025-07-21 19:52:33,995 [INFO] 内存优化完成
2025-07-21 19:53:02,174 [INFO] 保存配置...
2025-07-21 19:53:03,988 [INFO] 内存优化完成
2025-07-21 19:53:31,542 [INFO] 保存配置...
2025-07-21 19:53:34,010 [INFO] 内存优化完成
2025-07-21 19:54:04,005 [INFO] 内存优化完成
2025-07-21 19:54:34,004 [INFO] 内存优化完成
2025-07-21 19:54:43,870 [INFO] 保存配置...
2025-07-21 19:55:04,007 [INFO] 内存优化完成
2025-07-21 19:55:04,192 [INFO] 保存配置...
2025-07-21 19:55:11,955 [INFO] 保存配置...
2025-07-21 19:55:34,015 [INFO] 内存优化完成
2025-07-21 19:56:04,001 [INFO] 内存优化完成
2025-07-21 19:56:13,147 [INFO] 保存配置...
2025-07-21 19:56:21,308 [INFO] 保存配置...
2025-07-21 19:56:34,005 [INFO] 内存优化完成
2025-07-21 19:57:04,006 [INFO] 内存优化完成
2025-07-21 19:57:34,012 [INFO] 内存优化完成
2025-07-21 19:57:44,656 [INFO] 保存配置...
2025-07-21 19:58:04,012 [INFO] 内存优化完成
2025-07-21 19:58:34,010 [INFO] 内存优化完成
2025-07-21 19:59:04,014 [INFO] 内存优化完成
2025-07-21 19:59:34,039 [INFO] 内存优化完成
2025-07-21 20:00:04,042 [INFO] 内存优化完成
2025-07-21 20:00:34,040 [INFO] 内存优化完成
2025-07-21 20:01:04,047 [INFO] 内存优化完成
2025-07-21 20:01:34,057 [INFO] 内存优化完成
2025-07-21 20:02:04,073 [INFO] 内存优化完成
2025-07-21 20:02:34,062 [INFO] 内存优化完成
2025-07-21 20:03:04,087 [INFO] 内存优化完成
2025-07-21 20:03:29,097 [INFO] 保存配置...
2025-07-21 20:03:34,082 [INFO] 内存优化完成
2025-07-21 20:04:04,079 [INFO] 内存优化完成
2025-07-21 20:04:34,104 [INFO] 内存优化完成
2025-07-21 20:04:42,492 [INFO] 保存配置...
2025-07-21 20:05:04,109 [INFO] 内存优化完成
2025-07-21 20:05:20,726 [INFO] 保存配置...
2025-07-21 20:05:34,125 [INFO] 内存优化完成
2025-07-21 20:05:50,390 [INFO] 保存配置...
2025-07-21 20:06:04,126 [INFO] 内存优化完成
2025-07-21 20:06:25,466 [INFO] 保存配置...
2025-07-21 20:06:34,125 [INFO] 内存优化完成
2025-07-21 20:07:04,109 [INFO] 内存优化完成
2025-07-21 20:07:11,695 [INFO] 保存配置...
2025-07-21 20:07:34,115 [INFO] 内存优化完成
2025-07-21 20:08:04,113 [INFO] 内存优化完成
2025-07-21 20:08:14,784 [INFO] 保存配置...
2025-07-21 20:08:23,163 [INFO] 保存配置...
2025-07-21 20:08:24,354 [INFO] 保存配置...
2025-07-21 20:08:31,122 [INFO] 进程已结束: Virgol (PID: 11060)
2025-07-21 20:08:31,139 [INFO] 保存配置...
2025-07-21 20:08:34,113 [INFO] 内存优化完成
2025-07-21 20:08:37,432 [INFO] 进程已结束: DudeSuite.v1.2.0.6 (PID: 22488)
2025-07-21 20:08:37,648 [INFO] 保存配置...
2025-07-21 20:08:39,543 [INFO] 进程已结束: DudeSuite (PID: 29016)
2025-07-21 20:08:48,211 [INFO] 保存配置...
2025-07-21 20:08:58,262 [INFO] 保存配置...
2025-07-21 20:09:04,120 [INFO] 内存优化完成
2025-07-21 20:09:34,134 [INFO] 内存优化完成
2025-07-21 20:09:37,661 [INFO] 保存配置...
2025-07-21 20:10:04,138 [INFO] 内存优化完成
2025-07-21 20:10:23,237 [INFO] 保存配置...
2025-07-21 20:10:29,143 [INFO] 保存配置...
2025-07-21 20:10:33,879 [INFO] 进程已结束: TscanPlus (PID: 5108)
2025-07-21 20:10:34,137 [INFO] 内存优化完成
2025-07-21 20:10:46,314 [INFO] 正在关闭应用程序，请稍候...
2025-07-21 20:10:47,328 [WARNING] Pip安装线程未能及时停止。
